xilinx rtfpga
WARNING: [Synth 8-6014] Unused sequential element available_iterations_reg was removed.  [/home/harshad/Project/git/IITB_AI_ML/ahir_release/vhdl/ahir.vhdl:14083]
WARNING: [Synth 8-6014] Unused sequential element placegen[1].placeBlock.pI/CapGtOne.token_latch_reg was removed.  [/home/harshad/Project/git/IITB_AI_ML/ahir_release/vhdl/ahir.vhdl:14858]
WARNING: [Synth 8-6014] Unused sequential element placegen[1].placeBlock.pI/CapGtOne.token_latch_reg was removed.  [/home/harshad/Project/git/IITB_AI_ML/ahir_release/vhdl/ahir.vhdl:14858]
WARNING: [Synth 8-6014] Unused sequential element placegen[2].placeBlock.pI/CapGtOne.token_latch_reg was removed.  [/home/harshad/Project/git/IITB_AI_ML/ahir_release/vhdl/ahir.vhdl:14858]
WARNING: [Synth 8-6014] Unused sequential element placegen[3].placeBlock.pI/CapGtOne.token_latch_reg was removed.  [/home/harshad/Project/git/IITB_AI_ML/ahir_release/vhdl/ahir.vhdl:14858]
INFO: [Synth 8-4471] merging register 'out_buffer_write_req_symbol_join.gj_out_buffer_write_req_symbol_join/placegen[2].placeBlock.dly/UnitDelay.ack_reg' into 'in_buffer_unload_req_symbol_join.gj_in_buffer_unload_req_symbol_join/placegen[2].placeBlock.dly/UnitDelay.ack_reg' [/home/harshad/Project/git/IITB_AI_ML/ahir_release/vhdl/ahir.vhdl:13367]
WARNING: [Synth 8-6014] Unused sequential element out_buffer_write_req_symbol_join.gj_out_buffer_write_req_symbol_join/placegen[2].placeBlock.dly/UnitDelay.ack_reg was removed.  [/home/harshad/Project/git/IITB_AI_ML/ahir_release/vhdl/ahir.vhdl:13367]
WARNING: [Synth 8-6014] Unused sequential element acb_afb_bridge_daemon_CP_0.acb_afb_bridge_daemon_cp_element_group_10.gj_acb_afb_bridge_daemon_cp_element_group_10/placegen[1].placeBlock.pI/CapGtOne.token_latch_reg was removed.  [/home/harshad/Project/git/IITB_AI_ML/ahir_release/vhdl/ahir.vhdl:14858]
WARNING: [Synth 8-6014] Unused sequential element acb_afb_bridge_daemon_CP_0.acb_afb_bridge_daemon_cp_element_group_10.gj_acb_afb_bridge_daemon_cp_element_group_10/placegen[2].placeBlock.pI/CapGtOne.token_latch_reg was removed.  [/home/harshad/Project/git/IITB_AI_ML/ahir_release/vhdl/ahir.vhdl:14858]
WARNING: [Synth 8-6014] Unused sequential element acb_afb_bridge_daemon_CP_0.acb_afb_bridge_daemon_cp_element_group_11.gj_acb_afb_bridge_daemon_cp_element_group_11/placegen[1].placeBlock.pI/CapGtOne.token_latch_reg was removed.  [/home/harshad/Project/git/IITB_AI_ML/ahir_release/vhdl/ahir.vhdl:14858]
WARNING: [Synth 8-6014] Unused sequential element acb_afb_bridge_daemon_CP_0.acb_afb_bridge_daemon_cp_element_group_24.gj_acb_afb_bridge_daemon_cp_element_group_24/placegen[1].placeBlock.pI/CapGtOne.token_latch_reg was removed.  [/home/harshad/Project/git/IITB_AI_ML/ahir_release/vhdl/ahir.vhdl:14858]
WARNING: [Synth 8-6014] Unused sequential element inst_fifo_gen/gconvfifo.rf/grf.rf/gntv_or_sync_fifo.gl0.rd/rpntr/gc0.count_reg was removed.  [/home/harshad/Project/git/AJIT_Ethernet/boards/v0/ip/FIFO_Generators/FIFO_Generators.srcs/sources_1/ip/fifo_generator_acb_req/hdl/fifo_generator_v13_1_vhsyn_rfs.vhd:8368]
WARNING: [Synth 8-6014] Unused sequential element inst_fifo_gen/gconvfifo.rf/grf.rf/gntv_or_sync_fifo.gl0.wr/wpntr/gic0.gc0.count_reg was removed.  [/home/harshad/Project/git/AJIT_Ethernet/boards/v0/ip/FIFO_Generators/FIFO_Generators.srcs/sources_1/ip/fifo_generator_acb_req/hdl/fifo_generator_v13_1_vhsyn_rfs.vhd:8140]
WARNING: [Synth 8-6014] Unused sequential element inst_fifo_gen/gconvfifo.rf/grf.rf/gntv_or_sync_fifo.gl0.rd/rpntr/gc0.count_reg was removed.  [/home/harshad/Project/git/AJIT_Ethernet/boards/v0/ip/FIFO_Generators/FIFO_Generators.srcs/sources_1/ip/fifo_generator_acb_req/hdl/fifo_generator_v13_1_vhsyn_rfs.vhd:8368]
WARNING: [Synth 8-6014] Unused sequential element inst_fifo_gen/gconvfifo.rf/grf.rf/gntv_or_sync_fifo.gl0.wr/wpntr/gic0.gc0.count_reg was removed.  [/home/harshad/Project/git/AJIT_Ethernet/boards/v0/ip/FIFO_Generators/FIFO_Generators.srcs/sources_1/ip/fifo_generator_acb_req/hdl/fifo_generator_v13_1_vhsyn_rfs.vhd:8140]
WARNING: [Synth 8-6014] Unused sequential element inst_fifo_gen/gconvfifo.rf/grf.rf/gntv_or_sync_fifo.gl0.rd/rpntr/gc0.count_reg was removed.  [/home/harshad/Project/git/AJIT_Ethernet/boards/v0/ip/FIFO_Generators/FIFO_Generators.srcs/sources_1/ip/fifo_generator_acb_req/hdl/fifo_generator_v13_1_vhsyn_rfs.vhd:8368]
WARNING: [Synth 8-6014] Unused sequential element inst_fifo_gen/gconvfifo.rf/grf.rf/gntv_or_sync_fifo.gl0.wr/wpntr/gic0.gc0.count_reg was removed.  [/home/harshad/Project/git/AJIT_Ethernet/boards/v0/ip/FIFO_Generators/FIFO_Generators.srcs/sources_1/ip/fifo_generator_acb_req/hdl/fifo_generator_v13_1_vhsyn_rfs.vhd:8140]
WARNING: [Synth 8-6014] Unused sequential element inst_fifo_gen/gconvfifo.rf/grf.rf/gntv_or_sync_fifo.gl0.rd/rpntr/gc0.count_reg was removed.  [/home/harshad/Project/git/AJIT_Ethernet/boards/v0/ip/FIFO_Generators/FIFO_Generators.srcs/sources_1/ip/fifo_generator_acb_req/hdl/fifo_generator_v13_1_vhsyn_rfs.vhd:8368]
WARNING: [Synth 8-6014] Unused sequential element inst_fifo_gen/gconvfifo.rf/grf.rf/gntv_or_sync_fifo.gl0.wr/wpntr/gic0.gc0.count_reg was removed.  [/home/harshad/Project/git/AJIT_Ethernet/boards/v0/ip/FIFO_Generators/FIFO_Generators.srcs/sources_1/ip/fifo_generator_acb_req/hdl/fifo_generator_v13_1_vhsyn_rfs.vhd:8140]
INFO: [Synth 8-5546] ROM "soft_reset" won't be mapped to RAM because it is too sparse
WARNING: [Synth 8-6014] Unused sequential element uart_inst/baseInst/ut/count16_reg was removed.  [/home/harshad/Project/git/AJIT_Ethernet/boards/v0/vhdl_libs/simpleUartLib.vhdl:818]
WARNING: [Synth 8-6014] Unused sequential element uart_inst/baseInst/ut/bitCount_reg was removed.  [/home/harshad/Project/git/AJIT_Ethernet/boards/v0/vhdl_libs/simpleUartLib.vhdl:834]
WARNING: [Synth 8-6014] Unused sequential element uart_inst/baseInst/ur/bitCount_reg was removed.  [/home/harshad/Project/git/AJIT_Ethernet/boards/v0/vhdl_libs/simpleUartLib.vhdl:438]
WARNING: [Synth 8-6014] Unused sequential element uart_inst/baseInst/ur/count16_reg was removed.  [/home/harshad/Project/git/AJIT_Ethernet/boards/v0/vhdl_libs/simpleUartLib.vhdl:419]
INFO: [Synth 8-5546] ROM "soft_reset" won't be mapped to RAM because it is too sparse
WARNING: [Synth 8-6014] Unused sequential element uart_inst/baseInst/ut/count16_reg was removed.  [/home/harshad/Project/git/AJIT_Ethernet/boards/v0/vhdl_libs/simpleUartLib.vhdl:818]
WARNING: [Synth 8-6014] Unused sequential element uart_inst/baseInst/ut/bitCount_reg was removed.  [/home/harshad/Project/git/AJIT_Ethernet/boards/v0/vhdl_libs/simpleUartLib.vhdl:834]
WARNING: [Synth 8-6014] Unused sequential element uart_inst/baseInst/ur/bitCount_reg was removed.  [/home/harshad/Project/git/AJIT_Ethernet/boards/v0/vhdl_libs/simpleUartLib.vhdl:438]
WARNING: [Synth 8-6014] Unused sequential element uart_inst/baseInst/ur/count16_reg was removed.  [/home/harshad/Project/git/AJIT_Ethernet/boards/v0/vhdl_libs/simpleUartLib.vhdl:419]
INFO: [Synth 8-4471] merging register 'DualClockedQueue_AFB_req_inst/read_reset_reg' into 'DualClockedQueue_ACB_resp_inst/read_reset_reg' [/home/harshad/Project/git/AJIT_Ethernet/boards/v0/vhdl_libs/DualClockedQueuelib.vhdl:478]
INFO: [Synth 8-4471] merging register 'DualClockedQueue_AFB_resp_inst/read_reset_reg' into 'DualClockedQueue_ACB_req_instance/read_reset_reg' [/home/harshad/Project/git/AJIT_Ethernet/boards/v0/vhdl_libs/DualClockedQueuelib.vhdl:634]
WARNING: [Synth 8-6014] Unused sequential element mac_tx_instance/req_reg_reg was removed.  [/home/harshad/Project/git/AJIT_Ethernet/boards/v0/vhdl/mac_tx_interface.v:78]
WARNING: [Synth 8-6014] Unused sequential element DualClockedQueue_AFB_req_inst/read_reset_reg was removed.  [/home/harshad/Project/git/AJIT_Ethernet/boards/v0/vhdl_libs/DualClockedQueuelib.vhdl:478]
WARNING: [Synth 8-6014] Unused sequential element DualClockedQueue_AFB_resp_inst/read_reset_reg was removed.  [/home/harshad/Project/git/AJIT_Ethernet/boards/v0/vhdl_libs/DualClockedQueuelib.vhdl:634]
WARNING: [Synth 8-3331] design configurable_uart has unconnected port CONFIG_UART_BAUD_CONTROL_WORD[15]
WARNING: [Synth 8-3331] design configurable_uart has unconnected port CONFIG_UART_BAUD_CONTROL_WORD[14]
WARNING: [Synth 8-3331] design configurable_uart has unconnected port CONFIG_UART_BAUD_CONTROL_WORD[13]
WARNING: [Synth 8-3331] design configurable_uart has unconnected port CONFIG_UART_BAUD_CONTROL_WORD[12]
WARNING: [Synth 8-3331] design configurable_uart__1 has unconnected port CONFIG_UART_BAUD_CONTROL_WORD[15]
WARNING: [Synth 8-3331] design configurable_uart__1 has unconnected port CONFIG_UART_BAUD_CONTROL_WORD[14]
WARNING: [Synth 8-3331] design configurable_uart__1 has unconnected port CONFIG_UART_BAUD_CONTROL_WORD[13]
WARNING: [Synth 8-3331] design configurable_uart__1 has unconnected port CONFIG_UART_BAUD_CONTROL_WORD[12]
WARNING: [Synth 8-3331] design acb_sram_stub has unconnected port CORE_BUS_REQUEST_PIPE_WRITE_DATA[109]
WARNING: [Synth 8-3331] design acb_sram_stub has unconnected port CORE_BUS_REQUEST_PIPE_WRITE_DATA[99]
WARNING: [Synth 8-3331] design acb_sram_stub has unconnected port CORE_BUS_REQUEST_PIPE_WRITE_DATA[98]
WARNING: [Synth 8-3331] design acb_sram_stub has unconnected port CORE_BUS_REQUEST_PIPE_WRITE_DATA[97]
WARNING: [Synth 8-3331] design acb_sram_stub has unconnected port CORE_BUS_REQUEST_PIPE_WRITE_DATA[96]
WARNING: [Synth 8-3331] design acb_sram_stub has unconnected port CORE_BUS_REQUEST_PIPE_WRITE_DATA[95]
WARNING: [Synth 8-3331] design acb_sram_stub has unconnected port CORE_BUS_REQUEST_PIPE_WRITE_DATA[94]
WARNING: [Synth 8-3331] design acb_sram_stub has unconnected port CORE_BUS_REQUEST_PIPE_WRITE_DATA[93]
WARNING: [Synth 8-3331] design acb_sram_stub has unconnected port CORE_BUS_REQUEST_PIPE_WRITE_DATA[92]
WARNING: [Synth 8-3331] design acb_sram_stub has unconnected port CORE_BUS_REQUEST_PIPE_WRITE_DATA[91]
WARNING: [Synth 8-3331] design acb_sram_stub has unconnected port CORE_BUS_REQUEST_PIPE_WRITE_DATA[90]
WARNING: [Synth 8-3331] design acb_sram_stub has unconnected port CORE_BUS_REQUEST_PIPE_WRITE_DATA[89]
WARNING: [Synth 8-3331] design acb_sram_stub has unconnected port CORE_BUS_REQUEST_PIPE_WRITE_DATA[88]
WARNING: [Synth 8-3331] design acb_sram_stub has unconnected port CORE_BUS_REQUEST_PIPE_WRITE_DATA[87]
WARNING: [Synth 8-3331] design acb_sram_stub has unconnected port CORE_BUS_REQUEST_PIPE_WRITE_DATA[86]
WARNING: [Synth 8-3331] design acb_sram_stub has unconnected port CORE_BUS_REQUEST_PIPE_WRITE_DATA[66]
WARNING: [Synth 8-3331] design acb_sram_stub has unconnected port CORE_BUS_REQUEST_PIPE_WRITE_DATA[65]
WARNING: [Synth 8-3331] design acb_sram_stub has unconnected port CORE_BUS_REQUEST_PIPE_WRITE_DATA[64]
WARNING: [Synth 8-3331] design fifo_generator_v13_1_4__parameterized5 has unconnected port backup
WARNING: [Synth 8-3331] design fifo_generator_v13_1_4__parameterized5 has unconnected port backup_marker
WARNING: [Synth 8-3331] design fifo_generator_v13_1_4__parameterized5 has unconnected port clk
WARNING: [Synth 8-3331] design fifo_generator_v13_1_4__parameterized5 has unconnected port srst
WARNING: [Synth 8-3331] design fifo_generator_v13_1_4__parameterized5 has unconnected port wr_rst
WARNING: [Synth 8-3331] design fifo_generator_v13_1_4__parameterized5 has unconnected port rd_rst
WARNING: [Synth 8-3331] design fifo_generator_v13_1_4__parameterized5 has unconnected port prog_empty_thresh[9]
WARNING: [Synth 8-3331] design fifo_generator_v13_1_4__parameterized5 has unconnected port prog_empty_thresh[8]
WARNING: [Synth 8-3331] design fifo_generator_v13_1_4__parameterized5 has unconnected port prog_empty_thresh[7]
WARNING: [Synth 8-3331] design fifo_generator_v13_1_4__parameterized5 has unconnected port prog_empty_thresh[6]
WARNING: [Synth 8-3331] design fifo_generator_v13_1_4__parameterized5 has unconnected port prog_empty_thresh[5]
WARNING: [Synth 8-3331] design fifo_generator_v13_1_4__parameterized5 has unconnected port prog_empty_thresh[4]
WARNING: [Synth 8-3331] design fifo_generator_v13_1_4__parameterized5 has unconnected port prog_empty_thresh[3]
WARNING: [Synth 8-3331] design fifo_generator_v13_1_4__parameterized5 has unconnected port prog_empty_thresh[2]
WARNING: [Synth 8-3331] design fifo_generator_v13_1_4__parameterized5 has unconnected port prog_empty_thresh[1]
WARNING: [Synth 8-3331] design fifo_generator_v13_1_4__parameterized5 has unconnected port prog_empty_thresh[0]
WARNING: [Synth 8-3331] design fifo_generator_v13_1_4__parameterized5 has unconnected port prog_empty_thresh_assert[9]
WARNING: [Synth 8-3331] design fifo_generator_v13_1_4__parameterized5 has unconnected port prog_empty_thresh_assert[8]
WARNING: [Synth 8-3331] design fifo_generator_v13_1_4__parameterized5 has unconnected port prog_empty_thresh_assert[7]
WARNING: [Synth 8-3331] design fifo_generator_v13_1_4__parameterized5 has unconnected port prog_empty_thresh_assert[6]
WARNING: [Synth 8-3331] design fifo_generator_v13_1_4__parameterized5 has unconnected port prog_empty_thresh_assert[5]
WARNING: [Synth 8-3331] design fifo_generator_v13_1_4__parameterized5 has unconnected port prog_empty_thresh_assert[4]
WARNING: [Synth 8-3331] design fifo_generator_v13_1_4__parameterized5 has unconnected port prog_empty_thresh_assert[3]
WARNING: [Synth 8-3331] design fifo_generator_v13_1_4__parameterized5 has unconnected port prog_empty_thresh_assert[2]
WARNING: [Synth 8-3331] design fifo_generator_v13_1_4__parameterized5 has unconnected port prog_empty_thresh_assert[1]
WARNING: [Synth 8-3331] design fifo_generator_v13_1_4__parameterized5 has unconnected port prog_empty_thresh_assert[0]
WARNING: [Synth 8-3331] design fifo_generator_v13_1_4__parameterized5 has unconnected port prog_empty_thresh_negate[9]
WARNING: [Synth 8-3331] design fifo_generator_v13_1_4__parameterized5 has unconnected port prog_empty_thresh_negate[8]
WARNING: [Synth 8-3331] design fifo_generator_v13_1_4__parameterized5 has unconnected port prog_empty_thresh_negate[7]
WARNING: [Synth 8-3331] design fifo_generator_v13_1_4__parameterized5 has unconnected port prog_empty_thresh_negate[6]
WARNING: [Synth 8-3331] design fifo_generator_v13_1_4__parameterized5 has unconnected port prog_empty_thresh_negate[5]
WARNING: [Synth 8-3331] design fifo_generator_v13_1_4__parameterized5 has unconnected port prog_empty_thresh_negate[4]
WARNING: [Synth 8-3331] design fifo_generator_v13_1_4__parameterized5 has unconnected port prog_empty_thresh_negate[3]
WARNING: [Synth 8-3331] design fifo_generator_v13_1_4__parameterized5 has unconnected port prog_empty_thresh_negate[2]
WARNING: [Synth 8-3331] design fifo_generator_v13_1_4__parameterized5 has unconnected port prog_empty_thresh_negate[1]
WARNING: [Synth 8-3331] design fifo_generator_v13_1_4__parameterized5 has unconnected port prog_empty_thresh_negate[0]
WARNING: [Synth 8-3331] design fifo_generator_v13_1_4__parameterized5 has unconnected port prog_full_thresh[9]
WARNING: [Synth 8-3331] design fifo_generator_v13_1_4__parameterized5 has unconnected port prog_full_thresh[8]
WARNING: [Synth 8-3331] design fifo_generator_v13_1_4__parameterized5 has unconnected port prog_full_thresh[7]
WARNING: [Synth 8-3331] design fifo_generator_v13_1_4__parameterized5 has unconnected port prog_full_thresh[6]
WARNING: [Synth 8-3331] design fifo_generator_v13_1_4__parameterized5 has unconnected port prog_full_thresh[5]
WARNING: [Synth 8-3331] design fifo_generator_v13_1_4__parameterized5 has unconnected port prog_full_thresh[4]
WARNING: [Synth 8-3331] design fifo_generator_v13_1_4__parameterized5 has unconnected port prog_full_thresh[3]
WARNING: [Synth 8-3331] design fifo_generator_v13_1_4__parameterized5 has unconnected port prog_full_thresh[2]
WARNING: [Synth 8-3331] design fifo_generator_v13_1_4__parameterized5 has unconnected port prog_full_thresh[1]
WARNING: [Synth 8-3331] design fifo_generator_v13_1_4__parameterized5 has unconnected port prog_full_thresh[0]
WARNING: [Synth 8-3331] design fifo_generator_v13_1_4__parameterized5 has unconnected port prog_full_thresh_assert[9]
WARNING: [Synth 8-3331] design fifo_generator_v13_1_4__parameterized5 has unconnected port prog_full_thresh_assert[8]
WARNING: [Synth 8-3331] design fifo_generator_v13_1_4__parameterized5 has unconnected port prog_full_thresh_assert[7]
WARNING: [Synth 8-3331] design fifo_generator_v13_1_4__parameterized5 has unconnected port prog_full_thresh_assert[6]
WARNING: [Synth 8-3331] design fifo_generator_v13_1_4__parameterized5 has unconnected port prog_full_thresh_assert[5]
WARNING: [Synth 8-3331] design fifo_generator_v13_1_4__parameterized5 has unconnected port prog_full_thresh_assert[4]
WARNING: [Synth 8-3331] design fifo_generator_v13_1_4__parameterized5 has unconnected port prog_full_thresh_assert[3]
WARNING: [Synth 8-3331] design fifo_generator_v13_1_4__parameterized5 has unconnected port prog_full_thresh_assert[2]
WARNING: [Synth 8-3331] design fifo_generator_v13_1_4__parameterized5 has unconnected port prog_full_thresh_assert[1]
WARNING: [Synth 8-3331] design fifo_generator_v13_1_4__parameterized5 has unconnected port prog_full_thresh_assert[0]
WARNING: [Synth 8-3331] design fifo_generator_v13_1_4__parameterized5 has unconnected port prog_full_thresh_negate[9]
WARNING: [Synth 8-3331] design fifo_generator_v13_1_4__parameterized5 has unconnected port prog_full_thresh_negate[8]
WARNING: [Synth 8-3331] design fifo_generator_v13_1_4__parameterized5 has unconnected port prog_full_thresh_negate[7]
WARNING: [Synth 8-3331] design fifo_generator_v13_1_4__parameterized5 has unconnected port prog_full_thresh_negate[6]
WARNING: [Synth 8-3331] design fifo_generator_v13_1_4__parameterized5 has unconnected port prog_full_thresh_negate[5]
WARNING: [Synth 8-3331] design fifo_generator_v13_1_4__parameterized5 has unconnected port prog_full_thresh_negate[4]
WARNING: [Synth 8-3331] design fifo_generator_v13_1_4__parameterized5 has unconnected port prog_full_thresh_negate[3]
WARNING: [Synth 8-3331] design fifo_generator_v13_1_4__parameterized5 has unconnected port prog_full_thresh_negate[2]
WARNING: [Synth 8-3331] design fifo_generator_v13_1_4__parameterized5 has unconnected port prog_full_thresh_negate[1]
WARNING: [Synth 8-3331] design fifo_generator_v13_1_4__parameterized5 has unconnected port prog_full_thresh_negate[0]
WARNING: [Synth 8-3331] design fifo_generator_v13_1_4__parameterized5 has unconnected port int_clk
WARNING: [Synth 8-3331] design fifo_generator_v13_1_4__parameterized5 has unconnected port injectdbiterr
WARNING: [Synth 8-3331] design fifo_generator_v13_1_4__parameterized5 has unconnected port injectsbiterr
WARNING: [Synth 8-3331] design fifo_generator_v13_1_4__parameterized5 has unconnected port sleep
WARNING: [Synth 8-3331] design fifo_generator_v13_1_4__parameterized5 has unconnected port m_aclk
WARNING: [Synth 8-3331] design fifo_generator_v13_1_4__parameterized5 has unconnected port s_aclk
WARNING: [Synth 8-3331] design fifo_generator_v13_1_4__parameterized5 has unconnected port s_aresetn
INFO: [Common 17-14] Message 'Synth 8-3331' appears 100 times and further instances of the messages will be disabled. Use the Tcl command set_msg_config to change the current settings.
RAM Pipeline Warning: Read Address Register Found For RAM bbGen[0].bb/mem_array_reg. We will not be able to pipeline it. This may degrade performance. 
RAM Pipeline Warning: Read Address Register Found For RAM bbGen[1].bb/mem_array_reg. We will not be able to pipeline it. This may degrade performance. 
RAM Pipeline Warning: Read Address Register Found For RAM bbGen[2].bb/mem_array_reg. We will not be able to pipeline it. This may degrade performance. 
RAM Pipeline Warning: Read Address Register Found For RAM bbGen[3].bb/mem_array_reg. We will not be able to pipeline it. This may degrade performance. 
RAM Pipeline Warning: Read Address Register Found For RAM bbGen[4].bb/mem_array_reg. We will not be able to pipeline it. This may degrade performance. 
RAM Pipeline Warning: Read Address Register Found For RAM bbGen[5].bb/mem_array_reg. We will not be able to pipeline it. This may degrade performance. 
RAM Pipeline Warning: Read Address Register Found For RAM bbGen[6].bb/mem_array_reg. We will not be able to pipeline it. This may degrade performance. 
RAM Pipeline Warning: Read Address Register Found For RAM bbGen[7].bb/mem_array_reg. We will not be able to pipeline it. This may degrade performance. 
INFO: [Synth 8-3886] merging instance 'qb_req_through/qDGt1.NTB.Wgen[1].queue_array_reg[1][0]' (FDRE) to 'qb_req_through/qDGt1.NTB.Wgen[0].queue_array_reg[0][0]'
INFO: [Synth 8-3333] propagating constant 0 across sequential element (qb_req_through/\qDGt1.NTB.Wgen[0].queue_array_reg[0][0] )
INFO: [Synth 8-3886] merging instance 'qb_req_through/qDGt1.NTB.Wgen[1].queue_array_reg[1][1]' (FDRE) to 'qb_req_through/qDGt1.NTB.Wgen[0].queue_array_reg[0][1]'
INFO: [Synth 8-3333] propagating constant 0 across sequential element (qb_req_through/\qDGt1.NTB.Wgen[0].queue_array_reg[0][1] )
INFO: [Synth 8-3886] merging instance 'qb_req_through/qDGt1.NTB.Wgen[1].queue_array_reg[1][2]' (FDRE) to 'qb_req_through/qDGt1.NTB.Wgen[0].queue_array_reg[0][2]'
INFO: [Synth 8-3333] propagating constant 0 across sequential element (qb_req_through/\qDGt1.NTB.Wgen[0].queue_array_reg[0][2] )
INFO: [Synth 8-3886] merging instance 'qb_req_through/qDGt1.NTB.Wgen[1].queue_array_reg[1][3]' (FDRE) to 'qb_req_through/qDGt1.NTB.Wgen[0].queue_array_reg[0][3]'
INFO: [Synth 8-3333] propagating constant 0 across sequential element (qb_req_through/\qDGt1.NTB.Wgen[0].queue_array_reg[0][3] )
INFO: [Synth 8-3886] merging instance 'qb_req_through/qDGt1.NTB.Wgen[1].queue_array_reg[1][4]' (FDRE) to 'qb_req_through/qDGt1.NTB.Wgen[0].queue_array_reg[0][4]'
INFO: [Synth 8-3333] propagating constant 0 across sequential element (qb_req_through/\qDGt1.NTB.Wgen[0].queue_array_reg[0][4] )
INFO: [Synth 8-3886] merging instance 'qb_req_through/qDGt1.NTB.Wgen[1].queue_array_reg[1][5]' (FDRE) to 'qb_req_through/qDGt1.NTB.Wgen[0].queue_array_reg[0][5]'
INFO: [Synth 8-3333] propagating constant 0 across sequential element (qb_req_through/\qDGt1.NTB.Wgen[0].queue_array_reg[0][5] )
INFO: [Synth 8-3886] merging instance 'qb_req_through/qDGt1.NTB.Wgen[1].queue_array_reg[1][6]' (FDRE) to 'qb_req_through/qDGt1.NTB.Wgen[0].queue_array_reg[0][6]'
INFO: [Synth 8-3333] propagating constant 0 across sequential element (qb_req_through/\qDGt1.NTB.Wgen[0].queue_array_reg[0][6] )
INFO: [Synth 8-3886] merging instance 'qb_req_through/qDGt1.NTB.Wgen[1].queue_array_reg[1][7]' (FDRE) to 'qb_req_through/qDGt1.NTB.Wgen[0].queue_array_reg[0][7]'
INFO: [Synth 8-3333] propagating constant 0 across sequential element (qb_req_through/\qDGt1.NTB.Wgen[0].queue_array_reg[0][7] )
INFO: [Synth 8-3886] merging instance 'qb_req_through/qDGt1.NTB.Wgen[1].queue_array_reg[1][100]' (FDRE) to 'qb_req_through/qDGt1.NTB.Wgen[0].queue_array_reg[0][100]'
INFO: [Synth 8-3333] propagating constant 0 across sequential element (qb_req_through/\qDGt1.NTB.Wgen[0].queue_array_reg[0][100] )
INFO: [Synth 8-3886] merging instance 'qb_req_through/qDGt1.NTB.Wgen[1].queue_array_reg[1][8]' (FDRE) to 'qb_req_through/qDGt1.NTB.Wgen[0].queue_array_reg[0][8]'
INFO: [Synth 8-3333] propagating constant 0 across sequential element (qb_req_through/\qDGt1.NTB.Wgen[0].queue_array_reg[0][8] )
INFO: [Synth 8-3886] merging instance 'qb_req_through/qDGt1.NTB.Wgen[1].queue_array_reg[1][9]' (FDRE) to 'qb_req_through/qDGt1.NTB.Wgen[0].queue_array_reg[0][9]'
INFO: [Synth 8-3333] propagating constant 0 across sequential element (qb_req_through/\qDGt1.NTB.Wgen[0].queue_array_reg[0][9] )
INFO: [Synth 8-3886] merging instance 'qb_req_through/qDGt1.NTB.Wgen[1].queue_array_reg[1][10]' (FDRE) to 'qb_req_through/qDGt1.NTB.Wgen[0].queue_array_reg[0][10]'
INFO: [Synth 8-3333] propagating constant 0 across sequential element (qb_req_through/\qDGt1.NTB.Wgen[0].queue_array_reg[0][10] )
INFO: [Synth 8-3886] merging instance 'qb_req_through/qDGt1.NTB.Wgen[1].queue_array_reg[1][11]' (FDRE) to 'qb_req_through/qDGt1.NTB.Wgen[0].queue_array_reg[0][11]'
INFO: [Synth 8-3333] propagating constant 0 across sequential element (qb_req_through/\qDGt1.NTB.Wgen[0].queue_array_reg[0][11] )
INFO: [Synth 8-3886] merging instance 'qb_req_through/qDGt1.NTB.Wgen[1].queue_array_reg[1][12]' (FDRE) to 'qb_req_through/qDGt1.NTB.Wgen[0].queue_array_reg[0][12]'
INFO: [Synth 8-3333] propagating constant 0 across sequential element (qb_req_through/\qDGt1.NTB.Wgen[0].queue_array_reg[0][12] )
INFO: [Synth 8-3886] merging instance 'qb_req_through/qDGt1.NTB.Wgen[1].queue_array_reg[1][13]' (FDRE) to 'qb_req_through/qDGt1.NTB.Wgen[0].queue_array_reg[0][13]'
INFO: [Synth 8-3333] propagating constant 0 across sequential element (qb_req_through/\qDGt1.NTB.Wgen[0].queue_array_reg[0][13] )
INFO: [Synth 8-3886] merging instance 'qb_req_through/qDGt1.NTB.Wgen[1].queue_array_reg[1][14]' (FDRE) to 'qb_req_through/qDGt1.NTB.Wgen[0].queue_array_reg[0][14]'
INFO: [Synth 8-3333] propagating constant 0 across sequential element (qb_req_through/\qDGt1.NTB.Wgen[0].queue_array_reg[0][14] )
INFO: [Synth 8-3886] merging instance 'qb_req_through/qDGt1.NTB.Wgen[1].queue_array_reg[1][15]' (FDRE) to 'qb_req_through/qDGt1.NTB.Wgen[0].queue_array_reg[0][15]'
INFO: [Synth 8-3333] propagating constant 0 across sequential element (qb_req_through/\qDGt1.NTB.Wgen[0].queue_array_reg[0][15] )
INFO: [Synth 8-3886] merging instance 'qb_req_through/qDGt1.NTB.Wgen[1].queue_array_reg[1][101]' (FDRE) to 'qb_req_through/qDGt1.NTB.Wgen[0].queue_array_reg[0][101]'
INFO: [Synth 8-3333] propagating constant 0 across sequential element (qb_req_through/\qDGt1.NTB.Wgen[0].queue_array_reg[0][101] )
INFO: [Synth 8-3886] merging instance 'qb_req_through/qDGt1.NTB.Wgen[1].queue_array_reg[1][16]' (FDRE) to 'qb_req_through/qDGt1.NTB.Wgen[0].queue_array_reg[0][16]'
INFO: [Synth 8-3333] propagating constant 0 across sequential element (qb_req_through/\qDGt1.NTB.Wgen[0].queue_array_reg[0][16] )
INFO: [Synth 8-3886] merging instance 'qb_req_through/qDGt1.NTB.Wgen[1].queue_array_reg[1][17]' (FDRE) to 'qb_req_through/qDGt1.NTB.Wgen[0].queue_array_reg[0][17]'
INFO: [Synth 8-3333] propagating constant 0 across sequential element (qb_req_through/\qDGt1.NTB.Wgen[0].queue_array_reg[0][17] )
INFO: [Synth 8-3886] merging instance 'qb_req_through/qDGt1.NTB.Wgen[1].queue_array_reg[1][18]' (FDRE) to 'qb_req_through/qDGt1.NTB.Wgen[0].queue_array_reg[0][18]'
INFO: [Synth 8-3333] propagating constant 0 across sequential element (qb_req_through/\qDGt1.NTB.Wgen[0].queue_array_reg[0][18] )
INFO: [Synth 8-3886] merging instance 'qb_req_through/qDGt1.NTB.Wgen[1].queue_array_reg[1][19]' (FDRE) to 'qb_req_through/qDGt1.NTB.Wgen[0].queue_array_reg[0][19]'
INFO: [Synth 8-3333] propagating constant 0 across sequential element (qb_req_through/\qDGt1.NTB.Wgen[0].queue_array_reg[0][19] )
INFO: [Synth 8-3886] merging instance 'qb_req_through/qDGt1.NTB.Wgen[1].queue_array_reg[1][20]' (FDRE) to 'qb_req_through/qDGt1.NTB.Wgen[0].queue_array_reg[0][20]'
INFO: [Synth 8-3333] propagating constant 0 across sequential element (qb_req_through/\qDGt1.NTB.Wgen[0].queue_array_reg[0][20] )
INFO: [Synth 8-3886] merging instance 'qb_req_through/qDGt1.NTB.Wgen[1].queue_array_reg[1][21]' (FDRE) to 'qb_req_through/qDGt1.NTB.Wgen[0].queue_array_reg[0][21]'
INFO: [Synth 8-3333] propagating constant 0 across sequential element (qb_req_through/\qDGt1.NTB.Wgen[0].queue_array_reg[0][21] )
INFO: [Synth 8-3886] merging instance 'qb_req_through/qDGt1.NTB.Wgen[1].queue_array_reg[1][22]' (FDRE) to 'qb_req_through/qDGt1.NTB.Wgen[0].queue_array_reg[0][22]'
INFO: [Synth 8-3333] propagating constant 0 across sequential element (qb_req_through/\qDGt1.NTB.Wgen[0].queue_array_reg[0][22] )
INFO: [Synth 8-3886] merging instance 'qb_req_through/qDGt1.NTB.Wgen[1].queue_array_reg[1][23]' (FDRE) to 'qb_req_through/qDGt1.NTB.Wgen[0].queue_array_reg[0][23]'
INFO: [Synth 8-3333] propagating constant 0 across sequential element (qb_req_through/\qDGt1.NTB.Wgen[0].queue_array_reg[0][23] )
INFO: [Synth 8-3886] merging instance 'qb_req_through/qDGt1.NTB.Wgen[1].queue_array_reg[1][102]' (FDRE) to 'qb_req_through/qDGt1.NTB.Wgen[0].queue_array_reg[0][102]'
INFO: [Synth 8-3333] propagating constant 0 across sequential element (qb_req_through/\qDGt1.NTB.Wgen[0].queue_array_reg[0][102] )
INFO: [Synth 8-3886] merging instance 'qb_req_through/qDGt1.NTB.Wgen[1].queue_array_reg[1][24]' (FDRE) to 'qb_req_through/qDGt1.NTB.Wgen[0].queue_array_reg[0][24]'
INFO: [Synth 8-3333] propagating constant 0 across sequential element (qb_req_through/\qDGt1.NTB.Wgen[0].queue_array_reg[0][24] )
INFO: [Synth 8-3886] merging instance 'qb_req_through/qDGt1.NTB.Wgen[1].queue_array_reg[1][25]' (FDRE) to 'qb_req_through/qDGt1.NTB.Wgen[0].queue_array_reg[0][25]'
INFO: [Synth 8-3333] propagating constant 0 across sequential element (qb_req_through/\qDGt1.NTB.Wgen[0].queue_array_reg[0][25] )
INFO: [Synth 8-3886] merging instance 'qb_req_through/qDGt1.NTB.Wgen[1].queue_array_reg[1][26]' (FDRE) to 'qb_req_through/qDGt1.NTB.Wgen[0].queue_array_reg[0][26]'
INFO: [Synth 8-3333] propagating constant 0 across sequential element (qb_req_through/\qDGt1.NTB.Wgen[0].queue_array_reg[0][26] )
INFO: [Synth 8-3886] merging instance 'qb_req_through/qDGt1.NTB.Wgen[1].queue_array_reg[1][27]' (FDRE) to 'qb_req_through/qDGt1.NTB.Wgen[0].queue_array_reg[0][27]'
INFO: [Synth 8-3333] propagating constant 0 across sequential element (qb_req_through/\qDGt1.NTB.Wgen[0].queue_array_reg[0][27] )
INFO: [Synth 8-3886] merging instance 'qb_req_through/qDGt1.NTB.Wgen[1].queue_array_reg[1][28]' (FDRE) to 'qb_req_through/qDGt1.NTB.Wgen[0].queue_array_reg[0][28]'
INFO: [Synth 8-3333] propagating constant 0 across sequential element (qb_req_through/\qDGt1.NTB.Wgen[0].queue_array_reg[0][28] )
INFO: [Synth 8-3886] merging instance 'qb_req_through/qDGt1.NTB.Wgen[1].queue_array_reg[1][29]' (FDRE) to 'qb_req_through/qDGt1.NTB.Wgen[0].queue_array_reg[0][29]'
INFO: [Synth 8-3333] propagating constant 0 across sequential element (qb_req_through/\qDGt1.NTB.Wgen[0].queue_array_reg[0][29] )
INFO: [Synth 8-3886] merging instance 'qb_req_through/qDGt1.NTB.Wgen[1].queue_array_reg[1][30]' (FDRE) to 'qb_req_through/qDGt1.NTB.Wgen[0].queue_array_reg[0][30]'
INFO: [Synth 8-3333] propagating constant 0 across sequential element (qb_req_through/\qDGt1.NTB.Wgen[0].queue_array_reg[0][30] )
INFO: [Synth 8-3886] merging instance 'qb_req_through/qDGt1.NTB.Wgen[1].queue_array_reg[1][31]' (FDRE) to 'qb_req_through/qDGt1.NTB.Wgen[0].queue_array_reg[0][31]'
INFO: [Synth 8-3333] propagating constant 0 across sequential element (qb_req_through/\qDGt1.NTB.Wgen[0].queue_array_reg[0][31] )
INFO: [Synth 8-3886] merging instance 'qb_req_through/qDGt1.NTB.Wgen[1].queue_array_reg[1][103]' (FDRE) to 'qb_req_through/qDGt1.NTB.Wgen[0].queue_array_reg[0][103]'
INFO: [Synth 8-3333] propagating constant 0 across sequential element (qb_req_through/\qDGt1.NTB.Wgen[0].queue_array_reg[0][103] )
INFO: [Synth 8-3886] merging instance 'qb_req_through/qDGt1.NTB.Wgen[1].queue_array_reg[1][32]' (FDRE) to 'qb_req_through/qDGt1.NTB.Wgen[0].queue_array_reg[0][32]'
INFO: [Synth 8-3333] propagating constant 0 across sequential element (qb_req_through/\qDGt1.NTB.Wgen[0].queue_array_reg[0][32] )
INFO: [Synth 8-3886] merging instance 'qb_req_through/qDGt1.NTB.Wgen[1].queue_array_reg[1][33]' (FDRE) to 'qb_req_through/qDGt1.NTB.Wgen[0].queue_array_reg[0][33]'
INFO: [Synth 8-3333] propagating constant 0 across sequential element (qb_req_through/\qDGt1.NTB.Wgen[0].queue_array_reg[0][33] )
INFO: [Synth 8-3886] merging instance 'qb_req_through/qDGt1.NTB.Wgen[1].queue_array_reg[1][34]' (FDRE) to 'qb_req_through/qDGt1.NTB.Wgen[0].queue_array_reg[0][34]'
INFO: [Synth 8-3333] propagating constant 0 across sequential element (qb_req_through/\qDGt1.NTB.Wgen[0].queue_array_reg[0][34] )
INFO: [Synth 8-3886] merging instance 'qb_req_through/qDGt1.NTB.Wgen[1].queue_array_reg[1][35]' (FDRE) to 'qb_req_through/qDGt1.NTB.Wgen[0].queue_array_reg[0][35]'
INFO: [Synth 8-3333] propagating constant 0 across sequential element (qb_req_through/\qDGt1.NTB.Wgen[0].queue_array_reg[0][35] )
INFO: [Synth 8-3886] merging instance 'qb_req_through/qDGt1.NTB.Wgen[1].queue_array_reg[1][36]' (FDRE) to 'qb_req_through/qDGt1.NTB.Wgen[0].queue_array_reg[0][36]'
INFO: [Synth 8-3333] propagating constant 0 across sequential element (qb_req_through/\qDGt1.NTB.Wgen[0].queue_array_reg[0][36] )
INFO: [Synth 8-3886] merging instance 'qb_req_through/qDGt1.NTB.Wgen[1].queue_array_reg[1][37]' (FDRE) to 'qb_req_through/qDGt1.NTB.Wgen[0].queue_array_reg[0][37]'
INFO: [Synth 8-3333] propagating constant 0 across sequential element (qb_req_through/\qDGt1.NTB.Wgen[0].queue_array_reg[0][37] )
INFO: [Synth 8-3886] merging instance 'qb_req_through/qDGt1.NTB.Wgen[1].queue_array_reg[1][38]' (FDRE) to 'qb_req_through/qDGt1.NTB.Wgen[0].queue_array_reg[0][38]'
INFO: [Synth 8-3333] propagating constant 0 across sequential element (qb_req_through/\qDGt1.NTB.Wgen[0].queue_array_reg[0][38] )
INFO: [Synth 8-3886] merging instance 'qb_req_through/qDGt1.NTB.Wgen[1].queue_array_reg[1][39]' (FDRE) to 'qb_req_through/qDGt1.NTB.Wgen[0].queue_array_reg[0][39]'
INFO: [Synth 8-3333] propagating constant 0 across sequential element (qb_req_through/\qDGt1.NTB.Wgen[0].queue_array_reg[0][39] )
INFO: [Synth 8-3886] merging instance 'qb_req_through/qDGt1.NTB.Wgen[1].queue_array_reg[1][104]' (FDRE) to 'qb_req_through/qDGt1.NTB.Wgen[0].queue_array_reg[0][104]'
INFO: [Synth 8-3333] propagating constant 0 across sequential element (qb_req_through/\qDGt1.NTB.Wgen[0].queue_array_reg[0][104] )
INFO: [Synth 8-3886] merging instance 'qb_req_through/qDGt1.NTB.Wgen[1].queue_array_reg[1][40]' (FDRE) to 'qb_req_through/qDGt1.NTB.Wgen[0].queue_array_reg[0][40]'
INFO: [Synth 8-3333] propagating constant 0 across sequential element (qb_req_through/\qDGt1.NTB.Wgen[0].queue_array_reg[0][40] )
INFO: [Synth 8-3886] merging instance 'qb_req_through/qDGt1.NTB.Wgen[1].queue_array_reg[1][41]' (FDRE) to 'qb_req_through/qDGt1.NTB.Wgen[0].queue_array_reg[0][41]'
INFO: [Synth 8-3333] propagating constant 0 across sequential element (qb_req_through/\qDGt1.NTB.Wgen[0].queue_array_reg[0][41] )
INFO: [Synth 8-3886] merging instance 'qb_req_through/qDGt1.NTB.Wgen[1].queue_array_reg[1][42]' (FDRE) to 'qb_req_through/qDGt1.NTB.Wgen[0].queue_array_reg[0][42]'
INFO: [Synth 8-3333] propagating constant 0 across sequential element (qb_req_through/\qDGt1.NTB.Wgen[0].queue_array_reg[0][42] )
INFO: [Synth 8-3886] merging instance 'qb_req_through/qDGt1.NTB.Wgen[1].queue_array_reg[1][43]' (FDRE) to 'qb_req_through/qDGt1.NTB.Wgen[0].queue_array_reg[0][43]'
INFO: [Synth 8-3333] propagating constant 0 across sequential element (qb_req_through/\qDGt1.NTB.Wgen[0].queue_array_reg[0][43] )
INFO: [Synth 8-3886] merging instance 'qb_req_through/qDGt1.NTB.Wgen[1].queue_array_reg[1][44]' (FDRE) to 'qb_req_through/qDGt1.NTB.Wgen[0].queue_array_reg[0][44]'
INFO: [Synth 8-3333] propagating constant 0 across sequential element (qb_req_through/\qDGt1.NTB.Wgen[0].queue_array_reg[0][44] )
INFO: [Synth 8-3886] merging instance 'qb_req_through/qDGt1.NTB.Wgen[1].queue_array_reg[1][45]' (FDRE) to 'qb_req_through/qDGt1.NTB.Wgen[0].queue_array_reg[0][45]'
INFO: [Synth 8-3333] propagating constant 0 across sequential element (qb_req_through/\qDGt1.NTB.Wgen[0].queue_array_reg[0][45] )
INFO: [Synth 8-3886] merging instance 'qb_req_through/qDGt1.NTB.Wgen[1].queue_array_reg[1][46]' (FDRE) to 'qb_req_through/qDGt1.NTB.Wgen[0].queue_array_reg[0][46]'
INFO: [Synth 8-3333] propagating constant 0 across sequential element (qb_req_through/\qDGt1.NTB.Wgen[0].queue_array_reg[0][46] )
INFO: [Synth 8-3886] merging instance 'qb_req_through/qDGt1.NTB.Wgen[1].queue_array_reg[1][47]' (FDRE) to 'qb_req_through/qDGt1.NTB.Wgen[0].queue_array_reg[0][47]'
INFO: [Synth 8-3333] propagating constant 0 across sequential element (qb_req_through/\qDGt1.NTB.Wgen[0].queue_array_reg[0][47] )
INFO: [Synth 8-3886] merging instance 'qb_req_through/qDGt1.NTB.Wgen[1].queue_array_reg[1][105]' (FDRE) to 'qb_req_through/qDGt1.NTB.Wgen[0].queue_array_reg[0][105]'
INFO: [Synth 8-3333] propagating constant 0 across sequential element (qb_req_through/\qDGt1.NTB.Wgen[0].queue_array_reg[0][105] )
INFO: [Synth 8-3886] merging instance 'qb_req_through/qDGt1.NTB.Wgen[1].queue_array_reg[1][48]' (FDRE) to 'qb_req_through/qDGt1.NTB.Wgen[0].queue_array_reg[0][48]'
INFO: [Synth 8-3333] propagating constant 0 across sequential element (qb_req_through/\qDGt1.NTB.Wgen[0].queue_array_reg[0][48] )
INFO: [Synth 8-3886] merging instance 'qb_req_through/qDGt1.NTB.Wgen[1].queue_array_reg[1][49]' (FDRE) to 'qb_req_through/qDGt1.NTB.Wgen[0].queue_array_reg[0][49]'
INFO: [Synth 8-3333] propagating constant 0 across sequential element (qb_req_through/\qDGt1.NTB.Wgen[0].queue_array_reg[0][49] )
INFO: [Synth 8-3886] merging instance 'qb_req_through/qDGt1.NTB.Wgen[1].queue_array_reg[1][50]' (FDRE) to 'qb_req_through/qDGt1.NTB.Wgen[0].queue_array_reg[0][50]'
INFO: [Synth 8-3333] propagating constant 0 across sequential element (qb_req_through/\qDGt1.NTB.Wgen[0].queue_array_reg[0][50] )
INFO: [Synth 8-3886] merging instance 'qb_req_through/qDGt1.NTB.Wgen[1].queue_array_reg[1][51]' (FDRE) to 'qb_req_through/qDGt1.NTB.Wgen[0].queue_array_reg[0][51]'
INFO: [Synth 8-3333] propagating constant 0 across sequential element (qb_req_through/\qDGt1.NTB.Wgen[0].queue_array_reg[0][51] )
INFO: [Synth 8-3886] merging instance 'qb_req_through/qDGt1.NTB.Wgen[1].queue_array_reg[1][52]' (FDRE) to 'qb_req_through/qDGt1.NTB.Wgen[0].queue_array_reg[0][52]'
INFO: [Synth 8-3333] propagating constant 0 across sequential element (qb_req_through/\qDGt1.NTB.Wgen[0].queue_array_reg[0][52] )
INFO: [Synth 8-3886] merging instance 'qb_req_through/qDGt1.NTB.Wgen[1].queue_array_reg[1][53]' (FDRE) to 'qb_req_through/qDGt1.NTB.Wgen[0].queue_array_reg[0][53]'
INFO: [Synth 8-3333] propagating constant 0 across sequential element (qb_req_through/\qDGt1.NTB.Wgen[0].queue_array_reg[0][53] )
INFO: [Synth 8-3886] merging instance 'qb_req_through/qDGt1.NTB.Wgen[1].queue_array_reg[1][54]' (FDRE) to 'qb_req_through/qDGt1.NTB.Wgen[0].queue_array_reg[0][54]'
INFO: [Synth 8-3333] propagating constant 0 across sequential element (qb_req_through/\qDGt1.NTB.Wgen[0].queue_array_reg[0][54] )
INFO: [Synth 8-3886] merging instance 'qb_req_through/qDGt1.NTB.Wgen[1].queue_array_reg[1][55]' (FDRE) to 'qb_req_through/qDGt1.NTB.Wgen[0].queue_array_reg[0][55]'
INFO: [Synth 8-3333] propagating constant 0 across sequential element (qb_req_through/\qDGt1.NTB.Wgen[0].queue_array_reg[0][55] )
INFO: [Synth 8-3886] merging instance 'qb_req_through/qDGt1.NTB.Wgen[1].queue_array_reg[1][106]' (FDRE) to 'qb_req_through/qDGt1.NTB.Wgen[0].queue_array_reg[0][106]'
INFO: [Synth 8-3333] propagating constant 0 across sequential element (qb_req_through/\qDGt1.NTB.Wgen[0].queue_array_reg[0][106] )
INFO: [Synth 8-3886] merging instance 'qb_req_through/qDGt1.NTB.Wgen[1].queue_array_reg[1][56]' (FDRE) to 'qb_req_through/qDGt1.NTB.Wgen[0].queue_array_reg[0][56]'
INFO: [Synth 8-3333] propagating constant 0 across sequential element (qb_req_through/\qDGt1.NTB.Wgen[0].queue_array_reg[0][56] )
INFO: [Synth 8-3886] merging instance 'qb_req_through/qDGt1.NTB.Wgen[1].queue_array_reg[1][57]' (FDRE) to 'qb_req_through/qDGt1.NTB.Wgen[0].queue_array_reg[0][57]'
INFO: [Synth 8-3333] propagating constant 0 across sequential element (qb_req_through/\qDGt1.NTB.Wgen[0].queue_array_reg[0][57] )
INFO: [Synth 8-3886] merging instance 'qb_req_through/qDGt1.NTB.Wgen[1].queue_array_reg[1][58]' (FDRE) to 'qb_req_through/qDGt1.NTB.Wgen[0].queue_array_reg[0][58]'
INFO: [Synth 8-3333] propagating constant 0 across sequential element (qb_req_through/\qDGt1.NTB.Wgen[0].queue_array_reg[0][58] )
INFO: [Synth 8-3886] merging instance 'qb_req_through/qDGt1.NTB.Wgen[1].queue_array_reg[1][59]' (FDRE) to 'qb_req_through/qDGt1.NTB.Wgen[0].queue_array_reg[0][59]'
INFO: [Synth 8-3333] propagating constant 0 across sequential element (qb_req_through/\qDGt1.NTB.Wgen[0].queue_array_reg[0][59] )
INFO: [Synth 8-3886] merging instance 'qb_req_through/qDGt1.NTB.Wgen[1].queue_array_reg[1][60]' (FDRE) to 'qb_req_through/qDGt1.NTB.Wgen[0].queue_array_reg[0][60]'
INFO: [Synth 8-3333] propagating constant 0 across sequential element (qb_req_through/\qDGt1.NTB.Wgen[0].queue_array_reg[0][60] )
INFO: [Synth 8-3886] merging instance 'qb_req_through/qDGt1.NTB.Wgen[1].queue_array_reg[1][61]' (FDRE) to 'qb_req_through/qDGt1.NTB.Wgen[0].queue_array_reg[0][61]'
INFO: [Synth 8-3333] propagating constant 0 across sequential element (qb_req_through/\qDGt1.NTB.Wgen[0].queue_array_reg[0][61] )
INFO: [Synth 8-3886] merging instance 'qb_req_through/qDGt1.NTB.Wgen[1].queue_array_reg[1][62]' (FDRE) to 'qb_req_through/qDGt1.NTB.Wgen[0].queue_array_reg[0][62]'
INFO: [Synth 8-3333] propagating constant 0 across sequential element (qb_req_through/\qDGt1.NTB.Wgen[0].queue_array_reg[0][62] )
INFO: [Synth 8-3886] merging instance 'qb_req_through/qDGt1.NTB.Wgen[1].queue_array_reg[1][63]' (FDRE) to 'qb_req_through/qDGt1.NTB.Wgen[0].queue_array_reg[0][63]'
INFO: [Synth 8-3333] propagating constant 0 across sequential element (qb_req_through/\qDGt1.NTB.Wgen[0].queue_array_reg[0][63] )
INFO: [Synth 8-3886] merging instance 'qb_req_through/qDGt1.NTB.Wgen[1].queue_array_reg[1][67]' (FDRE) to 'qb_req_through/qDGt1.NTB.Wgen[0].queue_array_reg[0][67]'
INFO: [Synth 8-3333] propagating constant 0 across sequential element (qb_req_through/\qDGt1.NTB.Wgen[0].queue_array_reg[0][67] )
INFO: [Synth 8-3886] merging instance 'qb_req_through/qDGt1.NTB.Wgen[1].queue_array_reg[1][68]' (FDRE) to 'qb_req_through/qDGt1.NTB.Wgen[0].queue_array_reg[0][68]'
INFO: [Synth 8-3333] propagating constant 0 across sequential element (qb_req_through/\qDGt1.NTB.Wgen[0].queue_array_reg[0][68] )
INFO: [Synth 8-3886] merging instance 'qb_req_through/qDGt1.NTB.Wgen[1].queue_array_reg[1][69]' (FDRE) to 'qb_req_through/qDGt1.NTB.Wgen[0].queue_array_reg[0][69]'
INFO: [Synth 8-3333] propagating constant 0 across sequential element (qb_req_through/\qDGt1.NTB.Wgen[0].queue_array_reg[0][69] )
INFO: [Synth 8-3886] merging instance 'qb_req_through/qDGt1.NTB.Wgen[1].queue_array_reg[1][70]' (FDRE) to 'qb_req_through/qDGt1.NTB.Wgen[0].queue_array_reg[0][70]'
INFO: [Synth 8-3333] propagating constant 0 across sequential element (qb_req_through/\qDGt1.NTB.Wgen[0].queue_array_reg[0][70] )
INFO: [Synth 8-3886] merging instance 'qb_req_through/qDGt1.NTB.Wgen[1].queue_array_reg[1][71]' (FDRE) to 'qb_req_through/qDGt1.NTB.Wgen[0].queue_array_reg[0][71]'
INFO: [Synth 8-3333] propagating constant 0 across sequential element (qb_req_through/\qDGt1.NTB.Wgen[0].queue_array_reg[0][71] )
INFO: [Synth 8-3886] merging instance 'qb_req_through/qDGt1.NTB.Wgen[1].queue_array_reg[1][72]' (FDRE) to 'qb_req_through/qDGt1.NTB.Wgen[0].queue_array_reg[0][72]'
INFO: [Synth 8-3333] propagating constant 0 across sequential element (qb_req_through/\qDGt1.NTB.Wgen[0].queue_array_reg[0][72] )
INFO: [Synth 8-3886] merging instance 'qb_req_through/qDGt1.NTB.Wgen[1].queue_array_reg[1][73]' (FDRE) to 'qb_req_through/qDGt1.NTB.Wgen[0].queue_array_reg[0][73]'
INFO: [Synth 8-3333] propagating constant 0 across sequential element (qb_req_through/\qDGt1.NTB.Wgen[0].queue_array_reg[0][73] )
INFO: [Synth 8-3886] merging instance 'qb_req_through/qDGt1.NTB.Wgen[1].queue_array_reg[1][74]' (FDRE) to 'qb_req_through/qDGt1.NTB.Wgen[0].queue_array_reg[0][74]'
INFO: [Synth 8-3333] propagating constant 0 across sequential element (qb_req_through/\qDGt1.NTB.Wgen[0].queue_array_reg[0][74] )
INFO: [Synth 8-3886] merging instance 'qb_req_through/qDGt1.NTB.Wgen[1].queue_array_reg[1][75]' (FDRE) to 'qb_req_through/qDGt1.NTB.Wgen[0].queue_array_reg[0][75]'
INFO: [Synth 8-3333] propagating constant 0 across sequential element (qb_req_through/\qDGt1.NTB.Wgen[0].queue_array_reg[0][75] )
INFO: [Synth 8-3886] merging instance 'qb_req_through/qDGt1.NTB.Wgen[1].queue_array_reg[1][76]' (FDRE) to 'qb_req_through/qDGt1.NTB.Wgen[0].queue_array_reg[0][76]'
INFO: [Synth 8-3333] propagating constant 0 across sequential element (qb_req_through/\qDGt1.NTB.Wgen[0].queue_array_reg[0][76] )
INFO: [Synth 8-3886] merging instance 'qb_req_through/qDGt1.NTB.Wgen[1].queue_array_reg[1][77]' (FDRE) to 'qb_req_through/qDGt1.NTB.Wgen[0].queue_array_reg[0][77]'
INFO: [Synth 8-3333] propagating constant 0 across sequential element (qb_req_through/\qDGt1.NTB.Wgen[0].queue_array_reg[0][77] )
INFO: [Synth 8-3886] merging instance 'qb_req_through/qDGt1.NTB.Wgen[1].queue_array_reg[1][78]' (FDRE) to 'qb_req_through/qDGt1.NTB.Wgen[0].queue_array_reg[0][78]'
INFO: [Synth 8-3333] propagating constant 0 across sequential element (qb_req_through/\qDGt1.NTB.Wgen[0].queue_array_reg[0][78] )
INFO: [Synth 8-3886] merging instance 'qb_req_through/qDGt1.NTB.Wgen[1].queue_array_reg[1][79]' (FDRE) to 'qb_req_through/qDGt1.NTB.Wgen[0].queue_array_reg[0][79]'
INFO: [Synth 8-3333] propagating constant 0 across sequential element (qb_req_through/\qDGt1.NTB.Wgen[0].queue_array_reg[0][79] )
INFO: [Synth 8-3886] merging instance 'qb_req_through/qDGt1.NTB.Wgen[1].queue_array_reg[1][80]' (FDRE) to 'qb_req_through/qDGt1.NTB.Wgen[0].queue_array_reg[0][80]'
INFO: [Synth 8-3333] propagating constant 0 across sequential element (qb_req_through/\qDGt1.NTB.Wgen[0].queue_array_reg[0][80] )
INFO: [Synth 8-3886] merging instance 'qb_req_through/qDGt1.NTB.Wgen[1].queue_array_reg[1][81]' (FDRE) to 'qb_req_through/qDGt1.NTB.Wgen[0].queue_array_reg[0][81]'
INFO: [Synth 8-3333] propagating constant 0 across sequential element (qb_req_through/\qDGt1.NTB.Wgen[0].queue_array_reg[0][81] )
INFO: [Synth 8-3886] merging instance 'qb_req_through/qDGt1.NTB.Wgen[1].queue_array_reg[1][82]' (FDRE) to 'qb_req_through/qDGt1.NTB.Wgen[0].queue_array_reg[0][82]'
INFO: [Synth 8-3333] propagating constant 0 across sequential element (qb_req_through/\qDGt1.NTB.Wgen[0].queue_array_reg[0][82] )
INFO: [Synth 8-3886] merging instance 'qb_req_through/qDGt1.NTB.Wgen[1].queue_array_reg[1][83]' (FDRE) to 'qb_req_through/qDGt1.NTB.Wgen[0].queue_array_reg[0][83]'
INFO: [Synth 8-3333] propagating constant 0 across sequential element (qb_req_through/\qDGt1.NTB.Wgen[0].queue_array_reg[0][83] )
INFO: [Synth 8-3886] merging instance 'qb_req_through/qDGt1.NTB.Wgen[1].queue_array_reg[1][84]' (FDRE) to 'qb_req_through/qDGt1.NTB.Wgen[0].queue_array_reg[0][84]'
INFO: [Synth 8-3333] propagating constant 0 across sequential element (qb_req_through/\qDGt1.NTB.Wgen[0].queue_array_reg[0][84] )
INFO: [Synth 8-3886] merging instance 'qb_req_through/qDGt1.NTB.Wgen[1].queue_array_reg[1][85]' (FDRE) to 'qb_req_through/qDGt1.NTB.Wgen[0].queue_array_reg[0][85]'
INFO: [Synth 8-3333] propagating constant 0 across sequential element (qb_req_through/\qDGt1.NTB.Wgen[0].queue_array_reg[0][85] )
INFO: [Synth 8-3886] merging instance 'qb_req_through/qDGt1.NTB.Wgen[1].queue_array_reg[1][107]' (FDRE) to 'qb_req_through/qDGt1.NTB.Wgen[0].queue_array_reg[0][107]'
INFO: [Synth 8-3333] propagating constant 0 across sequential element (qb_req_through/\qDGt1.NTB.Wgen[0].queue_array_reg[0][107] )
INFO: [Synth 8-3886] merging instance 'qb_req_through/qDGt1.NTB.Wgen[1].queue_array_reg[1][108]' (FDRE) to 'qb_req_through/qDGt1.NTB.Wgen[0].queue_array_reg[0][108]'
INFO: [Synth 8-3333] propagating constant 0 across sequential element (qb_req_through/\qDGt1.NTB.Wgen[0].queue_array_reg[0][108] )
INFO: [Synth 8-3333] propagating constant 0 across sequential element (qb_req_mem/\qDGt1.NTB.wrpReg/dout_reg[0] )
INFO: [Synth 8-3333] propagating constant 0 across sequential element (qb_req_mem/\qDGt1.NTB.fe_logic/fsm_state_reg[0] )
INFO: [Synth 8-3333] propagating constant 0 across sequential element (qb_req_mem/\qDGt1.NTB.fe_logic/fsm_state_reg[1] )
INFO: [Synth 8-3333] propagating constant 0 across sequential element (qb_req_tap/\qDGt1.NTB.wrpReg/dout_reg[0] )
INFO: [Synth 8-3333] propagating constant 0 across sequential element (qb_req_tap/\qDGt1.NTB.fe_logic/fsm_state_reg[0] )
INFO: [Synth 8-3333] propagating constant 0 across sequential element (qb_req_tap/\qDGt1.NTB.fe_logic/fsm_state_reg[1] )
INFO: [Synth 8-3333] propagating constant 0 across sequential element (\acb_afb_bridge_nic/acb_afb_bridge_daemon_instance /\data_path.InportGroup_1.CORE_BUS_REQUEST_read_1/ub/NotRevisedCase.ShallowCase.bufGt0.bufPipe/qDGt1.NTB.wrpReg/dout_reg[0] )
INFO: [Common 17-14] Message 'Synth 8-3333' appears 100 times and further instances of the messages will be disabled. Use the Tcl command set_msg_config to change the current settings.
INFO: [Synth 8-3886] merging instance 'qb_req_mem/qDGt1.NTB.Wgen[1].queue_array_reg[1][0]' (FDRE) to 'qb_req_mem/qDGt1.NTB.Wgen[0].queue_array_reg[0][0]'
INFO: [Synth 8-3886] merging instance 'qb_req_mem/qDGt1.NTB.Wgen[1].queue_array_reg[1][1]' (FDRE) to 'qb_req_mem/qDGt1.NTB.Wgen[0].queue_array_reg[0][1]'
INFO: [Synth 8-3886] merging instance 'qb_req_mem/qDGt1.NTB.Wgen[1].queue_array_reg[1][2]' (FDRE) to 'qb_req_mem/qDGt1.NTB.Wgen[0].queue_array_reg[0][2]'
INFO: [Synth 8-3886] merging instance 'qb_req_mem/qDGt1.NTB.Wgen[1].queue_array_reg[1][3]' (FDRE) to 'qb_req_mem/qDGt1.NTB.Wgen[0].queue_array_reg[0][3]'
INFO: [Synth 8-3886] merging instance 'qb_req_mem/qDGt1.NTB.Wgen[1].queue_array_reg[1][4]' (FDRE) to 'qb_req_mem/qDGt1.NTB.Wgen[0].queue_array_reg[0][4]'
INFO: [Synth 8-3886] merging instance 'qb_req_mem/qDGt1.NTB.Wgen[1].queue_array_reg[1][5]' (FDRE) to 'qb_req_mem/qDGt1.NTB.Wgen[0].queue_array_reg[0][5]'
INFO: [Common 17-14] Message 'Synth 8-3886' appears 100 times and further instances of the messages will be disabled. Use the Tcl command set_msg_config to change the current settings.
WARNING: [Synth 8-3332] Sequential element (base_inst/qinst/qDGt1.NTB.wrpReg/dout_reg[2]) is unused and will be removed from module acb_fast_tap.
WARNING: [Synth 8-3332] Sequential element (base_inst/qinst/qDGt1.NTB.wrpReg/dout_reg[1]) is unused and will be removed from module acb_fast_tap.
WARNING: [Synth 8-3332] Sequential element (base_inst/qinst/qDGt1.NTB.wrpReg/dout_reg[0]) is unused and will be removed from module acb_fast_tap.
WARNING: [Synth 8-3332] Sequential element (base_inst/qinst/qDGt1.NTB.Wgen[0].queue_array_reg[0][1]) is unused and will be removed from module acb_fast_tap.
WARNING: [Synth 8-3332] Sequential element (base_inst/qinst/qDGt1.NTB.Wgen[0].queue_array_reg[0][0]) is unused and will be removed from module acb_fast_tap.
WARNING: [Synth 8-3332] Sequential element (qDGt1.NTB.rdpReg/dout_reg[0]) is unused and will be removed from module QueueBase__parameterized1.
WARNING: [Synth 8-3332] Sequential element (qDGt1.NTB.fe_logic/fsm_state_reg[1]) is unused and will be removed from module QueueBase__parameterized1.
WARNING: [Synth 8-3332] Sequential element (qDGt1.NTB.fe_logic/fsm_state_reg[0]) is unused and will be removed from module QueueBase__parameterized1.
WARNING: [Synth 8-3332] Sequential element (qDGt1.NTB.wrpReg/dout_reg[0]) is unused and will be removed from module QueueBase__parameterized1.
WARNING: [Synth 8-3332] Sequential element (qDGt1.NTB.Wgen[0].queue_array_reg[0][66]) is unused and will be removed from module QueueBase__parameterized1.
WARNING: [Synth 8-3332] Sequential element (qDGt1.NTB.Wgen[0].queue_array_reg[0][65]) is unused and will be removed from module QueueBase__parameterized1.
WARNING: [Synth 8-3332] Sequential element (qDGt1.NTB.Wgen[0].queue_array_reg[0][64]) is unused and will be removed from module QueueBase__parameterized1.
WARNING: [Synth 8-3332] Sequential element (qDGt1.NTB.Wgen[1].queue_array_reg[1][66]) is unused and will be removed from module QueueBase__parameterized1.
WARNING: [Synth 8-3332] Sequential element (qDGt1.NTB.Wgen[1].queue_array_reg[1][65]) is unused and will be removed from module QueueBase__parameterized1.
WARNING: [Synth 8-3332] Sequential element (qDGt1.NTB.Wgen[1].queue_array_reg[1][64]) is unused and will be removed from module QueueBase__parameterized1.
WARNING: [Synth 8-3332] Sequential element (qDGt1.NTB.Wgen[0].queue_array_reg[0][32]) is unused and will be removed from module QueueBase__parameterized1.
WARNING: [Synth 8-3332] Sequential element (qDGt1.NTB.Wgen[0].queue_array_reg[0][0]) is unused and will be removed from module QueueBase__parameterized1.
WARNING: [Synth 8-3332] Sequential element (qDGt1.NTB.Wgen[0].queue_array_reg[0][33]) is unused and will be removed from module QueueBase__parameterized1.
WARNING: [Synth 8-3332] Sequential element (qDGt1.NTB.Wgen[0].queue_array_reg[0][1]) is unused and will be removed from module QueueBase__parameterized1.
WARNING: [Synth 8-3332] Sequential element (qDGt1.NTB.Wgen[0].queue_array_reg[0][34]) is unused and will be removed from module QueueBase__parameterized1.
WARNING: [Synth 8-3332] Sequential element (qDGt1.NTB.Wgen[0].queue_array_reg[0][2]) is unused and will be removed from module QueueBase__parameterized1.
WARNING: [Synth 8-3332] Sequential element (qDGt1.NTB.Wgen[0].queue_array_reg[0][35]) is unused and will be removed from module QueueBase__parameterized1.
WARNING: [Synth 8-3332] Sequential element (qDGt1.NTB.Wgen[0].queue_array_reg[0][3]) is unused and will be removed from module QueueBase__parameterized1.
WARNING: [Synth 8-3332] Sequential element (qDGt1.NTB.Wgen[0].queue_array_reg[0][36]) is unused and will be removed from module QueueBase__parameterized1.
WARNING: [Synth 8-3332] Sequential element (qDGt1.NTB.Wgen[0].queue_array_reg[0][4]) is unused and will be removed from module QueueBase__parameterized1.
WARNING: [Synth 8-3332] Sequential element (qDGt1.NTB.Wgen[0].queue_array_reg[0][37]) is unused and will be removed from module QueueBase__parameterized1.
WARNING: [Synth 8-3332] Sequential element (qDGt1.NTB.Wgen[0].queue_array_reg[0][5]) is unused and will be removed from module QueueBase__parameterized1.
WARNING: [Synth 8-3332] Sequential element (qDGt1.NTB.Wgen[0].queue_array_reg[0][38]) is unused and will be removed from module QueueBase__parameterized1.
WARNING: [Synth 8-3332] Sequential element (qDGt1.NTB.Wgen[0].queue_array_reg[0][6]) is unused and will be removed from module QueueBase__parameterized1.
WARNING: [Synth 8-3332] Sequential element (qDGt1.NTB.Wgen[0].queue_array_reg[0][39]) is unused and will be removed from module QueueBase__parameterized1.
WARNING: [Synth 8-3332] Sequential element (qDGt1.NTB.Wgen[0].queue_array_reg[0][7]) is unused and will be removed from module QueueBase__parameterized1.
WARNING: [Synth 8-3332] Sequential element (qDGt1.NTB.Wgen[0].queue_array_reg[0][40]) is unused and will be removed from module QueueBase__parameterized1.
WARNING: [Synth 8-3332] Sequential element (qDGt1.NTB.Wgen[0].queue_array_reg[0][8]) is unused and will be removed from module QueueBase__parameterized1.
WARNING: [Synth 8-3332] Sequential element (qDGt1.NTB.Wgen[0].queue_array_reg[0][41]) is unused and will be removed from module QueueBase__parameterized1.
WARNING: [Synth 8-3332] Sequential element (qDGt1.NTB.Wgen[0].queue_array_reg[0][9]) is unused and will be removed from module QueueBase__parameterized1.
WARNING: [Synth 8-3332] Sequential element (qDGt1.NTB.Wgen[0].queue_array_reg[0][42]) is unused and will be removed from module QueueBase__parameterized1.
WARNING: [Synth 8-3332] Sequential element (qDGt1.NTB.Wgen[0].queue_array_reg[0][10]) is unused and will be removed from module QueueBase__parameterized1.
WARNING: [Synth 8-3332] Sequential element (qDGt1.NTB.Wgen[0].queue_array_reg[0][43]) is unused and will be removed from module QueueBase__parameterized1.
WARNING: [Synth 8-3332] Sequential element (qDGt1.NTB.Wgen[0].queue_array_reg[0][11]) is unused and will be removed from module QueueBase__parameterized1.
WARNING: [Synth 8-3332] Sequential element (qDGt1.NTB.Wgen[0].queue_array_reg[0][44]) is unused and will be removed from module QueueBase__parameterized1.
WARNING: [Synth 8-3332] Sequential element (qDGt1.NTB.Wgen[0].queue_array_reg[0][12]) is unused and will be removed from module QueueBase__parameterized1.
WARNING: [Synth 8-3332] Sequential element (qDGt1.NTB.Wgen[0].queue_array_reg[0][45]) is unused and will be removed from module QueueBase__parameterized1.
WARNING: [Synth 8-3332] Sequential element (qDGt1.NTB.Wgen[0].queue_array_reg[0][13]) is unused and will be removed from module QueueBase__parameterized1.
WARNING: [Synth 8-3332] Sequential element (qDGt1.NTB.Wgen[0].queue_array_reg[0][46]) is unused and will be removed from module QueueBase__parameterized1.
WARNING: [Synth 8-3332] Sequential element (qDGt1.NTB.Wgen[0].queue_array_reg[0][14]) is unused and will be removed from module QueueBase__parameterized1.
WARNING: [Synth 8-3332] Sequential element (qDGt1.NTB.Wgen[0].queue_array_reg[0][47]) is unused and will be removed from module QueueBase__parameterized1.
WARNING: [Synth 8-3332] Sequential element (qDGt1.NTB.Wgen[0].queue_array_reg[0][15]) is unused and will be removed from module QueueBase__parameterized1.
WARNING: [Synth 8-3332] Sequential element (qDGt1.NTB.Wgen[0].queue_array_reg[0][48]) is unused and will be removed from module QueueBase__parameterized1.
WARNING: [Synth 8-3332] Sequential element (qDGt1.NTB.Wgen[0].queue_array_reg[0][16]) is unused and will be removed from module QueueBase__parameterized1.
WARNING: [Synth 8-3332] Sequential element (qDGt1.NTB.Wgen[0].queue_array_reg[0][49]) is unused and will be removed from module QueueBase__parameterized1.
WARNING: [Synth 8-3332] Sequential element (qDGt1.NTB.Wgen[0].queue_array_reg[0][17]) is unused and will be removed from module QueueBase__parameterized1.
WARNING: [Synth 8-3332] Sequential element (qDGt1.NTB.Wgen[0].queue_array_reg[0][50]) is unused and will be removed from module QueueBase__parameterized1.
WARNING: [Synth 8-3332] Sequential element (qDGt1.NTB.Wgen[0].queue_array_reg[0][18]) is unused and will be removed from module QueueBase__parameterized1.
WARNING: [Synth 8-3332] Sequential element (qDGt1.NTB.Wgen[0].queue_array_reg[0][51]) is unused and will be removed from module QueueBase__parameterized1.
WARNING: [Synth 8-3332] Sequential element (qDGt1.NTB.Wgen[0].queue_array_reg[0][19]) is unused and will be removed from module QueueBase__parameterized1.
WARNING: [Synth 8-3332] Sequential element (qDGt1.NTB.Wgen[0].queue_array_reg[0][52]) is unused and will be removed from module QueueBase__parameterized1.
WARNING: [Synth 8-3332] Sequential element (qDGt1.NTB.Wgen[0].queue_array_reg[0][20]) is unused and will be removed from module QueueBase__parameterized1.
WARNING: [Synth 8-3332] Sequential element (qDGt1.NTB.Wgen[0].queue_array_reg[0][53]) is unused and will be removed from module QueueBase__parameterized1.
WARNING: [Synth 8-3332] Sequential element (qDGt1.NTB.Wgen[0].queue_array_reg[0][21]) is unused and will be removed from module QueueBase__parameterized1.
WARNING: [Synth 8-3332] Sequential element (qDGt1.NTB.Wgen[0].queue_array_reg[0][54]) is unused and will be removed from module QueueBase__parameterized1.
WARNING: [Synth 8-3332] Sequential element (qDGt1.NTB.Wgen[0].queue_array_reg[0][22]) is unused and will be removed from module QueueBase__parameterized1.
WARNING: [Synth 8-3332] Sequential element (qDGt1.NTB.Wgen[0].queue_array_reg[0][55]) is unused and will be removed from module QueueBase__parameterized1.
WARNING: [Synth 8-3332] Sequential element (qDGt1.NTB.Wgen[0].queue_array_reg[0][23]) is unused and will be removed from module QueueBase__parameterized1.
WARNING: [Synth 8-3332] Sequential element (qDGt1.NTB.Wgen[0].queue_array_reg[0][56]) is unused and will be removed from module QueueBase__parameterized1.
WARNING: [Synth 8-3332] Sequential element (qDGt1.NTB.Wgen[0].queue_array_reg[0][24]) is unused and will be removed from module QueueBase__parameterized1.
WARNING: [Synth 8-3332] Sequential element (qDGt1.NTB.Wgen[0].queue_array_reg[0][57]) is unused and will be removed from module QueueBase__parameterized1.
WARNING: [Synth 8-3332] Sequential element (qDGt1.NTB.Wgen[0].queue_array_reg[0][25]) is unused and will be removed from module QueueBase__parameterized1.
WARNING: [Synth 8-3332] Sequential element (qDGt1.NTB.Wgen[0].queue_array_reg[0][58]) is unused and will be removed from module QueueBase__parameterized1.
WARNING: [Synth 8-3332] Sequential element (qDGt1.NTB.Wgen[0].queue_array_reg[0][26]) is unused and will be removed from module QueueBase__parameterized1.
WARNING: [Synth 8-3332] Sequential element (qDGt1.NTB.Wgen[0].queue_array_reg[0][59]) is unused and will be removed from module QueueBase__parameterized1.
WARNING: [Synth 8-3332] Sequential element (qDGt1.NTB.Wgen[0].queue_array_reg[0][27]) is unused and will be removed from module QueueBase__parameterized1.
WARNING: [Synth 8-3332] Sequential element (qDGt1.NTB.Wgen[0].queue_array_reg[0][60]) is unused and will be removed from module QueueBase__parameterized1.
WARNING: [Synth 8-3332] Sequential element (qDGt1.NTB.Wgen[0].queue_array_reg[0][28]) is unused and will be removed from module QueueBase__parameterized1.
WARNING: [Synth 8-3332] Sequential element (qDGt1.NTB.Wgen[0].queue_array_reg[0][61]) is unused and will be removed from module QueueBase__parameterized1.
WARNING: [Synth 8-3332] Sequential element (qDGt1.NTB.Wgen[0].queue_array_reg[0][29]) is unused and will be removed from module QueueBase__parameterized1.
WARNING: [Synth 8-3332] Sequential element (qDGt1.NTB.Wgen[0].queue_array_reg[0][62]) is unused and will be removed from module QueueBase__parameterized1.
WARNING: [Synth 8-3332] Sequential element (qDGt1.NTB.Wgen[0].queue_array_reg[0][30]) is unused and will be removed from module QueueBase__parameterized1.
WARNING: [Synth 8-3332] Sequential element (qDGt1.NTB.Wgen[0].queue_array_reg[0][63]) is unused and will be removed from module QueueBase__parameterized1.
WARNING: [Synth 8-3332] Sequential element (qDGt1.NTB.Wgen[0].queue_array_reg[0][31]) is unused and will be removed from module QueueBase__parameterized1.
WARNING: [Synth 8-3332] Sequential element (qDGt1.NTB.Wgen[0].queue_array_reg[0][67]) is unused and will be removed from module QueueBase__parameterized1.
WARNING: [Synth 8-3332] Sequential element (qDGt1.NTB.Wgen[0].queue_array_reg[0][68]) is unused and will be removed from module QueueBase__parameterized1.
WARNING: [Synth 8-3332] Sequential element (qDGt1.NTB.Wgen[0].queue_array_reg[0][69]) is unused and will be removed from module QueueBase__parameterized1.
WARNING: [Synth 8-3332] Sequential element (qDGt1.NTB.Wgen[0].queue_array_reg[0][70]) is unused and will be removed from module QueueBase__parameterized1.
WARNING: [Synth 8-3332] Sequential element (qDGt1.NTB.Wgen[0].queue_array_reg[0][71]) is unused and will be removed from module QueueBase__parameterized1.
WARNING: [Synth 8-3332] Sequential element (qDGt1.NTB.Wgen[0].queue_array_reg[0][72]) is unused and will be removed from module QueueBase__parameterized1.
WARNING: [Synth 8-3332] Sequential element (qDGt1.NTB.Wgen[0].queue_array_reg[0][73]) is unused and will be removed from module QueueBase__parameterized1.
WARNING: [Synth 8-3332] Sequential element (qDGt1.NTB.Wgen[0].queue_array_reg[0][74]) is unused and will be removed from module QueueBase__parameterized1.
WARNING: [Synth 8-3332] Sequential element (qDGt1.NTB.Wgen[0].queue_array_reg[0][75]) is unused and will be removed from module QueueBase__parameterized1.
WARNING: [Synth 8-3332] Sequential element (qDGt1.NTB.Wgen[0].queue_array_reg[0][76]) is unused and will be removed from module QueueBase__parameterized1.
WARNING: [Synth 8-3332] Sequential element (qDGt1.NTB.Wgen[0].queue_array_reg[0][77]) is unused and will be removed from module QueueBase__parameterized1.
WARNING: [Synth 8-3332] Sequential element (qDGt1.NTB.Wgen[0].queue_array_reg[0][78]) is unused and will be removed from module QueueBase__parameterized1.
WARNING: [Synth 8-3332] Sequential element (qDGt1.NTB.Wgen[0].queue_array_reg[0][79]) is unused and will be removed from module QueueBase__parameterized1.
WARNING: [Synth 8-3332] Sequential element (qDGt1.NTB.Wgen[0].queue_array_reg[0][80]) is unused and will be removed from module QueueBase__parameterized1.
WARNING: [Synth 8-3332] Sequential element (qDGt1.NTB.Wgen[0].queue_array_reg[0][81]) is unused and will be removed from module QueueBase__parameterized1.
WARNING: [Synth 8-3332] Sequential element (qDGt1.NTB.Wgen[0].queue_array_reg[0][82]) is unused and will be removed from module QueueBase__parameterized1.
WARNING: [Synth 8-3332] Sequential element (qDGt1.NTB.Wgen[0].queue_array_reg[0][83]) is unused and will be removed from module QueueBase__parameterized1.
INFO: [Common 17-14] Message 'Synth 8-3332' appears 100 times and further instances of the messages will be disabled. Use the Tcl command set_msg_config to change the current settings.
