xilinx rtfpga
INFO: [Synth 8-4471] merging register 'writePayloadToMem_instance/out_buffer_write_req_symbol_join.gj_out_buffer_write_req_symbol_join/placegen[2].placeBlock.dly/UnitDelay.ack_reg' into 'writePayloadToMem_instance/in_buffer_unload_req_symbol_join.gj_in_buffer_unload_req_symbol_join/placegen[2].placeBlock.dly/UnitDelay.ack_reg' [/home/harshad/Project/git/IITB_AI_ML/ahir_release/vhdl/ahir.vhdl:13367]
WARNING: [Synth 8-6014] Unused sequential element writePayloadToMem_instance/out_buffer_write_req_symbol_join.gj_out_buffer_write_req_symbol_join/placegen[2].placeBlock.dly/UnitDelay.ack_reg was removed.  [/home/harshad/Project/git/IITB_AI_ML/ahir_release/vhdl/ahir.vhdl:13367]
WARNING: [Synth 8-6014] Unused sequential element writePayloadToMem_instance/data_path.accessMemory_call_group_0.CallComplete/bufGen[0].BufBlock.ub/NotRevisedCase.ShallowCase.ulReg/noBypass.read_data_reg was removed.  [/home/harshad/Project/git/IITB_AI_ML/ahir_release/vhdl/ahir.vhdl:30118]
INFO: [Synth 8-5546] ROM "writePayloadToMem_instance/result" won't be mapped to RAM because it is too sparse
INFO: [Synth 8-5545] ROM "writePayloadToMem_instance/result" won't be mapped to RAM because address size (64) is larger than maximum supported(25)
WARNING: [Synth 8-6014] Unused sequential element writePayloadToMem_instance/writePayloadToMem_CP_851.writePayloadToMem_do_while_stmt_596_terminator_976/available_iterations_reg was removed.  [/home/harshad/Project/git/IITB_AI_ML/ahir_release/vhdl/ahir.vhdl:14083]
WARNING: [Synth 8-6014] Unused sequential element writePayloadToMem_instance/writePayloadToMem_CP_851.writePayloadToMem_cp_element_group_10.gj_writePayloadToMem_cp_element_group_10/placegen[1].placeBlock.pI/CapGtOne.token_latch_reg was removed.  [/home/harshad/Project/git/IITB_AI_ML/ahir_release/vhdl/ahir.vhdl:14858]
WARNING: [Synth 8-6014] Unused sequential element writePayloadToMem_instance/writePayloadToMem_CP_851.writePayloadToMem_cp_element_group_10.gj_writePayloadToMem_cp_element_group_10/placegen[2].placeBlock.pI/CapGtOne.token_latch_reg was removed.  [/home/harshad/Project/git/IITB_AI_ML/ahir_release/vhdl/ahir.vhdl:14858]
WARNING: [Synth 8-6014] Unused sequential element writePayloadToMem_instance/writePayloadToMem_CP_851.writePayloadToMem_cp_element_group_11.gj_writePayloadToMem_cp_element_group_11/placegen[1].placeBlock.pI/CapGtOne.token_latch_reg was removed.  [/home/harshad/Project/git/IITB_AI_ML/ahir_release/vhdl/ahir.vhdl:14858]
WARNING: [Synth 8-6014] Unused sequential element writePayloadToMem_instance/writePayloadToMem_CP_851.writePayloadToMem_cp_element_group_12.gj_writePayloadToMem_cp_element_group_12/placegen[1].placeBlock.pI/CapGtOne.token_latch_reg was removed.  [/home/harshad/Project/git/IITB_AI_ML/ahir_release/vhdl/ahir.vhdl:14858]
WARNING: [Synth 8-6014] Unused sequential element writePayloadToMem_instance/writePayloadToMem_CP_851.writePayloadToMem_cp_element_group_14.gj_writePayloadToMem_cp_element_group_14/placegen[1].placeBlock.pI/CapGtOne.token_latch_reg was removed.  [/home/harshad/Project/git/IITB_AI_ML/ahir_release/vhdl/ahir.vhdl:14858]
WARNING: [Synth 8-6014] Unused sequential element writePayloadToMem_instance/writePayloadToMem_CP_851.writePayloadToMem_cp_element_group_15.gj_writePayloadToMem_cp_element_group_15/placegen[1].placeBlock.pI/CapGtOne.token_latch_reg was removed.  [/home/harshad/Project/git/IITB_AI_ML/ahir_release/vhdl/ahir.vhdl:14858]
WARNING: [Synth 8-6014] Unused sequential element writePayloadToMem_instance/writePayloadToMem_CP_851.writePayloadToMem_cp_element_group_16.gj_writePayloadToMem_cp_element_group_16/placegen[1].placeBlock.pI/CapGtOne.token_latch_reg was removed.  [/home/harshad/Project/git/IITB_AI_ML/ahir_release/vhdl/ahir.vhdl:14858]
WARNING: [Synth 8-6014] Unused sequential element writePayloadToMem_instance/writePayloadToMem_CP_851.writePayloadToMem_cp_element_group_26.gj_writePayloadToMem_cp_element_group_26/placegen[1].placeBlock.pI/CapGtOne.token_latch_reg was removed.  [/home/harshad/Project/git/IITB_AI_ML/ahir_release/vhdl/ahir.vhdl:14858]
WARNING: [Synth 8-6014] Unused sequential element writePayloadToMem_instance/writePayloadToMem_CP_851.writePayloadToMem_cp_element_group_27.gj_writePayloadToMem_cp_element_group_27/placegen[1].placeBlock.pI/CapGtOne.token_latch_reg was removed.  [/home/harshad/Project/git/IITB_AI_ML/ahir_release/vhdl/ahir.vhdl:14858]
WARNING: [Synth 8-6014] Unused sequential element writePayloadToMem_instance/writePayloadToMem_CP_851.writePayloadToMem_cp_element_group_32.gj_writePayloadToMem_cp_element_group_32/placegen[1].placeBlock.pI/CapGtOne.token_latch_reg was removed.  [/home/harshad/Project/git/IITB_AI_ML/ahir_release/vhdl/ahir.vhdl:14858]
WARNING: [Synth 8-6014] Unused sequential element writePayloadToMem_instance/writePayloadToMem_CP_851.writePayloadToMem_cp_element_group_33.gj_writePayloadToMem_cp_element_group_33/placegen[1].placeBlock.pI/CapGtOne.token_latch_reg was removed.  [/home/harshad/Project/git/IITB_AI_ML/ahir_release/vhdl/ahir.vhdl:14858]
WARNING: [Synth 8-6014] Unused sequential element writePayloadToMem_instance/writePayloadToMem_CP_851.writePayloadToMem_cp_element_group_36.gj_writePayloadToMem_cp_element_group_36/placegen[1].placeBlock.pI/CapGtOne.token_latch_reg was removed.  [/home/harshad/Project/git/IITB_AI_ML/ahir_release/vhdl/ahir.vhdl:14858]
WARNING: [Synth 8-6014] Unused sequential element writePayloadToMem_instance/writePayloadToMem_CP_851.writePayloadToMem_cp_element_group_41.gj_writePayloadToMem_cp_element_group_41/placegen[1].placeBlock.pI/CapGtOne.token_latch_reg was removed.  [/home/harshad/Project/git/IITB_AI_ML/ahir_release/vhdl/ahir.vhdl:14858]
WARNING: [Synth 8-6014] Unused sequential element writePayloadToMem_instance/writePayloadToMem_CP_851.writePayloadToMem_cp_element_group_46.gj_writePayloadToMem_cp_element_group_46/placegen[1].placeBlock.pI/CapGtOne.token_latch_reg was removed.  [/home/harshad/Project/git/IITB_AI_ML/ahir_release/vhdl/ahir.vhdl:14858]
WARNING: [Synth 8-6014] Unused sequential element writePayloadToMem_instance/writePayloadToMem_CP_851.writePayloadToMem_cp_element_group_46.gj_writePayloadToMem_cp_element_group_46/placegen[2].placeBlock.pI/CapGtOne.token_latch_reg was removed.  [/home/harshad/Project/git/IITB_AI_ML/ahir_release/vhdl/ahir.vhdl:14858]
WARNING: [Synth 8-6014] Unused sequential element writePayloadToMem_instance/writePayloadToMem_CP_851.phi_stmt_598_phi_seq_934_block.phi_stmt_598_phi_seq_934/trigForkSample/inTransPlaceBlock.pI/CapGtOne.token_latch_reg was removed.  [/home/harshad/Project/git/IITB_AI_ML/ahir_release/vhdl/ahir.vhdl:14858]
WARNING: [Synth 8-6014] Unused sequential element writePayloadToMem_instance/writePayloadToMem_CP_851.phi_stmt_598_phi_seq_934_block.phi_stmt_598_phi_seq_934/trigForkSample/TrigPlaces[0].placeBlock.pI/CapGtOne.token_latch_reg was removed.  [/home/harshad/Project/git/IITB_AI_ML/ahir_release/vhdl/ahir.vhdl:14858]
WARNING: [Synth 8-6014] Unused sequential element writePayloadToMem_instance/writePayloadToMem_CP_851.phi_stmt_598_phi_seq_934_block.phi_stmt_598_phi_seq_934/trigForkSample/TrigPlaces[1].placeBlock.pI/CapGtOne.token_latch_reg was removed.  [/home/harshad/Project/git/IITB_AI_ML/ahir_release/vhdl/ahir.vhdl:14858]
WARNING: [Synth 8-6014] Unused sequential element writePayloadToMem_instance/writePayloadToMem_CP_851.phi_stmt_598_phi_seq_934_block.phi_stmt_598_phi_seq_934/trigForkUpdate/inTransPlaceBlock.pI/CapGtOne.token_latch_reg was removed.  [/home/harshad/Project/git/IITB_AI_ML/ahir_release/vhdl/ahir.vhdl:14858]
WARNING: [Synth 8-6014] Unused sequential element writePayloadToMem_instance/writePayloadToMem_CP_851.phi_stmt_598_phi_seq_934_block.phi_stmt_598_phi_seq_934/trigForkUpdate/TrigPlaces[0].placeBlock.pI/CapGtOne.token_latch_reg was removed.  [/home/harshad/Project/git/IITB_AI_ML/ahir_release/vhdl/ahir.vhdl:14858]
WARNING: [Synth 8-6014] Unused sequential element writePayloadToMem_instance/writePayloadToMem_CP_851.phi_stmt_598_phi_seq_934_block.phi_stmt_598_phi_seq_934/trigForkUpdate/TrigPlaces[1].placeBlock.pI/CapGtOne.token_latch_reg was removed.  [/home/harshad/Project/git/IITB_AI_ML/ahir_release/vhdl/ahir.vhdl:14858]
WARNING: [Synth 8-6014] Unused sequential element nic_rx_to_packet_Pipe/DeepFifo.notShiftReg.queue/queue_size_reg was removed.  [/home/harshad/Project/git/IITB_AI_ML/ahir_release/vhdl/ahir.vhdl:20751]
WARNING: [Synth 8-6014] Unused sequential element nic_rx_to_packet_Pipe/DeepFifo.notShiftReg.queue/write_pointer_reg was removed.  [/home/harshad/Project/git/IITB_AI_ML/ahir_release/vhdl/ahir.vhdl:20742]
WARNING: [Synth 8-6014] Unused sequential element nic_rx_to_packet_Pipe/DeepFifo.notShiftReg.queue/read_pointer_reg was removed.  [/home/harshad/Project/git/IITB_AI_ML/ahir_release/vhdl/ahir.vhdl:20741]
WARNING: [Synth 8-3917] design ahir_system__GB2 has port accessMemory_call_tag[1] driven by constant 0
WARNING: [Synth 8-3917] design ahir_system__GB2 has port accessMemory_call_tag[0] driven by constant 0
WARNING: [Synth 8-3331] design base_bank_dual_port_for_xst__parameterized13 has unconnected port reset
INFO: [Synth 8-3886] merging instance 'writePayloadToMem_instance/data_path.accessMemory_call_group_0.CallReq/RxGen[0].rxBuf/FRR.bufRptr/data_reg_reg[108]' (FDE) to 'writePayloadToMem_instance/data_path.accessMemory_call_group_0.CallReq/RxGen[0].rxBuf/FRR.bufRptr/data_reg_reg[109]'
INFO: [Synth 8-3333] propagating constant 0 across sequential element (\writePayloadToMem_instance/data_path.accessMemory_call_group_0.CallReq/RxGen[0].rxBuf/FRR.bufRptr/data_reg_reg[109] )
WARNING: [Synth 8-3332] Sequential element (addr_reg_0_reg[3]) is unused and will be removed from module base_bank_dual_port_for_xst__parameterized13.
WARNING: [Synth 8-3332] Sequential element (addr_reg_0_reg[2]) is unused and will be removed from module base_bank_dual_port_for_xst__parameterized13.
WARNING: [Synth 8-3332] Sequential element (addr_reg_0_reg[1]) is unused and will be removed from module base_bank_dual_port_for_xst__parameterized13.
WARNING: [Synth 8-3332] Sequential element (addr_reg_0_reg[0]) is unused and will be removed from module base_bank_dual_port_for_xst__parameterized13.
INFO: [Synth 8-3886] merging instance 'writePayloadToMem_instance/tag_ilock_write_req_symbol_join.gj_tag_ilock_write_req_symbol_join/placegen[2].placeBlock.dly/UnitDelay.ack_reg' (FDR) to 'writePayloadToMem_instance/tagIlock/NoFlowThrough.interlockBuf.buf/NotRevisedCase.ShallowCase.ulReg/noBypass.unload_ack_reg'
