xilinx rtfpga
WARNING: [Synth 8-6014] Unused sequential element available_iterations_reg was removed.  [/home/harshad/Project/git/IITB_AI_ML/ahir_release/vhdl/ahir.vhdl:14083]
WARNING: [Synth 8-6014] Unused sequential element placegen[1].placeBlock.pI/CapGtOne.token_latch_reg was removed.  [/home/harshad/Project/git/IITB_AI_ML/ahir_release/vhdl/ahir.vhdl:14858]
WARNING: [Synth 8-6014] Unused sequential element placegen[2].placeBlock.pI/CapGtOne.token_latch_reg was removed.  [/home/harshad/Project/git/IITB_AI_ML/ahir_release/vhdl/ahir.vhdl:14858]
WARNING: [Synth 8-6014] Unused sequential element placegen[3].placeBlock.pI/CapGtOne.token_latch_reg was removed.  [/home/harshad/Project/git/IITB_AI_ML/ahir_release/vhdl/ahir.vhdl:14858]
WARNING: [Synth 8-6014] Unused sequential element placegen[4].placeBlock.pI/CapGtOne.token_latch_reg was removed.  [/home/harshad/Project/git/IITB_AI_ML/ahir_release/vhdl/ahir.vhdl:14858]
WARNING: [Synth 8-6014] Unused sequential element placegen[1].placeBlock.pI/CapGtOne.token_latch_reg was removed.  [/home/harshad/Project/git/IITB_AI_ML/ahir_release/vhdl/ahir.vhdl:14858]
WARNING: [Synth 8-6014] Unused sequential element placegen[2].placeBlock.pI/CapGtOne.token_latch_reg was removed.  [/home/harshad/Project/git/IITB_AI_ML/ahir_release/vhdl/ahir.vhdl:14858]
WARNING: [Synth 8-6014] Unused sequential element placegen[3].placeBlock.pI/CapGtOne.token_latch_reg was removed.  [/home/harshad/Project/git/IITB_AI_ML/ahir_release/vhdl/ahir.vhdl:14858]
WARNING: [Synth 8-6014] Unused sequential element placegen[4].placeBlock.pI/CapGtOne.token_latch_reg was removed.  [/home/harshad/Project/git/IITB_AI_ML/ahir_release/vhdl/ahir.vhdl:14858]
WARNING: [Synth 8-6014] Unused sequential element placegen[1].placeBlock.pI/CapGtOne.token_latch_reg was removed.  [/home/harshad/Project/git/IITB_AI_ML/ahir_release/vhdl/ahir.vhdl:14858]
WARNING: [Synth 8-6014] Unused sequential element placegen[2].placeBlock.pI/CapGtOne.token_latch_reg was removed.  [/home/harshad/Project/git/IITB_AI_ML/ahir_release/vhdl/ahir.vhdl:14858]
WARNING: [Synth 8-6014] Unused sequential element placegen[3].placeBlock.pI/CapGtOne.token_latch_reg was removed.  [/home/harshad/Project/git/IITB_AI_ML/ahir_release/vhdl/ahir.vhdl:14858]
WARNING: [Synth 8-6014] Unused sequential element placegen[4].placeBlock.pI/CapGtOne.token_latch_reg was removed.  [/home/harshad/Project/git/IITB_AI_ML/ahir_release/vhdl/ahir.vhdl:14858]
WARNING: [Synth 8-6014] Unused sequential element placegen[1].placeBlock.pI/CapGtOne.token_latch_reg was removed.  [/home/harshad/Project/git/IITB_AI_ML/ahir_release/vhdl/ahir.vhdl:14858]
WARNING: [Synth 8-6014] Unused sequential element placegen[2].placeBlock.pI/CapGtOne.token_latch_reg was removed.  [/home/harshad/Project/git/IITB_AI_ML/ahir_release/vhdl/ahir.vhdl:14858]
WARNING: [Synth 8-6014] Unused sequential element placegen[3].placeBlock.pI/CapGtOne.token_latch_reg was removed.  [/home/harshad/Project/git/IITB_AI_ML/ahir_release/vhdl/ahir.vhdl:14858]
WARNING: [Synth 8-6014] Unused sequential element placegen[4].placeBlock.pI/CapGtOne.token_latch_reg was removed.  [/home/harshad/Project/git/IITB_AI_ML/ahir_release/vhdl/ahir.vhdl:14858]
WARNING: [Synth 8-6014] Unused sequential element placegen[1].placeBlock.pI/CapGtOne.token_latch_reg was removed.  [/home/harshad/Project/git/IITB_AI_ML/ahir_release/vhdl/ahir.vhdl:14858]
WARNING: [Synth 8-6014] Unused sequential element placegen[1].placeBlock.pI/CapGtOne.token_latch_reg was removed.  [/home/harshad/Project/git/IITB_AI_ML/ahir_release/vhdl/ahir.vhdl:14858]
WARNING: [Synth 8-6014] Unused sequential element placegen[1].placeBlock.pI/CapGtOne.token_latch_reg was removed.  [/home/harshad/Project/git/IITB_AI_ML/ahir_release/vhdl/ahir.vhdl:14858]
WARNING: [Synth 8-6014] Unused sequential element placegen[1].placeBlock.pI/CapGtOne.token_latch_reg was removed.  [/home/harshad/Project/git/IITB_AI_ML/ahir_release/vhdl/ahir.vhdl:14858]
WARNING: [Synth 8-6014] Unused sequential element placegen[1].placeBlock.pI/CapGtOne.token_latch_reg was removed.  [/home/harshad/Project/git/IITB_AI_ML/ahir_release/vhdl/ahir.vhdl:14858]
WARNING: [Synth 8-6014] Unused sequential element placegen[1].placeBlock.pI/CapGtOne.token_latch_reg was removed.  [/home/harshad/Project/git/IITB_AI_ML/ahir_release/vhdl/ahir.vhdl:14858]
WARNING: [Synth 8-6014] Unused sequential element placegen[1].placeBlock.pI/CapGtOne.token_latch_reg was removed.  [/home/harshad/Project/git/IITB_AI_ML/ahir_release/vhdl/ahir.vhdl:14858]
WARNING: [Synth 8-6014] Unused sequential element placegen[1].placeBlock.pI/CapGtOne.token_latch_reg was removed.  [/home/harshad/Project/git/IITB_AI_ML/ahir_release/vhdl/ahir.vhdl:14858]
WARNING: [Synth 8-6014] Unused sequential element placegen[1].placeBlock.pI/CapGtOne.token_latch_reg was removed.  [/home/harshad/Project/git/IITB_AI_ML/ahir_release/vhdl/ahir.vhdl:14858]
WARNING: [Synth 8-6014] Unused sequential element placegen[2].placeBlock.pI/CapGtOne.token_latch_reg was removed.  [/home/harshad/Project/git/IITB_AI_ML/ahir_release/vhdl/ahir.vhdl:14858]
WARNING: [Synth 8-6014] Unused sequential element placegen[3].placeBlock.pI/CapGtOne.token_latch_reg was removed.  [/home/harshad/Project/git/IITB_AI_ML/ahir_release/vhdl/ahir.vhdl:14858]
WARNING: [Synth 8-6014] Unused sequential element placegen[1].placeBlock.pI/CapGtOne.token_latch_reg was removed.  [/home/harshad/Project/git/IITB_AI_ML/ahir_release/vhdl/ahir.vhdl:14858]
WARNING: [Synth 8-6014] Unused sequential element placegen[2].placeBlock.pI/CapGtOne.token_latch_reg was removed.  [/home/harshad/Project/git/IITB_AI_ML/ahir_release/vhdl/ahir.vhdl:14858]
WARNING: [Synth 8-6014] Unused sequential element placegen[1].placeBlock.pI/CapGtOne.token_latch_reg was removed.  [/home/harshad/Project/git/IITB_AI_ML/ahir_release/vhdl/ahir.vhdl:14858]
WARNING: [Synth 8-6014] Unused sequential element placegen[2].placeBlock.pI/CapGtOne.token_latch_reg was removed.  [/home/harshad/Project/git/IITB_AI_ML/ahir_release/vhdl/ahir.vhdl:14858]
WARNING: [Synth 8-6014] Unused sequential element placegen[3].placeBlock.pI/CapGtOne.token_latch_reg was removed.  [/home/harshad/Project/git/IITB_AI_ML/ahir_release/vhdl/ahir.vhdl:14858]
WARNING: [Synth 8-6014] Unused sequential element placegen[1].placeBlock.pI/CapGtOne.token_latch_reg was removed.  [/home/harshad/Project/git/IITB_AI_ML/ahir_release/vhdl/ahir.vhdl:14858]
WARNING: [Synth 8-6014] Unused sequential element placegen[2].placeBlock.pI/CapGtOne.token_latch_reg was removed.  [/home/harshad/Project/git/IITB_AI_ML/ahir_release/vhdl/ahir.vhdl:14858]
WARNING: [Synth 8-6014] Unused sequential element placegen[1].placeBlock.pI/CapGtOne.token_latch_reg was removed.  [/home/harshad/Project/git/IITB_AI_ML/ahir_release/vhdl/ahir.vhdl:14858]
WARNING: [Synth 8-6014] Unused sequential element placegen[2].placeBlock.pI/CapGtOne.token_latch_reg was removed.  [/home/harshad/Project/git/IITB_AI_ML/ahir_release/vhdl/ahir.vhdl:14858]
WARNING: [Synth 8-6014] Unused sequential element placegen[3].placeBlock.pI/CapGtOne.token_latch_reg was removed.  [/home/harshad/Project/git/IITB_AI_ML/ahir_release/vhdl/ahir.vhdl:14858]
WARNING: [Synth 8-6014] Unused sequential element placegen[1].placeBlock.pI/CapGtOne.token_latch_reg was removed.  [/home/harshad/Project/git/IITB_AI_ML/ahir_release/vhdl/ahir.vhdl:14858]
WARNING: [Synth 8-6014] Unused sequential element placegen[3].placeBlock.pI/CapGtOne.token_latch_reg was removed.  [/home/harshad/Project/git/IITB_AI_ML/ahir_release/vhdl/ahir.vhdl:14858]
WARNING: [Synth 8-6014] Unused sequential element placegen[1].placeBlock.pI/CapGtOne.token_latch_reg was removed.  [/home/harshad/Project/git/IITB_AI_ML/ahir_release/vhdl/ahir.vhdl:14858]
WARNING: [Synth 8-6014] Unused sequential element placegen[2].placeBlock.pI/CapGtOne.token_latch_reg was removed.  [/home/harshad/Project/git/IITB_AI_ML/ahir_release/vhdl/ahir.vhdl:14858]
WARNING: [Synth 8-6014] Unused sequential element placegen[3].placeBlock.pI/CapGtOne.token_latch_reg was removed.  [/home/harshad/Project/git/IITB_AI_ML/ahir_release/vhdl/ahir.vhdl:14858]
WARNING: [Synth 8-6014] Unused sequential element placegen[4].placeBlock.pI/CapGtOne.token_latch_reg was removed.  [/home/harshad/Project/git/IITB_AI_ML/ahir_release/vhdl/ahir.vhdl:14858]
WARNING: [Synth 8-6014] Unused sequential element placegen[5].placeBlock.pI/CapGtOne.token_latch_reg was removed.  [/home/harshad/Project/git/IITB_AI_ML/ahir_release/vhdl/ahir.vhdl:14858]
WARNING: [Synth 8-6014] Unused sequential element placegen[6].placeBlock.pI/CapGtOne.token_latch_reg was removed.  [/home/harshad/Project/git/IITB_AI_ML/ahir_release/vhdl/ahir.vhdl:14858]
WARNING: [Synth 8-6014] Unused sequential element placegen[1].placeBlock.pI/CapGtOne.token_latch_reg was removed.  [/home/harshad/Project/git/IITB_AI_ML/ahir_release/vhdl/ahir.vhdl:14858]
WARNING: [Synth 8-6014] Unused sequential element placegen[2].placeBlock.pI/CapGtOne.token_latch_reg was removed.  [/home/harshad/Project/git/IITB_AI_ML/ahir_release/vhdl/ahir.vhdl:14858]
WARNING: [Synth 8-6014] Unused sequential element placegen[3].placeBlock.pI/CapGtOne.token_latch_reg was removed.  [/home/harshad/Project/git/IITB_AI_ML/ahir_release/vhdl/ahir.vhdl:14858]
WARNING: [Synth 8-6014] Unused sequential element placegen[4].placeBlock.pI/CapGtOne.token_latch_reg was removed.  [/home/harshad/Project/git/IITB_AI_ML/ahir_release/vhdl/ahir.vhdl:14858]
WARNING: [Synth 8-6014] Unused sequential element placegen[5].placeBlock.pI/CapGtOne.token_latch_reg was removed.  [/home/harshad/Project/git/IITB_AI_ML/ahir_release/vhdl/ahir.vhdl:14858]
WARNING: [Synth 8-6014] Unused sequential element placegen[6].placeBlock.pI/CapGtOne.token_latch_reg was removed.  [/home/harshad/Project/git/IITB_AI_ML/ahir_release/vhdl/ahir.vhdl:14858]
WARNING: [Synth 8-6014] Unused sequential element placegen[7].placeBlock.pI/CapGtOne.token_latch_reg was removed.  [/home/harshad/Project/git/IITB_AI_ML/ahir_release/vhdl/ahir.vhdl:14858]
WARNING: [Synth 8-6014] Unused sequential element trigForkSample/inTransPlaceBlock.pI/CapGtOne.token_latch_reg was removed.  [/home/harshad/Project/git/IITB_AI_ML/ahir_release/vhdl/ahir.vhdl:14858]
WARNING: [Synth 8-6014] Unused sequential element trigForkSample/TrigPlaces[0].placeBlock.pI/CapGtOne.token_latch_reg was removed.  [/home/harshad/Project/git/IITB_AI_ML/ahir_release/vhdl/ahir.vhdl:14858]
WARNING: [Synth 8-6014] Unused sequential element trigForkSample/TrigPlaces[1].placeBlock.pI/CapGtOne.token_latch_reg was removed.  [/home/harshad/Project/git/IITB_AI_ML/ahir_release/vhdl/ahir.vhdl:14858]
WARNING: [Synth 8-6014] Unused sequential element trigForkUpdate/inTransPlaceBlock.pI/CapGtOne.token_latch_reg was removed.  [/home/harshad/Project/git/IITB_AI_ML/ahir_release/vhdl/ahir.vhdl:14858]
WARNING: [Synth 8-6014] Unused sequential element trigForkUpdate/TrigPlaces[0].placeBlock.pI/CapGtOne.token_latch_reg was removed.  [/home/harshad/Project/git/IITB_AI_ML/ahir_release/vhdl/ahir.vhdl:14858]
WARNING: [Synth 8-6014] Unused sequential element trigForkUpdate/TrigPlaces[1].placeBlock.pI/CapGtOne.token_latch_reg was removed.  [/home/harshad/Project/git/IITB_AI_ML/ahir_release/vhdl/ahir.vhdl:14858]
WARNING: [Synth 8-6014] Unused sequential element trigForkSample/inTransPlaceBlock.pI/CapGtOne.token_latch_reg was removed.  [/home/harshad/Project/git/IITB_AI_ML/ahir_release/vhdl/ahir.vhdl:14858]
WARNING: [Synth 8-6014] Unused sequential element trigForkSample/TrigPlaces[0].placeBlock.pI/CapGtOne.token_latch_reg was removed.  [/home/harshad/Project/git/IITB_AI_ML/ahir_release/vhdl/ahir.vhdl:14858]
WARNING: [Synth 8-6014] Unused sequential element trigForkSample/TrigPlaces[1].placeBlock.pI/CapGtOne.token_latch_reg was removed.  [/home/harshad/Project/git/IITB_AI_ML/ahir_release/vhdl/ahir.vhdl:14858]
INFO: [Common 17-14] Message 'Synth 8-6014' appears 100 times and further instances of the messages will be disabled. Use the Tcl command set_msg_config to change the current settings.
INFO: [Synth 8-4471] merging register 'out_buffer_write_req_symbol_join.gj_out_buffer_write_req_symbol_join/placegen[2].placeBlock.dly/UnitDelay.ack_reg' into 'in_buffer_unload_req_symbol_join.gj_in_buffer_unload_req_symbol_join/placegen[2].placeBlock.dly/UnitDelay.ack_reg' [/home/harshad/Project/git/IITB_AI_ML/ahir_release/vhdl/ahir.vhdl:13367]
INFO: [Synth 8-4471] merging register 'SoftwareRegisterAccessDaemon_CP_1875.SoftwareRegisterAccessDaemon_cp_element_group_126.gj_SoftwareRegisterAccessDaemon_cp_element_group_126/placegen[3].placeBlock.dly/UnitDelay.ack_reg' into 'SoftwareRegisterAccessDaemon_CP_1875.cp_element_162_delay/UnitDelay.ack_reg' [/home/harshad/Project/git/IITB_AI_ML/ahir_release/vhdl/ahir.vhdl:13367]
INFO: [Synth 8-4471] merging register 'out_buffer_write_req_symbol_join.gj_out_buffer_write_req_symbol_join/placegen[2].placeBlock.dly/UnitDelay.ack_reg' into 'in_buffer_unload_req_symbol_join.gj_in_buffer_unload_req_symbol_join/placegen[2].placeBlock.dly/UnitDelay.ack_reg' [/home/harshad/Project/git/IITB_AI_ML/ahir_release/vhdl/ahir.vhdl:13367]
INFO: [Synth 8-4471] merging register 'NicRegisterAccessDaemon_CP_116.NicRegisterAccessDaemon_cp_element_group_14.gj_NicRegisterAccessDaemon_cp_element_group_14/placegen[2].placeBlock.dly/UnitDelay.ack_reg' into 'NicRegisterAccessDaemon_CP_116.cp_element_46_delay/UnitDelay.ack_reg' [/home/harshad/Project/git/IITB_AI_ML/ahir_release/vhdl/ahir.vhdl:13367]
INFO: [Synth 8-4471] merging register 'out_buffer_write_req_symbol_join.gj_out_buffer_write_req_symbol_join/placegen[2].placeBlock.dly/UnitDelay.ack_reg' into 'in_buffer_unload_req_symbol_join.gj_in_buffer_unload_req_symbol_join/placegen[2].placeBlock.dly/UnitDelay.ack_reg' [/home/harshad/Project/git/IITB_AI_ML/ahir_release/vhdl/ahir.vhdl:13367]
INFO: [Synth 8-4471] merging register 'nonTrivGen.core/mb/memBase/write_bar_reg_reg' into 'nonTrivGen.core/mb/read_enable_base_registered_reg' [/home/harshad/Project/git/IITB_AI_ML/ahir_release/vhdl/ahir.vhdl:8408]
INFO: [Synth 8-4471] merging register 'NicRegisterAccessDaemon_auto_run/start_req_reg' into 'SoftwareRegisterAccessDaemon_auto_run/start_req_reg' [/home/harshad/Project/git/IITB_AI_ML/ahir_release/vhdl/ahir.vhdl:13194]
RAM Pipeline Warning: Read Address Register Found For RAM MemorySpace_memory_space_0/nonTrivGen.core/mb/memBase/ColGen[0].RowGen[0].baseMem/mem_array_reg. We will not be able to pipeline it. This may degrade performance. 
INFO: [Synth 8-3333] propagating constant 0 across sequential element (\UpdateRegister_arbiter/multipleRequesters.caller_mtag_reg_reg[0] )
INFO: [Synth 8-3333] propagating constant 0 across sequential element (\UpdateRegister_instance/in_buffer/NotRevisedCase.ShallowCase.ulReg/noBypass.read_data_reg[76] )
INFO: [Synth 8-3333] propagating constant 0 across sequential element (\UpdateRegister_instance/data_path.StoreGroup0.StoreReq/RxGen[0].rb/notFRR.bufPipe/Shallow.notSaveSlot.queue/qDGt1.NTB.Wgen[1].queue_array_reg[1][19] )
INFO: [Synth 8-3333] propagating constant 0 across sequential element (\UpdateRegister_instance/data_path.StoreGroup0.StoreReq/RxGen[0].rb/notFRR.bufPipe/Shallow.notSaveSlot.queue/qDGt1.NTB.Wgen[0].queue_array_reg[0][19] )
INFO: [Synth 8-3333] propagating constant 0 across sequential element (SoftwareRegisterAccessDaemon_instance/\data_path.LoadGroup0.LoadReq /\RxGen[4].rb/notFRR.bufPipe/Shallow.notSaveSlot.queue/qDGt1.NTB.Wgen[1].queue_array_reg[1][18] )
INFO: [Synth 8-3333] propagating constant 0 across sequential element (SoftwareRegisterAccessDaemon_instance/\data_path.LoadGroup0.LoadReq /\RxGen[4].rb/notFRR.bufPipe/Shallow.notSaveSlot.queue/qDGt1.NTB.Wgen[0].queue_array_reg[0][18] )
INFO: [Synth 8-3333] propagating constant 0 across sequential element (\NicRegisterAccessDaemon_instance/data_path.LoadGroup0.LoadReq/RxGen[0].rb/notFRR.bufPipe/Shallow.notSaveSlot.queue/qDGt1.NTB.Wgen[1].queue_array_reg[1][19] )
INFO: [Synth 8-3333] propagating constant 0 across sequential element (\NicRegisterAccessDaemon_instance/data_path.LoadGroup0.LoadReq/RxGen[0].rb/notFRR.bufPipe/Shallow.notSaveSlot.queue/qDGt1.NTB.Wgen[0].queue_array_reg[0][19] )
INFO: [Synth 8-3333] propagating constant 0 across sequential element (SoftwareRegisterAccessDaemon_instance/\data_path.LoadGroup0.LoadReq /\RxGen[0].rb/notFRR.bufPipe/Shallow.notSaveSlot.queue/qDGt1.NTB.Wgen[1].queue_array_reg[1][19] )
INFO: [Synth 8-3333] propagating constant 0 across sequential element (SoftwareRegisterAccessDaemon_instance/\data_path.LoadGroup0.LoadReq /\RxGen[0].rb/notFRR.bufPipe/Shallow.notSaveSlot.queue/qDGt1.NTB.Wgen[0].queue_array_reg[0][19] )
INFO: [Synth 8-3333] propagating constant 0 across sequential element (SoftwareRegisterAccessDaemon_instance/\data_path.LoadGroup0.LoadReq /\RxGen[1].rb/notFRR.bufPipe/Shallow.notSaveSlot.queue/qDGt1.NTB.Wgen[1].queue_array_reg[1][19] )
INFO: [Synth 8-3333] propagating constant 0 across sequential element (SoftwareRegisterAccessDaemon_instance/\data_path.LoadGroup0.LoadReq /\RxGen[1].rb/notFRR.bufPipe/Shallow.notSaveSlot.queue/qDGt1.NTB.Wgen[0].queue_array_reg[0][19] )
INFO: [Synth 8-3333] propagating constant 0 across sequential element (SoftwareRegisterAccessDaemon_instance/\data_path.LoadGroup0.LoadReq /\RxGen[2].rb/notFRR.bufPipe/Shallow.notSaveSlot.queue/qDGt1.NTB.Wgen[1].queue_array_reg[1][19] )
INFO: [Synth 8-3333] propagating constant 0 across sequential element (SoftwareRegisterAccessDaemon_instance/\data_path.LoadGroup0.LoadReq /\RxGen[2].rb/notFRR.bufPipe/Shallow.notSaveSlot.queue/qDGt1.NTB.Wgen[0].queue_array_reg[0][19] )
INFO: [Synth 8-3333] propagating constant 0 across sequential element (SoftwareRegisterAccessDaemon_instance/\data_path.LoadGroup0.LoadReq /\RxGen[3].rb/notFRR.bufPipe/Shallow.notSaveSlot.queue/qDGt1.NTB.Wgen[1].queue_array_reg[1][19] )
INFO: [Synth 8-3333] propagating constant 0 across sequential element (SoftwareRegisterAccessDaemon_instance/\data_path.LoadGroup0.LoadReq /\RxGen[3].rb/notFRR.bufPipe/Shallow.notSaveSlot.queue/qDGt1.NTB.Wgen[0].queue_array_reg[0][19] )
INFO: [Synth 8-3333] propagating constant 0 across sequential element (\MemorySpace_memory_space_0/nonTrivGen.core/srr/qDGt1.NTB.Wgen[1].queue_array_reg[1][41] )
INFO: [Synth 8-3333] propagating constant 0 across sequential element (\MemorySpace_memory_space_0/nonTrivGen.core/srr/qDGt1.NTB.Wgen[0].queue_array_reg[0][41] )
INFO: [Synth 8-3333] propagating constant 0 across sequential element (SoftwareRegisterAccessDaemon_instance/\data_path.OutportGroup_3.NUMBER_OF_SERVERS_write_3/BufGen[0].rxB/fsm_state_reg )
INFO: [Synth 8-3333] propagating constant 0 across sequential element (SoftwareRegisterAccessDaemon_instance/\data_path.type_cast_1127_inst_block.type_cast_1127_inst/NoFlowThrough.interlockBuf.buf/NotRevisedCase.ShallowCase.ulReg/noBypass.read_data_reg[2] )
INFO: [Synth 8-3333] propagating constant 0 across sequential element (SoftwareRegisterAccessDaemon_instance/\data_path.OutportGroup_2.FREE_Q_write_2/BufGen[0].rxB/fsm_state_reg )
INFO: [Synth 8-3333] propagating constant 0 across sequential element (SoftwareRegisterAccessDaemon_instance/\data_path.OutportGroup_1.CONTROL_REGISTER_write_1/BufGen[0].rxB/fsm_state_reg )
INFO: [Synth 8-3333] propagating constant 0 across sequential element (\NIC_RESPONSE_REGISTER_ACCESS_PIPE_Pipe/Shallow.notSaveSlot.queue/qDGt1.NTB.Wgen[1].queue_array_reg[1][32] )
INFO: [Synth 8-3333] propagating constant 0 across sequential element (\NIC_RESPONSE_REGISTER_ACCESS_PIPE_Pipe/Shallow.notSaveSlot.queue/qDGt1.NTB.Wgen[0].queue_array_reg[0][32] )
INFO: [Synth 8-3333] propagating constant 0 across sequential element (\FREE_Q_Signal/nonVolatileGen.read_data_reg_reg[35] )
INFO: [Synth 8-3333] propagating constant 0 across sequential element (\NicRegisterAccessDaemon_instance/out_buffer_write_req_symbol_join.gj_out_buffer_write_req_symbol_join/placegen[1].placeBlock.pI/CapEqOne.non_zero_reg )
INFO: [Synth 8-3333] propagating constant 0 across sequential element (SoftwareRegisterAccessDaemon_instance/\out_buffer_write_req_symbol_join.gj_out_buffer_write_req_symbol_join/placegen[1].placeBlock.pI/CapEqOne.non_zero_reg )
INFO: [Synth 8-3333] propagating constant 0 across sequential element (\UpdateRegister_arbiter/multipleRequesters.RetGen[1].fsm.tag_reg_reg[0] )
INFO: [Synth 8-3333] propagating constant 0 across sequential element (\UpdateRegister_arbiter/multipleRequesters.RetGen[0].fsm.tag_reg_reg[0] )
