Info:pThreadUtils: started thread nicRxFromMacDaemon
[5]nicRxFromMacDaemon>	waiting_for_control
[30]nicRxFromMacDaemon>	got_the__control
[14045]nicRxFromMacDaemon>	data_is
[14045]nicRxFromMacDaemon>		RX		:= 0x00002000000000001ff
[14045]nicRxFromMacDaemon>		LSTATE		:= 0x0
[14049]nicRxFromMacDaemon>	data_written_is
[14049]nicRxFromMacDaemon>		RX		:= 0x00002000000000001ff
[14049]nicRxFromMacDaemon>		nLSTATE		:= 0x1
[14057]nicRxFromMacDaemon>	data_is
[14057]nicRxFromMacDaemon>		RX		:= 0x00054003200000000ff
[14057]nicRxFromMacDaemon>		LSTATE		:= 0x1
[14058]nicRxFromMacDaemon>	data_written_is
[14058]nicRxFromMacDaemon>		RX		:= 0x00054003200000000ff
[14058]nicRxFromMacDaemon>		nLSTATE		:= 0x2
[14059]nicRxFromMacDaemon>	data_is
[14059]nicRxFromMacDaemon>		RX		:= 0x00000000000000000ff
[14059]nicRxFromMacDaemon>		LSTATE		:= 0x2
[14060]nicRxFromMacDaemon>	data_written_is
[14060]nicRxFromMacDaemon>		RX		:= 0x00000000000000000ff
[14060]nicRxFromMacDaemon>		nLSTATE		:= 0x2
[14061]nicRxFromMacDaemon>	data_is
[14061]nicRxFromMacDaemon>		RX		:= 0x00000000000000008ff
[14061]nicRxFromMacDaemon>		LSTATE		:= 0x2
[14062]nicRxFromMacDaemon>	data_written_is
[14062]nicRxFromMacDaemon>		RX		:= 0x00000000000000008ff
[14062]nicRxFromMacDaemon>		nLSTATE		:= 0x2
[14063]nicRxFromMacDaemon>	data_is
[14063]nicRxFromMacDaemon>		RX		:= 0x00000000000000010ff
[14063]nicRxFromMacDaemon>		LSTATE		:= 0x2
[14075]nicRxFromMacDaemon>	data_written_is
[14075]nicRxFromMacDaemon>		RX		:= 0x00000000000000010ff
[14075]nicRxFromMacDaemon>		nLSTATE		:= 0x2
[14078]nicRxFromMacDaemon>	data_is
[14078]nicRxFromMacDaemon>		RX		:= 0x00000000000000018ff
[14078]nicRxFromMacDaemon>		LSTATE		:= 0x2
[14079]nicRxFromMacDaemon>	data_written_is
[14079]nicRxFromMacDaemon>		RX		:= 0x00000000000000018ff
[14079]nicRxFromMacDaemon>		nLSTATE		:= 0x2
[14083]nicRxFromMacDaemon>	data_is
[14083]nicRxFromMacDaemon>		RX		:= 0x00000000000000020ff
[14083]nicRxFromMacDaemon>		LSTATE		:= 0x2
[14085]nicRxFromMacDaemon>	data_written_is
[14085]nicRxFromMacDaemon>		RX		:= 0x00000000000000020ff
[14085]nicRxFromMacDaemon>		nLSTATE		:= 0x2
[14098]nicRxFromMacDaemon>	data_is
[14098]nicRxFromMacDaemon>		RX		:= 0x00000000000000028ff
[14098]nicRxFromMacDaemon>		LSTATE		:= 0x2
[14099]nicRxFromMacDaemon>	data_written_is
[14099]nicRxFromMacDaemon>		RX		:= 0x00000000000000028ff
[14099]nicRxFromMacDaemon>		nLSTATE		:= 0x2
[14104]nicRxFromMacDaemon>	data_is
[14104]nicRxFromMacDaemon>		RX		:= 0x1000000000000003003
[14104]nicRxFromMacDaemon>		LSTATE		:= 0x2
[14105]nicRxFromMacDaemon>	data_written_is
[14105]nicRxFromMacDaemon>		RX		:= 0x1000000000000003003
[14105]nicRxFromMacDaemon>		nLSTATE		:= 0x0
[28060]nicRxFromMacDaemon>	data_is
[28060]nicRxFromMacDaemon>		RX		:= 0x00002000000000001ff
[28060]nicRxFromMacDaemon>		LSTATE		:= 0x0
[28061]nicRxFromMacDaemon>	data_written_is
[28061]nicRxFromMacDaemon>		RX		:= 0x00002000000000001ff
[28061]nicRxFromMacDaemon>		nLSTATE		:= 0x1
[28066]nicRxFromMacDaemon>	data_is
[28066]nicRxFromMacDaemon>		RX		:= 0x00054003b00000000ff
[28066]nicRxFromMacDaemon>		LSTATE		:= 0x1
[28068]nicRxFromMacDaemon>	data_written_is
[28068]nicRxFromMacDaemon>		RX		:= 0x00054003b00000000ff
[28068]nicRxFromMacDaemon>		nLSTATE		:= 0x2
[28080]nicRxFromMacDaemon>	data_is
[28080]nicRxFromMacDaemon>		RX		:= 0x00000000000000000ff
[28080]nicRxFromMacDaemon>		LSTATE		:= 0x2
[28082]nicRxFromMacDaemon>	data_written_is
[28082]nicRxFromMacDaemon>		RX		:= 0x00000000000000000ff
[28082]nicRxFromMacDaemon>		nLSTATE		:= 0x2
[28083]nicRxFromMacDaemon>	data_is
[28083]nicRxFromMacDaemon>		RX		:= 0x00000000000000008ff
[28083]nicRxFromMacDaemon>		LSTATE		:= 0x2
[28092]nicRxFromMacDaemon>	data_written_is
[28092]nicRxFromMacDaemon>		RX		:= 0x00000000000000008ff
[28092]nicRxFromMacDaemon>		nLSTATE		:= 0x2
[28094]nicRxFromMacDaemon>	data_is
[28094]nicRxFromMacDaemon>		RX		:= 0x00000000000000010ff
[28094]nicRxFromMacDaemon>		LSTATE		:= 0x2
[28096]nicRxFromMacDaemon>	data_written_is
[28096]nicRxFromMacDaemon>		RX		:= 0x00000000000000010ff
[28096]nicRxFromMacDaemon>		nLSTATE		:= 0x2
[28097]nicRxFromMacDaemon>	data_is
[28097]nicRxFromMacDaemon>		RX		:= 0x00000000000000018ff
[28097]nicRxFromMacDaemon>		LSTATE		:= 0x2
[28098]nicRxFromMacDaemon>	data_written_is
[28098]nicRxFromMacDaemon>		RX		:= 0x00000000000000018ff
[28098]nicRxFromMacDaemon>		nLSTATE		:= 0x2
[28099]nicRxFromMacDaemon>	data_is
[28099]nicRxFromMacDaemon>		RX		:= 0x00000000000000020ff
[28099]nicRxFromMacDaemon>		LSTATE		:= 0x2
[28116]nicRxFromMacDaemon>	data_written_is
[28116]nicRxFromMacDaemon>		RX		:= 0x00000000000000020ff
[28116]nicRxFromMacDaemon>		nLSTATE		:= 0x2
[28118]nicRxFromMacDaemon>	data_is
[28118]nicRxFromMacDaemon>		RX		:= 0x00000000000000028ff
[28118]nicRxFromMacDaemon>		LSTATE		:= 0x2
[28119]nicRxFromMacDaemon>	data_written_is
[28119]nicRxFromMacDaemon>		RX		:= 0x00000000000000028ff
[28119]nicRxFromMacDaemon>		nLSTATE		:= 0x2
[28120]nicRxFromMacDaemon>	data_is
[28120]nicRxFromMacDaemon>		RX		:= 0x00000000000000030ff
[28120]nicRxFromMacDaemon>		LSTATE		:= 0x2
[28121]nicRxFromMacDaemon>	data_written_is
[28121]nicRxFromMacDaemon>		RX		:= 0x00000000000000030ff
[28121]nicRxFromMacDaemon>		nLSTATE		:= 0x2
[28122]nicRxFromMacDaemon>	data_is
[28122]nicRxFromMacDaemon>		RX		:= 0x1000000000000003807
[28122]nicRxFromMacDaemon>		LSTATE		:= 0x2
[28123]nicRxFromMacDaemon>	data_written_is
[28123]nicRxFromMacDaemon>		RX		:= 0x1000000000000003807
[28123]nicRxFromMacDaemon>		nLSTATE		:= 0x0
[41497]nicRxFromMacDaemon>	data_is
[41497]nicRxFromMacDaemon>		RX		:= 0x00002000000000001ff
[41497]nicRxFromMacDaemon>		LSTATE		:= 0x0
[41498]nicRxFromMacDaemon>	data_written_is
[41498]nicRxFromMacDaemon>		RX		:= 0x00002000000000001ff
[41498]nicRxFromMacDaemon>		nLSTATE		:= 0x1
[41500]nicRxFromMacDaemon>	data_is
[41500]nicRxFromMacDaemon>		RX		:= 0x00054004400000000ff
[41500]nicRxFromMacDaemon>		LSTATE		:= 0x1
[41502]nicRxFromMacDaemon>	data_written_is
[41502]nicRxFromMacDaemon>		RX		:= 0x00054004400000000ff
[41502]nicRxFromMacDaemon>		nLSTATE		:= 0x2
[41503]nicRxFromMacDaemon>	data_is
[41503]nicRxFromMacDaemon>		RX		:= 0x00000000000000000ff
[41503]nicRxFromMacDaemon>		LSTATE		:= 0x2
[41505]nicRxFromMacDaemon>	data_written_is
[41505]nicRxFromMacDaemon>		RX		:= 0x00000000000000000ff
[41505]nicRxFromMacDaemon>		nLSTATE		:= 0x2
[41506]nicRxFromMacDaemon>	data_is
[41506]nicRxFromMacDaemon>		RX		:= 0x00000000000000008ff
[41506]nicRxFromMacDaemon>		LSTATE		:= 0x2
[41508]nicRxFromMacDaemon>	data_written_is
[41508]nicRxFromMacDaemon>		RX		:= 0x00000000000000008ff
[41508]nicRxFromMacDaemon>		nLSTATE		:= 0x2
[41509]nicRxFromMacDaemon>	data_is
[41509]nicRxFromMacDaemon>		RX		:= 0x00000000000000010ff
[41509]nicRxFromMacDaemon>		LSTATE		:= 0x2
[41517]nicRxFromMacDaemon>	data_written_is
[41517]nicRxFromMacDaemon>		RX		:= 0x00000000000000010ff
[41517]nicRxFromMacDaemon>		nLSTATE		:= 0x2
[41519]nicRxFromMacDaemon>	data_is
[41519]nicRxFromMacDaemon>		RX		:= 0x00000000000000018ff
[41519]nicRxFromMacDaemon>		LSTATE		:= 0x2
[41530]nicRxFromMacDaemon>	data_written_is
[41530]nicRxFromMacDaemon>		RX		:= 0x00000000000000018ff
[41530]nicRxFromMacDaemon>		nLSTATE		:= 0x2
[41531]nicRxFromMacDaemon>	data_is
[41531]nicRxFromMacDaemon>		RX		:= 0x00000000000000020ff
[41531]nicRxFromMacDaemon>		LSTATE		:= 0x2
[41532]nicRxFromMacDaemon>	data_written_is
[41532]nicRxFromMacDaemon>		RX		:= 0x00000000000000020ff
[41532]nicRxFromMacDaemon>		nLSTATE		:= 0x2
[41533]nicRxFromMacDaemon>	data_is
[41533]nicRxFromMacDaemon>		RX		:= 0x00000000000000028ff
[41533]nicRxFromMacDaemon>		LSTATE		:= 0x2
[41534]nicRxFromMacDaemon>	data_written_is
[41534]nicRxFromMacDaemon>		RX		:= 0x00000000000000028ff
[41534]nicRxFromMacDaemon>		nLSTATE		:= 0x2
[41535]nicRxFromMacDaemon>	data_is
[41535]nicRxFromMacDaemon>		RX		:= 0x00000000000000030ff
[41535]nicRxFromMacDaemon>		LSTATE		:= 0x2
[41536]nicRxFromMacDaemon>	data_written_is
[41536]nicRxFromMacDaemon>		RX		:= 0x00000000000000030ff
[41536]nicRxFromMacDaemon>		nLSTATE		:= 0x2
[41540]nicRxFromMacDaemon>	data_is
[41540]nicRxFromMacDaemon>		RX		:= 0x00000000000000038ff
[41540]nicRxFromMacDaemon>		LSTATE		:= 0x2
[41541]nicRxFromMacDaemon>	data_written_is
[41541]nicRxFromMacDaemon>		RX		:= 0x00000000000000038ff
[41541]nicRxFromMacDaemon>		nLSTATE		:= 0x2
[41542]nicRxFromMacDaemon>	data_is
[41542]nicRxFromMacDaemon>		RX		:= 0x100000000000000400f
[41542]nicRxFromMacDaemon>		LSTATE		:= 0x2
[41543]nicRxFromMacDaemon>	data_written_is
[41543]nicRxFromMacDaemon>		RX		:= 0x100000000000000400f
[41543]nicRxFromMacDaemon>		nLSTATE		:= 0x0
