[14211]populateRxQueue>	started_populate_rx_queue_module
[14211]populateRxQueue>		LAST_WRITTEN_RX_QUEUE_INDEX		:= 0x00
[14212]populateRxQueue>	in_loop
[14212]populateRxQueue>		q_index		:= 0x00
[14213]populateRxQueue>	will_be_Accessing_register
[14213]populateRxQueue>		register_index		:= 0x02
[14223]populateRxQueue>	got_rx_queue_pointer_pushing_to_rx_queue
[14223]populateRxQueue>		rx_queue_pointer_32		:= 0x00000002
[14223]populateRxQueue>		rx_queue_pointer_36		:= 0x000000020
[14223]populateRxQueue>		NUMBER_OF_SERVERS		:= 0x00000001
[14270]populateRxQueue>	written_to_rx_queue
[14270]populateRxQueue>		n_q_index		:= 0x00
[14270]populateRxQueue>		push_status		:= 0x1
[28234]populateRxQueue>	started_populate_rx_queue_module
[28234]populateRxQueue>		LAST_WRITTEN_RX_QUEUE_INDEX		:= 0x00
[28235]populateRxQueue>	in_loop
[28235]populateRxQueue>		q_index		:= 0x00
[28236]populateRxQueue>	will_be_Accessing_register
[28236]populateRxQueue>		register_index		:= 0x02
[28246]populateRxQueue>	got_rx_queue_pointer_pushing_to_rx_queue
[28246]populateRxQueue>		rx_queue_pointer_32		:= 0x00000002
[28246]populateRxQueue>		rx_queue_pointer_36		:= 0x000000020
[28246]populateRxQueue>		NUMBER_OF_SERVERS		:= 0x00000001
[28281]populateRxQueue>	written_to_rx_queue
[28281]populateRxQueue>		n_q_index		:= 0x00
[28281]populateRxQueue>		push_status		:= 0x1
[41643]populateRxQueue>	started_populate_rx_queue_module
[41643]populateRxQueue>		LAST_WRITTEN_RX_QUEUE_INDEX		:= 0x00
[41644]populateRxQueue>	in_loop
[41644]populateRxQueue>		q_index		:= 0x00
[41645]populateRxQueue>	will_be_Accessing_register
[41645]populateRxQueue>		register_index		:= 0x02
[41653]populateRxQueue>	got_rx_queue_pointer_pushing_to_rx_queue
[41653]populateRxQueue>		rx_queue_pointer_32		:= 0x00000002
[41653]populateRxQueue>		rx_queue_pointer_36		:= 0x000000020
[41653]populateRxQueue>		NUMBER_OF_SERVERS		:= 0x00000001
[41677]populateRxQueue>	written_to_rx_queue
[41677]populateRxQueue>		n_q_index		:= 0x00
[41677]populateRxQueue>		push_status		:= 0x1
