Info:pThreadUtils: started thread ReceiveEngineDaemon
[2]ReceiveEngineDaemon>	waiting_for_control
[26]ReceiveEngineDaemon>	got_the__control
[27]ReceiveEngineDaemon>	called_pop_From_queue
[52]ReceiveEngineDaemon>	rx_buffer
[52]ReceiveEngineDaemon>		rx_buffer_pointer_32		:= 0x00000006
[53]ReceiveEngineDaemon>	rx_buffer_val
[53]ReceiveEngineDaemon>		rx_buffer_pointer_36		:= 0x000000060
[54]ReceiveEngineDaemon>	calling_loadBuffer
[54]ReceiveEngineDaemon>		status		:= 0x0
[14209]ReceiveEngineDaemon>	populating_rx_queue
[14209]ReceiveEngineDaemon>		ok_flag		:= 0x1
[14209]ReceiveEngineDaemon>		cond		:= 0x1
[14210]ReceiveEngineDaemon>	running_ok_flag
[14271]ReceiveEngineDaemon>	pushing_into_free_q
[14271]ReceiveEngineDaemon>		free_flag		:= 0x0
[14272]ReceiveEngineDaemon>	completed_iteration_in_receive_engine
[14273]ReceiveEngineDaemon>	called_pop_From_queue
[14290]ReceiveEngineDaemon>	rx_buffer
[14290]ReceiveEngineDaemon>		rx_buffer_pointer_32		:= 0x00000012
[14291]ReceiveEngineDaemon>	rx_buffer_val
[14291]ReceiveEngineDaemon>		rx_buffer_pointer_36		:= 0x000000120
[14292]ReceiveEngineDaemon>	calling_loadBuffer
[14292]ReceiveEngineDaemon>		status		:= 0x0
[28232]ReceiveEngineDaemon>	populating_rx_queue
[28232]ReceiveEngineDaemon>		ok_flag		:= 0x1
[28232]ReceiveEngineDaemon>		cond		:= 0x1
[28233]ReceiveEngineDaemon>	running_ok_flag
[28282]ReceiveEngineDaemon>	pushing_into_free_q
[28282]ReceiveEngineDaemon>		free_flag		:= 0x0
[28283]ReceiveEngineDaemon>	completed_iteration_in_receive_engine
[28284]ReceiveEngineDaemon>	called_pop_From_queue
[28313]ReceiveEngineDaemon>	rx_buffer
[28313]ReceiveEngineDaemon>		rx_buffer_pointer_32		:= 0x00000006
[28314]ReceiveEngineDaemon>	rx_buffer_val
[28314]ReceiveEngineDaemon>		rx_buffer_pointer_36		:= 0x000000060
[28315]ReceiveEngineDaemon>	calling_loadBuffer
[28315]ReceiveEngineDaemon>		status		:= 0x0
[41641]ReceiveEngineDaemon>	populating_rx_queue
[41641]ReceiveEngineDaemon>		ok_flag		:= 0x1
[41641]ReceiveEngineDaemon>		cond		:= 0x1
[41642]ReceiveEngineDaemon>	running_ok_flag
[41678]ReceiveEngineDaemon>	pushing_into_free_q
[41678]ReceiveEngineDaemon>		free_flag		:= 0x0
[41679]ReceiveEngineDaemon>	completed_iteration_in_receive_engine
[41680]ReceiveEngineDaemon>	called_pop_From_queue
[41709]ReceiveEngineDaemon>	rx_buffer
[41709]ReceiveEngineDaemon>		rx_buffer_pointer_32		:= 0x00000012
[41710]ReceiveEngineDaemon>	rx_buffer_val
[41710]ReceiveEngineDaemon>		rx_buffer_pointer_36		:= 0x000000120
[41711]ReceiveEngineDaemon>	calling_loadBuffer
[41711]ReceiveEngineDaemon>		status		:= 0x0
