[20829]transmitPacket>	control_data_addr_is
[20829]transmitPacket>		packet_pointer		:= 0x00000006
[20829]transmitPacket>		control_data_addr		:= 0x000000060
[20832]transmitPacket>	control_data_received_is
[20832]transmitPacket>		packet_size		:= 0x58
[20832]transmitPacket>		last_tkeep		:= 0x03
[20835]transmitPacket>	count_down_
[20835]transmitPacket>		count_down		:= 0x48
[20835]transmitPacket>		ncount_down		:= 0x40
[20835]transmitPacket>		mem_addr		:= 0x000000078
[20835]transmitPacket>		nmem_addr		:= 0x000000080
[20839]transmitPacket>	count_down_
[20839]transmitPacket>		count_down		:= 0x40
[20839]transmitPacket>		ncount_down		:= 0x38
[20839]transmitPacket>		mem_addr		:= 0x000000080
[20839]transmitPacket>		nmem_addr		:= 0x000000088
[20843]transmitPacket>	count_down_
[20843]transmitPacket>		count_down		:= 0x38
[20843]transmitPacket>		ncount_down		:= 0x30
[20843]transmitPacket>		mem_addr		:= 0x000000088
[20843]transmitPacket>		nmem_addr		:= 0x000000090
[20847]transmitPacket>	count_down_
[20847]transmitPacket>		count_down		:= 0x30
[20847]transmitPacket>		ncount_down		:= 0x28
[20847]transmitPacket>		mem_addr		:= 0x000000090
[20847]transmitPacket>		nmem_addr		:= 0x000000098
[20851]transmitPacket>	count_down_
[20851]transmitPacket>		count_down		:= 0x28
[20851]transmitPacket>		ncount_down		:= 0x20
[20851]transmitPacket>		mem_addr		:= 0x000000098
[20851]transmitPacket>		nmem_addr		:= 0x0000000a0
[20855]transmitPacket>	count_down_
[20855]transmitPacket>		count_down		:= 0x20
[20855]transmitPacket>		ncount_down		:= 0x18
[20855]transmitPacket>		mem_addr		:= 0x0000000a0
[20855]transmitPacket>		nmem_addr		:= 0x0000000a8
[20859]transmitPacket>	count_down_
[20859]transmitPacket>		count_down		:= 0x18
[20859]transmitPacket>		ncount_down		:= 0x10
[20859]transmitPacket>		mem_addr		:= 0x0000000a8
[20859]transmitPacket>		nmem_addr		:= 0x0000000b0
[20863]transmitPacket>	count_down_
[20863]transmitPacket>		count_down		:= 0x10
[20863]transmitPacket>		ncount_down		:= 0x08
[20863]transmitPacket>		mem_addr		:= 0x0000000b0
[20863]transmitPacket>		nmem_addr		:= 0x0000000b8
[20864]transmitPacket>	accessing_last_word
[20864]transmitPacket>		nmem_addr		:= 0x0000000b8
[20868]transmitPacket>	sending_last_word
[20868]transmitPacket>		last_word		:= 0x0000000000000030
[35060]transmitPacket>	control_data_addr_is
[35060]transmitPacket>		packet_pointer		:= 0x00000012
[35060]transmitPacket>		control_data_addr		:= 0x000000120
[35063]transmitPacket>	control_data_received_is
[35063]transmitPacket>		packet_size		:= 0x60
[35063]transmitPacket>		last_tkeep		:= 0x07
[35066]transmitPacket>	count_down_
[35066]transmitPacket>		count_down		:= 0x50
[35066]transmitPacket>		ncount_down		:= 0x48
[35066]transmitPacket>		mem_addr		:= 0x000000138
[35066]transmitPacket>		nmem_addr		:= 0x000000140
[35070]transmitPacket>	count_down_
[35070]transmitPacket>		count_down		:= 0x48
[35070]transmitPacket>		ncount_down		:= 0x40
[35070]transmitPacket>		mem_addr		:= 0x000000140
[35070]transmitPacket>		nmem_addr		:= 0x000000148
[35074]transmitPacket>	count_down_
[35074]transmitPacket>		count_down		:= 0x40
[35074]transmitPacket>		ncount_down		:= 0x38
[35074]transmitPacket>		mem_addr		:= 0x000000148
[35074]transmitPacket>		nmem_addr		:= 0x000000150
[35078]transmitPacket>	count_down_
[35078]transmitPacket>		count_down		:= 0x38
[35078]transmitPacket>		ncount_down		:= 0x30
[35078]transmitPacket>		mem_addr		:= 0x000000150
[35078]transmitPacket>		nmem_addr		:= 0x000000158
[35082]transmitPacket>	count_down_
[35082]transmitPacket>		count_down		:= 0x30
[35082]transmitPacket>		ncount_down		:= 0x28
[35082]transmitPacket>		mem_addr		:= 0x000000158
[35082]transmitPacket>		nmem_addr		:= 0x000000160
[35086]transmitPacket>	count_down_
[35086]transmitPacket>		count_down		:= 0x28
[35086]transmitPacket>		ncount_down		:= 0x20
[35086]transmitPacket>		mem_addr		:= 0x000000160
[35086]transmitPacket>		nmem_addr		:= 0x000000168
[35090]transmitPacket>	count_down_
[35090]transmitPacket>		count_down		:= 0x20
[35090]transmitPacket>		ncount_down		:= 0x18
[35090]transmitPacket>		mem_addr		:= 0x000000168
[35090]transmitPacket>		nmem_addr		:= 0x000000170
[35094]transmitPacket>	count_down_
[35094]transmitPacket>		count_down		:= 0x18
[35094]transmitPacket>		ncount_down		:= 0x10
[35094]transmitPacket>		mem_addr		:= 0x000000170
[35094]transmitPacket>		nmem_addr		:= 0x000000178
[35098]transmitPacket>	count_down_
[35098]transmitPacket>		count_down		:= 0x10
[35098]transmitPacket>		ncount_down		:= 0x08
[35098]transmitPacket>		mem_addr		:= 0x000000178
[35098]transmitPacket>		nmem_addr		:= 0x000000180
[35099]transmitPacket>	accessing_last_word
[35099]transmitPacket>		nmem_addr		:= 0x000000180
[35103]transmitPacket>	sending_last_word
[35103]transmitPacket>		last_word		:= 0x0000000000000038
[41722]transmitPacket>	control_data_addr_is
[41722]transmitPacket>		packet_pointer		:= 0x00000006
[41722]transmitPacket>		control_data_addr		:= 0x000000060
[41725]transmitPacket>	control_data_received_is
[41725]transmitPacket>		packet_size		:= 0x68
[41725]transmitPacket>		last_tkeep		:= 0x0f
[41728]transmitPacket>	count_down_
[41728]transmitPacket>		count_down		:= 0x58
[41728]transmitPacket>		ncount_down		:= 0x50
[41728]transmitPacket>		mem_addr		:= 0x000000078
[41728]transmitPacket>		nmem_addr		:= 0x000000080
[41732]transmitPacket>	count_down_
[41732]transmitPacket>		count_down		:= 0x50
[41732]transmitPacket>		ncount_down		:= 0x48
[41732]transmitPacket>		mem_addr		:= 0x000000080
[41732]transmitPacket>		nmem_addr		:= 0x000000088
[41736]transmitPacket>	count_down_
[41736]transmitPacket>		count_down		:= 0x48
[41736]transmitPacket>		ncount_down		:= 0x40
[41736]transmitPacket>		mem_addr		:= 0x000000088
[41736]transmitPacket>		nmem_addr		:= 0x000000090
[41740]transmitPacket>	count_down_
[41740]transmitPacket>		count_down		:= 0x40
[41740]transmitPacket>		ncount_down		:= 0x38
[41740]transmitPacket>		mem_addr		:= 0x000000090
[41740]transmitPacket>		nmem_addr		:= 0x000000098
[41744]transmitPacket>	count_down_
[41744]transmitPacket>		count_down		:= 0x38
[41744]transmitPacket>		ncount_down		:= 0x30
[41744]transmitPacket>		mem_addr		:= 0x000000098
[41744]transmitPacket>		nmem_addr		:= 0x0000000a0
[41748]transmitPacket>	count_down_
[41748]transmitPacket>		count_down		:= 0x30
[41748]transmitPacket>		ncount_down		:= 0x28
[41748]transmitPacket>		mem_addr		:= 0x0000000a0
[41748]transmitPacket>		nmem_addr		:= 0x0000000a8
[41752]transmitPacket>	count_down_
[41752]transmitPacket>		count_down		:= 0x28
[41752]transmitPacket>		ncount_down		:= 0x20
[41752]transmitPacket>		mem_addr		:= 0x0000000a8
[41752]transmitPacket>		nmem_addr		:= 0x0000000b0
[41756]transmitPacket>	count_down_
[41756]transmitPacket>		count_down		:= 0x20
[41756]transmitPacket>		ncount_down		:= 0x18
[41756]transmitPacket>		mem_addr		:= 0x0000000b0
[41756]transmitPacket>		nmem_addr		:= 0x0000000b8
[41760]transmitPacket>	count_down_
[41760]transmitPacket>		count_down		:= 0x18
[41760]transmitPacket>		ncount_down		:= 0x10
[41760]transmitPacket>		mem_addr		:= 0x0000000b8
[41760]transmitPacket>		nmem_addr		:= 0x0000000c0
[41764]transmitPacket>	count_down_
[41764]transmitPacket>		count_down		:= 0x10
[41764]transmitPacket>		ncount_down		:= 0x08
[41764]transmitPacket>		mem_addr		:= 0x0000000c0
[41764]transmitPacket>		nmem_addr		:= 0x0000000c8
[41765]transmitPacket>	accessing_last_word
[41765]transmitPacket>		nmem_addr		:= 0x0000000c8
[41769]transmitPacket>	sending_last_word
[41769]transmitPacket>		last_word		:= 0x0000000000000040
