Copyright 1986-2017 Xilinx, Inc. All Rights Reserved.
-------------------------------------------------------------------------------------------------------------------------------------------------
| Tool Version     : Vivado v.2017.1 (lin64) Build 1846317 Fri Apr 14 18:54:47 MDT 2017
| Date             : Wed Feb 15 14:17:50 2023
| Host             : ajit-System-Product-Name running 64-bit Ubuntu 20.04.5 LTS
| Command          : report_power -file top_level_power_routed.rpt -pb top_level_power_summary_routed.pb -rpx top_level_power_routed.rpx
| Design           : top_level
| Device           : xc7k325tffg900-2
| Design State     : routed
| Grade            : commercial
| Process          : typical
| Characterization : Production
-------------------------------------------------------------------------------------------------------------------------------------------------

Power Report

Table of Contents
-----------------
1. Summary
1.1 On-Chip Components
1.2 Power Supply Summary
1.3 Confidence Level
2. Settings
2.1 Environment
2.2 Clock Constraints
3. Detailed Reports
3.1 By Hierarchy

1. Summary
----------

+--------------------------+-------+
| Total On-Chip Power (W)  | 0.428 |
| Dynamic (W)              | 0.266 |
| Device Static (W)        | 0.162 |
| Effective TJA (C/W)      | 1.8   |
| Max Ambient (C)          | 84.2  |
| Junction Temperature (C) | 25.8  |
| Confidence Level         | Low   |
| Setting File             | ---   |
| Simulation Activity File | ---   |
| Design Nets Matched      | NA    |
+--------------------------+-------+


1.1 On-Chip Components
----------------------

+--------------------------+-----------+----------+-----------+-----------------+
| On-Chip                  | Power (W) | Used     | Available | Utilization (%) |
+--------------------------+-----------+----------+-----------+-----------------+
| Clocks                   |     0.029 |       13 |       --- |             --- |
| Slice Logic              |     0.007 |     7046 |       --- |             --- |
|   LUT as Logic           |     0.005 |     2017 |    203800 |            0.99 |
|   LUT as Distributed RAM |     0.002 |      544 |     64000 |            0.85 |
|   Register               |    <0.001 |     3565 |    407600 |            0.87 |
|   CARRY4                 |    <0.001 |       57 |     50950 |            0.11 |
|   LUT as Shift Register  |    <0.001 |       22 |     64000 |            0.03 |
|   F7/F8 Muxes            |    <0.001 |       42 |    203800 |            0.02 |
|   Others                 |     0.000 |      403 |       --- |             --- |
| Signals                  |     0.014 |     4923 |       --- |             --- |
| Block RAM                |    <0.001 |      0.5 |       445 |            0.11 |
| MMCM                     |     0.195 |        2 |        10 |           20.00 |
| I/O                      |     0.020 |       34 |       500 |            6.80 |
| Static Power             |     0.162 |          |           |                 |
| Total                    |     0.428 |          |           |                 |
+--------------------------+-----------+----------+-----------+-----------------+


1.2 Power Supply Summary
------------------------

+-----------+-------------+-----------+-------------+------------+
| Source    | Voltage (V) | Total (A) | Dynamic (A) | Static (A) |
+-----------+-------------+-----------+-------------+------------+
| Vccint    |       1.000 |     0.124 |       0.055 |      0.069 |
| Vccaux    |       1.800 |     0.140 |       0.112 |      0.028 |
| Vcco33    |       3.300 |     0.000 |       0.000 |      0.000 |
| Vcco25    |       2.500 |     0.005 |       0.004 |      0.001 |
| Vcco18    |       1.800 |     0.000 |       0.000 |      0.000 |
| Vcco15    |       1.500 |     0.001 |       0.000 |      0.001 |
| Vcco135   |       1.350 |     0.000 |       0.000 |      0.000 |
| Vcco12    |       1.200 |     0.000 |       0.000 |      0.000 |
| Vccaux_io |       1.800 |     0.000 |       0.000 |      0.000 |
| Vccbram   |       1.000 |     0.001 |       0.000 |      0.001 |
| MGTAVcc   |       1.000 |     0.000 |       0.000 |      0.000 |
| MGTAVtt   |       1.200 |     0.000 |       0.000 |      0.000 |
| MGTVccaux |       1.800 |     0.000 |       0.000 |      0.000 |
| Vccadc    |       1.800 |     0.020 |       0.000 |      0.020 |
+-----------+-------------+-----------+-------------+------------+


1.3 Confidence Level
--------------------

+-----------------------------+------------+--------------------------------------------------------+------------------------------------------------------------------------------------------------------------+
| User Input Data             | Confidence | Details                                                | Action                                                                                                     |
+-----------------------------+------------+--------------------------------------------------------+------------------------------------------------------------------------------------------------------------+
| Design implementation state | High       | Design is routed                                       |                                                                                                            |
| Clock nodes activity        | High       | User specified more than 95% of clocks                 |                                                                                                            |
| I/O nodes activity          | Low        | More than 75% of inputs are missing user specification | Provide missing input activity with simulation results or by editing the "By Resource Type -> I/Os" view   |
| Internal nodes activity     | Medium     | User specified less than 25% of internal nodes         | Provide missing internal nodes activity with simulation results or by editing the "By Resource Type" views |
| Device models               | High       | Device models are Production                           |                                                                                                            |
|                             |            |                                                        |                                                                                                            |
| Overall confidence level    | Low        |                                                        |                                                                                                            |
+-----------------------------+------------+--------------------------------------------------------+------------------------------------------------------------------------------------------------------------+


2. Settings
-----------

2.1 Environment
---------------

+-----------------------+--------------------------+
| Ambient Temp (C)      | 25.0                     |
| ThetaJA (C/W)         | 1.8                      |
| Airflow (LFM)         | 250                      |
| Heat Sink             | medium (Medium Profile)  |
| ThetaSA (C/W)         | 3.3                      |
| Board Selection       | medium (10"x10")         |
| # of Board Layers     | 12to15 (12 to 15 Layers) |
| Board Temperature (C) | 25.0                     |
+-----------------------+--------------------------+


2.2 Clock Constraints
---------------------

+------------+----------------------------------------------------------------+-----------------+
| Clock      | Domain                                                         | Constraint (ns) |
+------------+----------------------------------------------------------------+-----------------+
| clk_in_p   | clk_in_p                                                       |             5.0 |
| clkfbout   | example_clocks/clock_generator/clkfbout                        |             5.0 |
| clkfbout_1 | TEMAC_0/inst/tri_mode_ethernet_mac_support_clocking_i/clkfbout |             8.0 |
| clkout0    | example_clocks/clock_generator/clkout0                         |             8.0 |
| clkout0_1  | TEMAC_0/inst/tri_mode_ethernet_mac_support_clocking_i/clkout0  |             8.0 |
| clkout1    | example_clocks/clock_generator/clkout1                         |            10.0 |
| clkout1_1  | TEMAC_0/inst/tri_mode_ethernet_mac_support_clocking_i/clkout1  |             8.0 |
| clkout2    | example_clocks/clock_generator/clkout2                         |             5.0 |
| rgmii_rxc  | rgmii_rxc                                                      |             8.0 |
+------------+----------------------------------------------------------------+-----------------+


3. Detailed Reports
-------------------

3.1 By Hierarchy
----------------

+----------------------------------------------------------------------------+-----------+
| Name                                                                       | Power (W) |
+----------------------------------------------------------------------------+-----------+
| top_level                                                                  |     0.266 |
|   TEMAC_0                                                                  |     0.136 |
|     inst                                                                   |     0.136 |
|       tri_mode_ethernet_mac_i                                              |     0.047 |
|         axi4_lite_ipif                                                     |    <0.001 |
|           axi4_lite_ipif_top_wrapper                                       |    <0.001 |
|             axi_lite_top                                                   |    <0.001 |
|               I_SLAVE_ATTACHMENT                                           |    <0.001 |
|                 I_DECODER                                                  |    <0.001 |
|         enable_gen                                                         |    <0.001 |
|           reset90gen                                                       |    <0.001 |
|           txspeedis100gen                                                  |    <0.001 |
|           txspeedis10100gen                                                |    <0.001 |
|         rgmii_interface                                                    |     0.017 |
|           mdio_iobuf                                                       |    <0.001 |
|         rxspeedis10100gen                                                  |    <0.001 |
|         tri_mode_ethernet_mac_0_core                                       |     0.028 |
|           addr_filter_top                                                  |     0.003 |
|             address_filter_inst                                            |     0.002 |
|               addr_regs.unicast_address_compare                            |    <0.001 |
|                 byte_wide_ram[0].header_compare_dist_ram                   |    <0.001 |
|                 byte_wide_ram[0].header_field_dist_ram                     |    <0.001 |
|                 byte_wide_ram[1].header_compare_dist_ram                   |    <0.001 |
|                 byte_wide_ram[1].header_field_dist_ram                     |    <0.001 |
|                 byte_wide_ram[2].header_compare_dist_ram                   |    <0.001 |
|                 byte_wide_ram[2].header_field_dist_ram                     |    <0.001 |
|                 byte_wide_ram[3].header_compare_dist_ram                   |    <0.001 |
|                 byte_wide_ram[3].header_field_dist_ram                     |    <0.001 |
|                 byte_wide_ram[4].header_compare_dist_ram                   |    <0.001 |
|                 byte_wide_ram[4].header_field_dist_ram                     |    <0.001 |
|                 byte_wide_ram[5].header_compare_dist_ram                   |    <0.001 |
|                 byte_wide_ram[5].header_field_dist_ram                     |    <0.001 |
|                 byte_wide_ram[6].header_compare_dist_ram                   |    <0.001 |
|                 byte_wide_ram[6].header_field_dist_ram                     |    <0.001 |
|                 byte_wide_ram[7].header_compare_dist_ram                   |    <0.001 |
|                 byte_wide_ram[7].header_field_dist_ram                     |    <0.001 |
|               address_filters[0].configurable_addresses                    |    <0.001 |
|                 byte_wide_ram[0].header_compare_dist_ram                   |    <0.001 |
|                 byte_wide_ram[0].header_field_dist_ram                     |    <0.001 |
|                 byte_wide_ram[1].header_compare_dist_ram                   |    <0.001 |
|                 byte_wide_ram[1].header_field_dist_ram                     |    <0.001 |
|                 byte_wide_ram[2].header_compare_dist_ram                   |    <0.001 |
|                 byte_wide_ram[2].header_field_dist_ram                     |    <0.001 |
|                 byte_wide_ram[3].header_compare_dist_ram                   |    <0.001 |
|                 byte_wide_ram[3].header_field_dist_ram                     |    <0.001 |
|                 byte_wide_ram[4].header_compare_dist_ram                   |    <0.001 |
|                 byte_wide_ram[4].header_field_dist_ram                     |    <0.001 |
|                 byte_wide_ram[5].header_compare_dist_ram                   |    <0.001 |
|                 byte_wide_ram[5].header_field_dist_ram                     |    <0.001 |
|                 byte_wide_ram[6].header_compare_dist_ram                   |    <0.001 |
|                 byte_wide_ram[6].header_field_dist_ram                     |    <0.001 |
|                 byte_wide_ram[7].header_compare_dist_ram                   |    <0.001 |
|                 byte_wide_ram[7].header_field_dist_ram                     |    <0.001 |
|               address_filters[0].sync_enable                               |    <0.001 |
|               address_filters[1].configurable_addresses                    |    <0.001 |
|                 byte_wide_ram[0].header_compare_dist_ram                   |    <0.001 |
|                 byte_wide_ram[0].header_field_dist_ram                     |    <0.001 |
|                 byte_wide_ram[1].header_compare_dist_ram                   |    <0.001 |
|                 byte_wide_ram[1].header_field_dist_ram                     |    <0.001 |
|                 byte_wide_ram[2].header_compare_dist_ram                   |    <0.001 |
|                 byte_wide_ram[2].header_field_dist_ram                     |    <0.001 |
|                 byte_wide_ram[3].header_compare_dist_ram                   |    <0.001 |
|                 byte_wide_ram[3].header_field_dist_ram                     |    <0.001 |
|                 byte_wide_ram[4].header_compare_dist_ram                   |    <0.001 |
|                 byte_wide_ram[4].header_field_dist_ram                     |    <0.001 |
|                 byte_wide_ram[5].header_compare_dist_ram                   |    <0.001 |
|                 byte_wide_ram[5].header_field_dist_ram                     |    <0.001 |
|                 byte_wide_ram[6].header_compare_dist_ram                   |    <0.001 |
|                 byte_wide_ram[6].header_field_dist_ram                     |    <0.001 |
|                 byte_wide_ram[7].header_compare_dist_ram                   |    <0.001 |
|                 byte_wide_ram[7].header_field_dist_ram                     |    <0.001 |
|               address_filters[1].sync_enable                               |    <0.001 |
|               address_filters[2].configurable_addresses                    |    <0.001 |
|                 byte_wide_ram[0].header_compare_dist_ram                   |    <0.001 |
|                 byte_wide_ram[0].header_field_dist_ram                     |    <0.001 |
|                 byte_wide_ram[1].header_compare_dist_ram                   |    <0.001 |
|                 byte_wide_ram[1].header_field_dist_ram                     |    <0.001 |
|                 byte_wide_ram[2].header_compare_dist_ram                   |    <0.001 |
|                 byte_wide_ram[2].header_field_dist_ram                     |    <0.001 |
|                 byte_wide_ram[3].header_compare_dist_ram                   |    <0.001 |
|                 byte_wide_ram[3].header_field_dist_ram                     |    <0.001 |
|                 byte_wide_ram[4].header_compare_dist_ram                   |    <0.001 |
|                 byte_wide_ram[4].header_field_dist_ram                     |    <0.001 |
|                 byte_wide_ram[5].header_compare_dist_ram                   |    <0.001 |
|                 byte_wide_ram[5].header_field_dist_ram                     |    <0.001 |
|                 byte_wide_ram[6].header_compare_dist_ram                   |    <0.001 |
|                 byte_wide_ram[6].header_field_dist_ram                     |    <0.001 |
|                 byte_wide_ram[7].header_compare_dist_ram                   |    <0.001 |
|                 byte_wide_ram[7].header_field_dist_ram                     |    <0.001 |
|               address_filters[2].sync_enable                               |    <0.001 |
|               address_filters[3].configurable_addresses                    |    <0.001 |
|                 byte_wide_ram[0].header_compare_dist_ram                   |    <0.001 |
|                 byte_wide_ram[0].header_field_dist_ram                     |    <0.001 |
|                 byte_wide_ram[1].header_compare_dist_ram                   |    <0.001 |
|                 byte_wide_ram[1].header_field_dist_ram                     |    <0.001 |
|                 byte_wide_ram[2].header_compare_dist_ram                   |    <0.001 |
|                 byte_wide_ram[2].header_field_dist_ram                     |    <0.001 |
|                 byte_wide_ram[3].header_compare_dist_ram                   |    <0.001 |
|                 byte_wide_ram[3].header_field_dist_ram                     |    <0.001 |
|                 byte_wide_ram[4].header_compare_dist_ram                   |    <0.001 |
|                 byte_wide_ram[4].header_field_dist_ram                     |    <0.001 |
|                 byte_wide_ram[5].header_compare_dist_ram                   |    <0.001 |
|                 byte_wide_ram[5].header_field_dist_ram                     |    <0.001 |
|                 byte_wide_ram[6].header_compare_dist_ram                   |    <0.001 |
|                 byte_wide_ram[6].header_field_dist_ram                     |    <0.001 |
|                 byte_wide_ram[7].header_compare_dist_ram                   |    <0.001 |
|                 byte_wide_ram[7].header_field_dist_ram                     |    <0.001 |
|               address_filters[3].sync_enable                               |    <0.001 |
|               byte_wide_ram[0].header_field_dist_ram                       |    <0.001 |
|               byte_wide_ram[1].header_field_dist_ram                       |    <0.001 |
|               byte_wide_ram[2].header_field_dist_ram                       |    <0.001 |
|               byte_wide_ram[3].header_field_dist_ram                       |    <0.001 |
|               byte_wide_ram[4].header_field_dist_ram                       |    <0.001 |
|               byte_wide_ram[5].header_field_dist_ram                       |    <0.001 |
|               byte_wide_ram[6].header_field_dist_ram                       |    <0.001 |
|               byte_wide_ram[7].header_field_dist_ram                       |    <0.001 |
|               resync_promiscuous_mode                                      |    <0.001 |
|               sync_update                                                  |    <0.001 |
|           flow                                                             |     0.002 |
|             pfc_tx                                                         |    <0.001 |
|             rx                                                             |    <0.001 |
|             rx_pause                                                       |    <0.001 |
|             sync_rx_enable                                                 |    <0.001 |
|             sync_tx_enable                                                 |    <0.001 |
|             tx                                                             |    <0.001 |
|             tx_pause                                                       |    <0.001 |
|               sync_good_rx                                                 |    <0.001 |
|           gmii_mii_rx_gen                                                  |    <0.001 |
|           gmii_mii_tx_gen                                                  |    <0.001 |
|           intc_control.intc                                                |    <0.001 |
|             gen_sync[0].sync_request                                       |    <0.001 |
|           ipic_mux_inst                                                    |    <0.001 |
|           man_block.managen                                                |     0.002 |
|             conf                                                           |     0.001 |
|             mdio_enabled.phy                                               |    <0.001 |
|           man_reset.sync_bus2ip_reset_bus2ip_clk                           |    <0.001 |
|           man_reset.sync_glbl_rstn_bus2ip_clk                              |    <0.001 |
|           no_avb_tx_axi_intf.tx_axi_shim                                   |     0.002 |
|           rx_axi_shim                                                      |    <0.001 |
|           rxgen                                                            |     0.003 |
|             CONFIG_SELECT.CALCULATE_CRC2                                   |    <0.001 |
|               CRC1                                                         |    <0.001 |
|               CRC2                                                         |    <0.001 |
|               CRC3                                                         |    <0.001 |
|               CRC4                                                         |    <0.001 |
|               CRC5                                                         |    <0.001 |
|             CONFIG_SELECT.SPEED_0_SYNC                                     |    <0.001 |
|             CONFIG_SELECT.SPEED_1_SYNC                                     |    <0.001 |
|             FCS_CHECK                                                      |    <0.001 |
|             FRAME_CHECKER                                                  |    <0.001 |
|             FRAME_DECODER                                                  |    <0.001 |
|             RX_SM                                                          |    <0.001 |
|           stats_block.statistics_counters                                  |     0.011 |
|             fast_statistic_control[0].fast_statistics                      |    <0.001 |
|               sync_inc_vector                                              |    <0.001 |
|             fast_statistic_control[1].fast_statistics                      |    <0.001 |
|               sync_inc_vector                                              |    <0.001 |
|             fast_statistic_control[2].fast_statistics                      |    <0.001 |
|               sync_inc_vector                                              |    <0.001 |
|             fast_statistic_control[3].fast_statistics                      |    <0.001 |
|               sync_inc_vector                                              |    <0.001 |
|             frame_size_bin_control1[10].frame_size_stats1                  |    <0.001 |
|               sync_inc_vector                                              |    <0.001 |
|             frame_size_bin_control1[4].frame_size_stats1                   |    <0.001 |
|               sync_inc_vector                                              |    <0.001 |
|             frame_size_bin_control1[5].frame_size_stats1                   |    <0.001 |
|               sync_inc_vector                                              |    <0.001 |
|             frame_size_bin_control1[6].frame_size_stats1                   |    <0.001 |
|               sync_inc_vector                                              |    <0.001 |
|             frame_size_bin_control1[7].frame_size_stats1                   |    <0.001 |
|               sync_inc_vector                                              |    <0.001 |
|             frame_size_bin_control1[8].frame_size_stats1                   |    <0.001 |
|               sync_inc_vector                                              |    <0.001 |
|             frame_size_bin_control1[9].frame_size_stats1                   |    <0.001 |
|               sync_inc_vector                                              |    <0.001 |
|             frame_size_bin_control2[11].frame_size_stats2                  |    <0.001 |
|               sync_inc_vector                                              |    <0.001 |
|             frame_size_bin_control2[12].frame_size_stats2                  |    <0.001 |
|               sync_inc_vector                                              |    <0.001 |
|             frame_size_bin_control2[13].frame_size_stats2                  |    <0.001 |
|               sync_inc_vector                                              |    <0.001 |
|             frame_size_bin_control2[14].frame_size_stats2                  |    <0.001 |
|               sync_inc_vector                                              |    <0.001 |
|             frame_size_bin_control2[15].frame_size_stats2                  |    <0.001 |
|               sync_inc_vector                                              |    <0.001 |
|             frame_size_bin_control2[16].frame_size_stats2                  |    <0.001 |
|               sync_inc_vector                                              |    <0.001 |
|             frame_size_bin_control2[17].frame_size_stats2                  |    <0.001 |
|               sync_inc_vector                                              |    <0.001 |
|             gen_distributed_mem[0].RAM64X1D_inst                           |    <0.001 |
|             gen_distributed_mem[10].RAM64X1D_inst                          |    <0.001 |
|             gen_distributed_mem[11].RAM64X1D_inst                          |    <0.001 |
|             gen_distributed_mem[12].RAM64X1D_inst                          |    <0.001 |
|             gen_distributed_mem[13].RAM64X1D_inst                          |    <0.001 |
|             gen_distributed_mem[14].RAM64X1D_inst                          |    <0.001 |
|             gen_distributed_mem[15].RAM64X1D_inst                          |    <0.001 |
|             gen_distributed_mem[16].RAM64X1D_inst                          |    <0.001 |
|             gen_distributed_mem[17].RAM64X1D_inst                          |    <0.001 |
|             gen_distributed_mem[18].RAM64X1D_inst                          |    <0.001 |
|             gen_distributed_mem[19].RAM64X1D_inst                          |    <0.001 |
|             gen_distributed_mem[1].RAM64X1D_inst                           |    <0.001 |
|             gen_distributed_mem[20].RAM64X1D_inst                          |    <0.001 |
|             gen_distributed_mem[21].RAM64X1D_inst                          |    <0.001 |
|             gen_distributed_mem[22].RAM64X1D_inst                          |    <0.001 |
|             gen_distributed_mem[23].RAM64X1D_inst                          |    <0.001 |
|             gen_distributed_mem[24].RAM64X1D_inst                          |    <0.001 |
|             gen_distributed_mem[25].RAM64X1D_inst                          |    <0.001 |
|             gen_distributed_mem[26].RAM64X1D_inst                          |    <0.001 |
|             gen_distributed_mem[27].RAM64X1D_inst                          |    <0.001 |
|             gen_distributed_mem[28].RAM64X1D_inst                          |    <0.001 |
|             gen_distributed_mem[29].RAM64X1D_inst                          |    <0.001 |
|             gen_distributed_mem[2].RAM64X1D_inst                           |    <0.001 |
|             gen_distributed_mem[30].RAM64X1D_inst                          |    <0.001 |
|             gen_distributed_mem[31].RAM64X1D_inst                          |    <0.001 |
|             gen_distributed_mem[32].RAM64X1D_inst                          |    <0.001 |
|             gen_distributed_mem[33].RAM64X1D_inst                          |    <0.001 |
|             gen_distributed_mem[34].RAM64X1D_inst                          |    <0.001 |
|             gen_distributed_mem[35].RAM64X1D_inst                          |    <0.001 |
|             gen_distributed_mem[36].RAM64X1D_inst                          |    <0.001 |
|             gen_distributed_mem[37].RAM64X1D_inst                          |    <0.001 |
|             gen_distributed_mem[38].RAM64X1D_inst                          |    <0.001 |
|             gen_distributed_mem[39].RAM64X1D_inst                          |    <0.001 |
|             gen_distributed_mem[3].RAM64X1D_inst                           |    <0.001 |
|             gen_distributed_mem[40].RAM64X1D_inst                          |    <0.001 |
|             gen_distributed_mem[41].RAM64X1D_inst                          |    <0.001 |
|             gen_distributed_mem[42].RAM64X1D_inst                          |    <0.001 |
|             gen_distributed_mem[43].RAM64X1D_inst                          |    <0.001 |
|             gen_distributed_mem[44].RAM64X1D_inst                          |    <0.001 |
|             gen_distributed_mem[45].RAM64X1D_inst                          |    <0.001 |
|             gen_distributed_mem[46].RAM64X1D_inst                          |    <0.001 |
|             gen_distributed_mem[47].RAM64X1D_inst                          |    <0.001 |
|             gen_distributed_mem[48].RAM64X1D_inst                          |    <0.001 |
|             gen_distributed_mem[49].RAM64X1D_inst                          |    <0.001 |
|             gen_distributed_mem[4].RAM64X1D_inst                           |    <0.001 |
|             gen_distributed_mem[50].RAM64X1D_inst                          |    <0.001 |
|             gen_distributed_mem[51].RAM64X1D_inst                          |    <0.001 |
|             gen_distributed_mem[52].RAM64X1D_inst                          |    <0.001 |
|             gen_distributed_mem[53].RAM64X1D_inst                          |    <0.001 |
|             gen_distributed_mem[54].RAM64X1D_inst                          |    <0.001 |
|             gen_distributed_mem[55].RAM64X1D_inst                          |    <0.001 |
|             gen_distributed_mem[56].RAM64X1D_inst                          |    <0.001 |
|             gen_distributed_mem[57].RAM64X1D_inst                          |    <0.001 |
|             gen_distributed_mem[58].RAM64X1D_inst                          |    <0.001 |
|             gen_distributed_mem[59].RAM64X1D_inst                          |    <0.001 |
|             gen_distributed_mem[5].RAM64X1D_inst                           |    <0.001 |
|             gen_distributed_mem[60].RAM64X1D_inst                          |    <0.001 |
|             gen_distributed_mem[61].RAM64X1D_inst                          |    <0.001 |
|             gen_distributed_mem[62].RAM64X1D_inst                          |    <0.001 |
|             gen_distributed_mem[63].RAM64X1D_inst                          |    <0.001 |
|             gen_distributed_mem[6].RAM64X1D_inst                           |    <0.001 |
|             gen_distributed_mem[7].RAM64X1D_inst                           |    <0.001 |
|             gen_distributed_mem[8].RAM64X1D_inst                           |    <0.001 |
|             gen_distributed_mem[9].RAM64X1D_inst                           |    <0.001 |
|             gen_distributed_parity[0].RAM64X1D_inst                        |    <0.001 |
|             gen_distributed_parity[1].RAM64X1D_inst                        |    <0.001 |
|             gen_distributed_parity[2].RAM64X1D_inst                        |    <0.001 |
|             gen_distributed_parity[3].RAM64X1D_inst                        |    <0.001 |
|             gen_distributed_parity[4].RAM64X1D_inst                        |    <0.001 |
|             gen_distributed_parity[5].RAM64X1D_inst                        |    <0.001 |
|             gen_distributed_parity[6].RAM64X1D_inst                        |    <0.001 |
|             gen_distributed_parity[7].RAM64X1D_inst                        |    <0.001 |
|             general_statisic_control[18].general_statisics                 |    <0.001 |
|               sync_inc_vector                                              |    <0.001 |
|             general_statisic_control[19].general_statisics                 |    <0.001 |
|               sync_inc_vector                                              |    <0.001 |
|             general_statisic_control[20].general_statisics                 |    <0.001 |
|               sync_inc_vector                                              |    <0.001 |
|             general_statisic_control[21].general_statisics                 |    <0.001 |
|               sync_inc_vector                                              |    <0.001 |
|             general_statisic_control[22].general_statisics                 |    <0.001 |
|               sync_inc_vector                                              |    <0.001 |
|             general_statisic_control[23].general_statisics                 |    <0.001 |
|               sync_inc_vector                                              |    <0.001 |
|             general_statisic_control[24].general_statisics                 |    <0.001 |
|               sync_inc_vector                                              |    <0.001 |
|             general_statisic_control[25].general_statisics                 |    <0.001 |
|               sync_inc_vector                                              |    <0.001 |
|             general_statisic_control[26].general_statisics                 |    <0.001 |
|               sync_inc_vector                                              |    <0.001 |
|             general_statisic_control[27].general_statisics                 |    <0.001 |
|               sync_inc_vector                                              |    <0.001 |
|             general_statisic_control[28].general_statisics                 |    <0.001 |
|               sync_inc_vector                                              |    <0.001 |
|             general_statisic_control[29].general_statisics                 |    <0.001 |
|               sync_inc_vector                                              |    <0.001 |
|             general_statisic_control[30].general_statisics                 |    <0.001 |
|               sync_inc_vector                                              |    <0.001 |
|             general_statisic_control[31].general_statisics                 |    <0.001 |
|               sync_inc_vector                                              |    <0.001 |
|             general_statisic_control[32].general_statisics                 |    <0.001 |
|               sync_inc_vector                                              |    <0.001 |
|             general_statisic_control[33].general_statisics                 |    <0.001 |
|               sync_inc_vector                                              |    <0.001 |
|             rx_byte_counter                                                |    <0.001 |
|               SYNC_STATS_RESET                                             |    <0.001 |
|               accum_gray_resync[0].sync_accum_gray_i                       |    <0.001 |
|               accum_gray_resync[1].sync_accum_gray_i                       |    <0.001 |
|               accum_gray_resync[2].sync_accum_gray_i                       |    <0.001 |
|               accum_gray_resync[3].sync_accum_gray_i                       |    <0.001 |
|               accum_gray_resync[4].sync_accum_gray_i                       |    <0.001 |
|               accum_gray_resync[5].sync_accum_gray_i                       |    <0.001 |
|               accum_gray_resync[6].sync_accum_gray_i                       |    <0.001 |
|               accum_gray_resync[7].sync_accum_gray_i                       |    <0.001 |
|             rx_fragment_counter                                            |    <0.001 |
|               SYNC_STATS_RESET                                             |    <0.001 |
|               accum_gray_resync[0].sync_accum_gray_i                       |    <0.001 |
|               accum_gray_resync[1].sync_accum_gray_i                       |    <0.001 |
|               accum_gray_resync[2].sync_accum_gray_i                       |    <0.001 |
|               accum_gray_resync[3].sync_accum_gray_i                       |    <0.001 |
|               accum_gray_resync[4].sync_accum_gray_i                       |    <0.001 |
|               accum_gray_resync[5].sync_accum_gray_i                       |    <0.001 |
|               accum_gray_resync[6].sync_accum_gray_i                       |    <0.001 |
|               accum_gray_resync[7].sync_accum_gray_i                       |    <0.001 |
|             rx_undersized_counter                                          |    <0.001 |
|               SYNC_STATS_RESET                                             |    <0.001 |
|               accum_gray_resync[0].sync_accum_gray_i                       |    <0.001 |
|               accum_gray_resync[1].sync_accum_gray_i                       |    <0.001 |
|               accum_gray_resync[2].sync_accum_gray_i                       |    <0.001 |
|               accum_gray_resync[3].sync_accum_gray_i                       |    <0.001 |
|               accum_gray_resync[4].sync_accum_gray_i                       |    <0.001 |
|               accum_gray_resync[5].sync_accum_gray_i                       |    <0.001 |
|               accum_gray_resync[6].sync_accum_gray_i                       |    <0.001 |
|               accum_gray_resync[7].sync_accum_gray_i                       |    <0.001 |
|             sync_request                                                   |    <0.001 |
|             sync_response                                                  |    <0.001 |
|             tx_byte_counter                                                |    <0.001 |
|               SYNC_STATS_RESET                                             |    <0.001 |
|               accum_gray_resync[0].sync_accum_gray_i                       |    <0.001 |
|               accum_gray_resync[1].sync_accum_gray_i                       |    <0.001 |
|               accum_gray_resync[2].sync_accum_gray_i                       |    <0.001 |
|               accum_gray_resync[3].sync_accum_gray_i                       |    <0.001 |
|               accum_gray_resync[4].sync_accum_gray_i                       |    <0.001 |
|               accum_gray_resync[5].sync_accum_gray_i                       |    <0.001 |
|               accum_gray_resync[6].sync_accum_gray_i                       |    <0.001 |
|               accum_gray_resync[7].sync_accum_gray_i                       |    <0.001 |
|           sync_axi_rx_rstn_rx_clk                                          |    <0.001 |
|           sync_glbl_rstn_rx_clk                                            |    <0.001 |
|           sync_glbl_rstn_tx_clk                                            |    <0.001 |
|           sync_int_rx_rst_mgmt_rx_clk                                      |    <0.001 |
|           sync_int_tx_rst_mgmt_tx_clk                                      |    <0.001 |
|           sync_stats_reset                                                 |    <0.001 |
|           sync_tx_axi_rstn_tx_clk                                          |    <0.001 |
|           txgen                                                            |     0.002 |
|             CONFIG_SELECT.CRCGEN2                                          |    <0.001 |
|               CRC1                                                         |    <0.001 |
|               CRC2                                                         |    <0.001 |
|               CRC3                                                         |    <0.001 |
|               CRC4                                                         |    <0.001 |
|               CRC5                                                         |    <0.001 |
|             CONFIG_SELECT.SPEED_0_SYNC                                     |    <0.001 |
|             CONFIG_SELECT.SPEED_1_SYNC                                     |    <0.001 |
|             TX_SM1                                                         |     0.002 |
|               CRCGEN                                                       |    <0.001 |
|         tx_reset90_sync                                                    |    <0.001 |
|         vector_decode_inst                                                 |    <0.001 |
|       tri_mode_ethernet_mac_support_clocking_i                             |     0.087 |
|       tri_mode_ethernet_mac_support_resets_i                               |     0.002 |
|         gtx_mmcm_reset_gen                                                 |    <0.001 |
|         idelayctrl_reset_gen                                               |    <0.001 |
|         lock_sync                                                          |    <0.001 |
|   axi_lite_controller                                                      |     0.002 |
|     update_speed_sync_inst                                                 |    <0.001 |
|   bridge_inst                                                              |     0.007 |
|     rx_fifo_inst                                                           |     0.001 |
|     tx_fifo_inst                                                           |     0.006 |
|       queue_reg_0_63_0_2                                                   |    <0.001 |
|       queue_reg_0_63_3_5                                                   |    <0.001 |
|       queue_reg_0_63_6_8                                                   |    <0.001 |
|       queue_reg_0_63_9_9                                                   |    <0.001 |
|       queue_reg_128_191_0_2                                                |    <0.001 |
|       queue_reg_128_191_3_5                                                |    <0.001 |
|       queue_reg_128_191_6_8                                                |    <0.001 |
|       queue_reg_128_191_9_9                                                |    <0.001 |
|       queue_reg_192_255_0_2                                                |    <0.001 |
|       queue_reg_192_255_3_5                                                |    <0.001 |
|       queue_reg_192_255_6_8                                                |    <0.001 |
|       queue_reg_192_255_9_9                                                |    <0.001 |
|       queue_reg_256_319_0_2                                                |    <0.001 |
|       queue_reg_256_319_3_5                                                |    <0.001 |
|       queue_reg_256_319_6_8                                                |    <0.001 |
|       queue_reg_256_319_9_9                                                |    <0.001 |
|       queue_reg_320_383_0_2                                                |    <0.001 |
|       queue_reg_320_383_3_5                                                |    <0.001 |
|       queue_reg_320_383_6_8                                                |    <0.001 |
|       queue_reg_320_383_9_9                                                |    <0.001 |
|       queue_reg_384_447_0_2                                                |    <0.001 |
|       queue_reg_384_447_3_5                                                |    <0.001 |
|       queue_reg_384_447_6_8                                                |    <0.001 |
|       queue_reg_384_447_9_9                                                |    <0.001 |
|       queue_reg_448_511_0_2                                                |    <0.001 |
|       queue_reg_448_511_3_5                                                |    <0.001 |
|       queue_reg_448_511_6_8                                                |    <0.001 |
|       queue_reg_448_511_9_9                                                |    <0.001 |
|       queue_reg_512_575_0_2                                                |    <0.001 |
|       queue_reg_512_575_3_5                                                |    <0.001 |
|       queue_reg_512_575_6_8                                                |    <0.001 |
|       queue_reg_512_575_9_9                                                |    <0.001 |
|       queue_reg_576_639_0_2                                                |    <0.001 |
|       queue_reg_576_639_3_5                                                |    <0.001 |
|       queue_reg_576_639_6_8                                                |    <0.001 |
|       queue_reg_576_639_9_9                                                |    <0.001 |
|       queue_reg_640_703_0_2                                                |    <0.001 |
|       queue_reg_640_703_3_5                                                |    <0.001 |
|       queue_reg_640_703_6_8                                                |    <0.001 |
|       queue_reg_640_703_9_9                                                |    <0.001 |
|       queue_reg_64_127_0_2                                                 |    <0.001 |
|       queue_reg_64_127_3_5                                                 |    <0.001 |
|       queue_reg_64_127_6_8                                                 |    <0.001 |
|       queue_reg_64_127_9_9                                                 |    <0.001 |
|       queue_reg_704_767_0_2                                                |    <0.001 |
|       queue_reg_704_767_3_5                                                |    <0.001 |
|       queue_reg_704_767_6_8                                                |    <0.001 |
|       queue_reg_704_767_9_9                                                |    <0.001 |
|       queue_reg_768_831_0_2                                                |    <0.001 |
|       queue_reg_768_831_3_5                                                |    <0.001 |
|       queue_reg_768_831_6_8                                                |    <0.001 |
|       queue_reg_768_831_9_9                                                |    <0.001 |
|       queue_reg_832_895_0_2                                                |    <0.001 |
|       queue_reg_832_895_3_5                                                |    <0.001 |
|       queue_reg_832_895_6_8                                                |    <0.001 |
|       queue_reg_832_895_9_9                                                |    <0.001 |
|       queue_reg_896_959_0_2                                                |    <0.001 |
|       queue_reg_896_959_3_5                                                |    <0.001 |
|       queue_reg_896_959_6_8                                                |    <0.001 |
|       queue_reg_896_959_9_9                                                |    <0.001 |
|       queue_reg_960_1023_0_2                                               |    <0.001 |
|       queue_reg_960_1023_3_5                                               |    <0.001 |
|       queue_reg_960_1023_6_8                                               |    <0.001 |
|       queue_reg_960_1023_9_9                                               |    <0.001 |
|   example_clocks                                                           |     0.114 |
|     clock_generator                                                        |     0.109 |
|     lock_sync                                                              |    <0.001 |
|     mmcm_reset_gen                                                         |    <0.001 |
|   example_resets                                                           |    <0.001 |
|     axi_lite_reset_gen                                                     |    <0.001 |
|     chk_reset_gen                                                          |    <0.001 |
|     dcm_sync                                                               |    <0.001 |
|     glbl_reset_gen                                                         |    <0.001 |
|     gtx_reset_gen                                                          |    <0.001 |
|   loopback_module                                                          |     0.003 |
|     loopback_Daemon_auto_run                                               |    <0.001 |
|     loopback_Daemon_instance                                               |     0.003 |
|       data_path.InportGroup_0.rx_pipe_read_0                               |     0.003 |
|         ProTx[0].ulreg                                                     |     0.003 |
|       data_path.OutportGroup_0.tx_pipe_write_0                             |    <0.001 |
|         BufGen[0].rxB                                                      |    <0.001 |
|       in_buffer                                                            |    <0.001 |
|         NotRevisedCase.ShallowCase.ulReg                                   |    <0.001 |
|       in_buffer_unload_req_symbol_join.gj_in_buffer_unload_req_symbol_join |    <0.001 |
|         placegen[1].placeBlock.pI                                          |    <0.001 |
|         placegen[2].placeBlock.pI                                          |    <0.001 |
|   rx_stats_sync                                                            |    <0.001 |
|   tx_stats_sync                                                            |    <0.001 |
+----------------------------------------------------------------------------+-----------+


