rm -rf .linked
mkdir .linked
AaLinkExtMem ./src/decls.aa ./src/pipes.aa ./src/signals.aa ./src/control.aa ./src/general_utils.aa ./src/memory_utils.aa ./src/queue_utils.aa ./src/register_utils.aa ./src/rx_from_mac.aa | vcFormat > .linked/rx_from_mac.linked.aa
Info:  AaLinkExtMem built on AHIR commit 9bab90d2fbfa70d45ed410df32fc7e6e35726f14
Info:     Date: Mon Feb 1 17:21:43 2021 +0530
Info: finished parsing file ./src/decls.aa
Info: parsed and added pipe NIC_TO_MEMORY_REQUEST width = 110 depth = 2
Info: parsed and added pipe MEMORY_TO_NIC_RESPONSE width = 65 depth = 2
Info: parsed and added pipe AFB_NIC_REQUEST width = 74 depth = 2
Info: parsed and added pipe AFB_NIC_RESPONSE width = 33 depth = 2
Info: parsed and added pipe NIC_REQUEST_REGISTER_ACCESS_PIPE width = 43 depth = 2
Info: parsed and added pipe NIC_RESPONSE_REGISTER_ACCESS_PIPE width = 33 depth = 2
Info: parsed and added pipe mac_to_nic_data width = 73 depth = 2
Info: parsed and added pipe nic_rx_to_header width = 73 depth = 2
Info: parsed and added pipe nic_rx_to_packet width = 73 depth = 2
Info: parsed and added pipe nic_to_mac_transmit_pipe width = 73 depth = 2
Info: finished parsing file ./src/pipes.aa
Info: parsed and added pipe LAST_WRITTEN_RX_QUEUE_INDEX width = 6 depth = 1
Info: parsed and added pipe LAST_READ_TX_QUEUE_INDEX width = 6 depth = 1
Info: parsed and added pipe FREE_Q width = 36 depth = 1
Info: parsed and added pipe CONTROL_REGISTER width = 32 depth = 1
Info: parsed and added pipe NUMBER_OF_SERVERS width = 32 depth = 1
Info: finished parsing file ./src/signals.aa
Info: finished parsing file ./src/control.aa
Info: Added module delay_time
Info: finished parsing file ./src/general_utils.aa
Info: Added module accessMemory
Info: finished parsing file ./src/memory_utils.aa
Info: Added module popFromQueue
Info: Added module pushIntoQueue
Info: Added module acquireMutex
Info: Added module releaseMutex
Info: Added module getQueuePointers
Info: Added module setQueuePointers
Info: Added module getQueueElement
Info: Added module setQueueElement
Info: finished parsing file ./src/queue_utils.aa
Info: Added module AccessRegister
Info: finished parsing file ./src/register_utils.aa
Info: Added module nicRxFromMacDaemon
Info: Added module nextLSTATE
Info: finished parsing file ./src/rx_from_mac.aa
Info: Added module global_storage_initializer_
Info: elaborating the program .... initializing the call-graph
Info: mapping target object references..
Warning: operator module has volatile update of interface object delay_done :line 15
Info: mapping source object references..
Info: checking for cycles in the call-graph ... 
Info: module order:
	AccessRegister
	accessMemory
	acquireMutex
	delay_time
	getQueueElement
	getQueuePointers
	global_storage_initializer_
	nextLSTATE
	nicRxFromMacDaemon
	setQueuePointers
	releaseMutex
	popFromQueue
	setQueueElement
	pushIntoQueue
Info: marking modules reachable from root-modules ... 
Info: module AccessRegister is reachable from a specified root module.
Info: module accessMemory is reachable from a specified root module.
Info: module acquireMutex is reachable from a specified root module.
Info: module delay_time is reachable from a specified root module.
Info: module getQueueElement is reachable from a specified root module.
Info: module getQueuePointers is reachable from a specified root module.
Info: module global_storage_initializer_ is reachable from a specified root module.
Info: module nextLSTATE is reachable from a specified root module.
Info: module nicRxFromMacDaemon is reachable from a specified root module.
Info: module popFromQueue is reachable from a specified root module.
Info: module releaseMutex is reachable from a specified root module.
Info: module setQueuePointers is reachable from a specified root module.
Info: module pushIntoQueue is reachable from a specified root module.
Info: module setQueueElement is reachable from a specified root module.
Info: propagating types in the program ... 
Info: coalescing storage into distinct memory spaces ... 
Info: Marking foreign pointers in modules which are not called from the program
Info: Coalescing storage from native objects..
Info: Finished coalescing storage.. identified 0 disjoint memory space(s)
Info: propagating constants in the program ... 
AaLinkExtMem ./src/decls.aa ./src/pipes.aa ./src/signals.aa ./src/control.aa ./src/general_utils.aa ./src/memory_utils.aa ./src/queue_utils.aa ./src/register_utils.aa ./src/receive_engine.aa | vcFormat > .linked/receive_engine.linked.aa
Info:  AaLinkExtMem built on AHIR commit 9bab90d2fbfa70d45ed410df32fc7e6e35726f14
Info:     Date: Mon Feb 1 17:21:43 2021 +0530
Info: finished parsing file ./src/decls.aa
Info: parsed and added pipe NIC_TO_MEMORY_REQUEST width = 110 depth = 2
Info: parsed and added pipe MEMORY_TO_NIC_RESPONSE width = 65 depth = 2
Info: parsed and added pipe AFB_NIC_REQUEST width = 74 depth = 2
Info: parsed and added pipe AFB_NIC_RESPONSE width = 33 depth = 2
Info: parsed and added pipe NIC_REQUEST_REGISTER_ACCESS_PIPE width = 43 depth = 2
Info: parsed and added pipe NIC_RESPONSE_REGISTER_ACCESS_PIPE width = 33 depth = 2
Info: parsed and added pipe mac_to_nic_data width = 73 depth = 2
Info: parsed and added pipe nic_rx_to_header width = 73 depth = 2
Info: parsed and added pipe nic_rx_to_packet width = 73 depth = 2
Info: parsed and added pipe nic_to_mac_transmit_pipe width = 73 depth = 2
Info: finished parsing file ./src/pipes.aa
Info: parsed and added pipe LAST_WRITTEN_RX_QUEUE_INDEX width = 6 depth = 1
Info: parsed and added pipe LAST_READ_TX_QUEUE_INDEX width = 6 depth = 1
Info: parsed and added pipe FREE_Q width = 36 depth = 1
Info: parsed and added pipe CONTROL_REGISTER width = 32 depth = 1
Info: parsed and added pipe NUMBER_OF_SERVERS width = 32 depth = 1
Info: finished parsing file ./src/signals.aa
Info: finished parsing file ./src/control.aa
Info: Added module delay_time
Info: finished parsing file ./src/general_utils.aa
Info: Added module accessMemory
Info: finished parsing file ./src/memory_utils.aa
Info: Added module popFromQueue
Info: Added module pushIntoQueue
Info: Added module acquireMutex
Info: Added module releaseMutex
Info: Added module getQueuePointers
Info: Added module setQueuePointers
Info: Added module getQueueElement
Info: Added module setQueueElement
Info: finished parsing file ./src/queue_utils.aa
Info: Added module AccessRegister
Info: finished parsing file ./src/register_utils.aa
Info: Added module ReceiveEngineDaemon
Info: Added module loadBuffer
Info: Added module writeEthernetHeaderToMem
Info: Added module writePayloadToMem
Info: Added module writeControlInformationToMem
Info: Added module populateRxQueue
Info: finished parsing file ./src/receive_engine.aa
Info: Added module global_storage_initializer_
Info: elaborating the program .... initializing the call-graph
Info: mapping target object references..
Warning: operator module has volatile update of interface object delay_done :line 15
Warning: target of a PHI statement is an interface object! :line 113
Info: mapping source object references..
Info: checking for cycles in the call-graph ... 
Info: module order:
	AccessRegister
	accessMemory
	acquireMutex
	getQueuePointers
	getQueueElement
	setQueuePointers
	releaseMutex
	popFromQueue
	writeEthernetHeaderToMem
	writePayloadToMem
	writeControlInformationToMem
	loadBuffer
	setQueueElement
	pushIntoQueue
	delay_time
	populateRxQueue
	ReceiveEngineDaemon
	global_storage_initializer_
Info: marking modules reachable from root-modules ... 
Info: module AccessRegister is reachable from a specified root module.
Info: module ReceiveEngineDaemon is reachable from a specified root module.
Info: module popFromQueue is reachable from a specified root module.
Info: module acquireMutex is reachable from a specified root module.
Info: module accessMemory is reachable from a specified root module.
Info: module releaseMutex is reachable from a specified root module.
Info: module getQueuePointers is reachable from a specified root module.
Info: module setQueuePointers is reachable from a specified root module.
Info: module getQueueElement is reachable from a specified root module.
Info: module pushIntoQueue is reachable from a specified root module.
Info: module setQueueElement is reachable from a specified root module.
Info: module loadBuffer is reachable from a specified root module.
Info: module writeEthernetHeaderToMem is reachable from a specified root module.
Info: module writePayloadToMem is reachable from a specified root module.
Info: module writeControlInformationToMem is reachable from a specified root module.
Info: module populateRxQueue is reachable from a specified root module.
Info: module delay_time is reachable from a specified root module.
Info: module global_storage_initializer_ is reachable from a specified root module.
Info: propagating types in the program ... 
Info: coalescing storage into distinct memory spaces ... 
Info: Marking foreign pointers in modules which are not called from the program
Info: Coalescing storage from native objects..
Info: Finished coalescing storage.. identified 0 disjoint memory space(s)
Info: propagating constants in the program ... 
AaLinkExtMem ./src/decls.aa ./src/pipes.aa ./src/signals.aa ./src/control.aa ./src/general_utils.aa ./src/memory_utils.aa ./src/queue_utils.aa ./src/register_utils.aa ./src/transmit_engine.aa | vcFormat > .linked/transmit_engine.linked.aa
Info:  AaLinkExtMem built on AHIR commit 9bab90d2fbfa70d45ed410df32fc7e6e35726f14
Info:     Date: Mon Feb 1 17:21:43 2021 +0530
Info: finished parsing file ./src/decls.aa
Info: parsed and added pipe NIC_TO_MEMORY_REQUEST width = 110 depth = 2
Info: parsed and added pipe MEMORY_TO_NIC_RESPONSE width = 65 depth = 2
Info: parsed and added pipe AFB_NIC_REQUEST width = 74 depth = 2
Info: parsed and added pipe AFB_NIC_RESPONSE width = 33 depth = 2
Info: parsed and added pipe NIC_REQUEST_REGISTER_ACCESS_PIPE width = 43 depth = 2
Info: parsed and added pipe NIC_RESPONSE_REGISTER_ACCESS_PIPE width = 33 depth = 2
Info: parsed and added pipe mac_to_nic_data width = 73 depth = 2
Info: parsed and added pipe nic_rx_to_header width = 73 depth = 2
Info: parsed and added pipe nic_rx_to_packet width = 73 depth = 2
Info: parsed and added pipe nic_to_mac_transmit_pipe width = 73 depth = 2
Info: finished parsing file ./src/pipes.aa
Info: parsed and added pipe LAST_WRITTEN_RX_QUEUE_INDEX width = 6 depth = 1
Info: parsed and added pipe LAST_READ_TX_QUEUE_INDEX width = 6 depth = 1
Info: parsed and added pipe FREE_Q width = 36 depth = 1
Info: parsed and added pipe CONTROL_REGISTER width = 32 depth = 1
Info: parsed and added pipe NUMBER_OF_SERVERS width = 32 depth = 1
Info: finished parsing file ./src/signals.aa
Info: finished parsing file ./src/control.aa
Info: Added module delay_time
Info: finished parsing file ./src/general_utils.aa
Info: Added module accessMemory
Info: finished parsing file ./src/memory_utils.aa
Info: Added module popFromQueue
Info: Added module pushIntoQueue
Info: Added module acquireMutex
Info: Added module releaseMutex
Info: Added module getQueuePointers
Info: Added module setQueuePointers
Info: Added module getQueueElement
Info: Added module setQueueElement
Info: finished parsing file ./src/queue_utils.aa
Info: Added module AccessRegister
Info: finished parsing file ./src/register_utils.aa
Info: Added module transmitEngineDaemon
Info: Added module getTxPacketPointerFromServer
Info: Added module transmitPacket
Info: finished parsing file ./src/transmit_engine.aa
Info: Added module global_storage_initializer_
Info: elaborating the program .... initializing the call-graph
Info: mapping target object references..
Warning: operator module has volatile update of interface object delay_done :line 15
Info: mapping source object references..
Info: checking for cycles in the call-graph ... 
Info: module order:
	AccessRegister
	accessMemory
	acquireMutex
	delay_time
	getQueueElement
	getQueuePointers
	setQueuePointers
	releaseMutex
	popFromQueue
	getTxPacketPointerFromServer
	global_storage_initializer_
	setQueueElement
	pushIntoQueue
	transmitPacket
	transmitEngineDaemon
Info: marking modules reachable from root-modules ... 
Info: module AccessRegister is reachable from a specified root module.
Info: module accessMemory is reachable from a specified root module.
Info: module acquireMutex is reachable from a specified root module.
Info: module delay_time is reachable from a specified root module.
Info: module getQueueElement is reachable from a specified root module.
Info: module getQueuePointers is reachable from a specified root module.
Info: module getTxPacketPointerFromServer is reachable from a specified root module.
Info: module popFromQueue is reachable from a specified root module.
Info: module releaseMutex is reachable from a specified root module.
Info: module setQueuePointers is reachable from a specified root module.
Info: module global_storage_initializer_ is reachable from a specified root module.
Info: module pushIntoQueue is reachable from a specified root module.
Info: module setQueueElement is reachable from a specified root module.
Info: module transmitEngineDaemon is reachable from a specified root module.
Info: module transmitPacket is reachable from a specified root module.
Info: propagating types in the program ... 
Info: coalescing storage into distinct memory spaces ... 
Info: Marking foreign pointers in modules which are not called from the program
Info: Coalescing storage from native objects..
Info: Finished coalescing storage.. identified 0 disjoint memory space(s)
Info: propagating constants in the program ... 
