xilinx rtfpga
WARNING: [Synth 8-6014] Unused sequential element available_iterations_reg was removed.  [/home/harshad/Project/git/IITB_AI_ML/ahir_release/vhdl/ahir.vhdl:14083]
WARNING: [Synth 8-6014] Unused sequential element placegen[1].placeBlock.pI/CapGtOne.token_latch_reg was removed.  [/home/harshad/Project/git/IITB_AI_ML/ahir_release/vhdl/ahir.vhdl:14858]
WARNING: [Synth 8-6014] Unused sequential element placegen[2].placeBlock.pI/CapGtOne.token_latch_reg was removed.  [/home/harshad/Project/git/IITB_AI_ML/ahir_release/vhdl/ahir.vhdl:14858]
WARNING: [Synth 8-6014] Unused sequential element placegen[3].placeBlock.pI/CapGtOne.token_latch_reg was removed.  [/home/harshad/Project/git/IITB_AI_ML/ahir_release/vhdl/ahir.vhdl:14858]
WARNING: [Synth 8-6014] Unused sequential element placegen[4].placeBlock.pI/CapGtOne.token_latch_reg was removed.  [/home/harshad/Project/git/IITB_AI_ML/ahir_release/vhdl/ahir.vhdl:14858]
WARNING: [Synth 8-6014] Unused sequential element placegen[1].placeBlock.pI/CapGtOne.token_latch_reg was removed.  [/home/harshad/Project/git/IITB_AI_ML/ahir_release/vhdl/ahir.vhdl:14858]
WARNING: [Synth 8-6014] Unused sequential element placegen[2].placeBlock.pI/CapGtOne.token_latch_reg was removed.  [/home/harshad/Project/git/IITB_AI_ML/ahir_release/vhdl/ahir.vhdl:14858]
WARNING: [Synth 8-6014] Unused sequential element placegen[3].placeBlock.pI/CapGtOne.token_latch_reg was removed.  [/home/harshad/Project/git/IITB_AI_ML/ahir_release/vhdl/ahir.vhdl:14858]
WARNING: [Synth 8-6014] Unused sequential element placegen[4].placeBlock.pI/CapGtOne.token_latch_reg was removed.  [/home/harshad/Project/git/IITB_AI_ML/ahir_release/vhdl/ahir.vhdl:14858]
WARNING: [Synth 8-6014] Unused sequential element placegen[1].placeBlock.pI/CapGtOne.token_latch_reg was removed.  [/home/harshad/Project/git/IITB_AI_ML/ahir_release/vhdl/ahir.vhdl:14858]
WARNING: [Synth 8-6014] Unused sequential element placegen[2].placeBlock.pI/CapGtOne.token_latch_reg was removed.  [/home/harshad/Project/git/IITB_AI_ML/ahir_release/vhdl/ahir.vhdl:14858]
WARNING: [Synth 8-6014] Unused sequential element placegen[3].placeBlock.pI/CapGtOne.token_latch_reg was removed.  [/home/harshad/Project/git/IITB_AI_ML/ahir_release/vhdl/ahir.vhdl:14858]
WARNING: [Synth 8-6014] Unused sequential element placegen[4].placeBlock.pI/CapGtOne.token_latch_reg was removed.  [/home/harshad/Project/git/IITB_AI_ML/ahir_release/vhdl/ahir.vhdl:14858]
WARNING: [Synth 8-6014] Unused sequential element placegen[1].placeBlock.pI/CapGtOne.token_latch_reg was removed.  [/home/harshad/Project/git/IITB_AI_ML/ahir_release/vhdl/ahir.vhdl:14858]
WARNING: [Synth 8-6014] Unused sequential element placegen[2].placeBlock.pI/CapGtOne.token_latch_reg was removed.  [/home/harshad/Project/git/IITB_AI_ML/ahir_release/vhdl/ahir.vhdl:14858]
WARNING: [Synth 8-6014] Unused sequential element placegen[3].placeBlock.pI/CapGtOne.token_latch_reg was removed.  [/home/harshad/Project/git/IITB_AI_ML/ahir_release/vhdl/ahir.vhdl:14858]
WARNING: [Synth 8-6014] Unused sequential element placegen[4].placeBlock.pI/CapGtOne.token_latch_reg was removed.  [/home/harshad/Project/git/IITB_AI_ML/ahir_release/vhdl/ahir.vhdl:14858]
WARNING: [Synth 8-6014] Unused sequential element placegen[1].placeBlock.pI/CapGtOne.token_latch_reg was removed.  [/home/harshad/Project/git/IITB_AI_ML/ahir_release/vhdl/ahir.vhdl:14858]
WARNING: [Synth 8-6014] Unused sequential element placegen[1].placeBlock.pI/CapGtOne.token_latch_reg was removed.  [/home/harshad/Project/git/IITB_AI_ML/ahir_release/vhdl/ahir.vhdl:14858]
WARNING: [Synth 8-6014] Unused sequential element placegen[1].placeBlock.pI/CapGtOne.token_latch_reg was removed.  [/home/harshad/Project/git/IITB_AI_ML/ahir_release/vhdl/ahir.vhdl:14858]
WARNING: [Synth 8-6014] Unused sequential element placegen[1].placeBlock.pI/CapGtOne.token_latch_reg was removed.  [/home/harshad/Project/git/IITB_AI_ML/ahir_release/vhdl/ahir.vhdl:14858]
WARNING: [Synth 8-6014] Unused sequential element placegen[1].placeBlock.pI/CapGtOne.token_latch_reg was removed.  [/home/harshad/Project/git/IITB_AI_ML/ahir_release/vhdl/ahir.vhdl:14858]
WARNING: [Synth 8-6014] Unused sequential element placegen[1].placeBlock.pI/CapGtOne.token_latch_reg was removed.  [/home/harshad/Project/git/IITB_AI_ML/ahir_release/vhdl/ahir.vhdl:14858]
WARNING: [Synth 8-6014] Unused sequential element placegen[1].placeBlock.pI/CapGtOne.token_latch_reg was removed.  [/home/harshad/Project/git/IITB_AI_ML/ahir_release/vhdl/ahir.vhdl:14858]
WARNING: [Synth 8-6014] Unused sequential element placegen[1].placeBlock.pI/CapGtOne.token_latch_reg was removed.  [/home/harshad/Project/git/IITB_AI_ML/ahir_release/vhdl/ahir.vhdl:14858]
WARNING: [Synth 8-6014] Unused sequential element placegen[1].placeBlock.pI/CapGtOne.token_latch_reg was removed.  [/home/harshad/Project/git/IITB_AI_ML/ahir_release/vhdl/ahir.vhdl:14858]
WARNING: [Synth 8-6014] Unused sequential element placegen[2].placeBlock.pI/CapGtOne.token_latch_reg was removed.  [/home/harshad/Project/git/IITB_AI_ML/ahir_release/vhdl/ahir.vhdl:14858]
WARNING: [Synth 8-6014] Unused sequential element placegen[3].placeBlock.pI/CapGtOne.token_latch_reg was removed.  [/home/harshad/Project/git/IITB_AI_ML/ahir_release/vhdl/ahir.vhdl:14858]
WARNING: [Synth 8-6014] Unused sequential element placegen[1].placeBlock.pI/CapGtOne.token_latch_reg was removed.  [/home/harshad/Project/git/IITB_AI_ML/ahir_release/vhdl/ahir.vhdl:14858]
WARNING: [Synth 8-6014] Unused sequential element placegen[2].placeBlock.pI/CapGtOne.token_latch_reg was removed.  [/home/harshad/Project/git/IITB_AI_ML/ahir_release/vhdl/ahir.vhdl:14858]
WARNING: [Synth 8-6014] Unused sequential element placegen[1].placeBlock.pI/CapGtOne.token_latch_reg was removed.  [/home/harshad/Project/git/IITB_AI_ML/ahir_release/vhdl/ahir.vhdl:14858]
WARNING: [Synth 8-6014] Unused sequential element placegen[2].placeBlock.pI/CapGtOne.token_latch_reg was removed.  [/home/harshad/Project/git/IITB_AI_ML/ahir_release/vhdl/ahir.vhdl:14858]
WARNING: [Synth 8-6014] Unused sequential element placegen[3].placeBlock.pI/CapGtOne.token_latch_reg was removed.  [/home/harshad/Project/git/IITB_AI_ML/ahir_release/vhdl/ahir.vhdl:14858]
WARNING: [Synth 8-6014] Unused sequential element placegen[1].placeBlock.pI/CapGtOne.token_latch_reg was removed.  [/home/harshad/Project/git/IITB_AI_ML/ahir_release/vhdl/ahir.vhdl:14858]
WARNING: [Synth 8-6014] Unused sequential element placegen[2].placeBlock.pI/CapGtOne.token_latch_reg was removed.  [/home/harshad/Project/git/IITB_AI_ML/ahir_release/vhdl/ahir.vhdl:14858]
WARNING: [Synth 8-6014] Unused sequential element placegen[1].placeBlock.pI/CapGtOne.token_latch_reg was removed.  [/home/harshad/Project/git/IITB_AI_ML/ahir_release/vhdl/ahir.vhdl:14858]
WARNING: [Synth 8-6014] Unused sequential element placegen[2].placeBlock.pI/CapGtOne.token_latch_reg was removed.  [/home/harshad/Project/git/IITB_AI_ML/ahir_release/vhdl/ahir.vhdl:14858]
WARNING: [Synth 8-6014] Unused sequential element placegen[3].placeBlock.pI/CapGtOne.token_latch_reg was removed.  [/home/harshad/Project/git/IITB_AI_ML/ahir_release/vhdl/ahir.vhdl:14858]
WARNING: [Synth 8-6014] Unused sequential element placegen[1].placeBlock.pI/CapGtOne.token_latch_reg was removed.  [/home/harshad/Project/git/IITB_AI_ML/ahir_release/vhdl/ahir.vhdl:14858]
WARNING: [Synth 8-6014] Unused sequential element placegen[3].placeBlock.pI/CapGtOne.token_latch_reg was removed.  [/home/harshad/Project/git/IITB_AI_ML/ahir_release/vhdl/ahir.vhdl:14858]
WARNING: [Synth 8-6014] Unused sequential element placegen[1].placeBlock.pI/CapGtOne.token_latch_reg was removed.  [/home/harshad/Project/git/IITB_AI_ML/ahir_release/vhdl/ahir.vhdl:14858]
WARNING: [Synth 8-6014] Unused sequential element placegen[2].placeBlock.pI/CapGtOne.token_latch_reg was removed.  [/home/harshad/Project/git/IITB_AI_ML/ahir_release/vhdl/ahir.vhdl:14858]
WARNING: [Synth 8-6014] Unused sequential element placegen[3].placeBlock.pI/CapGtOne.token_latch_reg was removed.  [/home/harshad/Project/git/IITB_AI_ML/ahir_release/vhdl/ahir.vhdl:14858]
WARNING: [Synth 8-6014] Unused sequential element placegen[4].placeBlock.pI/CapGtOne.token_latch_reg was removed.  [/home/harshad/Project/git/IITB_AI_ML/ahir_release/vhdl/ahir.vhdl:14858]
WARNING: [Synth 8-6014] Unused sequential element placegen[5].placeBlock.pI/CapGtOne.token_latch_reg was removed.  [/home/harshad/Project/git/IITB_AI_ML/ahir_release/vhdl/ahir.vhdl:14858]
WARNING: [Synth 8-6014] Unused sequential element placegen[6].placeBlock.pI/CapGtOne.token_latch_reg was removed.  [/home/harshad/Project/git/IITB_AI_ML/ahir_release/vhdl/ahir.vhdl:14858]
WARNING: [Synth 8-6014] Unused sequential element placegen[1].placeBlock.pI/CapGtOne.token_latch_reg was removed.  [/home/harshad/Project/git/IITB_AI_ML/ahir_release/vhdl/ahir.vhdl:14858]
WARNING: [Synth 8-6014] Unused sequential element placegen[2].placeBlock.pI/CapGtOne.token_latch_reg was removed.  [/home/harshad/Project/git/IITB_AI_ML/ahir_release/vhdl/ahir.vhdl:14858]
WARNING: [Synth 8-6014] Unused sequential element placegen[3].placeBlock.pI/CapGtOne.token_latch_reg was removed.  [/home/harshad/Project/git/IITB_AI_ML/ahir_release/vhdl/ahir.vhdl:14858]
WARNING: [Synth 8-6014] Unused sequential element placegen[4].placeBlock.pI/CapGtOne.token_latch_reg was removed.  [/home/harshad/Project/git/IITB_AI_ML/ahir_release/vhdl/ahir.vhdl:14858]
WARNING: [Synth 8-6014] Unused sequential element placegen[5].placeBlock.pI/CapGtOne.token_latch_reg was removed.  [/home/harshad/Project/git/IITB_AI_ML/ahir_release/vhdl/ahir.vhdl:14858]
WARNING: [Synth 8-6014] Unused sequential element placegen[6].placeBlock.pI/CapGtOne.token_latch_reg was removed.  [/home/harshad/Project/git/IITB_AI_ML/ahir_release/vhdl/ahir.vhdl:14858]
WARNING: [Synth 8-6014] Unused sequential element placegen[7].placeBlock.pI/CapGtOne.token_latch_reg was removed.  [/home/harshad/Project/git/IITB_AI_ML/ahir_release/vhdl/ahir.vhdl:14858]
WARNING: [Synth 8-6014] Unused sequential element trigForkSample/inTransPlaceBlock.pI/CapGtOne.token_latch_reg was removed.  [/home/harshad/Project/git/IITB_AI_ML/ahir_release/vhdl/ahir.vhdl:14858]
WARNING: [Synth 8-6014] Unused sequential element trigForkSample/TrigPlaces[0].placeBlock.pI/CapGtOne.token_latch_reg was removed.  [/home/harshad/Project/git/IITB_AI_ML/ahir_release/vhdl/ahir.vhdl:14858]
WARNING: [Synth 8-6014] Unused sequential element trigForkSample/TrigPlaces[1].placeBlock.pI/CapGtOne.token_latch_reg was removed.  [/home/harshad/Project/git/IITB_AI_ML/ahir_release/vhdl/ahir.vhdl:14858]
WARNING: [Synth 8-6014] Unused sequential element trigForkUpdate/inTransPlaceBlock.pI/CapGtOne.token_latch_reg was removed.  [/home/harshad/Project/git/IITB_AI_ML/ahir_release/vhdl/ahir.vhdl:14858]
WARNING: [Synth 8-6014] Unused sequential element trigForkUpdate/TrigPlaces[0].placeBlock.pI/CapGtOne.token_latch_reg was removed.  [/home/harshad/Project/git/IITB_AI_ML/ahir_release/vhdl/ahir.vhdl:14858]
WARNING: [Synth 8-6014] Unused sequential element trigForkUpdate/TrigPlaces[1].placeBlock.pI/CapGtOne.token_latch_reg was removed.  [/home/harshad/Project/git/IITB_AI_ML/ahir_release/vhdl/ahir.vhdl:14858]
WARNING: [Synth 8-6014] Unused sequential element trigForkSample/inTransPlaceBlock.pI/CapGtOne.token_latch_reg was removed.  [/home/harshad/Project/git/IITB_AI_ML/ahir_release/vhdl/ahir.vhdl:14858]
WARNING: [Synth 8-6014] Unused sequential element trigForkSample/TrigPlaces[0].placeBlock.pI/CapGtOne.token_latch_reg was removed.  [/home/harshad/Project/git/IITB_AI_ML/ahir_release/vhdl/ahir.vhdl:14858]
WARNING: [Synth 8-6014] Unused sequential element trigForkSample/TrigPlaces[1].placeBlock.pI/CapGtOne.token_latch_reg was removed.  [/home/harshad/Project/git/IITB_AI_ML/ahir_release/vhdl/ahir.vhdl:14858]
WARNING: [Synth 8-6014] Unused sequential element trigForkUpdate/inTransPlaceBlock.pI/CapGtOne.token_latch_reg was removed.  [/home/harshad/Project/git/IITB_AI_ML/ahir_release/vhdl/ahir.vhdl:14858]
WARNING: [Synth 8-6014] Unused sequential element trigForkUpdate/TrigPlaces[0].placeBlock.pI/CapGtOne.token_latch_reg was removed.  [/home/harshad/Project/git/IITB_AI_ML/ahir_release/vhdl/ahir.vhdl:14858]
WARNING: [Synth 8-6014] Unused sequential element trigForkUpdate/TrigPlaces[1].placeBlock.pI/CapGtOne.token_latch_reg was removed.  [/home/harshad/Project/git/IITB_AI_ML/ahir_release/vhdl/ahir.vhdl:14858]
WARNING: [Synth 8-6014] Unused sequential element trigForkSample/inTransPlaceBlock.pI/CapGtOne.token_latch_reg was removed.  [/home/harshad/Project/git/IITB_AI_ML/ahir_release/vhdl/ahir.vhdl:14858]
WARNING: [Synth 8-6014] Unused sequential element trigForkSample/TrigPlaces[0].placeBlock.pI/CapGtOne.token_latch_reg was removed.  [/home/harshad/Project/git/IITB_AI_ML/ahir_release/vhdl/ahir.vhdl:14858]
WARNING: [Synth 8-6014] Unused sequential element trigForkSample/TrigPlaces[1].placeBlock.pI/CapGtOne.token_latch_reg was removed.  [/home/harshad/Project/git/IITB_AI_ML/ahir_release/vhdl/ahir.vhdl:14858]
WARNING: [Synth 8-6014] Unused sequential element trigForkUpdate/inTransPlaceBlock.pI/CapGtOne.token_latch_reg was removed.  [/home/harshad/Project/git/IITB_AI_ML/ahir_release/vhdl/ahir.vhdl:14858]
WARNING: [Synth 8-6014] Unused sequential element trigForkUpdate/TrigPlaces[0].placeBlock.pI/CapGtOne.token_latch_reg was removed.  [/home/harshad/Project/git/IITB_AI_ML/ahir_release/vhdl/ahir.vhdl:14858]
WARNING: [Synth 8-6014] Unused sequential element trigForkUpdate/TrigPlaces[1].placeBlock.pI/CapGtOne.token_latch_reg was removed.  [/home/harshad/Project/git/IITB_AI_ML/ahir_release/vhdl/ahir.vhdl:14858]
WARNING: [Synth 8-6014] Unused sequential element trigForkSample/inTransPlaceBlock.pI/CapGtOne.token_latch_reg was removed.  [/home/harshad/Project/git/IITB_AI_ML/ahir_release/vhdl/ahir.vhdl:14858]
WARNING: [Synth 8-6014] Unused sequential element trigForkSample/TrigPlaces[0].placeBlock.pI/CapGtOne.token_latch_reg was removed.  [/home/harshad/Project/git/IITB_AI_ML/ahir_release/vhdl/ahir.vhdl:14858]
WARNING: [Synth 8-6014] Unused sequential element trigForkSample/TrigPlaces[1].placeBlock.pI/CapGtOne.token_latch_reg was removed.  [/home/harshad/Project/git/IITB_AI_ML/ahir_release/vhdl/ahir.vhdl:14858]
WARNING: [Synth 8-6014] Unused sequential element trigForkUpdate/inTransPlaceBlock.pI/CapGtOne.token_latch_reg was removed.  [/home/harshad/Project/git/IITB_AI_ML/ahir_release/vhdl/ahir.vhdl:14858]
WARNING: [Synth 8-6014] Unused sequential element trigForkUpdate/TrigPlaces[0].placeBlock.pI/CapGtOne.token_latch_reg was removed.  [/home/harshad/Project/git/IITB_AI_ML/ahir_release/vhdl/ahir.vhdl:14858]
WARNING: [Synth 8-6014] Unused sequential element trigForkUpdate/TrigPlaces[1].placeBlock.pI/CapGtOne.token_latch_reg was removed.  [/home/harshad/Project/git/IITB_AI_ML/ahir_release/vhdl/ahir.vhdl:14858]
WARNING: [Synth 8-6014] Unused sequential element TstampGen.Tsb.tsc/counter_sig_reg was removed.  [/home/harshad/Project/git/IITB_AI_ML/ahir_release/vhdl/ahir.vhdl:26417]
INFO: [Synth 8-4471] merging register 'out_buffer_write_req_symbol_join.gj_out_buffer_write_req_symbol_join/placegen[2].placeBlock.dly/UnitDelay.ack_reg' into 'in_buffer_unload_req_symbol_join.gj_in_buffer_unload_req_symbol_join/placegen[2].placeBlock.dly/UnitDelay.ack_reg' [/home/harshad/Project/git/IITB_AI_ML/ahir_release/vhdl/ahir.vhdl:13367]
INFO: [Synth 8-4471] merging register 'SoftwareRegisterAccessDaemon_CP_1875.SoftwareRegisterAccessDaemon_cp_element_group_126.gj_SoftwareRegisterAccessDaemon_cp_element_group_126/placegen[3].placeBlock.dly/UnitDelay.ack_reg' into 'SoftwareRegisterAccessDaemon_CP_1875.cp_element_162_delay/UnitDelay.ack_reg' [/home/harshad/Project/git/IITB_AI_ML/ahir_release/vhdl/ahir.vhdl:13367]
WARNING: [Synth 8-6014] Unused sequential element out_buffer_write_req_symbol_join.gj_out_buffer_write_req_symbol_join/placegen[2].placeBlock.dly/UnitDelay.ack_reg was removed.  [/home/harshad/Project/git/IITB_AI_ML/ahir_release/vhdl/ahir.vhdl:13367]
WARNING: [Synth 8-6014] Unused sequential element SoftwareRegisterAccessDaemon_CP_1875.SoftwareRegisterAccessDaemon_cp_element_group_126.gj_SoftwareRegisterAccessDaemon_cp_element_group_126/placegen[3].placeBlock.dly/UnitDelay.ack_reg was removed.  [/home/harshad/Project/git/IITB_AI_ML/ahir_release/vhdl/ahir.vhdl:13367]
WARNING: [Synth 8-6014] Unused sequential element data_path.OutportGroup_1.CONTROL_REGISTER_write_1/BufGen[0].update_ack_reg was removed.  [/home/harshad/Project/git/IITB_AI_ML/ahir_release/vhdl/ahir.vhdl:27424]
WARNING: [Synth 8-6014] Unused sequential element data_path.OutportGroup_2.FREE_Q_write_2/BufGen[0].update_ack_reg was removed.  [/home/harshad/Project/git/IITB_AI_ML/ahir_release/vhdl/ahir.vhdl:27424]
WARNING: [Synth 8-6014] Unused sequential element data_path.OutportGroup_3.NUMBER_OF_SERVERS_write_3/BufGen[0].update_ack_reg was removed.  [/home/harshad/Project/git/IITB_AI_ML/ahir_release/vhdl/ahir.vhdl:27424]
WARNING: [Synth 8-6014] Unused sequential element data_path.UpdateRegister_call_group_0.CallComplete/bufGen[0].BufBlock.ub/NotRevisedCase.ShallowCase.ulReg/noBypass.read_data_reg was removed.  [/home/harshad/Project/git/IITB_AI_ML/ahir_release/vhdl/ahir.vhdl:30118]
WARNING: [Synth 8-6014] Unused sequential element SoftwareRegisterAccessDaemon_CP_1875.SoftwareRegisterAccessDaemon_cp_element_group_10.gj_SoftwareRegisterAccessDaemon_cp_element_group_10/placegen[1].placeBlock.pI/CapGtOne.token_latch_reg was removed.  [/home/harshad/Project/git/IITB_AI_ML/ahir_release/vhdl/ahir.vhdl:14858]
WARNING: [Synth 8-6014] Unused sequential element SoftwareRegisterAccessDaemon_CP_1875.SoftwareRegisterAccessDaemon_cp_element_group_10.gj_SoftwareRegisterAccessDaemon_cp_element_group_10/placegen[2].placeBlock.pI/CapGtOne.token_latch_reg was removed.  [/home/harshad/Project/git/IITB_AI_ML/ahir_release/vhdl/ahir.vhdl:14858]
WARNING: [Synth 8-6014] Unused sequential element SoftwareRegisterAccessDaemon_CP_1875.SoftwareRegisterAccessDaemon_cp_element_group_15.gj_SoftwareRegisterAccessDaemon_cp_element_group_15/placegen[1].placeBlock.pI/CapGtOne.token_latch_reg was removed.  [/home/harshad/Project/git/IITB_AI_ML/ahir_release/vhdl/ahir.vhdl:14858]
WARNING: [Synth 8-6014] Unused sequential element SoftwareRegisterAccessDaemon_CP_1875.SoftwareRegisterAccessDaemon_cp_element_group_122.gj_SoftwareRegisterAccessDaemon_cp_element_group_122/placegen[1].placeBlock.pI/CapGtOne.token_latch_reg was removed.  [/home/harshad/Project/git/IITB_AI_ML/ahir_release/vhdl/ahir.vhdl:14858]
INFO: [Synth 8-4471] merging register 'out_buffer_write_req_symbol_join.gj_out_buffer_write_req_symbol_join/placegen[2].placeBlock.dly/UnitDelay.ack_reg' into 'in_buffer_unload_req_symbol_join.gj_in_buffer_unload_req_symbol_join/placegen[2].placeBlock.dly/UnitDelay.ack_reg' [/home/harshad/Project/git/IITB_AI_ML/ahir_release/vhdl/ahir.vhdl:13367]
INFO: [Synth 8-4471] merging register 'NicRegisterAccessDaemon_CP_116.NicRegisterAccessDaemon_cp_element_group_14.gj_NicRegisterAccessDaemon_cp_element_group_14/placegen[2].placeBlock.dly/UnitDelay.ack_reg' into 'NicRegisterAccessDaemon_CP_116.cp_element_46_delay/UnitDelay.ack_reg' [/home/harshad/Project/git/IITB_AI_ML/ahir_release/vhdl/ahir.vhdl:13367]
WARNING: [Synth 8-6014] Unused sequential element out_buffer_write_req_symbol_join.gj_out_buffer_write_req_symbol_join/placegen[2].placeBlock.dly/UnitDelay.ack_reg was removed.  [/home/harshad/Project/git/IITB_AI_ML/ahir_release/vhdl/ahir.vhdl:13367]
WARNING: [Synth 8-6014] Unused sequential element NicRegisterAccessDaemon_CP_116.NicRegisterAccessDaemon_cp_element_group_14.gj_NicRegisterAccessDaemon_cp_element_group_14/placegen[2].placeBlock.dly/UnitDelay.ack_reg was removed.  [/home/harshad/Project/git/IITB_AI_ML/ahir_release/vhdl/ahir.vhdl:13367]
WARNING: [Synth 8-6014] Unused sequential element data_path.UpdateRegister_call_group_0.CallComplete/bufGen[0].BufBlock.ub/NotRevisedCase.ShallowCase.ulReg/noBypass.read_data_reg was removed.  [/home/harshad/Project/git/IITB_AI_ML/ahir_release/vhdl/ahir.vhdl:30118]
WARNING: [Synth 8-6014] Unused sequential element NicRegisterAccessDaemon_CP_116.NicRegisterAccessDaemon_do_while_stmt_179_terminator_328/available_iterations_reg was removed.  [/home/harshad/Project/git/IITB_AI_ML/ahir_release/vhdl/ahir.vhdl:14083]
INFO: [Common 17-14] Message 'Synth 8-6014' appears 100 times and further instances of the messages will be disabled. Use the Tcl command set_msg_config to change the current settings.
INFO: [Synth 8-4471] merging register 'out_buffer_write_req_symbol_join.gj_out_buffer_write_req_symbol_join/placegen[2].placeBlock.dly/UnitDelay.ack_reg' into 'in_buffer_unload_req_symbol_join.gj_in_buffer_unload_req_symbol_join/placegen[2].placeBlock.dly/UnitDelay.ack_reg' [/home/harshad/Project/git/IITB_AI_ML/ahir_release/vhdl/ahir.vhdl:13367]
INFO: [Synth 8-4471] merging register 'nonTrivGen.core/mb/memBase/write_bar_reg_reg' into 'nonTrivGen.core/mb/read_enable_base_registered_reg' [/home/harshad/Project/git/IITB_AI_ML/ahir_release/vhdl/ahir.vhdl:8408]
INFO: [Synth 8-4471] merging register 'NicRegisterAccessDaemon_auto_run/start_req_reg' into 'SoftwareRegisterAccessDaemon_auto_run/start_req_reg' [/home/harshad/Project/git/IITB_AI_ML/ahir_release/vhdl/ahir.vhdl:13194]
WARNING: [Synth 8-3331] design NicRegisterAccessDaemon has unconnected port UpdateRegister_return_data[31]
WARNING: [Synth 8-3331] design NicRegisterAccessDaemon has unconnected port UpdateRegister_return_data[30]
WARNING: [Synth 8-3331] design NicRegisterAccessDaemon has unconnected port UpdateRegister_return_data[29]
WARNING: [Synth 8-3331] design NicRegisterAccessDaemon has unconnected port UpdateRegister_return_data[28]
WARNING: [Synth 8-3331] design NicRegisterAccessDaemon has unconnected port UpdateRegister_return_data[27]
WARNING: [Synth 8-3331] design NicRegisterAccessDaemon has unconnected port UpdateRegister_return_data[26]
WARNING: [Synth 8-3331] design NicRegisterAccessDaemon has unconnected port UpdateRegister_return_data[25]
WARNING: [Synth 8-3331] design NicRegisterAccessDaemon has unconnected port UpdateRegister_return_data[24]
WARNING: [Synth 8-3331] design NicRegisterAccessDaemon has unconnected port UpdateRegister_return_data[23]
WARNING: [Synth 8-3331] design NicRegisterAccessDaemon has unconnected port UpdateRegister_return_data[22]
WARNING: [Synth 8-3331] design NicRegisterAccessDaemon has unconnected port UpdateRegister_return_data[21]
WARNING: [Synth 8-3331] design NicRegisterAccessDaemon has unconnected port UpdateRegister_return_data[20]
WARNING: [Synth 8-3331] design NicRegisterAccessDaemon has unconnected port UpdateRegister_return_data[19]
WARNING: [Synth 8-3331] design NicRegisterAccessDaemon has unconnected port UpdateRegister_return_data[18]
WARNING: [Synth 8-3331] design NicRegisterAccessDaemon has unconnected port UpdateRegister_return_data[17]
WARNING: [Synth 8-3331] design NicRegisterAccessDaemon has unconnected port UpdateRegister_return_data[16]
WARNING: [Synth 8-3331] design NicRegisterAccessDaemon has unconnected port UpdateRegister_return_data[15]
WARNING: [Synth 8-3331] design NicRegisterAccessDaemon has unconnected port UpdateRegister_return_data[14]
WARNING: [Synth 8-3331] design NicRegisterAccessDaemon has unconnected port UpdateRegister_return_data[13]
WARNING: [Synth 8-3331] design NicRegisterAccessDaemon has unconnected port UpdateRegister_return_data[12]
WARNING: [Synth 8-3331] design NicRegisterAccessDaemon has unconnected port UpdateRegister_return_data[11]
WARNING: [Synth 8-3331] design NicRegisterAccessDaemon has unconnected port UpdateRegister_return_data[10]
WARNING: [Synth 8-3331] design NicRegisterAccessDaemon has unconnected port UpdateRegister_return_data[9]
WARNING: [Synth 8-3331] design NicRegisterAccessDaemon has unconnected port UpdateRegister_return_data[8]
WARNING: [Synth 8-3331] design NicRegisterAccessDaemon has unconnected port UpdateRegister_return_data[7]
WARNING: [Synth 8-3331] design NicRegisterAccessDaemon has unconnected port UpdateRegister_return_data[6]
WARNING: [Synth 8-3331] design NicRegisterAccessDaemon has unconnected port UpdateRegister_return_data[5]
WARNING: [Synth 8-3331] design NicRegisterAccessDaemon has unconnected port UpdateRegister_return_data[4]
WARNING: [Synth 8-3331] design NicRegisterAccessDaemon has unconnected port UpdateRegister_return_data[3]
WARNING: [Synth 8-3331] design NicRegisterAccessDaemon has unconnected port UpdateRegister_return_data[2]
WARNING: [Synth 8-3331] design NicRegisterAccessDaemon has unconnected port UpdateRegister_return_data[1]
WARNING: [Synth 8-3331] design NicRegisterAccessDaemon has unconnected port UpdateRegister_return_data[0]
WARNING: [Synth 8-3331] design SplitGuardInterface__parameterized35 has unconnected port guards[3]
WARNING: [Synth 8-3331] design SplitGuardInterface__parameterized35 has unconnected port guards[0]
WARNING: [Synth 8-3331] design SoftwareRegisterAccessDaemon has unconnected port UpdateRegister_return_data[31]
WARNING: [Synth 8-3331] design SoftwareRegisterAccessDaemon has unconnected port UpdateRegister_return_data[30]
WARNING: [Synth 8-3331] design SoftwareRegisterAccessDaemon has unconnected port UpdateRegister_return_data[29]
WARNING: [Synth 8-3331] design SoftwareRegisterAccessDaemon has unconnected port UpdateRegister_return_data[28]
WARNING: [Synth 8-3331] design SoftwareRegisterAccessDaemon has unconnected port UpdateRegister_return_data[27]
WARNING: [Synth 8-3331] design SoftwareRegisterAccessDaemon has unconnected port UpdateRegister_return_data[26]
WARNING: [Synth 8-3331] design SoftwareRegisterAccessDaemon has unconnected port UpdateRegister_return_data[25]
WARNING: [Synth 8-3331] design SoftwareRegisterAccessDaemon has unconnected port UpdateRegister_return_data[24]
WARNING: [Synth 8-3331] design SoftwareRegisterAccessDaemon has unconnected port UpdateRegister_return_data[23]
WARNING: [Synth 8-3331] design SoftwareRegisterAccessDaemon has unconnected port UpdateRegister_return_data[22]
WARNING: [Synth 8-3331] design SoftwareRegisterAccessDaemon has unconnected port UpdateRegister_return_data[21]
WARNING: [Synth 8-3331] design SoftwareRegisterAccessDaemon has unconnected port UpdateRegister_return_data[20]
WARNING: [Synth 8-3331] design SoftwareRegisterAccessDaemon has unconnected port UpdateRegister_return_data[19]
WARNING: [Synth 8-3331] design SoftwareRegisterAccessDaemon has unconnected port UpdateRegister_return_data[18]
WARNING: [Synth 8-3331] design SoftwareRegisterAccessDaemon has unconnected port UpdateRegister_return_data[17]
WARNING: [Synth 8-3331] design SoftwareRegisterAccessDaemon has unconnected port UpdateRegister_return_data[16]
WARNING: [Synth 8-3331] design SoftwareRegisterAccessDaemon has unconnected port UpdateRegister_return_data[15]
WARNING: [Synth 8-3331] design SoftwareRegisterAccessDaemon has unconnected port UpdateRegister_return_data[14]
WARNING: [Synth 8-3331] design SoftwareRegisterAccessDaemon has unconnected port UpdateRegister_return_data[13]
WARNING: [Synth 8-3331] design SoftwareRegisterAccessDaemon has unconnected port UpdateRegister_return_data[12]
WARNING: [Synth 8-3331] design SoftwareRegisterAccessDaemon has unconnected port UpdateRegister_return_data[11]
WARNING: [Synth 8-3331] design SoftwareRegisterAccessDaemon has unconnected port UpdateRegister_return_data[10]
WARNING: [Synth 8-3331] design SoftwareRegisterAccessDaemon has unconnected port UpdateRegister_return_data[9]
WARNING: [Synth 8-3331] design SoftwareRegisterAccessDaemon has unconnected port UpdateRegister_return_data[8]
WARNING: [Synth 8-3331] design SoftwareRegisterAccessDaemon has unconnected port UpdateRegister_return_data[7]
WARNING: [Synth 8-3331] design SoftwareRegisterAccessDaemon has unconnected port UpdateRegister_return_data[6]
WARNING: [Synth 8-3331] design SoftwareRegisterAccessDaemon has unconnected port UpdateRegister_return_data[5]
WARNING: [Synth 8-3331] design SoftwareRegisterAccessDaemon has unconnected port UpdateRegister_return_data[4]
WARNING: [Synth 8-3331] design SoftwareRegisterAccessDaemon has unconnected port UpdateRegister_return_data[3]
WARNING: [Synth 8-3331] design SoftwareRegisterAccessDaemon has unconnected port UpdateRegister_return_data[2]
WARNING: [Synth 8-3331] design SoftwareRegisterAccessDaemon has unconnected port UpdateRegister_return_data[1]
WARNING: [Synth 8-3331] design SoftwareRegisterAccessDaemon has unconnected port UpdateRegister_return_data[0]
RAM Pipeline Warning: Read Address Register Found For RAM MemorySpace_memory_space_0/nonTrivGen.core/mb/memBase/ColGen[0].RowGen[0].baseMem/mem_array_reg. We will not be able to pipeline it. This may degrade performance. 
INFO: [Synth 8-3333] propagating constant 0 across sequential element (\UpdateRegister_arbiter/multipleRequesters.caller_mtag_reg_reg[0] )
INFO: [Synth 8-3886] merging instance 'UpdateRegister_instance/in_buffer/NotRevisedCase.ShallowCase.ulReg/noBypass.read_data_reg[74]' (FDRE) to 'UpdateRegister_instance/in_buffer/NotRevisedCase.ShallowCase.ulReg/noBypass.read_data_reg[76]'
INFO: [Synth 8-3333] propagating constant 0 across sequential element (\UpdateRegister_instance/in_buffer/NotRevisedCase.ShallowCase.ulReg/noBypass.read_data_reg[76] )
INFO: [Synth 8-3886] merging instance 'UpdateRegister_instance/tagIlock/NoFlowThrough.interlockBuf.buf/NotRevisedCase.ShallowCase.ulReg/noBypass.read_data_reg[0]' (FDRE) to 'UpdateRegister_instance/tagIlock/NoFlowThrough.interlockBuf.buf/NotRevisedCase.ShallowCase.ulReg/noBypass.read_data_reg[2]'
INFO: [Synth 8-3886] merging instance 'SoftwareRegisterAccessDaemon_instance/data_path.LoadGroup0.LoadReq/RxGen[0].rb/notFRR.bufPipe/Shallow.notSaveSlot.queue/qDGt1.NTB.Wgen[1].queue_array_reg[1][20]' (FDRE) to 'SoftwareRegisterAccessDaemon_instance/data_path.LoadGroup0.LoadReq/RxGen[0].rb/notFRR.bufPipe/Shallow.notSaveSlot.queue/qDGt1.NTB.Wgen[1].queue_array_reg[1][17]'
INFO: [Synth 8-3886] merging instance 'SoftwareRegisterAccessDaemon_instance/data_path.LoadGroup0.LoadReq/RxGen[0].rb/notFRR.bufPipe/Shallow.notSaveSlot.queue/qDGt1.NTB.Wgen[0].queue_array_reg[0][20]' (FDRE) to 'SoftwareRegisterAccessDaemon_instance/data_path.LoadGroup0.LoadReq/RxGen[0].rb/notFRR.bufPipe/Shallow.notSaveSlot.queue/qDGt1.NTB.Wgen[0].queue_array_reg[0][25]'
INFO: [Synth 8-3886] merging instance 'SoftwareRegisterAccessDaemon_instance/data_path.LoadGroup0.LoadReq/RxGen[1].rb/notFRR.bufPipe/Shallow.notSaveSlot.queue/qDGt1.NTB.Wgen[1].queue_array_reg[1][20]' (FDRE) to 'SoftwareRegisterAccessDaemon_instance/data_path.LoadGroup0.LoadReq/RxGen[1].rb/notFRR.bufPipe/Shallow.notSaveSlot.queue/qDGt1.NTB.Wgen[1].queue_array_reg[1][18]'
INFO: [Synth 8-3886] merging instance 'SoftwareRegisterAccessDaemon_instance/data_path.LoadGroup0.LoadReq/RxGen[1].rb/notFRR.bufPipe/Shallow.notSaveSlot.queue/qDGt1.NTB.Wgen[0].queue_array_reg[0][20]' (FDRE) to 'SoftwareRegisterAccessDaemon_instance/data_path.LoadGroup0.LoadReq/RxGen[1].rb/notFRR.bufPipe/Shallow.notSaveSlot.queue/qDGt1.NTB.Wgen[0].queue_array_reg[0][25]'
INFO: [Synth 8-3886] merging instance 'SoftwareRegisterAccessDaemon_instance/data_path.LoadGroup0.LoadReq/RxGen[2].rb/notFRR.bufPipe/Shallow.notSaveSlot.queue/qDGt1.NTB.Wgen[1].queue_array_reg[1][20]' (FDRE) to 'SoftwareRegisterAccessDaemon_instance/data_path.LoadGroup0.LoadReq/RxGen[2].rb/notFRR.bufPipe/Shallow.notSaveSlot.queue/qDGt1.NTB.Wgen[1].queue_array_reg[1][17]'
INFO: [Synth 8-3886] merging instance 'SoftwareRegisterAccessDaemon_instance/data_path.LoadGroup0.LoadReq/RxGen[2].rb/notFRR.bufPipe/Shallow.notSaveSlot.queue/qDGt1.NTB.Wgen[0].queue_array_reg[0][20]' (FDRE) to 'SoftwareRegisterAccessDaemon_instance/data_path.LoadGroup0.LoadReq/RxGen[2].rb/notFRR.bufPipe/Shallow.notSaveSlot.queue/qDGt1.NTB.Wgen[0].queue_array_reg[0][25]'
INFO: [Synth 8-3886] merging instance 'SoftwareRegisterAccessDaemon_instance/data_path.LoadGroup0.LoadReq/RxGen[4].rb/notFRR.bufPipe/Shallow.notSaveSlot.queue/qDGt1.NTB.Wgen[1].queue_array_reg[1][20]' (FDRE) to 'SoftwareRegisterAccessDaemon_instance/data_path.LoadGroup0.LoadReq/RxGen[4].rb/notFRR.bufPipe/Shallow.notSaveSlot.queue/qDGt1.NTB.Wgen[1].queue_array_reg[1][19]'
INFO: [Synth 8-3886] merging instance 'SoftwareRegisterAccessDaemon_instance/data_path.LoadGroup0.LoadReq/RxGen[4].rb/notFRR.bufPipe/Shallow.notSaveSlot.queue/qDGt1.NTB.Wgen[0].queue_array_reg[0][20]' (FDRE) to 'SoftwareRegisterAccessDaemon_instance/data_path.LoadGroup0.LoadReq/RxGen[4].rb/notFRR.bufPipe/Shallow.notSaveSlot.queue/qDGt1.NTB.Wgen[0].queue_array_reg[0][19]'
INFO: [Synth 8-3886] merging instance 'SoftwareRegisterAccessDaemon_instance/data_path.LoadGroup0.LoadReq/RxGen[0].rb/notFRR.bufPipe/Shallow.notSaveSlot.queue/qDGt1.NTB.Wgen[1].queue_array_reg[1][21]' (FDRE) to 'SoftwareRegisterAccessDaemon_instance/data_path.LoadGroup0.LoadReq/RxGen[0].rb/notFRR.bufPipe/Shallow.notSaveSlot.queue/qDGt1.NTB.Wgen[1].queue_array_reg[1][17]'
INFO: [Synth 8-3886] merging instance 'SoftwareRegisterAccessDaemon_instance/data_path.LoadGroup0.LoadReq/RxGen[0].rb/notFRR.bufPipe/Shallow.notSaveSlot.queue/qDGt1.NTB.Wgen[0].queue_array_reg[0][21]' (FDRE) to 'SoftwareRegisterAccessDaemon_instance/data_path.LoadGroup0.LoadReq/RxGen[0].rb/notFRR.bufPipe/Shallow.notSaveSlot.queue/qDGt1.NTB.Wgen[0].queue_array_reg[0][25]'
INFO: [Synth 8-3886] merging instance 'SoftwareRegisterAccessDaemon_instance/data_path.LoadGroup0.LoadReq/RxGen[1].rb/notFRR.bufPipe/Shallow.notSaveSlot.queue/qDGt1.NTB.Wgen[1].queue_array_reg[1][21]' (FDRE) to 'SoftwareRegisterAccessDaemon_instance/data_path.LoadGroup0.LoadReq/RxGen[1].rb/notFRR.bufPipe/Shallow.notSaveSlot.queue/qDGt1.NTB.Wgen[1].queue_array_reg[1][18]'
INFO: [Synth 8-3886] merging instance 'SoftwareRegisterAccessDaemon_instance/data_path.LoadGroup0.LoadReq/RxGen[1].rb/notFRR.bufPipe/Shallow.notSaveSlot.queue/qDGt1.NTB.Wgen[0].queue_array_reg[0][21]' (FDRE) to 'SoftwareRegisterAccessDaemon_instance/data_path.LoadGroup0.LoadReq/RxGen[1].rb/notFRR.bufPipe/Shallow.notSaveSlot.queue/qDGt1.NTB.Wgen[0].queue_array_reg[0][25]'
INFO: [Synth 8-3886] merging instance 'SoftwareRegisterAccessDaemon_instance/data_path.LoadGroup0.LoadReq/RxGen[2].rb/notFRR.bufPipe/Shallow.notSaveSlot.queue/qDGt1.NTB.Wgen[1].queue_array_reg[1][21]' (FDRE) to 'SoftwareRegisterAccessDaemon_instance/data_path.LoadGroup0.LoadReq/RxGen[2].rb/notFRR.bufPipe/Shallow.notSaveSlot.queue/qDGt1.NTB.Wgen[1].queue_array_reg[1][18]'
INFO: [Synth 8-3886] merging instance 'SoftwareRegisterAccessDaemon_instance/data_path.LoadGroup0.LoadReq/RxGen[2].rb/notFRR.bufPipe/Shallow.notSaveSlot.queue/qDGt1.NTB.Wgen[0].queue_array_reg[0][21]' (FDRE) to 'SoftwareRegisterAccessDaemon_instance/data_path.LoadGroup0.LoadReq/RxGen[2].rb/notFRR.bufPipe/Shallow.notSaveSlot.queue/qDGt1.NTB.Wgen[0].queue_array_reg[0][24]'
INFO: [Synth 8-3886] merging instance 'SoftwareRegisterAccessDaemon_instance/data_path.LoadGroup0.LoadReq/RxGen[4].rb/notFRR.bufPipe/Shallow.notSaveSlot.queue/qDGt1.NTB.Wgen[1].queue_array_reg[1][21]' (FDRE) to 'SoftwareRegisterAccessDaemon_instance/data_path.LoadGroup0.LoadReq/RxGen[4].rb/notFRR.bufPipe/Shallow.notSaveSlot.queue/qDGt1.NTB.Wgen[1].queue_array_reg[1][17]'
INFO: [Synth 8-3886] merging instance 'SoftwareRegisterAccessDaemon_instance/data_path.LoadGroup0.LoadReq/RxGen[4].rb/notFRR.bufPipe/Shallow.notSaveSlot.queue/qDGt1.NTB.Wgen[0].queue_array_reg[0][21]' (FDRE) to 'SoftwareRegisterAccessDaemon_instance/data_path.LoadGroup0.LoadReq/RxGen[4].rb/notFRR.bufPipe/Shallow.notSaveSlot.queue/qDGt1.NTB.Wgen[0].queue_array_reg[0][25]'
INFO: [Synth 8-3886] merging instance 'SoftwareRegisterAccessDaemon_instance/data_path.LoadGroup0.LoadReq/RxGen[0].rb/notFRR.bufPipe/Shallow.notSaveSlot.queue/qDGt1.NTB.Wgen[1].queue_array_reg[1][22]' (FDRE) to 'SoftwareRegisterAccessDaemon_instance/data_path.LoadGroup0.LoadReq/RxGen[0].rb/notFRR.bufPipe/Shallow.notSaveSlot.queue/qDGt1.NTB.Wgen[1].queue_array_reg[1][17]'
INFO: [Synth 8-3886] merging instance 'SoftwareRegisterAccessDaemon_instance/data_path.LoadGroup0.LoadReq/RxGen[0].rb/notFRR.bufPipe/Shallow.notSaveSlot.queue/qDGt1.NTB.Wgen[0].queue_array_reg[0][22]' (FDRE) to 'SoftwareRegisterAccessDaemon_instance/data_path.LoadGroup0.LoadReq/RxGen[0].rb/notFRR.bufPipe/Shallow.notSaveSlot.queue/qDGt1.NTB.Wgen[0].queue_array_reg[0][25]'
INFO: [Synth 8-3886] merging instance 'SoftwareRegisterAccessDaemon_instance/data_path.LoadGroup0.LoadReq/RxGen[1].rb/notFRR.bufPipe/Shallow.notSaveSlot.queue/qDGt1.NTB.Wgen[1].queue_array_reg[1][22]' (FDRE) to 'SoftwareRegisterAccessDaemon_instance/data_path.LoadGroup0.LoadReq/RxGen[1].rb/notFRR.bufPipe/Shallow.notSaveSlot.queue/qDGt1.NTB.Wgen[1].queue_array_reg[1][18]'
INFO: [Synth 8-3886] merging instance 'SoftwareRegisterAccessDaemon_instance/data_path.LoadGroup0.LoadReq/RxGen[1].rb/notFRR.bufPipe/Shallow.notSaveSlot.queue/qDGt1.NTB.Wgen[0].queue_array_reg[0][22]' (FDRE) to 'SoftwareRegisterAccessDaemon_instance/data_path.LoadGroup0.LoadReq/RxGen[1].rb/notFRR.bufPipe/Shallow.notSaveSlot.queue/qDGt1.NTB.Wgen[0].queue_array_reg[0][25]'
INFO: [Synth 8-3886] merging instance 'SoftwareRegisterAccessDaemon_instance/data_path.LoadGroup0.LoadReq/RxGen[2].rb/notFRR.bufPipe/Shallow.notSaveSlot.queue/qDGt1.NTB.Wgen[1].queue_array_reg[1][22]' (FDRE) to 'SoftwareRegisterAccessDaemon_instance/data_path.LoadGroup0.LoadReq/RxGen[2].rb/notFRR.bufPipe/Shallow.notSaveSlot.queue/qDGt1.NTB.Wgen[1].queue_array_reg[1][17]'
INFO: [Synth 8-3886] merging instance 'SoftwareRegisterAccessDaemon_instance/data_path.LoadGroup0.LoadReq/RxGen[2].rb/notFRR.bufPipe/Shallow.notSaveSlot.queue/qDGt1.NTB.Wgen[0].queue_array_reg[0][22]' (FDRE) to 'SoftwareRegisterAccessDaemon_instance/data_path.LoadGroup0.LoadReq/RxGen[2].rb/notFRR.bufPipe/Shallow.notSaveSlot.queue/qDGt1.NTB.Wgen[0].queue_array_reg[0][25]'
INFO: [Synth 8-3886] merging instance 'SoftwareRegisterAccessDaemon_instance/data_path.LoadGroup0.LoadReq/RxGen[4].rb/notFRR.bufPipe/Shallow.notSaveSlot.queue/qDGt1.NTB.Wgen[1].queue_array_reg[1][22]' (FDRE) to 'SoftwareRegisterAccessDaemon_instance/data_path.LoadGroup0.LoadReq/RxGen[4].rb/notFRR.bufPipe/Shallow.notSaveSlot.queue/qDGt1.NTB.Wgen[1].queue_array_reg[1][17]'
INFO: [Synth 8-3886] merging instance 'SoftwareRegisterAccessDaemon_instance/data_path.LoadGroup0.LoadReq/RxGen[4].rb/notFRR.bufPipe/Shallow.notSaveSlot.queue/qDGt1.NTB.Wgen[0].queue_array_reg[0][22]' (FDRE) to 'SoftwareRegisterAccessDaemon_instance/data_path.LoadGroup0.LoadReq/RxGen[4].rb/notFRR.bufPipe/Shallow.notSaveSlot.queue/qDGt1.NTB.Wgen[0].queue_array_reg[0][25]'
INFO: [Synth 8-3886] merging instance 'SoftwareRegisterAccessDaemon_instance/data_path.LoadGroup0.LoadReq/RxGen[0].rb/notFRR.bufPipe/Shallow.notSaveSlot.queue/qDGt1.NTB.Wgen[1].queue_array_reg[1][23]' (FDRE) to 'SoftwareRegisterAccessDaemon_instance/data_path.LoadGroup0.LoadReq/RxGen[0].rb/notFRR.bufPipe/Shallow.notSaveSlot.queue/qDGt1.NTB.Wgen[1].queue_array_reg[1][17]'
INFO: [Synth 8-3886] merging instance 'SoftwareRegisterAccessDaemon_instance/data_path.LoadGroup0.LoadReq/RxGen[0].rb/notFRR.bufPipe/Shallow.notSaveSlot.queue/qDGt1.NTB.Wgen[0].queue_array_reg[0][23]' (FDRE) to 'SoftwareRegisterAccessDaemon_instance/data_path.LoadGroup0.LoadReq/RxGen[0].rb/notFRR.bufPipe/Shallow.notSaveSlot.queue/qDGt1.NTB.Wgen[0].queue_array_reg[0][25]'
INFO: [Synth 8-3886] merging instance 'SoftwareRegisterAccessDaemon_instance/data_path.LoadGroup0.LoadReq/RxGen[1].rb/notFRR.bufPipe/Shallow.notSaveSlot.queue/qDGt1.NTB.Wgen[1].queue_array_reg[1][23]' (FDRE) to 'SoftwareRegisterAccessDaemon_instance/data_path.LoadGroup0.LoadReq/RxGen[1].rb/notFRR.bufPipe/Shallow.notSaveSlot.queue/qDGt1.NTB.Wgen[1].queue_array_reg[1][18]'
INFO: [Synth 8-3886] merging instance 'SoftwareRegisterAccessDaemon_instance/data_path.LoadGroup0.LoadReq/RxGen[1].rb/notFRR.bufPipe/Shallow.notSaveSlot.queue/qDGt1.NTB.Wgen[0].queue_array_reg[0][23]' (FDRE) to 'SoftwareRegisterAccessDaemon_instance/data_path.LoadGroup0.LoadReq/RxGen[1].rb/notFRR.bufPipe/Shallow.notSaveSlot.queue/qDGt1.NTB.Wgen[0].queue_array_reg[0][25]'
INFO: [Synth 8-3886] merging instance 'SoftwareRegisterAccessDaemon_instance/data_path.LoadGroup0.LoadReq/RxGen[2].rb/notFRR.bufPipe/Shallow.notSaveSlot.queue/qDGt1.NTB.Wgen[1].queue_array_reg[1][23]' (FDRE) to 'SoftwareRegisterAccessDaemon_instance/data_path.LoadGroup0.LoadReq/RxGen[2].rb/notFRR.bufPipe/Shallow.notSaveSlot.queue/qDGt1.NTB.Wgen[1].queue_array_reg[1][17]'
INFO: [Synth 8-3886] merging instance 'SoftwareRegisterAccessDaemon_instance/data_path.LoadGroup0.LoadReq/RxGen[2].rb/notFRR.bufPipe/Shallow.notSaveSlot.queue/qDGt1.NTB.Wgen[0].queue_array_reg[0][23]' (FDRE) to 'SoftwareRegisterAccessDaemon_instance/data_path.LoadGroup0.LoadReq/RxGen[2].rb/notFRR.bufPipe/Shallow.notSaveSlot.queue/qDGt1.NTB.Wgen[0].queue_array_reg[0][25]'
INFO: [Synth 8-3886] merging instance 'SoftwareRegisterAccessDaemon_instance/data_path.LoadGroup0.LoadReq/RxGen[4].rb/notFRR.bufPipe/Shallow.notSaveSlot.queue/qDGt1.NTB.Wgen[1].queue_array_reg[1][23]' (FDRE) to 'SoftwareRegisterAccessDaemon_instance/data_path.LoadGroup0.LoadReq/RxGen[4].rb/notFRR.bufPipe/Shallow.notSaveSlot.queue/qDGt1.NTB.Wgen[1].queue_array_reg[1][17]'
INFO: [Synth 8-3886] merging instance 'SoftwareRegisterAccessDaemon_instance/data_path.LoadGroup0.LoadReq/RxGen[4].rb/notFRR.bufPipe/Shallow.notSaveSlot.queue/qDGt1.NTB.Wgen[0].queue_array_reg[0][23]' (FDRE) to 'SoftwareRegisterAccessDaemon_instance/data_path.LoadGroup0.LoadReq/RxGen[4].rb/notFRR.bufPipe/Shallow.notSaveSlot.queue/qDGt1.NTB.Wgen[0].queue_array_reg[0][25]'
INFO: [Synth 8-3886] merging instance 'SoftwareRegisterAccessDaemon_instance/data_path.LoadGroup0.LoadReq/RxGen[0].rb/notFRR.bufPipe/Shallow.notSaveSlot.queue/qDGt1.NTB.Wgen[1].queue_array_reg[1][24]' (FDRE) to 'SoftwareRegisterAccessDaemon_instance/data_path.LoadGroup0.LoadReq/RxGen[0].rb/notFRR.bufPipe/Shallow.notSaveSlot.queue/qDGt1.NTB.Wgen[1].queue_array_reg[1][17]'
INFO: [Synth 8-3886] merging instance 'SoftwareRegisterAccessDaemon_instance/data_path.LoadGroup0.LoadReq/RxGen[0].rb/notFRR.bufPipe/Shallow.notSaveSlot.queue/qDGt1.NTB.Wgen[0].queue_array_reg[0][24]' (FDRE) to 'SoftwareRegisterAccessDaemon_instance/data_path.LoadGroup0.LoadReq/RxGen[0].rb/notFRR.bufPipe/Shallow.notSaveSlot.queue/qDGt1.NTB.Wgen[0].queue_array_reg[0][25]'
INFO: [Synth 8-3886] merging instance 'SoftwareRegisterAccessDaemon_instance/data_path.LoadGroup0.LoadReq/RxGen[1].rb/notFRR.bufPipe/Shallow.notSaveSlot.queue/qDGt1.NTB.Wgen[1].queue_array_reg[1][24]' (FDRE) to 'SoftwareRegisterAccessDaemon_instance/data_path.LoadGroup0.LoadReq/RxGen[1].rb/notFRR.bufPipe/Shallow.notSaveSlot.queue/qDGt1.NTB.Wgen[1].queue_array_reg[1][18]'
INFO: [Synth 8-3886] merging instance 'SoftwareRegisterAccessDaemon_instance/data_path.LoadGroup0.LoadReq/RxGen[1].rb/notFRR.bufPipe/Shallow.notSaveSlot.queue/qDGt1.NTB.Wgen[0].queue_array_reg[0][24]' (FDRE) to 'SoftwareRegisterAccessDaemon_instance/data_path.LoadGroup0.LoadReq/RxGen[1].rb/notFRR.bufPipe/Shallow.notSaveSlot.queue/qDGt1.NTB.Wgen[0].queue_array_reg[0][25]'
INFO: [Synth 8-3886] merging instance 'SoftwareRegisterAccessDaemon_instance/data_path.LoadGroup0.LoadReq/RxGen[2].rb/notFRR.bufPipe/Shallow.notSaveSlot.queue/qDGt1.NTB.Wgen[1].queue_array_reg[1][24]' (FDRE) to 'SoftwareRegisterAccessDaemon_instance/data_path.LoadGroup0.LoadReq/RxGen[2].rb/notFRR.bufPipe/Shallow.notSaveSlot.queue/qDGt1.NTB.Wgen[1].queue_array_reg[1][18]'
INFO: [Synth 8-3886] merging instance 'SoftwareRegisterAccessDaemon_instance/data_path.LoadGroup0.LoadReq/RxGen[2].rb/notFRR.bufPipe/Shallow.notSaveSlot.queue/qDGt1.NTB.Wgen[0].queue_array_reg[0][24]' (FDRE) to 'SoftwareRegisterAccessDaemon_instance/data_path.LoadGroup0.LoadReq/RxGen[2].rb/notFRR.bufPipe/Shallow.notSaveSlot.queue/qDGt1.NTB.Wgen[0].queue_array_reg[0][18]'
INFO: [Synth 8-3886] merging instance 'SoftwareRegisterAccessDaemon_instance/data_path.LoadGroup0.LoadReq/RxGen[4].rb/notFRR.bufPipe/Shallow.notSaveSlot.queue/qDGt1.NTB.Wgen[1].queue_array_reg[1][24]' (FDRE) to 'SoftwareRegisterAccessDaemon_instance/data_path.LoadGroup0.LoadReq/RxGen[4].rb/notFRR.bufPipe/Shallow.notSaveSlot.queue/qDGt1.NTB.Wgen[1].queue_array_reg[1][17]'
INFO: [Synth 8-3886] merging instance 'SoftwareRegisterAccessDaemon_instance/data_path.LoadGroup0.LoadReq/RxGen[4].rb/notFRR.bufPipe/Shallow.notSaveSlot.queue/qDGt1.NTB.Wgen[0].queue_array_reg[0][24]' (FDRE) to 'SoftwareRegisterAccessDaemon_instance/data_path.LoadGroup0.LoadReq/RxGen[4].rb/notFRR.bufPipe/Shallow.notSaveSlot.queue/qDGt1.NTB.Wgen[0].queue_array_reg[0][25]'
INFO: [Synth 8-3886] merging instance 'SoftwareRegisterAccessDaemon_instance/data_path.LoadGroup0.LoadReq/RxGen[0].rb/notFRR.bufPipe/Shallow.notSaveSlot.queue/qDGt1.NTB.Wgen[1].queue_array_reg[1][25]' (FDRE) to 'SoftwareRegisterAccessDaemon_instance/data_path.LoadGroup0.LoadReq/RxGen[0].rb/notFRR.bufPipe/Shallow.notSaveSlot.queue/qDGt1.NTB.Wgen[1].queue_array_reg[1][17]'
INFO: [Synth 8-3886] merging instance 'SoftwareRegisterAccessDaemon_instance/data_path.LoadGroup0.LoadReq/RxGen[0].rb/notFRR.bufPipe/Shallow.notSaveSlot.queue/qDGt1.NTB.Wgen[0].queue_array_reg[0][25]' (FDRE) to 'SoftwareRegisterAccessDaemon_instance/data_path.LoadGroup0.LoadReq/RxGen[0].rb/notFRR.bufPipe/Shallow.notSaveSlot.queue/qDGt1.NTB.Wgen[0].queue_array_reg[0][19]'
INFO: [Synth 8-3886] merging instance 'SoftwareRegisterAccessDaemon_instance/data_path.LoadGroup0.LoadReq/RxGen[1].rb/notFRR.bufPipe/Shallow.notSaveSlot.queue/qDGt1.NTB.Wgen[1].queue_array_reg[1][25]' (FDRE) to 'SoftwareRegisterAccessDaemon_instance/data_path.LoadGroup0.LoadReq/RxGen[1].rb/notFRR.bufPipe/Shallow.notSaveSlot.queue/qDGt1.NTB.Wgen[1].queue_array_reg[1][18]'
INFO: [Synth 8-3886] merging instance 'SoftwareRegisterAccessDaemon_instance/data_path.LoadGroup0.LoadReq/RxGen[1].rb/notFRR.bufPipe/Shallow.notSaveSlot.queue/qDGt1.NTB.Wgen[0].queue_array_reg[0][25]' (FDRE) to 'SoftwareRegisterAccessDaemon_instance/data_path.LoadGroup0.LoadReq/RxGen[1].rb/notFRR.bufPipe/Shallow.notSaveSlot.queue/qDGt1.NTB.Wgen[0].queue_array_reg[0][19]'
INFO: [Synth 8-3886] merging instance 'SoftwareRegisterAccessDaemon_instance/data_path.LoadGroup0.LoadReq/RxGen[2].rb/notFRR.bufPipe/Shallow.notSaveSlot.queue/qDGt1.NTB.Wgen[1].queue_array_reg[1][25]' (FDRE) to 'SoftwareRegisterAccessDaemon_instance/data_path.LoadGroup0.LoadReq/RxGen[2].rb/notFRR.bufPipe/Shallow.notSaveSlot.queue/qDGt1.NTB.Wgen[1].queue_array_reg[1][17]'
INFO: [Synth 8-3886] merging instance 'SoftwareRegisterAccessDaemon_instance/data_path.LoadGroup0.LoadReq/RxGen[2].rb/notFRR.bufPipe/Shallow.notSaveSlot.queue/qDGt1.NTB.Wgen[0].queue_array_reg[0][25]' (FDRE) to 'SoftwareRegisterAccessDaemon_instance/data_path.LoadGroup0.LoadReq/RxGen[2].rb/notFRR.bufPipe/Shallow.notSaveSlot.queue/qDGt1.NTB.Wgen[0].queue_array_reg[0][19]'
INFO: [Synth 8-3886] merging instance 'SoftwareRegisterAccessDaemon_instance/data_path.LoadGroup0.LoadReq/RxGen[4].rb/notFRR.bufPipe/Shallow.notSaveSlot.queue/qDGt1.NTB.Wgen[1].queue_array_reg[1][25]' (FDRE) to 'SoftwareRegisterAccessDaemon_instance/data_path.LoadGroup0.LoadReq/RxGen[4].rb/notFRR.bufPipe/Shallow.notSaveSlot.queue/qDGt1.NTB.Wgen[1].queue_array_reg[1][17]'
INFO: [Synth 8-3886] merging instance 'SoftwareRegisterAccessDaemon_instance/data_path.LoadGroup0.LoadReq/RxGen[4].rb/notFRR.bufPipe/Shallow.notSaveSlot.queue/qDGt1.NTB.Wgen[0].queue_array_reg[0][25]' (FDRE) to 'SoftwareRegisterAccessDaemon_instance/data_path.LoadGroup0.LoadReq/RxGen[4].rb/notFRR.bufPipe/Shallow.notSaveSlot.queue/qDGt1.NTB.Wgen[0].queue_array_reg[0][18]'
INFO: [Synth 8-3886] merging instance 'UpdateRegister_instance/data_path.StoreGroup0.StoreReq/RxGen[0].rb/notFRR.bufPipe/Shallow.notSaveSlot.queue/qDGt1.NTB.Wgen[1].queue_array_reg[1][17]' (FDRE) to 'UpdateRegister_instance/data_path.StoreGroup0.StoreReq/RxGen[0].rb/notFRR.bufPipe/Shallow.notSaveSlot.queue/qDGt1.NTB.Wgen[1].queue_array_reg[1][18]'
INFO: [Synth 8-3886] merging instance 'UpdateRegister_instance/data_path.StoreGroup0.StoreReq/RxGen[0].rb/notFRR.bufPipe/Shallow.notSaveSlot.queue/qDGt1.NTB.Wgen[0].queue_array_reg[0][17]' (FDRE) to 'UpdateRegister_instance/data_path.StoreGroup0.StoreReq/RxGen[0].rb/notFRR.bufPipe/Shallow.notSaveSlot.queue/qDGt1.NTB.Wgen[0].queue_array_reg[0][18]'
INFO: [Synth 8-3886] merging instance 'UpdateRegister_instance/data_path.StoreGroup0.StoreReq/RxGen[0].rb/notFRR.bufPipe/Shallow.notSaveSlot.queue/qDGt1.NTB.Wgen[1].queue_array_reg[1][18]' (FDRE) to 'UpdateRegister_instance/data_path.StoreGroup0.StoreReq/RxGen[0].rb/notFRR.bufPipe/Shallow.notSaveSlot.queue/qDGt1.NTB.Wgen[1].queue_array_reg[1][19]'
INFO: [Synth 8-3886] merging instance 'UpdateRegister_instance/data_path.StoreGroup0.StoreReq/RxGen[0].rb/notFRR.bufPipe/Shallow.notSaveSlot.queue/qDGt1.NTB.Wgen[0].queue_array_reg[0][18]' (FDRE) to 'UpdateRegister_instance/data_path.StoreGroup0.StoreReq/RxGen[0].rb/notFRR.bufPipe/Shallow.notSaveSlot.queue/qDGt1.NTB.Wgen[0].queue_array_reg[0][19]'
INFO: [Synth 8-3333] propagating constant 0 across sequential element (\UpdateRegister_instance/data_path.StoreGroup0.StoreReq/RxGen[0].rb/notFRR.bufPipe/Shallow.notSaveSlot.queue/qDGt1.NTB.Wgen[1].queue_array_reg[1][19] )
INFO: [Synth 8-3333] propagating constant 0 across sequential element (\UpdateRegister_instance/data_path.StoreGroup0.StoreReq/RxGen[0].rb/notFRR.bufPipe/Shallow.notSaveSlot.queue/qDGt1.NTB.Wgen[0].queue_array_reg[0][19] )
INFO: [Synth 8-3886] merging instance 'UpdateRegister_instance/out_buffer/notFRR.bufPipe/Shallow.notSaveSlot.queue/qD1.RB.data_reg_reg[32]' (FDRE) to 'UpdateRegister_instance/out_buffer/notFRR.bufPipe/Shallow.notSaveSlot.queue/qD1.RB.data_reg_reg[34]'
INFO: [Synth 8-3886] merging instance 'NicRegisterAccessDaemon_instance/data_path.LoadGroup0.LoadReq/RxGen[0].rb/notFRR.bufPipe/Shallow.notSaveSlot.queue/qDGt1.NTB.Wgen[1].queue_array_reg[1][17]' (FDRE) to 'NicRegisterAccessDaemon_instance/data_path.LoadGroup0.LoadReq/RxGen[0].rb/notFRR.bufPipe/Shallow.notSaveSlot.queue/qDGt1.NTB.Wgen[1].queue_array_reg[1][18]'
INFO: [Synth 8-3886] merging instance 'NicRegisterAccessDaemon_instance/data_path.LoadGroup0.LoadReq/RxGen[0].rb/notFRR.bufPipe/Shallow.notSaveSlot.queue/qDGt1.NTB.Wgen[0].queue_array_reg[0][17]' (FDRE) to 'NicRegisterAccessDaemon_instance/data_path.LoadGroup0.LoadReq/RxGen[0].rb/notFRR.bufPipe/Shallow.notSaveSlot.queue/qDGt1.NTB.Wgen[0].queue_array_reg[0][18]'
INFO: [Synth 8-3886] merging instance 'SoftwareRegisterAccessDaemon_instance/data_path.LoadGroup0.LoadReq/RxGen[0].rb/notFRR.bufPipe/Shallow.notSaveSlot.queue/qDGt1.NTB.Wgen[1].queue_array_reg[1][17]' (FDRE) to 'SoftwareRegisterAccessDaemon_instance/data_path.LoadGroup0.LoadReq/RxGen[0].rb/notFRR.bufPipe/Shallow.notSaveSlot.queue/qDGt1.NTB.Wgen[1].queue_array_reg[1][18]'
INFO: [Synth 8-3886] merging instance 'SoftwareRegisterAccessDaemon_instance/data_path.LoadGroup0.LoadReq/RxGen[0].rb/notFRR.bufPipe/Shallow.notSaveSlot.queue/qDGt1.NTB.Wgen[0].queue_array_reg[0][17]' (FDRE) to 'SoftwareRegisterAccessDaemon_instance/data_path.LoadGroup0.LoadReq/RxGen[0].rb/notFRR.bufPipe/Shallow.notSaveSlot.queue/qDGt1.NTB.Wgen[0].queue_array_reg[0][19]'
INFO: [Synth 8-3886] merging instance 'SoftwareRegisterAccessDaemon_instance/data_path.LoadGroup0.LoadReq/RxGen[2].rb/notFRR.bufPipe/Shallow.notSaveSlot.queue/qDGt1.NTB.Wgen[1].queue_array_reg[1][17]' (FDRE) to 'SoftwareRegisterAccessDaemon_instance/data_path.LoadGroup0.LoadReq/RxGen[2].rb/notFRR.bufPipe/Shallow.notSaveSlot.queue/qDGt1.NTB.Wgen[1].queue_array_reg[1][19]'
INFO: [Synth 8-3886] merging instance 'SoftwareRegisterAccessDaemon_instance/data_path.LoadGroup0.LoadReq/RxGen[2].rb/notFRR.bufPipe/Shallow.notSaveSlot.queue/qDGt1.NTB.Wgen[0].queue_array_reg[0][17]' (FDRE) to 'SoftwareRegisterAccessDaemon_instance/data_path.LoadGroup0.LoadReq/RxGen[2].rb/notFRR.bufPipe/Shallow.notSaveSlot.queue/qDGt1.NTB.Wgen[0].queue_array_reg[0][19]'
INFO: [Synth 8-3886] merging instance 'SoftwareRegisterAccessDaemon_instance/data_path.LoadGroup0.LoadReq/RxGen[3].rb/notFRR.bufPipe/Shallow.notSaveSlot.queue/qDGt1.NTB.Wgen[1].queue_array_reg[1][17]' (FDRE) to 'SoftwareRegisterAccessDaemon_instance/data_path.LoadGroup0.LoadReq/RxGen[3].rb/notFRR.bufPipe/Shallow.notSaveSlot.queue/qDGt1.NTB.Wgen[1].queue_array_reg[1][18]'
INFO: [Synth 8-3886] merging instance 'SoftwareRegisterAccessDaemon_instance/data_path.LoadGroup0.LoadReq/RxGen[3].rb/notFRR.bufPipe/Shallow.notSaveSlot.queue/qDGt1.NTB.Wgen[0].queue_array_reg[0][17]' (FDRE) to 'SoftwareRegisterAccessDaemon_instance/data_path.LoadGroup0.LoadReq/RxGen[3].rb/notFRR.bufPipe/Shallow.notSaveSlot.queue/qDGt1.NTB.Wgen[0].queue_array_reg[0][18]'
INFO: [Synth 8-3886] merging instance 'SoftwareRegisterAccessDaemon_instance/data_path.LoadGroup0.LoadReq/RxGen[4].rb/notFRR.bufPipe/Shallow.notSaveSlot.queue/qDGt1.NTB.Wgen[1].queue_array_reg[1][17]' (FDRE) to 'SoftwareRegisterAccessDaemon_instance/data_path.LoadGroup0.LoadReq/RxGen[4].rb/notFRR.bufPipe/Shallow.notSaveSlot.queue/qDGt1.NTB.Wgen[1].queue_array_reg[1][18]'
INFO: [Synth 8-3886] merging instance 'SoftwareRegisterAccessDaemon_instance/data_path.LoadGroup0.LoadReq/RxGen[4].rb/notFRR.bufPipe/Shallow.notSaveSlot.queue/qDGt1.NTB.Wgen[0].queue_array_reg[0][17]' (FDRE) to 'SoftwareRegisterAccessDaemon_instance/data_path.LoadGroup0.LoadReq/RxGen[4].rb/notFRR.bufPipe/Shallow.notSaveSlot.queue/qDGt1.NTB.Wgen[0].queue_array_reg[0][18]'
INFO: [Synth 8-3886] merging instance 'NicRegisterAccessDaemon_instance/data_path.LoadGroup0.LoadReq/RxGen[0].rb/notFRR.bufPipe/Shallow.notSaveSlot.queue/qDGt1.NTB.Wgen[1].queue_array_reg[1][18]' (FDRE) to 'NicRegisterAccessDaemon_instance/data_path.LoadGroup0.LoadReq/RxGen[0].rb/notFRR.bufPipe/Shallow.notSaveSlot.queue/qDGt1.NTB.Wgen[1].queue_array_reg[1][19]'
INFO: [Synth 8-3886] merging instance 'NicRegisterAccessDaemon_instance/data_path.LoadGroup0.LoadReq/RxGen[0].rb/notFRR.bufPipe/Shallow.notSaveSlot.queue/qDGt1.NTB.Wgen[0].queue_array_reg[0][18]' (FDRE) to 'NicRegisterAccessDaemon_instance/data_path.LoadGroup0.LoadReq/RxGen[0].rb/notFRR.bufPipe/Shallow.notSaveSlot.queue/qDGt1.NTB.Wgen[0].queue_array_reg[0][19]'
INFO: [Synth 8-3886] merging instance 'SoftwareRegisterAccessDaemon_instance/data_path.LoadGroup0.LoadReq/RxGen[0].rb/notFRR.bufPipe/Shallow.notSaveSlot.queue/qDGt1.NTB.Wgen[1].queue_array_reg[1][18]' (FDRE) to 'SoftwareRegisterAccessDaemon_instance/data_path.LoadGroup0.LoadReq/RxGen[0].rb/notFRR.bufPipe/Shallow.notSaveSlot.queue/qDGt1.NTB.Wgen[1].queue_array_reg[1][19]'
INFO: [Synth 8-3886] merging instance 'SoftwareRegisterAccessDaemon_instance/data_path.LoadGroup0.LoadReq/RxGen[0].rb/notFRR.bufPipe/Shallow.notSaveSlot.queue/qDGt1.NTB.Wgen[0].queue_array_reg[0][18]' (FDRE) to 'SoftwareRegisterAccessDaemon_instance/data_path.LoadGroup0.LoadReq/RxGen[0].rb/notFRR.bufPipe/Shallow.notSaveSlot.queue/qDGt1.NTB.Wgen[0].queue_array_reg[0][19]'
INFO: [Synth 8-3886] merging instance 'SoftwareRegisterAccessDaemon_instance/data_path.LoadGroup0.LoadReq/RxGen[1].rb/notFRR.bufPipe/Shallow.notSaveSlot.queue/qDGt1.NTB.Wgen[1].queue_array_reg[1][18]' (FDRE) to 'SoftwareRegisterAccessDaemon_instance/data_path.LoadGroup0.LoadReq/RxGen[1].rb/notFRR.bufPipe/Shallow.notSaveSlot.queue/qDGt1.NTB.Wgen[1].queue_array_reg[1][19]'
INFO: [Synth 8-3886] merging instance 'SoftwareRegisterAccessDaemon_instance/data_path.LoadGroup0.LoadReq/RxGen[1].rb/notFRR.bufPipe/Shallow.notSaveSlot.queue/qDGt1.NTB.Wgen[0].queue_array_reg[0][18]' (FDRE) to 'SoftwareRegisterAccessDaemon_instance/data_path.LoadGroup0.LoadReq/RxGen[1].rb/notFRR.bufPipe/Shallow.notSaveSlot.queue/qDGt1.NTB.Wgen[0].queue_array_reg[0][19]'
INFO: [Synth 8-3333] propagating constant 0 across sequential element (SoftwareRegisterAccessDaemon_instance/\data_path.LoadGroup0.LoadReq /\RxGen[4].rb/notFRR.bufPipe/Shallow.notSaveSlot.queue/qDGt1.NTB.Wgen[1].queue_array_reg[1][18] )
INFO: [Synth 8-3333] propagating constant 0 across sequential element (SoftwareRegisterAccessDaemon_instance/\data_path.LoadGroup0.LoadReq /\RxGen[4].rb/notFRR.bufPipe/Shallow.notSaveSlot.queue/qDGt1.NTB.Wgen[0].queue_array_reg[0][18] )
INFO: [Synth 8-3333] propagating constant 0 across sequential element (\NicRegisterAccessDaemon_instance/data_path.LoadGroup0.LoadReq/RxGen[0].rb/notFRR.bufPipe/Shallow.notSaveSlot.queue/qDGt1.NTB.Wgen[1].queue_array_reg[1][19] )
INFO: [Synth 8-3333] propagating constant 0 across sequential element (\NicRegisterAccessDaemon_instance/data_path.LoadGroup0.LoadReq/RxGen[0].rb/notFRR.bufPipe/Shallow.notSaveSlot.queue/qDGt1.NTB.Wgen[0].queue_array_reg[0][19] )
INFO: [Synth 8-3333] propagating constant 0 across sequential element (SoftwareRegisterAccessDaemon_instance/\data_path.LoadGroup0.LoadReq /\RxGen[0].rb/notFRR.bufPipe/Shallow.notSaveSlot.queue/qDGt1.NTB.Wgen[1].queue_array_reg[1][19] )
INFO: [Synth 8-3333] propagating constant 0 across sequential element (SoftwareRegisterAccessDaemon_instance/\data_path.LoadGroup0.LoadReq /\RxGen[0].rb/notFRR.bufPipe/Shallow.notSaveSlot.queue/qDGt1.NTB.Wgen[0].queue_array_reg[0][19] )
INFO: [Synth 8-3333] propagating constant 0 across sequential element (SoftwareRegisterAccessDaemon_instance/\data_path.LoadGroup0.LoadReq /\RxGen[1].rb/notFRR.bufPipe/Shallow.notSaveSlot.queue/qDGt1.NTB.Wgen[1].queue_array_reg[1][19] )
INFO: [Synth 8-3333] propagating constant 0 across sequential element (SoftwareRegisterAccessDaemon_instance/\data_path.LoadGroup0.LoadReq /\RxGen[1].rb/notFRR.bufPipe/Shallow.notSaveSlot.queue/qDGt1.NTB.Wgen[0].queue_array_reg[0][19] )
INFO: [Synth 8-3333] propagating constant 0 across sequential element (SoftwareRegisterAccessDaemon_instance/\data_path.LoadGroup0.LoadReq /\RxGen[2].rb/notFRR.bufPipe/Shallow.notSaveSlot.queue/qDGt1.NTB.Wgen[1].queue_array_reg[1][19] )
INFO: [Synth 8-3333] propagating constant 0 across sequential element (SoftwareRegisterAccessDaemon_instance/\data_path.LoadGroup0.LoadReq /\RxGen[2].rb/notFRR.bufPipe/Shallow.notSaveSlot.queue/qDGt1.NTB.Wgen[0].queue_array_reg[0][19] )
INFO: [Synth 8-3333] propagating constant 0 across sequential element (SoftwareRegisterAccessDaemon_instance/\data_path.LoadGroup0.LoadReq /\RxGen[3].rb/notFRR.bufPipe/Shallow.notSaveSlot.queue/qDGt1.NTB.Wgen[1].queue_array_reg[1][19] )
INFO: [Synth 8-3333] propagating constant 0 across sequential element (SoftwareRegisterAccessDaemon_instance/\data_path.LoadGroup0.LoadReq /\RxGen[3].rb/notFRR.bufPipe/Shallow.notSaveSlot.queue/qDGt1.NTB.Wgen[0].queue_array_reg[0][19] )
INFO: [Synth 8-3333] propagating constant 0 across sequential element (\MemorySpace_memory_space_0/nonTrivGen.core/srr/qDGt1.NTB.Wgen[1].queue_array_reg[1][41] )
INFO: [Synth 8-3333] propagating constant 0 across sequential element (\MemorySpace_memory_space_0/nonTrivGen.core/srr/qDGt1.NTB.Wgen[0].queue_array_reg[0][41] )
INFO: [Synth 8-3333] propagating constant 0 across sequential element (SoftwareRegisterAccessDaemon_instance/\data_path.OutportGroup_3.NUMBER_OF_SERVERS_write_3/BufGen[0].rxB/fsm_state_reg )
INFO: [Synth 8-3886] merging instance 'SoftwareRegisterAccessDaemon_instance/data_path.type_cast_1127_inst_block.type_cast_1127_inst/NoFlowThrough.interlockBuf.buf/NotRevisedCase.ShallowCase.ulReg/noBypass.read_data_reg[0]' (FDRE) to 'SoftwareRegisterAccessDaemon_instance/data_path.type_cast_1127_inst_block.type_cast_1127_inst/NoFlowThrough.interlockBuf.buf/NotRevisedCase.ShallowCase.ulReg/noBypass.read_data_reg[2]'
INFO: [Synth 8-3886] merging instance 'SoftwareRegisterAccessDaemon_instance/data_path.type_cast_1127_inst_block.type_cast_1127_inst/NoFlowThrough.interlockBuf.buf/NotRevisedCase.ShallowCase.ulReg/noBypass.read_data_reg[1]' (FDRE) to 'SoftwareRegisterAccessDaemon_instance/data_path.type_cast_1127_inst_block.type_cast_1127_inst/NoFlowThrough.interlockBuf.buf/NotRevisedCase.ShallowCase.ulReg/noBypass.read_data_reg[2]'
INFO: [Synth 8-3333] propagating constant 0 across sequential element (SoftwareRegisterAccessDaemon_instance/\data_path.type_cast_1127_inst_block.type_cast_1127_inst/NoFlowThrough.interlockBuf.buf/NotRevisedCase.ShallowCase.ulReg/noBypass.read_data_reg[2] )
INFO: [Synth 8-3333] propagating constant 0 across sequential element (SoftwareRegisterAccessDaemon_instance/\data_path.OutportGroup_2.FREE_Q_write_2/BufGen[0].rxB/fsm_state_reg )
INFO: [Synth 8-3333] propagating constant 0 across sequential element (SoftwareRegisterAccessDaemon_instance/\data_path.OutportGroup_1.CONTROL_REGISTER_write_1/BufGen[0].rxB/fsm_state_reg )
INFO: [Synth 8-3333] propagating constant 0 across sequential element (\NIC_RESPONSE_REGISTER_ACCESS_PIPE_Pipe/Shallow.notSaveSlot.queue/qDGt1.NTB.Wgen[1].queue_array_reg[1][32] )
INFO: [Synth 8-3333] propagating constant 0 across sequential element (\NIC_RESPONSE_REGISTER_ACCESS_PIPE_Pipe/Shallow.notSaveSlot.queue/qDGt1.NTB.Wgen[0].queue_array_reg[0][32] )
INFO: [Synth 8-3333] propagating constant 0 across sequential element (\FREE_Q_Signal/nonVolatileGen.read_data_reg_reg[35] )
INFO: [Synth 8-3333] propagating constant 0 across sequential element (\NicRegisterAccessDaemon_instance/out_buffer_write_req_symbol_join.gj_out_buffer_write_req_symbol_join/placegen[1].placeBlock.pI/CapEqOne.non_zero_reg )
INFO: [Synth 8-3333] propagating constant 0 across sequential element (SoftwareRegisterAccessDaemon_instance/\out_buffer_write_req_symbol_join.gj_out_buffer_write_req_symbol_join/placegen[1].placeBlock.pI/CapEqOne.non_zero_reg )
INFO: [Synth 8-3333] propagating constant 0 across sequential element (\UpdateRegister_arbiter/multipleRequesters.RetGen[1].fsm.tag_reg_reg[0] )
INFO: [Synth 8-3333] propagating constant 0 across sequential element (\UpdateRegister_arbiter/multipleRequesters.RetGen[0].fsm.tag_reg_reg[0] )
WARNING: [Synth 8-3332] Sequential element (lt_place/token_latch_reg[0]) is unused and will be removed from module loop_terminator__parameterized5.
WARNING: [Synth 8-3332] Sequential element (RxGen[0].rb/notFRR.bufPipe/Shallow.notSaveSlot.queue/qDGt1.NTB.Wgen[0].queue_array_reg[0][19]) is unused and will be removed from module LoadReqSharedWithInputBuffers__parameterized1.
WARNING: [Synth 8-3332] Sequential element (RxGen[0].rb/notFRR.bufPipe/Shallow.notSaveSlot.queue/qDGt1.NTB.Wgen[1].queue_array_reg[1][19]) is unused and will be removed from module LoadReqSharedWithInputBuffers__parameterized1.
WARNING: [Synth 8-3332] Sequential element (RxGen[1].rb/notFRR.bufPipe/Shallow.notSaveSlot.queue/qDGt1.NTB.Wgen[0].queue_array_reg[0][19]) is unused and will be removed from module LoadReqSharedWithInputBuffers__parameterized1.
WARNING: [Synth 8-3332] Sequential element (RxGen[1].rb/notFRR.bufPipe/Shallow.notSaveSlot.queue/qDGt1.NTB.Wgen[1].queue_array_reg[1][19]) is unused and will be removed from module LoadReqSharedWithInputBuffers__parameterized1.
WARNING: [Synth 8-3332] Sequential element (RxGen[2].rb/notFRR.bufPipe/Shallow.notSaveSlot.queue/qDGt1.NTB.Wgen[0].queue_array_reg[0][19]) is unused and will be removed from module LoadReqSharedWithInputBuffers__parameterized1.
WARNING: [Synth 8-3332] Sequential element (RxGen[2].rb/notFRR.bufPipe/Shallow.notSaveSlot.queue/qDGt1.NTB.Wgen[1].queue_array_reg[1][19]) is unused and will be removed from module LoadReqSharedWithInputBuffers__parameterized1.
WARNING: [Synth 8-3332] Sequential element (RxGen[3].rb/notFRR.bufPipe/Shallow.notSaveSlot.queue/qDGt1.NTB.Wgen[0].queue_array_reg[0][19]) is unused and will be removed from module LoadReqSharedWithInputBuffers__parameterized1.
WARNING: [Synth 8-3332] Sequential element (RxGen[3].rb/notFRR.bufPipe/Shallow.notSaveSlot.queue/qDGt1.NTB.Wgen[1].queue_array_reg[1][19]) is unused and will be removed from module LoadReqSharedWithInputBuffers__parameterized1.
WARNING: [Synth 8-3332] Sequential element (RxGen[4].rb/notFRR.bufPipe/Shallow.notSaveSlot.queue/qDGt1.NTB.Wgen[0].queue_array_reg[0][18]) is unused and will be removed from module LoadReqSharedWithInputBuffers__parameterized1.
WARNING: [Synth 8-3332] Sequential element (RxGen[4].rb/notFRR.bufPipe/Shallow.notSaveSlot.queue/qDGt1.NTB.Wgen[1].queue_array_reg[1][18]) is unused and will be removed from module LoadReqSharedWithInputBuffers__parameterized1.
WARNING: [Synth 8-3332] Sequential element (odemux/bufGen[0].BufBlock.ub/NotRevisedCase.ShallowCase.bufGt0.bufPipe/qDGt1.NTB.notDistribRam.Wgen[0].queue_array_reg[0][31]) is unused and will be removed from module LoadCompleteShared__parameterized1.
WARNING: [Synth 8-3332] Sequential element (odemux/bufGen[0].BufBlock.ub/NotRevisedCase.ShallowCase.bufGt0.bufPipe/qDGt1.NTB.notDistribRam.Wgen[0].queue_array_reg[0][30]) is unused and will be removed from module LoadCompleteShared__parameterized1.
WARNING: [Synth 8-3332] Sequential element (odemux/bufGen[0].BufBlock.ub/NotRevisedCase.ShallowCase.bufGt0.bufPipe/qDGt1.NTB.notDistribRam.Wgen[0].queue_array_reg[0][29]) is unused and will be removed from module LoadCompleteShared__parameterized1.
WARNING: [Synth 8-3332] Sequential element (odemux/bufGen[0].BufBlock.ub/NotRevisedCase.ShallowCase.bufGt0.bufPipe/qDGt1.NTB.notDistribRam.Wgen[0].queue_array_reg[0][28]) is unused and will be removed from module LoadCompleteShared__parameterized1.
WARNING: [Synth 8-3332] Sequential element (odemux/bufGen[0].BufBlock.ub/NotRevisedCase.ShallowCase.bufGt0.bufPipe/qDGt1.NTB.notDistribRam.Wgen[0].queue_array_reg[0][27]) is unused and will be removed from module LoadCompleteShared__parameterized1.
WARNING: [Synth 8-3332] Sequential element (odemux/bufGen[0].BufBlock.ub/NotRevisedCase.ShallowCase.bufGt0.bufPipe/qDGt1.NTB.notDistribRam.Wgen[0].queue_array_reg[0][26]) is unused and will be removed from module LoadCompleteShared__parameterized1.
WARNING: [Synth 8-3332] Sequential element (odemux/bufGen[0].BufBlock.ub/NotRevisedCase.ShallowCase.bufGt0.bufPipe/qDGt1.NTB.notDistribRam.Wgen[0].queue_array_reg[0][25]) is unused and will be removed from module LoadCompleteShared__parameterized1.
WARNING: [Synth 8-3332] Sequential element (odemux/bufGen[0].BufBlock.ub/NotRevisedCase.ShallowCase.bufGt0.bufPipe/qDGt1.NTB.notDistribRam.Wgen[0].queue_array_reg[0][24]) is unused and will be removed from module LoadCompleteShared__parameterized1.
WARNING: [Synth 8-3332] Sequential element (odemux/bufGen[0].BufBlock.ub/NotRevisedCase.ShallowCase.bufGt0.bufPipe/qDGt1.NTB.notDistribRam.Wgen[0].queue_array_reg[0][23]) is unused and will be removed from module LoadCompleteShared__parameterized1.
WARNING: [Synth 8-3332] Sequential element (odemux/bufGen[0].BufBlock.ub/NotRevisedCase.ShallowCase.bufGt0.bufPipe/qDGt1.NTB.notDistribRam.Wgen[0].queue_array_reg[0][22]) is unused and will be removed from module LoadCompleteShared__parameterized1.
WARNING: [Synth 8-3332] Sequential element (odemux/bufGen[0].BufBlock.ub/NotRevisedCase.ShallowCase.bufGt0.bufPipe/qDGt1.NTB.notDistribRam.Wgen[0].queue_array_reg[0][21]) is unused and will be removed from module LoadCompleteShared__parameterized1.
WARNING: [Synth 8-3332] Sequential element (odemux/bufGen[0].BufBlock.ub/NotRevisedCase.ShallowCase.bufGt0.bufPipe/qDGt1.NTB.notDistribRam.Wgen[0].queue_array_reg[0][20]) is unused and will be removed from module LoadCompleteShared__parameterized1.
WARNING: [Synth 8-3332] Sequential element (odemux/bufGen[0].BufBlock.ub/NotRevisedCase.ShallowCase.bufGt0.bufPipe/qDGt1.NTB.notDistribRam.Wgen[0].queue_array_reg[0][19]) is unused and will be removed from module LoadCompleteShared__parameterized1.
WARNING: [Synth 8-3332] Sequential element (odemux/bufGen[0].BufBlock.ub/NotRevisedCase.ShallowCase.bufGt0.bufPipe/qDGt1.NTB.notDistribRam.Wgen[0].queue_array_reg[0][18]) is unused and will be removed from module LoadCompleteShared__parameterized1.
WARNING: [Synth 8-3332] Sequential element (odemux/bufGen[0].BufBlock.ub/NotRevisedCase.ShallowCase.bufGt0.bufPipe/qDGt1.NTB.notDistribRam.Wgen[0].queue_array_reg[0][17]) is unused and will be removed from module LoadCompleteShared__parameterized1.
WARNING: [Synth 8-3332] Sequential element (odemux/bufGen[0].BufBlock.ub/NotRevisedCase.ShallowCase.bufGt0.bufPipe/qDGt1.NTB.notDistribRam.Wgen[0].queue_array_reg[0][16]) is unused and will be removed from module LoadCompleteShared__parameterized1.
WARNING: [Synth 8-3332] Sequential element (odemux/bufGen[0].BufBlock.ub/NotRevisedCase.ShallowCase.bufGt0.bufPipe/qDGt1.NTB.notDistribRam.Wgen[0].queue_array_reg[0][15]) is unused and will be removed from module LoadCompleteShared__parameterized1.
WARNING: [Synth 8-3332] Sequential element (odemux/bufGen[0].BufBlock.ub/NotRevisedCase.ShallowCase.bufGt0.bufPipe/qDGt1.NTB.notDistribRam.Wgen[0].queue_array_reg[0][14]) is unused and will be removed from module LoadCompleteShared__parameterized1.
WARNING: [Synth 8-3332] Sequential element (odemux/bufGen[0].BufBlock.ub/NotRevisedCase.ShallowCase.bufGt0.bufPipe/qDGt1.NTB.notDistribRam.Wgen[0].queue_array_reg[0][13]) is unused and will be removed from module LoadCompleteShared__parameterized1.
WARNING: [Synth 8-3332] Sequential element (odemux/bufGen[0].BufBlock.ub/NotRevisedCase.ShallowCase.bufGt0.bufPipe/qDGt1.NTB.notDistribRam.Wgen[0].queue_array_reg[0][12]) is unused and will be removed from module LoadCompleteShared__parameterized1.
WARNING: [Synth 8-3332] Sequential element (odemux/bufGen[0].BufBlock.ub/NotRevisedCase.ShallowCase.bufGt0.bufPipe/qDGt1.NTB.notDistribRam.Wgen[0].queue_array_reg[0][11]) is unused and will be removed from module LoadCompleteShared__parameterized1.
WARNING: [Synth 8-3332] Sequential element (odemux/bufGen[0].BufBlock.ub/NotRevisedCase.ShallowCase.bufGt0.bufPipe/qDGt1.NTB.notDistribRam.Wgen[0].queue_array_reg[0][10]) is unused and will be removed from module LoadCompleteShared__parameterized1.
WARNING: [Synth 8-3332] Sequential element (odemux/bufGen[0].BufBlock.ub/NotRevisedCase.ShallowCase.bufGt0.bufPipe/qDGt1.NTB.notDistribRam.Wgen[0].queue_array_reg[0][9]) is unused and will be removed from module LoadCompleteShared__parameterized1.
WARNING: [Synth 8-3332] Sequential element (odemux/bufGen[0].BufBlock.ub/NotRevisedCase.ShallowCase.bufGt0.bufPipe/qDGt1.NTB.notDistribRam.Wgen[0].queue_array_reg[0][8]) is unused and will be removed from module LoadCompleteShared__parameterized1.
WARNING: [Synth 8-3332] Sequential element (odemux/bufGen[0].BufBlock.ub/NotRevisedCase.ShallowCase.bufGt0.bufPipe/qDGt1.NTB.notDistribRam.Wgen[0].queue_array_reg[0][7]) is unused and will be removed from module LoadCompleteShared__parameterized1.
WARNING: [Synth 8-3332] Sequential element (odemux/bufGen[0].BufBlock.ub/NotRevisedCase.ShallowCase.bufGt0.bufPipe/qDGt1.NTB.notDistribRam.Wgen[0].queue_array_reg[0][6]) is unused and will be removed from module LoadCompleteShared__parameterized1.
WARNING: [Synth 8-3332] Sequential element (odemux/bufGen[0].BufBlock.ub/NotRevisedCase.ShallowCase.bufGt0.bufPipe/qDGt1.NTB.notDistribRam.Wgen[0].queue_array_reg[0][5]) is unused and will be removed from module LoadCompleteShared__parameterized1.
WARNING: [Synth 8-3332] Sequential element (odemux/bufGen[0].BufBlock.ub/NotRevisedCase.ShallowCase.bufGt0.bufPipe/qDGt1.NTB.notDistribRam.Wgen[0].queue_array_reg[0][4]) is unused and will be removed from module LoadCompleteShared__parameterized1.
WARNING: [Synth 8-3332] Sequential element (odemux/bufGen[0].BufBlock.ub/NotRevisedCase.ShallowCase.bufGt0.bufPipe/qDGt1.NTB.notDistribRam.Wgen[0].queue_array_reg[0][3]) is unused and will be removed from module LoadCompleteShared__parameterized1.
WARNING: [Synth 8-3332] Sequential element (odemux/bufGen[0].BufBlock.ub/NotRevisedCase.ShallowCase.bufGt0.bufPipe/qDGt1.NTB.notDistribRam.Wgen[0].queue_array_reg[0][2]) is unused and will be removed from module LoadCompleteShared__parameterized1.
WARNING: [Synth 8-3332] Sequential element (odemux/bufGen[0].BufBlock.ub/NotRevisedCase.ShallowCase.bufGt0.bufPipe/qDGt1.NTB.notDistribRam.Wgen[0].queue_array_reg[0][1]) is unused and will be removed from module LoadCompleteShared__parameterized1.
WARNING: [Synth 8-3332] Sequential element (odemux/bufGen[0].BufBlock.ub/NotRevisedCase.ShallowCase.bufGt0.bufPipe/qDGt1.NTB.notDistribRam.Wgen[0].queue_array_reg[0][0]) is unused and will be removed from module LoadCompleteShared__parameterized1.
WARNING: [Synth 8-3332] Sequential element (odemux/bufGen[0].BufBlock.ub/NotRevisedCase.ShallowCase.bufGt0.bufPipe/qDGt1.NTB.notDistribRam.Wgen[1].queue_array_reg[1][31]) is unused and will be removed from module LoadCompleteShared__parameterized1.
WARNING: [Synth 8-3332] Sequential element (odemux/bufGen[0].BufBlock.ub/NotRevisedCase.ShallowCase.bufGt0.bufPipe/qDGt1.NTB.notDistribRam.Wgen[1].queue_array_reg[1][30]) is unused and will be removed from module LoadCompleteShared__parameterized1.
WARNING: [Synth 8-3332] Sequential element (odemux/bufGen[0].BufBlock.ub/NotRevisedCase.ShallowCase.bufGt0.bufPipe/qDGt1.NTB.notDistribRam.Wgen[1].queue_array_reg[1][29]) is unused and will be removed from module LoadCompleteShared__parameterized1.
WARNING: [Synth 8-3332] Sequential element (odemux/bufGen[0].BufBlock.ub/NotRevisedCase.ShallowCase.bufGt0.bufPipe/qDGt1.NTB.notDistribRam.Wgen[1].queue_array_reg[1][28]) is unused and will be removed from module LoadCompleteShared__parameterized1.
WARNING: [Synth 8-3332] Sequential element (odemux/bufGen[0].BufBlock.ub/NotRevisedCase.ShallowCase.bufGt0.bufPipe/qDGt1.NTB.notDistribRam.Wgen[1].queue_array_reg[1][27]) is unused and will be removed from module LoadCompleteShared__parameterized1.
WARNING: [Synth 8-3332] Sequential element (odemux/bufGen[0].BufBlock.ub/NotRevisedCase.ShallowCase.bufGt0.bufPipe/qDGt1.NTB.notDistribRam.Wgen[1].queue_array_reg[1][26]) is unused and will be removed from module LoadCompleteShared__parameterized1.
WARNING: [Synth 8-3332] Sequential element (odemux/bufGen[0].BufBlock.ub/NotRevisedCase.ShallowCase.bufGt0.bufPipe/qDGt1.NTB.notDistribRam.Wgen[1].queue_array_reg[1][25]) is unused and will be removed from module LoadCompleteShared__parameterized1.
WARNING: [Synth 8-3332] Sequential element (odemux/bufGen[0].BufBlock.ub/NotRevisedCase.ShallowCase.bufGt0.bufPipe/qDGt1.NTB.notDistribRam.Wgen[1].queue_array_reg[1][24]) is unused and will be removed from module LoadCompleteShared__parameterized1.
WARNING: [Synth 8-3332] Sequential element (odemux/bufGen[0].BufBlock.ub/NotRevisedCase.ShallowCase.bufGt0.bufPipe/qDGt1.NTB.notDistribRam.Wgen[1].queue_array_reg[1][23]) is unused and will be removed from module LoadCompleteShared__parameterized1.
WARNING: [Synth 8-3332] Sequential element (odemux/bufGen[0].BufBlock.ub/NotRevisedCase.ShallowCase.bufGt0.bufPipe/qDGt1.NTB.notDistribRam.Wgen[1].queue_array_reg[1][22]) is unused and will be removed from module LoadCompleteShared__parameterized1.
WARNING: [Synth 8-3332] Sequential element (odemux/bufGen[0].BufBlock.ub/NotRevisedCase.ShallowCase.bufGt0.bufPipe/qDGt1.NTB.notDistribRam.Wgen[1].queue_array_reg[1][21]) is unused and will be removed from module LoadCompleteShared__parameterized1.
WARNING: [Synth 8-3332] Sequential element (odemux/bufGen[0].BufBlock.ub/NotRevisedCase.ShallowCase.bufGt0.bufPipe/qDGt1.NTB.notDistribRam.Wgen[1].queue_array_reg[1][20]) is unused and will be removed from module LoadCompleteShared__parameterized1.
WARNING: [Synth 8-3332] Sequential element (odemux/bufGen[0].BufBlock.ub/NotRevisedCase.ShallowCase.bufGt0.bufPipe/qDGt1.NTB.notDistribRam.Wgen[1].queue_array_reg[1][19]) is unused and will be removed from module LoadCompleteShared__parameterized1.
WARNING: [Synth 8-3332] Sequential element (odemux/bufGen[0].BufBlock.ub/NotRevisedCase.ShallowCase.bufGt0.bufPipe/qDGt1.NTB.notDistribRam.Wgen[1].queue_array_reg[1][18]) is unused and will be removed from module LoadCompleteShared__parameterized1.
WARNING: [Synth 8-3332] Sequential element (odemux/bufGen[0].BufBlock.ub/NotRevisedCase.ShallowCase.bufGt0.bufPipe/qDGt1.NTB.notDistribRam.Wgen[1].queue_array_reg[1][17]) is unused and will be removed from module LoadCompleteShared__parameterized1.
WARNING: [Synth 8-3332] Sequential element (odemux/bufGen[0].BufBlock.ub/NotRevisedCase.ShallowCase.bufGt0.bufPipe/qDGt1.NTB.notDistribRam.Wgen[1].queue_array_reg[1][16]) is unused and will be removed from module LoadCompleteShared__parameterized1.
WARNING: [Synth 8-3332] Sequential element (odemux/bufGen[0].BufBlock.ub/NotRevisedCase.ShallowCase.bufGt0.bufPipe/qDGt1.NTB.notDistribRam.Wgen[1].queue_array_reg[1][15]) is unused and will be removed from module LoadCompleteShared__parameterized1.
WARNING: [Synth 8-3332] Sequential element (odemux/bufGen[0].BufBlock.ub/NotRevisedCase.ShallowCase.bufGt0.bufPipe/qDGt1.NTB.notDistribRam.Wgen[1].queue_array_reg[1][14]) is unused and will be removed from module LoadCompleteShared__parameterized1.
WARNING: [Synth 8-3332] Sequential element (odemux/bufGen[0].BufBlock.ub/NotRevisedCase.ShallowCase.bufGt0.bufPipe/qDGt1.NTB.notDistribRam.Wgen[1].queue_array_reg[1][13]) is unused and will be removed from module LoadCompleteShared__parameterized1.
WARNING: [Synth 8-3332] Sequential element (odemux/bufGen[0].BufBlock.ub/NotRevisedCase.ShallowCase.bufGt0.bufPipe/qDGt1.NTB.notDistribRam.Wgen[1].queue_array_reg[1][12]) is unused and will be removed from module LoadCompleteShared__parameterized1.
WARNING: [Synth 8-3332] Sequential element (odemux/bufGen[0].BufBlock.ub/NotRevisedCase.ShallowCase.bufGt0.bufPipe/qDGt1.NTB.notDistribRam.Wgen[1].queue_array_reg[1][11]) is unused and will be removed from module LoadCompleteShared__parameterized1.
WARNING: [Synth 8-3332] Sequential element (odemux/bufGen[0].BufBlock.ub/NotRevisedCase.ShallowCase.bufGt0.bufPipe/qDGt1.NTB.notDistribRam.Wgen[1].queue_array_reg[1][10]) is unused and will be removed from module LoadCompleteShared__parameterized1.
WARNING: [Synth 8-3332] Sequential element (odemux/bufGen[0].BufBlock.ub/NotRevisedCase.ShallowCase.bufGt0.bufPipe/qDGt1.NTB.notDistribRam.Wgen[1].queue_array_reg[1][9]) is unused and will be removed from module LoadCompleteShared__parameterized1.
WARNING: [Synth 8-3332] Sequential element (odemux/bufGen[0].BufBlock.ub/NotRevisedCase.ShallowCase.bufGt0.bufPipe/qDGt1.NTB.notDistribRam.Wgen[1].queue_array_reg[1][8]) is unused and will be removed from module LoadCompleteShared__parameterized1.
WARNING: [Synth 8-3332] Sequential element (odemux/bufGen[0].BufBlock.ub/NotRevisedCase.ShallowCase.bufGt0.bufPipe/qDGt1.NTB.notDistribRam.Wgen[1].queue_array_reg[1][7]) is unused and will be removed from module LoadCompleteShared__parameterized1.
WARNING: [Synth 8-3332] Sequential element (odemux/bufGen[0].BufBlock.ub/NotRevisedCase.ShallowCase.bufGt0.bufPipe/qDGt1.NTB.notDistribRam.Wgen[1].queue_array_reg[1][6]) is unused and will be removed from module LoadCompleteShared__parameterized1.
WARNING: [Synth 8-3332] Sequential element (odemux/bufGen[0].BufBlock.ub/NotRevisedCase.ShallowCase.bufGt0.bufPipe/qDGt1.NTB.notDistribRam.Wgen[1].queue_array_reg[1][5]) is unused and will be removed from module LoadCompleteShared__parameterized1.
WARNING: [Synth 8-3332] Sequential element (odemux/bufGen[0].BufBlock.ub/NotRevisedCase.ShallowCase.bufGt0.bufPipe/qDGt1.NTB.notDistribRam.Wgen[1].queue_array_reg[1][4]) is unused and will be removed from module LoadCompleteShared__parameterized1.
WARNING: [Synth 8-3332] Sequential element (odemux/bufGen[0].BufBlock.ub/NotRevisedCase.ShallowCase.bufGt0.bufPipe/qDGt1.NTB.notDistribRam.Wgen[1].queue_array_reg[1][3]) is unused and will be removed from module LoadCompleteShared__parameterized1.
WARNING: [Synth 8-3332] Sequential element (odemux/bufGen[0].BufBlock.ub/NotRevisedCase.ShallowCase.bufGt0.bufPipe/qDGt1.NTB.notDistribRam.Wgen[1].queue_array_reg[1][2]) is unused and will be removed from module LoadCompleteShared__parameterized1.
WARNING: [Synth 8-3332] Sequential element (odemux/bufGen[0].BufBlock.ub/NotRevisedCase.ShallowCase.bufGt0.bufPipe/qDGt1.NTB.notDistribRam.Wgen[1].queue_array_reg[1][1]) is unused and will be removed from module LoadCompleteShared__parameterized1.
WARNING: [Synth 8-3332] Sequential element (odemux/bufGen[0].BufBlock.ub/NotRevisedCase.ShallowCase.bufGt0.bufPipe/qDGt1.NTB.notDistribRam.Wgen[1].queue_array_reg[1][0]) is unused and will be removed from module LoadCompleteShared__parameterized1.
WARNING: [Synth 8-3332] Sequential element (odemux/bufGen[0].BufBlock.ub/NotRevisedCase.ShallowCase.ulReg/noBypass.read_data_reg[31]) is unused and will be removed from module LoadCompleteShared__parameterized1.
WARNING: [Synth 8-3332] Sequential element (odemux/bufGen[0].BufBlock.ub/NotRevisedCase.ShallowCase.ulReg/noBypass.read_data_reg[30]) is unused and will be removed from module LoadCompleteShared__parameterized1.
WARNING: [Synth 8-3332] Sequential element (odemux/bufGen[0].BufBlock.ub/NotRevisedCase.ShallowCase.ulReg/noBypass.read_data_reg[29]) is unused and will be removed from module LoadCompleteShared__parameterized1.
WARNING: [Synth 8-3332] Sequential element (odemux/bufGen[0].BufBlock.ub/NotRevisedCase.ShallowCase.ulReg/noBypass.read_data_reg[28]) is unused and will be removed from module LoadCompleteShared__parameterized1.
WARNING: [Synth 8-3332] Sequential element (odemux/bufGen[0].BufBlock.ub/NotRevisedCase.ShallowCase.ulReg/noBypass.read_data_reg[27]) is unused and will be removed from module LoadCompleteShared__parameterized1.
WARNING: [Synth 8-3332] Sequential element (odemux/bufGen[0].BufBlock.ub/NotRevisedCase.ShallowCase.ulReg/noBypass.read_data_reg[26]) is unused and will be removed from module LoadCompleteShared__parameterized1.
WARNING: [Synth 8-3332] Sequential element (odemux/bufGen[0].BufBlock.ub/NotRevisedCase.ShallowCase.ulReg/noBypass.read_data_reg[25]) is unused and will be removed from module LoadCompleteShared__parameterized1.
WARNING: [Synth 8-3332] Sequential element (odemux/bufGen[0].BufBlock.ub/NotRevisedCase.ShallowCase.ulReg/noBypass.read_data_reg[24]) is unused and will be removed from module LoadCompleteShared__parameterized1.
WARNING: [Synth 8-3332] Sequential element (odemux/bufGen[0].BufBlock.ub/NotRevisedCase.ShallowCase.ulReg/noBypass.read_data_reg[23]) is unused and will be removed from module LoadCompleteShared__parameterized1.
WARNING: [Synth 8-3332] Sequential element (odemux/bufGen[0].BufBlock.ub/NotRevisedCase.ShallowCase.ulReg/noBypass.read_data_reg[22]) is unused and will be removed from module LoadCompleteShared__parameterized1.
WARNING: [Synth 8-3332] Sequential element (odemux/bufGen[0].BufBlock.ub/NotRevisedCase.ShallowCase.ulReg/noBypass.read_data_reg[21]) is unused and will be removed from module LoadCompleteShared__parameterized1.
WARNING: [Synth 8-3332] Sequential element (odemux/bufGen[0].BufBlock.ub/NotRevisedCase.ShallowCase.ulReg/noBypass.read_data_reg[20]) is unused and will be removed from module LoadCompleteShared__parameterized1.
WARNING: [Synth 8-3332] Sequential element (odemux/bufGen[0].BufBlock.ub/NotRevisedCase.ShallowCase.ulReg/noBypass.read_data_reg[19]) is unused and will be removed from module LoadCompleteShared__parameterized1.
WARNING: [Synth 8-3332] Sequential element (odemux/bufGen[0].BufBlock.ub/NotRevisedCase.ShallowCase.ulReg/noBypass.read_data_reg[18]) is unused and will be removed from module LoadCompleteShared__parameterized1.
WARNING: [Synth 8-3332] Sequential element (odemux/bufGen[0].BufBlock.ub/NotRevisedCase.ShallowCase.ulReg/noBypass.read_data_reg[17]) is unused and will be removed from module LoadCompleteShared__parameterized1.
WARNING: [Synth 8-3332] Sequential element (odemux/bufGen[0].BufBlock.ub/NotRevisedCase.ShallowCase.ulReg/noBypass.read_data_reg[16]) is unused and will be removed from module LoadCompleteShared__parameterized1.
WARNING: [Synth 8-3332] Sequential element (odemux/bufGen[0].BufBlock.ub/NotRevisedCase.ShallowCase.ulReg/noBypass.read_data_reg[15]) is unused and will be removed from module LoadCompleteShared__parameterized1.
WARNING: [Synth 8-3332] Sequential element (odemux/bufGen[0].BufBlock.ub/NotRevisedCase.ShallowCase.ulReg/noBypass.read_data_reg[14]) is unused and will be removed from module LoadCompleteShared__parameterized1.
WARNING: [Synth 8-3332] Sequential element (odemux/bufGen[0].BufBlock.ub/NotRevisedCase.ShallowCase.ulReg/noBypass.read_data_reg[13]) is unused and will be removed from module LoadCompleteShared__parameterized1.
WARNING: [Synth 8-3332] Sequential element (odemux/bufGen[0].BufBlock.ub/NotRevisedCase.ShallowCase.ulReg/noBypass.read_data_reg[12]) is unused and will be removed from module LoadCompleteShared__parameterized1.
WARNING: [Synth 8-3332] Sequential element (odemux/bufGen[0].BufBlock.ub/NotRevisedCase.ShallowCase.ulReg/noBypass.read_data_reg[11]) is unused and will be removed from module LoadCompleteShared__parameterized1.
INFO: [Common 17-14] Message 'Synth 8-3332' appears 100 times and further instances of the messages will be disabled. Use the Tcl command set_msg_config to change the current settings.
INFO: [Synth 8-3886] merging instance 'UpdateRegister_instance/tag_ilock_write_req_symbol_join.gj_tag_ilock_write_req_symbol_join/placegen[2].placeBlock.dly/UnitDelay.ack_reg' (FDR) to 'UpdateRegister_instance/tagIlock/NoFlowThrough.interlockBuf.buf/NotRevisedCase.ShallowCase.ulReg/noBypass.unload_ack_reg'
