[1284]getTxPacketPointerFromServer>	register_ind
[1284]getTxPacketPointerFromServer>		register_index		:= 0x0a
[1284]getTxPacketPointerFromServer>		tx_queue_pointer_36		:= 0x000000080
[1284]getTxPacketPointerFromServer>		pkt_pointer		:= 0x0000000c
[1284]getTxPacketPointerFromServer>		status		:= 0x1
[1316]getTxPacketPointerFromServer>	register_ind
[1316]getTxPacketPointerFromServer>		register_index		:= 0x0a
[1316]getTxPacketPointerFromServer>		tx_queue_pointer_36		:= 0x000000080
[1316]getTxPacketPointerFromServer>		pkt_pointer		:= 0x0000000c
[1316]getTxPacketPointerFromServer>		status		:= 0x1
[1383]getTxPacketPointerFromServer>	register_ind
[1383]getTxPacketPointerFromServer>		register_index		:= 0x0a
[1383]getTxPacketPointerFromServer>		tx_queue_pointer_36		:= 0x000000080
[1383]getTxPacketPointerFromServer>		pkt_pointer		:= 0x00000011
[1383]getTxPacketPointerFromServer>		status		:= 0x1
[1436]getTxPacketPointerFromServer>	register_ind
[1436]getTxPacketPointerFromServer>		register_index		:= 0x0a
[1436]getTxPacketPointerFromServer>		tx_queue_pointer_36		:= 0x000000080
[1436]getTxPacketPointerFromServer>		pkt_pointer		:= 0x00000011
[1436]getTxPacketPointerFromServer>		status		:= 0x1
[1493]getTxPacketPointerFromServer>	register_ind
[1493]getTxPacketPointerFromServer>		register_index		:= 0x0a
[1493]getTxPacketPointerFromServer>		tx_queue_pointer_36		:= 0x000000080
[1493]getTxPacketPointerFromServer>		pkt_pointer		:= 0x00000011
[1493]getTxPacketPointerFromServer>		status		:= 0x1
[1578]getTxPacketPointerFromServer>	register_ind
[1578]getTxPacketPointerFromServer>		register_index		:= 0x0a
[1578]getTxPacketPointerFromServer>		tx_queue_pointer_36		:= 0x000000080
[1578]getTxPacketPointerFromServer>		pkt_pointer		:= 0x00000016
[1578]getTxPacketPointerFromServer>		status		:= 0x1
[1628]getTxPacketPointerFromServer>	register_ind
[1628]getTxPacketPointerFromServer>		register_index		:= 0x0a
[1628]getTxPacketPointerFromServer>		tx_queue_pointer_36		:= 0x000000080
[1628]getTxPacketPointerFromServer>		pkt_pointer		:= 0x00000016
[1628]getTxPacketPointerFromServer>		status		:= 0x1
[1664]getTxPacketPointerFromServer>	register_ind
[1664]getTxPacketPointerFromServer>		register_index		:= 0x0a
[1664]getTxPacketPointerFromServer>		tx_queue_pointer_36		:= 0x000000080
[1664]getTxPacketPointerFromServer>		pkt_pointer		:= 0x00000016
[1664]getTxPacketPointerFromServer>		status		:= 0x1
[1696]getTxPacketPointerFromServer>	register_ind
[1696]getTxPacketPointerFromServer>		register_index		:= 0x0a
[1696]getTxPacketPointerFromServer>		tx_queue_pointer_36		:= 0x000000080
[1696]getTxPacketPointerFromServer>		pkt_pointer		:= 0x00000016
[1696]getTxPacketPointerFromServer>		status		:= 0x1
[1794]getTxPacketPointerFromServer>	register_ind
[1794]getTxPacketPointerFromServer>		register_index		:= 0x0a
[1794]getTxPacketPointerFromServer>		tx_queue_pointer_36		:= 0x000000080
[1794]getTxPacketPointerFromServer>		pkt_pointer		:= 0x00000016
[1794]getTxPacketPointerFromServer>		status		:= 0x1
[1844]getTxPacketPointerFromServer>	register_ind
[1844]getTxPacketPointerFromServer>		register_index		:= 0x0a
[1844]getTxPacketPointerFromServer>		tx_queue_pointer_36		:= 0x000000080
[1844]getTxPacketPointerFromServer>		pkt_pointer		:= 0x00000016
[1844]getTxPacketPointerFromServer>		status		:= 0x1
[1918]getTxPacketPointerFromServer>	register_ind
[1918]getTxPacketPointerFromServer>		register_index		:= 0x0a
[1918]getTxPacketPointerFromServer>		tx_queue_pointer_36		:= 0x000000080
[1918]getTxPacketPointerFromServer>		pkt_pointer		:= 0x00000016
[1918]getTxPacketPointerFromServer>		status		:= 0x1
[2019]getTxPacketPointerFromServer>	register_ind
[2019]getTxPacketPointerFromServer>		register_index		:= 0x0a
[2019]getTxPacketPointerFromServer>		tx_queue_pointer_36		:= 0x000000080
[2019]getTxPacketPointerFromServer>		pkt_pointer		:= 0x00000016
[2019]getTxPacketPointerFromServer>		status		:= 0x1
[2090]getTxPacketPointerFromServer>	register_ind
[2090]getTxPacketPointerFromServer>		register_index		:= 0x0a
[2090]getTxPacketPointerFromServer>		tx_queue_pointer_36		:= 0x000000080
[2090]getTxPacketPointerFromServer>		pkt_pointer		:= 0x00000016
[2090]getTxPacketPointerFromServer>		status		:= 0x1
[2188]getTxPacketPointerFromServer>	register_ind
[2188]getTxPacketPointerFromServer>		register_index		:= 0x0a
[2188]getTxPacketPointerFromServer>		tx_queue_pointer_36		:= 0x000000080
[2188]getTxPacketPointerFromServer>		pkt_pointer		:= 0x00000016
[2188]getTxPacketPointerFromServer>		status		:= 0x1
[2238]getTxPacketPointerFromServer>	register_ind
[2238]getTxPacketPointerFromServer>		register_index		:= 0x0a
[2238]getTxPacketPointerFromServer>		tx_queue_pointer_36		:= 0x000000080
[2238]getTxPacketPointerFromServer>		pkt_pointer		:= 0x00000016
[2238]getTxPacketPointerFromServer>		status		:= 0x1
[2288]getTxPacketPointerFromServer>	register_ind
[2288]getTxPacketPointerFromServer>		register_index		:= 0x0a
[2288]getTxPacketPointerFromServer>		tx_queue_pointer_36		:= 0x000000080
[2288]getTxPacketPointerFromServer>		pkt_pointer		:= 0x00000016
[2288]getTxPacketPointerFromServer>		status		:= 0x1
[2338]getTxPacketPointerFromServer>	register_ind
[2338]getTxPacketPointerFromServer>		register_index		:= 0x0a
[2338]getTxPacketPointerFromServer>		tx_queue_pointer_36		:= 0x000000080
[2338]getTxPacketPointerFromServer>		pkt_pointer		:= 0x00000016
[2338]getTxPacketPointerFromServer>		status		:= 0x1
[2388]getTxPacketPointerFromServer>	register_ind
[2388]getTxPacketPointerFromServer>		register_index		:= 0x0a
[2388]getTxPacketPointerFromServer>		tx_queue_pointer_36		:= 0x000000080
[2388]getTxPacketPointerFromServer>		pkt_pointer		:= 0x00000016
[2388]getTxPacketPointerFromServer>		status		:= 0x1
[2462]getTxPacketPointerFromServer>	register_ind
[2462]getTxPacketPointerFromServer>		register_index		:= 0x0a
[2462]getTxPacketPointerFromServer>		tx_queue_pointer_36		:= 0x000000080
[2462]getTxPacketPointerFromServer>		pkt_pointer		:= 0x00000016
[2462]getTxPacketPointerFromServer>		status		:= 0x1
[2512]getTxPacketPointerFromServer>	register_ind
[2512]getTxPacketPointerFromServer>		register_index		:= 0x0a
[2512]getTxPacketPointerFromServer>		tx_queue_pointer_36		:= 0x000000080
[2512]getTxPacketPointerFromServer>		pkt_pointer		:= 0x00000016
[2512]getTxPacketPointerFromServer>		status		:= 0x1
[2562]getTxPacketPointerFromServer>	register_ind
[2562]getTxPacketPointerFromServer>		register_index		:= 0x0a
[2562]getTxPacketPointerFromServer>		tx_queue_pointer_36		:= 0x000000080
[2562]getTxPacketPointerFromServer>		pkt_pointer		:= 0x00000016
[2562]getTxPacketPointerFromServer>		status		:= 0x1
[2612]getTxPacketPointerFromServer>	register_ind
[2612]getTxPacketPointerFromServer>		register_index		:= 0x0a
[2612]getTxPacketPointerFromServer>		tx_queue_pointer_36		:= 0x000000080
[2612]getTxPacketPointerFromServer>		pkt_pointer		:= 0x00000016
[2612]getTxPacketPointerFromServer>		status		:= 0x1
[2686]getTxPacketPointerFromServer>	register_ind
[2686]getTxPacketPointerFromServer>		register_index		:= 0x0a
[2686]getTxPacketPointerFromServer>		tx_queue_pointer_36		:= 0x000000080
[2686]getTxPacketPointerFromServer>		pkt_pointer		:= 0x00000016
[2686]getTxPacketPointerFromServer>		status		:= 0x1
[2736]getTxPacketPointerFromServer>	register_ind
[2736]getTxPacketPointerFromServer>		register_index		:= 0x0a
[2736]getTxPacketPointerFromServer>		tx_queue_pointer_36		:= 0x000000080
[2736]getTxPacketPointerFromServer>		pkt_pointer		:= 0x00000016
[2736]getTxPacketPointerFromServer>		status		:= 0x1
[2810]getTxPacketPointerFromServer>	register_ind
[2810]getTxPacketPointerFromServer>		register_index		:= 0x0a
[2810]getTxPacketPointerFromServer>		tx_queue_pointer_36		:= 0x000000080
[2810]getTxPacketPointerFromServer>		pkt_pointer		:= 0x00000016
[2810]getTxPacketPointerFromServer>		status		:= 0x1
