Info:pThreadUtils: started thread NicRegisterAccessDaemon
[9]NicRegisterAccessDaemon>	Request_Received
[10]NicRegisterAccessDaemon>	Request
[10]NicRegisterAccessDaemon>		rval		:= 0x86ac056c
[10]NicRegisterAccessDaemon>		index		:= 0x16
[16]NicRegisterAccessDaemon>	Request_Received
[17]NicRegisterAccessDaemon>	Request
[17]NicRegisterAccessDaemon>		rval		:= 0x00000000
[17]NicRegisterAccessDaemon>		index		:= 0x16
[23]NicRegisterAccessDaemon>	Request_Received
[24]NicRegisterAccessDaemon>	Request
[24]NicRegisterAccessDaemon>		rval		:= 0x00000000
[24]NicRegisterAccessDaemon>		index		:= 0x16
[30]NicRegisterAccessDaemon>	Request_Received
[31]NicRegisterAccessDaemon>	Request
[31]NicRegisterAccessDaemon>		rval		:= 0x00000000
[31]NicRegisterAccessDaemon>		index		:= 0x16
[36]NicRegisterAccessDaemon>	Request_Received
[37]NicRegisterAccessDaemon>	Request
[37]NicRegisterAccessDaemon>		rval		:= 0x00000000
[37]NicRegisterAccessDaemon>		index		:= 0x16
[42]NicRegisterAccessDaemon>	Request_Received
[44]NicRegisterAccessDaemon>	Request
[44]NicRegisterAccessDaemon>		rval		:= 0x00000000
[44]NicRegisterAccessDaemon>		index		:= 0x16
[49]NicRegisterAccessDaemon>	Request_Received
[50]NicRegisterAccessDaemon>	Request
[50]NicRegisterAccessDaemon>		rval		:= 0x00000000
[50]NicRegisterAccessDaemon>		index		:= 0x16
[55]NicRegisterAccessDaemon>	Request_Received
[56]NicRegisterAccessDaemon>	Request
[56]NicRegisterAccessDaemon>		rval		:= 0x00000000
[56]NicRegisterAccessDaemon>		index		:= 0x16
[61]NicRegisterAccessDaemon>	Request_Received
[62]NicRegisterAccessDaemon>	Request
[62]NicRegisterAccessDaemon>		rval		:= 0x00000000
[62]NicRegisterAccessDaemon>		index		:= 0x16
[67]NicRegisterAccessDaemon>	Request_Received
[68]NicRegisterAccessDaemon>	Request
[68]NicRegisterAccessDaemon>		rval		:= 0x00000000
[68]NicRegisterAccessDaemon>		index		:= 0x16
[73]NicRegisterAccessDaemon>	Request_Received
[74]NicRegisterAccessDaemon>	Request
[74]NicRegisterAccessDaemon>		rval		:= 0x00000000
[74]NicRegisterAccessDaemon>		index		:= 0x16
[79]NicRegisterAccessDaemon>	Request_Received
[80]NicRegisterAccessDaemon>	Request
[80]NicRegisterAccessDaemon>		rval		:= 0x00000000
[80]NicRegisterAccessDaemon>		index		:= 0x16
[85]NicRegisterAccessDaemon>	Request_Received
[86]NicRegisterAccessDaemon>	Request
[86]NicRegisterAccessDaemon>		rval		:= 0x00000000
[86]NicRegisterAccessDaemon>		index		:= 0x16
[91]NicRegisterAccessDaemon>	Request_Received
[92]NicRegisterAccessDaemon>	Request
[92]NicRegisterAccessDaemon>		rval		:= 0x00000000
[92]NicRegisterAccessDaemon>		index		:= 0x16
[97]NicRegisterAccessDaemon>	Request_Received
[98]NicRegisterAccessDaemon>	Request
[98]NicRegisterAccessDaemon>		rval		:= 0x00000000
[98]NicRegisterAccessDaemon>		index		:= 0x16
[103]NicRegisterAccessDaemon>	Request_Received
[104]NicRegisterAccessDaemon>	Request
[104]NicRegisterAccessDaemon>		rval		:= 0x00000000
[104]NicRegisterAccessDaemon>		index		:= 0x16
[109]NicRegisterAccessDaemon>	Request_Received
[110]NicRegisterAccessDaemon>	Request
[110]NicRegisterAccessDaemon>		rval		:= 0x00000000
[110]NicRegisterAccessDaemon>		index		:= 0x16
[115]NicRegisterAccessDaemon>	Request_Received
[116]NicRegisterAccessDaemon>	Request
[116]NicRegisterAccessDaemon>		rval		:= 0x00000000
[116]NicRegisterAccessDaemon>		index		:= 0x16
[121]NicRegisterAccessDaemon>	Request_Received
[122]NicRegisterAccessDaemon>	Request
[122]NicRegisterAccessDaemon>		rval		:= 0x00000000
[122]NicRegisterAccessDaemon>		index		:= 0x16
[127]NicRegisterAccessDaemon>	Request_Received
[128]NicRegisterAccessDaemon>	Request
[128]NicRegisterAccessDaemon>		rval		:= 0x00000000
[128]NicRegisterAccessDaemon>		index		:= 0x16
[133]NicRegisterAccessDaemon>	Request_Received
[134]NicRegisterAccessDaemon>	Request
[134]NicRegisterAccessDaemon>		rval		:= 0x00000000
[134]NicRegisterAccessDaemon>		index		:= 0x16
[139]NicRegisterAccessDaemon>	Request_Received
[140]NicRegisterAccessDaemon>	Request
[140]NicRegisterAccessDaemon>		rval		:= 0x00000000
[140]NicRegisterAccessDaemon>		index		:= 0x16
[145]NicRegisterAccessDaemon>	Request_Received
[146]NicRegisterAccessDaemon>	Request
[146]NicRegisterAccessDaemon>		rval		:= 0x00000000
[146]NicRegisterAccessDaemon>		index		:= 0x16
[151]NicRegisterAccessDaemon>	Request_Received
[152]NicRegisterAccessDaemon>	Request
[152]NicRegisterAccessDaemon>		rval		:= 0x00000000
[152]NicRegisterAccessDaemon>		index		:= 0x16
[158]NicRegisterAccessDaemon>	Request_Received
[159]NicRegisterAccessDaemon>	Request
[159]NicRegisterAccessDaemon>		rval		:= 0x00000000
[159]NicRegisterAccessDaemon>		index		:= 0x16
[165]NicRegisterAccessDaemon>	Request_Received
[166]NicRegisterAccessDaemon>	Request
[166]NicRegisterAccessDaemon>		rval		:= 0x00000000
[166]NicRegisterAccessDaemon>		index		:= 0x16
[171]NicRegisterAccessDaemon>	Request_Received
[172]NicRegisterAccessDaemon>	Request
[172]NicRegisterAccessDaemon>		rval		:= 0x00000000
[172]NicRegisterAccessDaemon>		index		:= 0x16
[177]NicRegisterAccessDaemon>	Request_Received
[178]NicRegisterAccessDaemon>	Request
[178]NicRegisterAccessDaemon>		rval		:= 0x00000000
[178]NicRegisterAccessDaemon>		index		:= 0x16
[183]NicRegisterAccessDaemon>	Request_Received
[184]NicRegisterAccessDaemon>	Request
[184]NicRegisterAccessDaemon>		rval		:= 0x00000000
[184]NicRegisterAccessDaemon>		index		:= 0x16
[189]NicRegisterAccessDaemon>	Request_Received
[190]NicRegisterAccessDaemon>	Request
[190]NicRegisterAccessDaemon>		rval		:= 0x00000000
[190]NicRegisterAccessDaemon>		index		:= 0x16
[195]NicRegisterAccessDaemon>	Request_Received
[196]NicRegisterAccessDaemon>	Request
[196]NicRegisterAccessDaemon>		rval		:= 0x00000000
[196]NicRegisterAccessDaemon>		index		:= 0x16
[201]NicRegisterAccessDaemon>	Request_Received
[202]NicRegisterAccessDaemon>	Request
[202]NicRegisterAccessDaemon>		rval		:= 0x00000000
[202]NicRegisterAccessDaemon>		index		:= 0x16
[207]NicRegisterAccessDaemon>	Request_Received
[208]NicRegisterAccessDaemon>	Request
[208]NicRegisterAccessDaemon>		rval		:= 0x00000000
[208]NicRegisterAccessDaemon>		index		:= 0x16
[213]NicRegisterAccessDaemon>	Request_Received
[214]NicRegisterAccessDaemon>	Request
[214]NicRegisterAccessDaemon>		rval		:= 0x00000000
[214]NicRegisterAccessDaemon>		index		:= 0x16
[219]NicRegisterAccessDaemon>	Request_Received
[220]NicRegisterAccessDaemon>	Request
[220]NicRegisterAccessDaemon>		rval		:= 0x00000000
[220]NicRegisterAccessDaemon>		index		:= 0x16
[225]NicRegisterAccessDaemon>	Request_Received
[226]NicRegisterAccessDaemon>	Request
[226]NicRegisterAccessDaemon>		rval		:= 0x00000000
[226]NicRegisterAccessDaemon>		index		:= 0x16
[231]NicRegisterAccessDaemon>	Request_Received
[232]NicRegisterAccessDaemon>	Request
[232]NicRegisterAccessDaemon>		rval		:= 0x00000000
[232]NicRegisterAccessDaemon>		index		:= 0x16
[237]NicRegisterAccessDaemon>	Request_Received
[238]NicRegisterAccessDaemon>	Request
[238]NicRegisterAccessDaemon>		rval		:= 0x00000000
[238]NicRegisterAccessDaemon>		index		:= 0x16
[243]NicRegisterAccessDaemon>	Request_Received
[244]NicRegisterAccessDaemon>	Request
[244]NicRegisterAccessDaemon>		rval		:= 0x00000000
[244]NicRegisterAccessDaemon>		index		:= 0x16
[249]NicRegisterAccessDaemon>	Request_Received
[250]NicRegisterAccessDaemon>	Request
[250]NicRegisterAccessDaemon>		rval		:= 0x00000000
[250]NicRegisterAccessDaemon>		index		:= 0x16
[255]NicRegisterAccessDaemon>	Request_Received
[256]NicRegisterAccessDaemon>	Request
[256]NicRegisterAccessDaemon>		rval		:= 0x00000000
[256]NicRegisterAccessDaemon>		index		:= 0x16
[261]NicRegisterAccessDaemon>	Request_Received
[262]NicRegisterAccessDaemon>	Request
[262]NicRegisterAccessDaemon>		rval		:= 0x00000000
[262]NicRegisterAccessDaemon>		index		:= 0x16
[267]NicRegisterAccessDaemon>	Request_Received
[268]NicRegisterAccessDaemon>	Request
[268]NicRegisterAccessDaemon>		rval		:= 0x00000000
[268]NicRegisterAccessDaemon>		index		:= 0x16
[273]NicRegisterAccessDaemon>	Request_Received
[274]NicRegisterAccessDaemon>	Request
[274]NicRegisterAccessDaemon>		rval		:= 0x00000000
[274]NicRegisterAccessDaemon>		index		:= 0x16
[279]NicRegisterAccessDaemon>	Request_Received
[280]NicRegisterAccessDaemon>	Request
[280]NicRegisterAccessDaemon>		rval		:= 0x00000000
[280]NicRegisterAccessDaemon>		index		:= 0x16
[285]NicRegisterAccessDaemon>	Request_Received
[286]NicRegisterAccessDaemon>	Request
[286]NicRegisterAccessDaemon>		rval		:= 0x00000000
[286]NicRegisterAccessDaemon>		index		:= 0x16
[291]NicRegisterAccessDaemon>	Request_Received
[292]NicRegisterAccessDaemon>	Request
[292]NicRegisterAccessDaemon>		rval		:= 0x00000000
[292]NicRegisterAccessDaemon>		index		:= 0x16
[297]NicRegisterAccessDaemon>	Request_Received
[298]NicRegisterAccessDaemon>	Request
[298]NicRegisterAccessDaemon>		rval		:= 0x00000000
[298]NicRegisterAccessDaemon>		index		:= 0x16
[303]NicRegisterAccessDaemon>	Request_Received
[304]NicRegisterAccessDaemon>	Request
[304]NicRegisterAccessDaemon>		rval		:= 0x00000000
[304]NicRegisterAccessDaemon>		index		:= 0x16
[309]NicRegisterAccessDaemon>	Request_Received
[310]NicRegisterAccessDaemon>	Request
[310]NicRegisterAccessDaemon>		rval		:= 0x00000000
[310]NicRegisterAccessDaemon>		index		:= 0x16
[315]NicRegisterAccessDaemon>	Request_Received
[316]NicRegisterAccessDaemon>	Request
[316]NicRegisterAccessDaemon>		rval		:= 0x00000000
[316]NicRegisterAccessDaemon>		index		:= 0x16
[321]NicRegisterAccessDaemon>	Request_Received
[322]NicRegisterAccessDaemon>	Request
[322]NicRegisterAccessDaemon>		rval		:= 0x00000000
[322]NicRegisterAccessDaemon>		index		:= 0x16
[327]NicRegisterAccessDaemon>	Request_Received
[328]NicRegisterAccessDaemon>	Request
[328]NicRegisterAccessDaemon>		rval		:= 0x00000000
[328]NicRegisterAccessDaemon>		index		:= 0x16
[333]NicRegisterAccessDaemon>	Request_Received
[334]NicRegisterAccessDaemon>	Request
[334]NicRegisterAccessDaemon>		rval		:= 0x00000000
[334]NicRegisterAccessDaemon>		index		:= 0x16
[339]NicRegisterAccessDaemon>	Request_Received
[340]NicRegisterAccessDaemon>	Request
[340]NicRegisterAccessDaemon>		rval		:= 0x00000000
[340]NicRegisterAccessDaemon>		index		:= 0x16
[345]NicRegisterAccessDaemon>	Request_Received
[346]NicRegisterAccessDaemon>	Request
[346]NicRegisterAccessDaemon>		rval		:= 0x00000000
[346]NicRegisterAccessDaemon>		index		:= 0x16
[351]NicRegisterAccessDaemon>	Request_Received
[352]NicRegisterAccessDaemon>	Request
[352]NicRegisterAccessDaemon>		rval		:= 0x00000000
[352]NicRegisterAccessDaemon>		index		:= 0x16
[357]NicRegisterAccessDaemon>	Request_Received
[358]NicRegisterAccessDaemon>	Request
[358]NicRegisterAccessDaemon>		rval		:= 0x00000000
[358]NicRegisterAccessDaemon>		index		:= 0x16
[363]NicRegisterAccessDaemon>	Request_Received
[364]NicRegisterAccessDaemon>	Request
[364]NicRegisterAccessDaemon>		rval		:= 0x00000000
[364]NicRegisterAccessDaemon>		index		:= 0x16
[369]NicRegisterAccessDaemon>	Request_Received
[370]NicRegisterAccessDaemon>	Request
[370]NicRegisterAccessDaemon>		rval		:= 0x00000000
[370]NicRegisterAccessDaemon>		index		:= 0x16
[375]NicRegisterAccessDaemon>	Request_Received
[376]NicRegisterAccessDaemon>	Request
[376]NicRegisterAccessDaemon>		rval		:= 0x00000000
[376]NicRegisterAccessDaemon>		index		:= 0x16
[381]NicRegisterAccessDaemon>	Request_Received
[382]NicRegisterAccessDaemon>	Request
[382]NicRegisterAccessDaemon>		rval		:= 0x00000000
[382]NicRegisterAccessDaemon>		index		:= 0x16
[387]NicRegisterAccessDaemon>	Request_Received
[388]NicRegisterAccessDaemon>	Request
[388]NicRegisterAccessDaemon>		rval		:= 0x00000000
[388]NicRegisterAccessDaemon>		index		:= 0x16
[393]NicRegisterAccessDaemon>	Request_Received
[394]NicRegisterAccessDaemon>	Request
[394]NicRegisterAccessDaemon>		rval		:= 0x00000000
[394]NicRegisterAccessDaemon>		index		:= 0x16
[399]NicRegisterAccessDaemon>	Request_Received
[400]NicRegisterAccessDaemon>	Request
[400]NicRegisterAccessDaemon>		rval		:= 0x00000000
[400]NicRegisterAccessDaemon>		index		:= 0x16
[405]NicRegisterAccessDaemon>	Request_Received
[406]NicRegisterAccessDaemon>	Request
[406]NicRegisterAccessDaemon>		rval		:= 0x00000000
[406]NicRegisterAccessDaemon>		index		:= 0x16
[411]NicRegisterAccessDaemon>	Request_Received
[412]NicRegisterAccessDaemon>	Request
[412]NicRegisterAccessDaemon>		rval		:= 0x00000000
[412]NicRegisterAccessDaemon>		index		:= 0x16
[417]NicRegisterAccessDaemon>	Request_Received
[418]NicRegisterAccessDaemon>	Request
[418]NicRegisterAccessDaemon>		rval		:= 0x00000000
[418]NicRegisterAccessDaemon>		index		:= 0x16
[423]NicRegisterAccessDaemon>	Request_Received
[424]NicRegisterAccessDaemon>	Request
[424]NicRegisterAccessDaemon>		rval		:= 0x00000000
[424]NicRegisterAccessDaemon>		index		:= 0x16
[429]NicRegisterAccessDaemon>	Request_Received
[430]NicRegisterAccessDaemon>	Request
[430]NicRegisterAccessDaemon>		rval		:= 0x00000000
[430]NicRegisterAccessDaemon>		index		:= 0x16
[435]NicRegisterAccessDaemon>	Request_Received
[436]NicRegisterAccessDaemon>	Request
[436]NicRegisterAccessDaemon>		rval		:= 0x00000000
[436]NicRegisterAccessDaemon>		index		:= 0x16
[441]NicRegisterAccessDaemon>	Request_Received
[442]NicRegisterAccessDaemon>	Request
[442]NicRegisterAccessDaemon>		rval		:= 0x00000000
[442]NicRegisterAccessDaemon>		index		:= 0x16
[447]NicRegisterAccessDaemon>	Request_Received
[448]NicRegisterAccessDaemon>	Request
[448]NicRegisterAccessDaemon>		rval		:= 0x00000000
[448]NicRegisterAccessDaemon>		index		:= 0x16
[453]NicRegisterAccessDaemon>	Request_Received
[454]NicRegisterAccessDaemon>	Request
[454]NicRegisterAccessDaemon>		rval		:= 0x00000000
[454]NicRegisterAccessDaemon>		index		:= 0x16
[459]NicRegisterAccessDaemon>	Request_Received
[460]NicRegisterAccessDaemon>	Request
[460]NicRegisterAccessDaemon>		rval		:= 0x00000000
[460]NicRegisterAccessDaemon>		index		:= 0x16
[465]NicRegisterAccessDaemon>	Request_Received
[466]NicRegisterAccessDaemon>	Request
[466]NicRegisterAccessDaemon>		rval		:= 0x00000000
[466]NicRegisterAccessDaemon>		index		:= 0x16
[471]NicRegisterAccessDaemon>	Request_Received
[472]NicRegisterAccessDaemon>	Request
[472]NicRegisterAccessDaemon>		rval		:= 0x00000000
[472]NicRegisterAccessDaemon>		index		:= 0x16
[477]NicRegisterAccessDaemon>	Request_Received
[478]NicRegisterAccessDaemon>	Request
[478]NicRegisterAccessDaemon>		rval		:= 0x00000000
[478]NicRegisterAccessDaemon>		index		:= 0x16
[483]NicRegisterAccessDaemon>	Request_Received
[484]NicRegisterAccessDaemon>	Request
[484]NicRegisterAccessDaemon>		rval		:= 0x00000000
[484]NicRegisterAccessDaemon>		index		:= 0x16
[489]NicRegisterAccessDaemon>	Request_Received
[490]NicRegisterAccessDaemon>	Request
[490]NicRegisterAccessDaemon>		rval		:= 0x00000000
[490]NicRegisterAccessDaemon>		index		:= 0x16
[495]NicRegisterAccessDaemon>	Request_Received
[496]NicRegisterAccessDaemon>	Request
[496]NicRegisterAccessDaemon>		rval		:= 0x00000000
[496]NicRegisterAccessDaemon>		index		:= 0x16
[501]NicRegisterAccessDaemon>	Request_Received
[502]NicRegisterAccessDaemon>	Request
[502]NicRegisterAccessDaemon>		rval		:= 0x00000000
[502]NicRegisterAccessDaemon>		index		:= 0x16
[507]NicRegisterAccessDaemon>	Request_Received
[508]NicRegisterAccessDaemon>	Request
[508]NicRegisterAccessDaemon>		rval		:= 0x00000000
[508]NicRegisterAccessDaemon>		index		:= 0x16
[513]NicRegisterAccessDaemon>	Request_Received
[514]NicRegisterAccessDaemon>	Request
[514]NicRegisterAccessDaemon>		rval		:= 0x00000000
[514]NicRegisterAccessDaemon>		index		:= 0x16
[519]NicRegisterAccessDaemon>	Request_Received
[520]NicRegisterAccessDaemon>	Request
[520]NicRegisterAccessDaemon>		rval		:= 0x00000000
[520]NicRegisterAccessDaemon>		index		:= 0x16
[525]NicRegisterAccessDaemon>	Request_Received
[526]NicRegisterAccessDaemon>	Request
[526]NicRegisterAccessDaemon>		rval		:= 0x00000000
[526]NicRegisterAccessDaemon>		index		:= 0x16
[531]NicRegisterAccessDaemon>	Request_Received
[532]NicRegisterAccessDaemon>	Request
[532]NicRegisterAccessDaemon>		rval		:= 0x00000000
[532]NicRegisterAccessDaemon>		index		:= 0x16
[537]NicRegisterAccessDaemon>	Request_Received
[538]NicRegisterAccessDaemon>	Request
[538]NicRegisterAccessDaemon>		rval		:= 0x00000000
[538]NicRegisterAccessDaemon>		index		:= 0x16
[543]NicRegisterAccessDaemon>	Request_Received
[544]NicRegisterAccessDaemon>	Request
[544]NicRegisterAccessDaemon>		rval		:= 0x00000000
[544]NicRegisterAccessDaemon>		index		:= 0x16
[549]NicRegisterAccessDaemon>	Request_Received
[550]NicRegisterAccessDaemon>	Request
[550]NicRegisterAccessDaemon>		rval		:= 0x00000000
[550]NicRegisterAccessDaemon>		index		:= 0x16
[555]NicRegisterAccessDaemon>	Request_Received
[556]NicRegisterAccessDaemon>	Request
[556]NicRegisterAccessDaemon>		rval		:= 0x00000000
[556]NicRegisterAccessDaemon>		index		:= 0x16
[561]NicRegisterAccessDaemon>	Request_Received
[562]NicRegisterAccessDaemon>	Request
[562]NicRegisterAccessDaemon>		rval		:= 0x00000000
[562]NicRegisterAccessDaemon>		index		:= 0x16
[567]NicRegisterAccessDaemon>	Request_Received
[568]NicRegisterAccessDaemon>	Request
[568]NicRegisterAccessDaemon>		rval		:= 0x00000000
[568]NicRegisterAccessDaemon>		index		:= 0x16
[573]NicRegisterAccessDaemon>	Request_Received
[574]NicRegisterAccessDaemon>	Request
[574]NicRegisterAccessDaemon>		rval		:= 0x00000000
[574]NicRegisterAccessDaemon>		index		:= 0x16
[579]NicRegisterAccessDaemon>	Request_Received
[580]NicRegisterAccessDaemon>	Request
[580]NicRegisterAccessDaemon>		rval		:= 0x00000000
[580]NicRegisterAccessDaemon>		index		:= 0x16
[586]NicRegisterAccessDaemon>	Request_Received
[587]NicRegisterAccessDaemon>	Request
[587]NicRegisterAccessDaemon>		rval		:= 0x00000000
[587]NicRegisterAccessDaemon>		index		:= 0x16
[593]NicRegisterAccessDaemon>	Request_Received
[594]NicRegisterAccessDaemon>	Request
[594]NicRegisterAccessDaemon>		rval		:= 0x00000000
[594]NicRegisterAccessDaemon>		index		:= 0x16
[600]NicRegisterAccessDaemon>	Request_Received
[601]NicRegisterAccessDaemon>	Request
[601]NicRegisterAccessDaemon>		rval		:= 0x00000000
[601]NicRegisterAccessDaemon>		index		:= 0x16
[607]NicRegisterAccessDaemon>	Request_Received
[608]NicRegisterAccessDaemon>	Request
[608]NicRegisterAccessDaemon>		rval		:= 0x00000000
[608]NicRegisterAccessDaemon>		index		:= 0x16
[613]NicRegisterAccessDaemon>	Request_Received
[614]NicRegisterAccessDaemon>	Request
[614]NicRegisterAccessDaemon>		rval		:= 0x00000000
[614]NicRegisterAccessDaemon>		index		:= 0x16
[619]NicRegisterAccessDaemon>	Request_Received
[620]NicRegisterAccessDaemon>	Request
[620]NicRegisterAccessDaemon>		rval		:= 0x00000000
[620]NicRegisterAccessDaemon>		index		:= 0x16
[625]NicRegisterAccessDaemon>	Request_Received
[626]NicRegisterAccessDaemon>	Request
[626]NicRegisterAccessDaemon>		rval		:= 0x00000000
[626]NicRegisterAccessDaemon>		index		:= 0x16
[631]NicRegisterAccessDaemon>	Request_Received
[632]NicRegisterAccessDaemon>	Request
[632]NicRegisterAccessDaemon>		rval		:= 0x00000000
[632]NicRegisterAccessDaemon>		index		:= 0x16
[638]NicRegisterAccessDaemon>	Request_Received
[639]NicRegisterAccessDaemon>	Request
[639]NicRegisterAccessDaemon>		rval		:= 0x00000000
[639]NicRegisterAccessDaemon>		index		:= 0x16
[645]NicRegisterAccessDaemon>	Request_Received
[646]NicRegisterAccessDaemon>	Request
[646]NicRegisterAccessDaemon>		rval		:= 0x00000000
[646]NicRegisterAccessDaemon>		index		:= 0x16
[653]NicRegisterAccessDaemon>	Request_Received
[654]NicRegisterAccessDaemon>	Request
[654]NicRegisterAccessDaemon>		rval		:= 0x00000000
[654]NicRegisterAccessDaemon>		index		:= 0x16
[659]NicRegisterAccessDaemon>	Request_Received
[660]NicRegisterAccessDaemon>	Request
[660]NicRegisterAccessDaemon>		rval		:= 0x00000000
[660]NicRegisterAccessDaemon>		index		:= 0x16
[665]NicRegisterAccessDaemon>	Request_Received
[666]NicRegisterAccessDaemon>	Request
[666]NicRegisterAccessDaemon>		rval		:= 0x00000000
[666]NicRegisterAccessDaemon>		index		:= 0x16
[671]NicRegisterAccessDaemon>	Request_Received
[672]NicRegisterAccessDaemon>	Request
[672]NicRegisterAccessDaemon>		rval		:= 0x00000000
[672]NicRegisterAccessDaemon>		index		:= 0x16
[677]NicRegisterAccessDaemon>	Request_Received
[678]NicRegisterAccessDaemon>	Request
[678]NicRegisterAccessDaemon>		rval		:= 0x00000000
[678]NicRegisterAccessDaemon>		index		:= 0x16
[683]NicRegisterAccessDaemon>	Request_Received
[685]NicRegisterAccessDaemon>	Request
[685]NicRegisterAccessDaemon>		rval		:= 0x00000000
[685]NicRegisterAccessDaemon>		index		:= 0x16
[690]NicRegisterAccessDaemon>	Request_Received
[691]NicRegisterAccessDaemon>	Request
[691]NicRegisterAccessDaemon>		rval		:= 0x00000000
[691]NicRegisterAccessDaemon>		index		:= 0x16
[696]NicRegisterAccessDaemon>	Request_Received
[697]NicRegisterAccessDaemon>	Request
[697]NicRegisterAccessDaemon>		rval		:= 0x00000000
[697]NicRegisterAccessDaemon>		index		:= 0x16
[702]NicRegisterAccessDaemon>	Request_Received
[703]NicRegisterAccessDaemon>	Request
[703]NicRegisterAccessDaemon>		rval		:= 0x00000000
[703]NicRegisterAccessDaemon>		index		:= 0x16
[708]NicRegisterAccessDaemon>	Request_Received
[709]NicRegisterAccessDaemon>	Request
[709]NicRegisterAccessDaemon>		rval		:= 0x00000000
[709]NicRegisterAccessDaemon>		index		:= 0x16
[714]NicRegisterAccessDaemon>	Request_Received
[715]NicRegisterAccessDaemon>	Request
[715]NicRegisterAccessDaemon>		rval		:= 0x00000000
[715]NicRegisterAccessDaemon>		index		:= 0x16
[720]NicRegisterAccessDaemon>	Request_Received
[721]NicRegisterAccessDaemon>	Request
[721]NicRegisterAccessDaemon>		rval		:= 0x00000000
[721]NicRegisterAccessDaemon>		index		:= 0x16
[726]NicRegisterAccessDaemon>	Request_Received
[727]NicRegisterAccessDaemon>	Request
[727]NicRegisterAccessDaemon>		rval		:= 0x00000000
[727]NicRegisterAccessDaemon>		index		:= 0x16
[732]NicRegisterAccessDaemon>	Request_Received
[733]NicRegisterAccessDaemon>	Request
[733]NicRegisterAccessDaemon>		rval		:= 0x00000000
[733]NicRegisterAccessDaemon>		index		:= 0x16
[739]NicRegisterAccessDaemon>	Request_Received
[740]NicRegisterAccessDaemon>	Request
[740]NicRegisterAccessDaemon>		rval		:= 0x00000000
[740]NicRegisterAccessDaemon>		index		:= 0x16
[746]NicRegisterAccessDaemon>	Request_Received
[747]NicRegisterAccessDaemon>	Request
[747]NicRegisterAccessDaemon>		rval		:= 0x00000000
[747]NicRegisterAccessDaemon>		index		:= 0x16
[752]NicRegisterAccessDaemon>	Request_Received
[753]NicRegisterAccessDaemon>	Request
[753]NicRegisterAccessDaemon>		rval		:= 0x00000000
[753]NicRegisterAccessDaemon>		index		:= 0x16
[759]NicRegisterAccessDaemon>	Request_Received
[760]NicRegisterAccessDaemon>	Request
[760]NicRegisterAccessDaemon>		rval		:= 0x00000000
[760]NicRegisterAccessDaemon>		index		:= 0x16
[765]NicRegisterAccessDaemon>	Request_Received
[766]NicRegisterAccessDaemon>	Request
[766]NicRegisterAccessDaemon>		rval		:= 0x00000000
[766]NicRegisterAccessDaemon>		index		:= 0x16
[771]NicRegisterAccessDaemon>	Request_Received
[772]NicRegisterAccessDaemon>	Request
[772]NicRegisterAccessDaemon>		rval		:= 0x00000000
[772]NicRegisterAccessDaemon>		index		:= 0x16
[777]NicRegisterAccessDaemon>	Request_Received
[778]NicRegisterAccessDaemon>	Request
[778]NicRegisterAccessDaemon>		rval		:= 0x00000000
[778]NicRegisterAccessDaemon>		index		:= 0x16
[783]NicRegisterAccessDaemon>	Request_Received
[784]NicRegisterAccessDaemon>	Request
[784]NicRegisterAccessDaemon>		rval		:= 0x00000000
[784]NicRegisterAccessDaemon>		index		:= 0x16
[791]NicRegisterAccessDaemon>	Request_Received
[792]NicRegisterAccessDaemon>	Request
[792]NicRegisterAccessDaemon>		rval		:= 0x00000000
[792]NicRegisterAccessDaemon>		index		:= 0x16
[797]NicRegisterAccessDaemon>	Request_Received
[798]NicRegisterAccessDaemon>	Request
[798]NicRegisterAccessDaemon>		rval		:= 0x00000000
[798]NicRegisterAccessDaemon>		index		:= 0x16
[803]NicRegisterAccessDaemon>	Request_Received
[804]NicRegisterAccessDaemon>	Request
[804]NicRegisterAccessDaemon>		rval		:= 0x00000000
[804]NicRegisterAccessDaemon>		index		:= 0x16
[809]NicRegisterAccessDaemon>	Request_Received
[810]NicRegisterAccessDaemon>	Request
[810]NicRegisterAccessDaemon>		rval		:= 0x00000000
[810]NicRegisterAccessDaemon>		index		:= 0x16
[815]NicRegisterAccessDaemon>	Request_Received
[816]NicRegisterAccessDaemon>	Request
[816]NicRegisterAccessDaemon>		rval		:= 0x00000000
[816]NicRegisterAccessDaemon>		index		:= 0x16
[823]NicRegisterAccessDaemon>	Request_Received
[824]NicRegisterAccessDaemon>	Request
[824]NicRegisterAccessDaemon>		rval		:= 0x00000000
[824]NicRegisterAccessDaemon>		index		:= 0x16
[829]NicRegisterAccessDaemon>	Request_Received
[830]NicRegisterAccessDaemon>	Request
[830]NicRegisterAccessDaemon>		rval		:= 0x00000000
[830]NicRegisterAccessDaemon>		index		:= 0x16
[835]NicRegisterAccessDaemon>	Request_Received
[836]NicRegisterAccessDaemon>	Request
[836]NicRegisterAccessDaemon>		rval		:= 0x00000000
[836]NicRegisterAccessDaemon>		index		:= 0x16
[841]NicRegisterAccessDaemon>	Request_Received
[842]NicRegisterAccessDaemon>	Request
[842]NicRegisterAccessDaemon>		rval		:= 0x00000000
[842]NicRegisterAccessDaemon>		index		:= 0x16
[847]NicRegisterAccessDaemon>	Request_Received
[848]NicRegisterAccessDaemon>	Request
[848]NicRegisterAccessDaemon>		rval		:= 0x00000000
[848]NicRegisterAccessDaemon>		index		:= 0x16
[854]NicRegisterAccessDaemon>	Request_Received
[855]NicRegisterAccessDaemon>	Request
[855]NicRegisterAccessDaemon>		rval		:= 0x00000000
[855]NicRegisterAccessDaemon>		index		:= 0x16
[861]NicRegisterAccessDaemon>	Request_Received
[862]NicRegisterAccessDaemon>	Request
[862]NicRegisterAccessDaemon>		rval		:= 0x00000000
[862]NicRegisterAccessDaemon>		index		:= 0x16
[869]NicRegisterAccessDaemon>	Request_Received
[870]NicRegisterAccessDaemon>	Request
[870]NicRegisterAccessDaemon>		rval		:= 0x00000000
[870]NicRegisterAccessDaemon>		index		:= 0x16
[876]NicRegisterAccessDaemon>	Request_Received
[877]NicRegisterAccessDaemon>	Request
[877]NicRegisterAccessDaemon>		rval		:= 0x00000000
[877]NicRegisterAccessDaemon>		index		:= 0x16
[882]NicRegisterAccessDaemon>	Request_Received
[883]NicRegisterAccessDaemon>	Request
[883]NicRegisterAccessDaemon>		rval		:= 0x00000000
[883]NicRegisterAccessDaemon>		index		:= 0x16
[888]NicRegisterAccessDaemon>	Request_Received
[889]NicRegisterAccessDaemon>	Request
[889]NicRegisterAccessDaemon>		rval		:= 0x00000000
[889]NicRegisterAccessDaemon>		index		:= 0x16
[894]NicRegisterAccessDaemon>	Request_Received
[895]NicRegisterAccessDaemon>	Request
[895]NicRegisterAccessDaemon>		rval		:= 0x00000000
[895]NicRegisterAccessDaemon>		index		:= 0x16
[900]NicRegisterAccessDaemon>	Request_Received
[901]NicRegisterAccessDaemon>	Request
[901]NicRegisterAccessDaemon>		rval		:= 0x00000000
[901]NicRegisterAccessDaemon>		index		:= 0x16
[906]NicRegisterAccessDaemon>	Request_Received
[907]NicRegisterAccessDaemon>	Request
[907]NicRegisterAccessDaemon>		rval		:= 0x00000000
[907]NicRegisterAccessDaemon>		index		:= 0x16
[912]NicRegisterAccessDaemon>	Request_Received
[913]NicRegisterAccessDaemon>	Request
[913]NicRegisterAccessDaemon>		rval		:= 0x00000000
[913]NicRegisterAccessDaemon>		index		:= 0x16
[918]NicRegisterAccessDaemon>	Request_Received
[919]NicRegisterAccessDaemon>	Request
[919]NicRegisterAccessDaemon>		rval		:= 0x00000000
[919]NicRegisterAccessDaemon>		index		:= 0x16
[924]NicRegisterAccessDaemon>	Request_Received
[925]NicRegisterAccessDaemon>	Request
[925]NicRegisterAccessDaemon>		rval		:= 0x00000000
[925]NicRegisterAccessDaemon>		index		:= 0x16
[930]NicRegisterAccessDaemon>	Request_Received
[931]NicRegisterAccessDaemon>	Request
[931]NicRegisterAccessDaemon>		rval		:= 0x00000000
[931]NicRegisterAccessDaemon>		index		:= 0x16
[936]NicRegisterAccessDaemon>	Request_Received
[937]NicRegisterAccessDaemon>	Request
[937]NicRegisterAccessDaemon>		rval		:= 0x00000000
[937]NicRegisterAccessDaemon>		index		:= 0x16
[942]NicRegisterAccessDaemon>	Request_Received
[943]NicRegisterAccessDaemon>	Request
[943]NicRegisterAccessDaemon>		rval		:= 0x00000000
[943]NicRegisterAccessDaemon>		index		:= 0x16
[948]NicRegisterAccessDaemon>	Request_Received
[949]NicRegisterAccessDaemon>	Request
[949]NicRegisterAccessDaemon>		rval		:= 0x00000000
[949]NicRegisterAccessDaemon>		index		:= 0x16
[954]NicRegisterAccessDaemon>	Request_Received
[955]NicRegisterAccessDaemon>	Request
[955]NicRegisterAccessDaemon>		rval		:= 0x00000000
[955]NicRegisterAccessDaemon>		index		:= 0x16
[960]NicRegisterAccessDaemon>	Request_Received
[961]NicRegisterAccessDaemon>	Request
[961]NicRegisterAccessDaemon>		rval		:= 0x00000000
[961]NicRegisterAccessDaemon>		index		:= 0x16
[966]NicRegisterAccessDaemon>	Request_Received
[967]NicRegisterAccessDaemon>	Request
[967]NicRegisterAccessDaemon>		rval		:= 0x00000000
[967]NicRegisterAccessDaemon>		index		:= 0x16
[972]NicRegisterAccessDaemon>	Request_Received
[973]NicRegisterAccessDaemon>	Request
[973]NicRegisterAccessDaemon>		rval		:= 0x00000000
[973]NicRegisterAccessDaemon>		index		:= 0x16
[978]NicRegisterAccessDaemon>	Request_Received
[979]NicRegisterAccessDaemon>	Request
[979]NicRegisterAccessDaemon>		rval		:= 0x00000000
[979]NicRegisterAccessDaemon>		index		:= 0x16
[984]NicRegisterAccessDaemon>	Request_Received
[985]NicRegisterAccessDaemon>	Request
[985]NicRegisterAccessDaemon>		rval		:= 0x00000000
[985]NicRegisterAccessDaemon>		index		:= 0x16
[990]NicRegisterAccessDaemon>	Request_Received
[991]NicRegisterAccessDaemon>	Request
[991]NicRegisterAccessDaemon>		rval		:= 0x00000000
[991]NicRegisterAccessDaemon>		index		:= 0x16
[996]NicRegisterAccessDaemon>	Request_Received
[997]NicRegisterAccessDaemon>	Request
[997]NicRegisterAccessDaemon>		rval		:= 0x00000000
[997]NicRegisterAccessDaemon>		index		:= 0x16
[1003]NicRegisterAccessDaemon>	Request_Received
[1004]NicRegisterAccessDaemon>	Request
[1004]NicRegisterAccessDaemon>		rval		:= 0x00000000
[1004]NicRegisterAccessDaemon>		index		:= 0x16
[1010]NicRegisterAccessDaemon>	Request_Received
[1011]NicRegisterAccessDaemon>	Request
[1011]NicRegisterAccessDaemon>		rval		:= 0x00000000
[1011]NicRegisterAccessDaemon>		index		:= 0x16
[1017]NicRegisterAccessDaemon>	Request_Received
[1018]NicRegisterAccessDaemon>	Request
[1018]NicRegisterAccessDaemon>		rval		:= 0x00000000
[1018]NicRegisterAccessDaemon>		index		:= 0x16
[1024]NicRegisterAccessDaemon>	Request_Received
[1025]NicRegisterAccessDaemon>	Request
[1025]NicRegisterAccessDaemon>		rval		:= 0x00000000
[1025]NicRegisterAccessDaemon>		index		:= 0x16
[1032]NicRegisterAccessDaemon>	Request_Received
[1033]NicRegisterAccessDaemon>	Request
[1033]NicRegisterAccessDaemon>		rval		:= 0x00000000
[1033]NicRegisterAccessDaemon>		index		:= 0x16
[1038]NicRegisterAccessDaemon>	Request_Received
[1039]NicRegisterAccessDaemon>	Request
[1039]NicRegisterAccessDaemon>		rval		:= 0x00000000
[1039]NicRegisterAccessDaemon>		index		:= 0x16
[1044]NicRegisterAccessDaemon>	Request_Received
[1045]NicRegisterAccessDaemon>	Request
[1045]NicRegisterAccessDaemon>		rval		:= 0x00000000
[1045]NicRegisterAccessDaemon>		index		:= 0x16
[1050]NicRegisterAccessDaemon>	Request_Received
[1051]NicRegisterAccessDaemon>	Request
[1051]NicRegisterAccessDaemon>		rval		:= 0x00000000
[1051]NicRegisterAccessDaemon>		index		:= 0x16
[1056]NicRegisterAccessDaemon>	Request_Received
[1057]NicRegisterAccessDaemon>	Request
[1057]NicRegisterAccessDaemon>		rval		:= 0x00000000
[1057]NicRegisterAccessDaemon>		index		:= 0x16
[1063]NicRegisterAccessDaemon>	Request_Received
[1064]NicRegisterAccessDaemon>	Request
[1064]NicRegisterAccessDaemon>		rval		:= 0x00000000
[1064]NicRegisterAccessDaemon>		index		:= 0x16
[1069]NicRegisterAccessDaemon>	Request_Received
[1070]NicRegisterAccessDaemon>	Request
[1070]NicRegisterAccessDaemon>		rval		:= 0x00000000
[1070]NicRegisterAccessDaemon>		index		:= 0x16
[1077]NicRegisterAccessDaemon>	Request_Received
[1078]NicRegisterAccessDaemon>	Request
[1078]NicRegisterAccessDaemon>		rval		:= 0x00000000
[1078]NicRegisterAccessDaemon>		index		:= 0x16
[1083]NicRegisterAccessDaemon>	Request_Received
[1084]NicRegisterAccessDaemon>	Request
[1084]NicRegisterAccessDaemon>		rval		:= 0x00000000
[1084]NicRegisterAccessDaemon>		index		:= 0x16
[1090]NicRegisterAccessDaemon>	Request_Received
[1091]NicRegisterAccessDaemon>	Request
[1091]NicRegisterAccessDaemon>		rval		:= 0x00000000
[1091]NicRegisterAccessDaemon>		index		:= 0x16
[1096]NicRegisterAccessDaemon>	Request_Received
[1097]NicRegisterAccessDaemon>	Request
[1097]NicRegisterAccessDaemon>		rval		:= 0x00000000
[1097]NicRegisterAccessDaemon>		index		:= 0x16
[1102]NicRegisterAccessDaemon>	Request_Received
[1103]NicRegisterAccessDaemon>	Request
[1103]NicRegisterAccessDaemon>		rval		:= 0x00000000
[1103]NicRegisterAccessDaemon>		index		:= 0x16
[1108]NicRegisterAccessDaemon>	Request_Received
[1109]NicRegisterAccessDaemon>	Request
[1109]NicRegisterAccessDaemon>		rval		:= 0x00000000
CPU_THREAD [AccessMemory] : Free buffers, are - buf[0,1] = 400000400, buf[2,?] = c00000011[1109]NicRegisterAccessDaemon>		index		:= 0x16
[1142]NicRegisterAccessDaemon>	Request_Received
[1143]NicRegisterAccessDaemon>	Request
[1143]NicRegisterAccessDaemon>		rval		:= 0x00000000
[1143]NicRegisterAccessDaemon>		index		:= 0x16
[1156]NicRegisterAccessDaemon>	Request_Received
[1157]NicRegisterAccessDaemon>	Request
[1157]NicRegisterAccessDaemon>		rval		:= 0x00000008
[1157]NicRegisterAccessDaemon>		index		:= 0x0a
[1166]NicRegisterAccessDaemon>	Request_Received
[1167]NicRegisterAccessDaemon>	Request
[1167]NicRegisterAccessDaemon>		rval		:= 0x00000000
[1167]NicRegisterAccessDaemon>		index		:= 0x16
[1254]NicRegisterAccessDaemon>	Request_Received
[1255]NicRegisterAccessDaemon>	Request
[1255]NicRegisterAccessDaemon>		rval		:= 0x00000004
[1255]NicRegisterAccessDaemon>		index		:= 0x02
[1291]NicRegisterAccessDaemon>	Request_Received
[1292]NicRegisterAccessDaemon>	Request
[1292]NicRegisterAccessDaemon>		rval		:= 0x00000008
[1292]NicRegisterAccessDaemon>		index		:= 0x0a
[1333]NicRegisterAccessDaemon>	Request_Received
[1334]NicRegisterAccessDaemon>	Request
[1334]NicRegisterAccessDaemon>		rval		:= 0x00000008
[1334]NicRegisterAccessDaemon>		index		:= 0x0a
[1391]NicRegisterAccessDaemon>	Request_Received
[1392]NicRegisterAccessDaemon>	Request
[1392]NicRegisterAccessDaemon>		rval		:= 0x00000008
[1392]NicRegisterAccessDaemon>		index		:= 0x0a
[1450]NicRegisterAccessDaemon>	Request_Received
[1451]NicRegisterAccessDaemon>	Request
[1451]NicRegisterAccessDaemon>		rval		:= 0x00000008
[1451]NicRegisterAccessDaemon>		index		:= 0x0a
[1457]NicRegisterAccessDaemon>	Request_Received
[1458]NicRegisterAccessDaemon>	Request
[1458]NicRegisterAccessDaemon>		rval		:= 0x00000004
[1458]NicRegisterAccessDaemon>		index		:= 0x02
[1500]NicRegisterAccessDaemon>	Request_Received
[1501]NicRegisterAccessDaemon>	Request
[1501]NicRegisterAccessDaemon>		rval		:= 0x00000008
[1501]NicRegisterAccessDaemon>		index		:= 0x0a
[1586]NicRegisterAccessDaemon>	Request_Received
[1587]NicRegisterAccessDaemon>	Request
[1587]NicRegisterAccessDaemon>		rval		:= 0x00000008
[1587]NicRegisterAccessDaemon>		index		:= 0x0a
[1617]NicRegisterAccessDaemon>	Request_Received
[1618]NicRegisterAccessDaemon>	Request
[1618]NicRegisterAccessDaemon>		rval		:= 0x00000004
[1618]NicRegisterAccessDaemon>		index		:= 0x02
[1635]NicRegisterAccessDaemon>	Request_Received
[1636]NicRegisterAccessDaemon>	Request
[1636]NicRegisterAccessDaemon>		rval		:= 0x00000008
[1636]NicRegisterAccessDaemon>		index		:= 0x0a
[1672]NicRegisterAccessDaemon>	Request_Received
[1673]NicRegisterAccessDaemon>	Request
[1673]NicRegisterAccessDaemon>		rval		:= 0x00000008
[1673]NicRegisterAccessDaemon>		index		:= 0x0a
[1703]NicRegisterAccessDaemon>	Request_Received
[1704]NicRegisterAccessDaemon>	Request
[1704]NicRegisterAccessDaemon>		rval		:= 0x00000008
[1704]NicRegisterAccessDaemon>		index		:= 0x0a
[1802]NicRegisterAccessDaemon>	Request_Received
[1803]NicRegisterAccessDaemon>	Request
[1803]NicRegisterAccessDaemon>		rval		:= 0x00000008
[1803]NicRegisterAccessDaemon>		index		:= 0x0a
[1852]NicRegisterAccessDaemon>	Request_Received
[1854]NicRegisterAccessDaemon>	Request
[1854]NicRegisterAccessDaemon>		rval		:= 0x00000008
[1854]NicRegisterAccessDaemon>		index		:= 0x0a
[1931]NicRegisterAccessDaemon>	Request_Received
[1932]NicRegisterAccessDaemon>	Request
[1932]NicRegisterAccessDaemon>		rval		:= 0x00000008
[1932]NicRegisterAccessDaemon>		index		:= 0x0a
[2027]NicRegisterAccessDaemon>	Request_Received
[2029]NicRegisterAccessDaemon>	Request
[2029]NicRegisterAccessDaemon>		rval		:= 0x00000008
[2029]NicRegisterAccessDaemon>		index		:= 0x0a
[2098]NicRegisterAccessDaemon>	Request_Received
[2099]NicRegisterAccessDaemon>	Request
[2099]NicRegisterAccessDaemon>		rval		:= 0x00000008
[2099]NicRegisterAccessDaemon>		index		:= 0x0a
[2195]NicRegisterAccessDaemon>	Request_Received
[2196]NicRegisterAccessDaemon>	Request
[2196]NicRegisterAccessDaemon>		rval		:= 0x00000008
[2196]NicRegisterAccessDaemon>		index		:= 0x0a
[2248]NicRegisterAccessDaemon>	Request_Received
[2249]NicRegisterAccessDaemon>	Request
[2249]NicRegisterAccessDaemon>		rval		:= 0x00000008
[2249]NicRegisterAccessDaemon>		index		:= 0x0a
[2295]NicRegisterAccessDaemon>	Request_Received
[2296]NicRegisterAccessDaemon>	Request
[2296]NicRegisterAccessDaemon>		rval		:= 0x00000008
[2296]NicRegisterAccessDaemon>		index		:= 0x0a
[2352]NicRegisterAccessDaemon>	Request_Received
[2353]NicRegisterAccessDaemon>	Request
[2353]NicRegisterAccessDaemon>		rval		:= 0x00000008
[2353]NicRegisterAccessDaemon>		index		:= 0x0a
[2395]NicRegisterAccessDaemon>	Request_Received
[2396]NicRegisterAccessDaemon>	Request
[2396]NicRegisterAccessDaemon>		rval		:= 0x00000008
[2396]NicRegisterAccessDaemon>		index		:= 0x0a
[2472]NicRegisterAccessDaemon>	Request_Received
[2473]NicRegisterAccessDaemon>	Request
[2473]NicRegisterAccessDaemon>		rval		:= 0x00000008
[2473]NicRegisterAccessDaemon>		index		:= 0x0a
[2519]NicRegisterAccessDaemon>	Request_Received
[2520]NicRegisterAccessDaemon>	Request
[2520]NicRegisterAccessDaemon>		rval		:= 0x00000008
[2520]NicRegisterAccessDaemon>		index		:= 0x0a
[2569]NicRegisterAccessDaemon>	Request_Received
[2570]NicRegisterAccessDaemon>	Request
[2570]NicRegisterAccessDaemon>		rval		:= 0x00000008
[2570]NicRegisterAccessDaemon>		index		:= 0x0a
[2644]NicRegisterAccessDaemon>	Request_Received
[2645]NicRegisterAccessDaemon>	Request
[2645]NicRegisterAccessDaemon>		rval		:= 0x00000008
[2645]NicRegisterAccessDaemon>		index		:= 0x0a
[2693]NicRegisterAccessDaemon>	Request_Received
[2694]NicRegisterAccessDaemon>	Request
[2694]NicRegisterAccessDaemon>		rval		:= 0x00000008
[2694]NicRegisterAccessDaemon>		index		:= 0x0a
[2743]NicRegisterAccessDaemon>	Request_Received
[2744]NicRegisterAccessDaemon>	Request
[2744]NicRegisterAccessDaemon>		rval		:= 0x00000008
[2744]NicRegisterAccessDaemon>		index		:= 0x0a
[2817]NicRegisterAccessDaemon>	Request_Received
[2818]NicRegisterAccessDaemon>	Request
[2818]NicRegisterAccessDaemon>		rval		:= 0x00000008
[2818]NicRegisterAccessDaemon>		index		:= 0x0a
