[1198]popFromQueue>	pop_data
[1198]popFromQueue>		q_base_address		:= 0x000000000
[1198]popFromQueue>		q_r_data		:= 0x0000000c
[1198]popFromQueue>		q_empty		:= 0x0
[1198]popFromQueue>		write_index		:= 0x00000003
[1198]popFromQueue>		read_index		:= 0x00000000
[1198]popFromQueue>		next_ri		:= 0x00000001
[1279]popFromQueue>	pop_data
[1279]popFromQueue>		q_base_address		:= 0x000000080
[1279]popFromQueue>		q_r_data		:= 0x0000000c
[1279]popFromQueue>		q_empty		:= 0x1
[1279]popFromQueue>		write_index		:= 0x00000000
[1279]popFromQueue>		read_index		:= 0x00000000
[1279]popFromQueue>		next_ri		:= 0x00000001
[1311]popFromQueue>	pop_data
[1311]popFromQueue>		q_base_address		:= 0x000000080
[1311]popFromQueue>		q_r_data		:= 0x0000000c
[1311]popFromQueue>		q_empty		:= 0x1
[1311]popFromQueue>		write_index		:= 0x00000000
[1311]popFromQueue>		read_index		:= 0x00000000
[1311]popFromQueue>		next_ri		:= 0x00000001
[1342]popFromQueue>	pop_data
[1342]popFromQueue>		q_base_address		:= 0x000000000
[1342]popFromQueue>		q_r_data		:= 0x00000011
[1342]popFromQueue>		q_empty		:= 0x0
[1342]popFromQueue>		write_index		:= 0x00000003
[1342]popFromQueue>		read_index		:= 0x00000001
[1342]popFromQueue>		next_ri		:= 0x00000002
[1378]popFromQueue>	pop_data
[1378]popFromQueue>		q_base_address		:= 0x000000080
[1378]popFromQueue>		q_r_data		:= 0x00000011
[1378]popFromQueue>		q_empty		:= 0x1
[1378]popFromQueue>		write_index		:= 0x00000000
[1378]popFromQueue>		read_index		:= 0x00000000
[1378]popFromQueue>		next_ri		:= 0x00000001
[1422]popFromQueue>	pop_data
[1422]popFromQueue>		q_base_address		:= 0x000000080
[1422]popFromQueue>		q_r_data		:= 0x00000011
[1422]popFromQueue>		q_empty		:= 0x1
[1422]popFromQueue>		write_index		:= 0x00000000
[1422]popFromQueue>		read_index		:= 0x00000000
[1422]popFromQueue>		next_ri		:= 0x00000001
[1488]popFromQueue>	pop_data
[1488]popFromQueue>		q_base_address		:= 0x000000080
[1488]popFromQueue>		q_r_data		:= 0x00000011
[1488]popFromQueue>		q_empty		:= 0x1
[1488]popFromQueue>		write_index		:= 0x00000000
[1488]popFromQueue>		read_index		:= 0x00000000
[1488]popFromQueue>		next_ri		:= 0x00000001
[1520]popFromQueue>	pop_data
[1520]popFromQueue>		q_base_address		:= 0x000000000
[1520]popFromQueue>		q_r_data		:= 0x00000016
[1520]popFromQueue>		q_empty		:= 0x0
[1520]popFromQueue>		write_index		:= 0x00000003
[1520]popFromQueue>		read_index		:= 0x00000002
[1520]popFromQueue>		next_ri		:= 0x00000003
[1561]popFromQueue>	pop_data
[1561]popFromQueue>		q_base_address		:= 0x000000080
[1561]popFromQueue>		q_r_data		:= 0x00000016
[1561]popFromQueue>		q_empty		:= 0x1
[1561]popFromQueue>		write_index		:= 0x00000000
[1561]popFromQueue>		read_index		:= 0x00000000
[1561]popFromQueue>		next_ri		:= 0x00000001
[1620]popFromQueue>	pop_data
[1620]popFromQueue>		q_base_address		:= 0x000000080
[1620]popFromQueue>		q_r_data		:= 0x00000016
[1620]popFromQueue>		q_empty		:= 0x1
[1620]popFromQueue>		write_index		:= 0x00000000
[1620]popFromQueue>		read_index		:= 0x00000000
[1620]popFromQueue>		next_ri		:= 0x00000001
[1656]popFromQueue>	pop_data
[1656]popFromQueue>		q_base_address		:= 0x000000080
[1656]popFromQueue>		q_r_data		:= 0x00000016
[1656]popFromQueue>		q_empty		:= 0x1
[1656]popFromQueue>		write_index		:= 0x00000000
[1656]popFromQueue>		read_index		:= 0x00000000
[1656]popFromQueue>		next_ri		:= 0x00000001
[1691]popFromQueue>	pop_data
[1691]popFromQueue>		q_base_address		:= 0x000000080
[1691]popFromQueue>		q_r_data		:= 0x00000016
[1691]popFromQueue>		q_empty		:= 0x1
[1691]popFromQueue>		write_index		:= 0x00000000
[1691]popFromQueue>		read_index		:= 0x00000000
[1691]popFromQueue>		next_ri		:= 0x00000001
[1717]popFromQueue>	pop_data
[1717]popFromQueue>		q_base_address		:= 0x000000000
[1717]popFromQueue>		q_r_data		:= 0x00000016
[1717]popFromQueue>		q_empty		:= 0x1
[1717]popFromQueue>		write_index		:= 0x00000003
[1717]popFromQueue>		read_index		:= 0x00000003
[1717]popFromQueue>		next_ri		:= 0x00000004
[1741]popFromQueue>	pop_data
[1741]popFromQueue>		q_base_address		:= 0x000000000
[1741]popFromQueue>		q_r_data		:= 0x00000016
[1741]popFromQueue>		q_empty		:= 0x1
[1741]popFromQueue>		write_index		:= 0x00000003
[1741]popFromQueue>		read_index		:= 0x00000003
[1741]popFromQueue>		next_ri		:= 0x00000004
[1765]popFromQueue>	pop_data
[1765]popFromQueue>		q_base_address		:= 0x000000000
[1765]popFromQueue>		q_r_data		:= 0x00000016
[1765]popFromQueue>		q_empty		:= 0x1
[1765]popFromQueue>		write_index		:= 0x00000003
[1765]popFromQueue>		read_index		:= 0x00000003
[1765]popFromQueue>		next_ri		:= 0x00000004
[1789]popFromQueue>	pop_data
[1789]popFromQueue>		q_base_address		:= 0x000000080
[1789]popFromQueue>		q_r_data		:= 0x00000016
[1789]popFromQueue>		q_empty		:= 0x1
[1789]popFromQueue>		write_index		:= 0x00000000
[1789]popFromQueue>		read_index		:= 0x00000000
[1789]popFromQueue>		next_ri		:= 0x00000001
[1815]popFromQueue>	pop_data
[1815]popFromQueue>		q_base_address		:= 0x000000000
[1815]popFromQueue>		q_r_data		:= 0x00000016
[1815]popFromQueue>		q_empty		:= 0x1
[1815]popFromQueue>		write_index		:= 0x00000003
[1815]popFromQueue>		read_index		:= 0x00000003
[1815]popFromQueue>		next_ri		:= 0x00000004
[1839]popFromQueue>	pop_data
[1839]popFromQueue>		q_base_address		:= 0x000000080
[1839]popFromQueue>		q_r_data		:= 0x00000016
[1839]popFromQueue>		q_empty		:= 0x1
[1839]popFromQueue>		write_index		:= 0x00000000
[1839]popFromQueue>		read_index		:= 0x00000000
[1839]popFromQueue>		next_ri		:= 0x00000001
[1865]popFromQueue>	pop_data
[1865]popFromQueue>		q_base_address		:= 0x000000000
[1865]popFromQueue>		q_r_data		:= 0x00000016
[1865]popFromQueue>		q_empty		:= 0x1
[1865]popFromQueue>		write_index		:= 0x00000003
[1865]popFromQueue>		read_index		:= 0x00000003
[1865]popFromQueue>		next_ri		:= 0x00000004
[1889]popFromQueue>	pop_data
[1889]popFromQueue>		q_base_address		:= 0x000000000
[1889]popFromQueue>		q_r_data		:= 0x00000016
[1889]popFromQueue>		q_empty		:= 0x1
[1889]popFromQueue>		write_index		:= 0x00000003
[1889]popFromQueue>		read_index		:= 0x00000003
[1889]popFromQueue>		next_ri		:= 0x00000004
[1913]popFromQueue>	pop_data
[1913]popFromQueue>		q_base_address		:= 0x000000080
[1913]popFromQueue>		q_r_data		:= 0x00000016
[1913]popFromQueue>		q_empty		:= 0x1
[1913]popFromQueue>		write_index		:= 0x00000000
[1913]popFromQueue>		read_index		:= 0x00000000
[1913]popFromQueue>		next_ri		:= 0x00000001
[1939]popFromQueue>	pop_data
[1939]popFromQueue>		q_base_address		:= 0x000000000
[1939]popFromQueue>		q_r_data		:= 0x00000016
[1939]popFromQueue>		q_empty		:= 0x1
[1939]popFromQueue>		write_index		:= 0x00000003
[1939]popFromQueue>		read_index		:= 0x00000003
[1939]popFromQueue>		next_ri		:= 0x00000004
[1963]popFromQueue>	pop_data
[1963]popFromQueue>		q_base_address		:= 0x000000000
[1963]popFromQueue>		q_r_data		:= 0x00000016
[1963]popFromQueue>		q_empty		:= 0x1
[1963]popFromQueue>		write_index		:= 0x00000003
[1963]popFromQueue>		read_index		:= 0x00000003
[1963]popFromQueue>		next_ri		:= 0x00000004
[1987]popFromQueue>	pop_data
[1987]popFromQueue>		q_base_address		:= 0x000000000
[1987]popFromQueue>		q_r_data		:= 0x00000016
[1987]popFromQueue>		q_empty		:= 0x1
[1987]popFromQueue>		write_index		:= 0x00000003
[1987]popFromQueue>		read_index		:= 0x00000003
[1987]popFromQueue>		next_ri		:= 0x00000004
[2011]popFromQueue>	pop_data
[2011]popFromQueue>		q_base_address		:= 0x000000080
[2011]popFromQueue>		q_r_data		:= 0x00000016
[2011]popFromQueue>		q_empty		:= 0x1
[2011]popFromQueue>		write_index		:= 0x00000000
[2011]popFromQueue>		read_index		:= 0x00000000
[2011]popFromQueue>		next_ri		:= 0x00000001
[2037]popFromQueue>	pop_data
[2037]popFromQueue>		q_base_address		:= 0x000000000
[2037]popFromQueue>		q_r_data		:= 0x00000016
[2037]popFromQueue>		q_empty		:= 0x1
[2037]popFromQueue>		write_index		:= 0x00000003
[2037]popFromQueue>		read_index		:= 0x00000003
[2037]popFromQueue>		next_ri		:= 0x00000004
[2061]popFromQueue>	pop_data
[2061]popFromQueue>		q_base_address		:= 0x000000000
[2061]popFromQueue>		q_r_data		:= 0x00000016
[2061]popFromQueue>		q_empty		:= 0x1
[2061]popFromQueue>		write_index		:= 0x00000003
[2061]popFromQueue>		read_index		:= 0x00000003
[2061]popFromQueue>		next_ri		:= 0x00000004
[2085]popFromQueue>	pop_data
[2085]popFromQueue>		q_base_address		:= 0x000000080
[2085]popFromQueue>		q_r_data		:= 0x00000016
[2085]popFromQueue>		q_empty		:= 0x1
[2085]popFromQueue>		write_index		:= 0x00000000
[2085]popFromQueue>		read_index		:= 0x00000000
[2085]popFromQueue>		next_ri		:= 0x00000001
[2111]popFromQueue>	pop_data
[2111]popFromQueue>		q_base_address		:= 0x000000000
[2111]popFromQueue>		q_r_data		:= 0x00000016
[2111]popFromQueue>		q_empty		:= 0x1
[2111]popFromQueue>		write_index		:= 0x00000003
[2111]popFromQueue>		read_index		:= 0x00000003
[2111]popFromQueue>		next_ri		:= 0x00000004
[2135]popFromQueue>	pop_data
[2135]popFromQueue>		q_base_address		:= 0x000000000
[2135]popFromQueue>		q_r_data		:= 0x00000016
[2135]popFromQueue>		q_empty		:= 0x1
[2135]popFromQueue>		write_index		:= 0x00000003
[2135]popFromQueue>		read_index		:= 0x00000003
[2135]popFromQueue>		next_ri		:= 0x00000004
[2159]popFromQueue>	pop_data
[2159]popFromQueue>		q_base_address		:= 0x000000000
[2159]popFromQueue>		q_r_data		:= 0x00000016
[2159]popFromQueue>		q_empty		:= 0x1
[2159]popFromQueue>		write_index		:= 0x00000003
[2159]popFromQueue>		read_index		:= 0x00000003
[2159]popFromQueue>		next_ri		:= 0x00000004
[2183]popFromQueue>	pop_data
[2183]popFromQueue>		q_base_address		:= 0x000000080
[2183]popFromQueue>		q_r_data		:= 0x00000016
[2183]popFromQueue>		q_empty		:= 0x1
[2183]popFromQueue>		write_index		:= 0x00000000
[2183]popFromQueue>		read_index		:= 0x00000000
[2183]popFromQueue>		next_ri		:= 0x00000001
[2209]popFromQueue>	pop_data
[2209]popFromQueue>		q_base_address		:= 0x000000000
[2209]popFromQueue>		q_r_data		:= 0x00000016
[2209]popFromQueue>		q_empty		:= 0x1
[2209]popFromQueue>		write_index		:= 0x00000003
[2209]popFromQueue>		read_index		:= 0x00000003
[2209]popFromQueue>		next_ri		:= 0x00000004
[2233]popFromQueue>	pop_data
[2233]popFromQueue>		q_base_address		:= 0x000000080
[2233]popFromQueue>		q_r_data		:= 0x00000016
[2233]popFromQueue>		q_empty		:= 0x1
[2233]popFromQueue>		write_index		:= 0x00000000
[2233]popFromQueue>		read_index		:= 0x00000000
[2233]popFromQueue>		next_ri		:= 0x00000001
[2259]popFromQueue>	pop_data
[2259]popFromQueue>		q_base_address		:= 0x000000000
[2259]popFromQueue>		q_r_data		:= 0x00000016
[2259]popFromQueue>		q_empty		:= 0x1
[2259]popFromQueue>		write_index		:= 0x00000003
[2259]popFromQueue>		read_index		:= 0x00000003
[2259]popFromQueue>		next_ri		:= 0x00000004
[2283]popFromQueue>	pop_data
[2283]popFromQueue>		q_base_address		:= 0x000000080
[2283]popFromQueue>		q_r_data		:= 0x00000016
[2283]popFromQueue>		q_empty		:= 0x1
[2283]popFromQueue>		write_index		:= 0x00000000
[2283]popFromQueue>		read_index		:= 0x00000000
[2283]popFromQueue>		next_ri		:= 0x00000001
[2309]popFromQueue>	pop_data
[2309]popFromQueue>		q_base_address		:= 0x000000000
[2309]popFromQueue>		q_r_data		:= 0x00000016
[2309]popFromQueue>		q_empty		:= 0x1
[2309]popFromQueue>		write_index		:= 0x00000003
[2309]popFromQueue>		read_index		:= 0x00000003
[2309]popFromQueue>		next_ri		:= 0x00000004
[2333]popFromQueue>	pop_data
[2333]popFromQueue>		q_base_address		:= 0x000000080
[2333]popFromQueue>		q_r_data		:= 0x00000016
[2333]popFromQueue>		q_empty		:= 0x1
[2333]popFromQueue>		write_index		:= 0x00000000
[2333]popFromQueue>		read_index		:= 0x00000000
[2333]popFromQueue>		next_ri		:= 0x00000001
[2359]popFromQueue>	pop_data
[2359]popFromQueue>		q_base_address		:= 0x000000000
[2359]popFromQueue>		q_r_data		:= 0x00000016
[2359]popFromQueue>		q_empty		:= 0x1
[2359]popFromQueue>		write_index		:= 0x00000003
[2359]popFromQueue>		read_index		:= 0x00000003
[2359]popFromQueue>		next_ri		:= 0x00000004
[2383]popFromQueue>	pop_data
[2383]popFromQueue>		q_base_address		:= 0x000000080
[2383]popFromQueue>		q_r_data		:= 0x00000016
[2383]popFromQueue>		q_empty		:= 0x1
[2383]popFromQueue>		write_index		:= 0x00000000
[2383]popFromQueue>		read_index		:= 0x00000000
[2383]popFromQueue>		next_ri		:= 0x00000001
[2409]popFromQueue>	pop_data
[2409]popFromQueue>		q_base_address		:= 0x000000000
[2409]popFromQueue>		q_r_data		:= 0x00000016
[2409]popFromQueue>		q_empty		:= 0x1
[2409]popFromQueue>		write_index		:= 0x00000003
[2409]popFromQueue>		read_index		:= 0x00000003
[2409]popFromQueue>		next_ri		:= 0x00000004
[2433]popFromQueue>	pop_data
[2433]popFromQueue>		q_base_address		:= 0x000000000
[2433]popFromQueue>		q_r_data		:= 0x00000016
[2433]popFromQueue>		q_empty		:= 0x1
[2433]popFromQueue>		write_index		:= 0x00000003
[2433]popFromQueue>		read_index		:= 0x00000003
[2433]popFromQueue>		next_ri		:= 0x00000004
[2457]popFromQueue>	pop_data
[2457]popFromQueue>		q_base_address		:= 0x000000080
[2457]popFromQueue>		q_r_data		:= 0x00000016
[2457]popFromQueue>		q_empty		:= 0x1
[2457]popFromQueue>		write_index		:= 0x00000000
[2457]popFromQueue>		read_index		:= 0x00000000
[2457]popFromQueue>		next_ri		:= 0x00000001
[2483]popFromQueue>	pop_data
[2483]popFromQueue>		q_base_address		:= 0x000000000
[2483]popFromQueue>		q_r_data		:= 0x00000016
[2483]popFromQueue>		q_empty		:= 0x1
[2483]popFromQueue>		write_index		:= 0x00000003
[2483]popFromQueue>		read_index		:= 0x00000003
[2483]popFromQueue>		next_ri		:= 0x00000004
[2507]popFromQueue>	pop_data
[2507]popFromQueue>		q_base_address		:= 0x000000080
[2507]popFromQueue>		q_r_data		:= 0x00000016
[2507]popFromQueue>		q_empty		:= 0x1
[2507]popFromQueue>		write_index		:= 0x00000000
[2507]popFromQueue>		read_index		:= 0x00000000
[2507]popFromQueue>		next_ri		:= 0x00000001
[2533]popFromQueue>	pop_data
[2533]popFromQueue>		q_base_address		:= 0x000000000
[2533]popFromQueue>		q_r_data		:= 0x00000016
[2533]popFromQueue>		q_empty		:= 0x1
[2533]popFromQueue>		write_index		:= 0x00000003
[2533]popFromQueue>		read_index		:= 0x00000003
[2533]popFromQueue>		next_ri		:= 0x00000004
[2557]popFromQueue>	pop_data
[2557]popFromQueue>		q_base_address		:= 0x000000080
[2557]popFromQueue>		q_r_data		:= 0x00000016
[2557]popFromQueue>		q_empty		:= 0x1
[2557]popFromQueue>		write_index		:= 0x00000000
[2557]popFromQueue>		read_index		:= 0x00000000
[2557]popFromQueue>		next_ri		:= 0x00000001
[2583]popFromQueue>	pop_data
[2583]popFromQueue>		q_base_address		:= 0x000000000
[2583]popFromQueue>		q_r_data		:= 0x00000016
[2583]popFromQueue>		q_empty		:= 0x1
[2583]popFromQueue>		write_index		:= 0x00000003
[2583]popFromQueue>		read_index		:= 0x00000003
[2583]popFromQueue>		next_ri		:= 0x00000004
[2607]popFromQueue>	pop_data
[2607]popFromQueue>		q_base_address		:= 0x000000080
[2607]popFromQueue>		q_r_data		:= 0x00000016
[2607]popFromQueue>		q_empty		:= 0x1
[2607]popFromQueue>		write_index		:= 0x00000000
[2607]popFromQueue>		read_index		:= 0x00000000
[2607]popFromQueue>		next_ri		:= 0x00000001
[2630]popFromQueue>	pop_data
[2630]popFromQueue>		q_base_address		:= 0x000000000
[2630]popFromQueue>		q_r_data		:= 0x00000016
[2630]popFromQueue>		q_empty		:= 0x1
[2630]popFromQueue>		write_index		:= 0x00000003
[2630]popFromQueue>		read_index		:= 0x00000003
[2630]popFromQueue>		next_ri		:= 0x00000004
[2657]popFromQueue>	pop_data
[2657]popFromQueue>		q_base_address		:= 0x000000000
[2657]popFromQueue>		q_r_data		:= 0x00000016
[2657]popFromQueue>		q_empty		:= 0x1
[2657]popFromQueue>		write_index		:= 0x00000003
[2657]popFromQueue>		read_index		:= 0x00000003
[2657]popFromQueue>		next_ri		:= 0x00000004
[2681]popFromQueue>	pop_data
[2681]popFromQueue>		q_base_address		:= 0x000000080
[2681]popFromQueue>		q_r_data		:= 0x00000016
[2681]popFromQueue>		q_empty		:= 0x1
[2681]popFromQueue>		write_index		:= 0x00000000
[2681]popFromQueue>		read_index		:= 0x00000000
[2681]popFromQueue>		next_ri		:= 0x00000001
[2707]popFromQueue>	pop_data
[2707]popFromQueue>		q_base_address		:= 0x000000000
[2707]popFromQueue>		q_r_data		:= 0x00000016
[2707]popFromQueue>		q_empty		:= 0x1
[2707]popFromQueue>		write_index		:= 0x00000003
[2707]popFromQueue>		read_index		:= 0x00000003
[2707]popFromQueue>		next_ri		:= 0x00000004
[2731]popFromQueue>	pop_data
[2731]popFromQueue>		q_base_address		:= 0x000000080
[2731]popFromQueue>		q_r_data		:= 0x00000016
[2731]popFromQueue>		q_empty		:= 0x1
[2731]popFromQueue>		write_index		:= 0x00000000
[2731]popFromQueue>		read_index		:= 0x00000000
[2731]popFromQueue>		next_ri		:= 0x00000001
[2757]popFromQueue>	pop_data
[2757]popFromQueue>		q_base_address		:= 0x000000000
[2757]popFromQueue>		q_r_data		:= 0x00000016
[2757]popFromQueue>		q_empty		:= 0x1
[2757]popFromQueue>		write_index		:= 0x00000003
[2757]popFromQueue>		read_index		:= 0x00000003
[2757]popFromQueue>		next_ri		:= 0x00000004
[2781]popFromQueue>	pop_data
[2781]popFromQueue>		q_base_address		:= 0x000000000
[2781]popFromQueue>		q_r_data		:= 0x00000016
[2781]popFromQueue>		q_empty		:= 0x1
[2781]popFromQueue>		write_index		:= 0x00000003
[2781]popFromQueue>		read_index		:= 0x00000003
[2781]popFromQueue>		next_ri		:= 0x00000004
[2805]popFromQueue>	pop_data
[2805]popFromQueue>		q_base_address		:= 0x000000080
[2805]popFromQueue>		q_r_data		:= 0x00000016
[2805]popFromQueue>		q_empty		:= 0x1
[2805]popFromQueue>		write_index		:= 0x00000000
[2805]popFromQueue>		read_index		:= 0x00000000
[2805]popFromQueue>		next_ri		:= 0x00000001
[2831]popFromQueue>	pop_data
[2831]popFromQueue>		q_base_address		:= 0x000000000
[2831]popFromQueue>		q_r_data		:= 0x00000016
[2831]popFromQueue>		q_empty		:= 0x1
[2831]popFromQueue>		write_index		:= 0x00000003
[2831]popFromQueue>		read_index		:= 0x00000003
[2831]popFromQueue>		next_ri		:= 0x00000004
[2856]popFromQueue>	pop_data
[2856]popFromQueue>		q_base_address		:= 0x000000000
[2856]popFromQueue>		q_r_data		:= 0x00000016
[2856]popFromQueue>		q_empty		:= 0x1
[2856]popFromQueue>		write_index		:= 0x00000003
[2856]popFromQueue>		read_index		:= 0x00000003
[2856]popFromQueue>		next_ri		:= 0x00000004
[2900]popFromQueue>	pop_data
[2900]popFromQueue>		q_base_address		:= 0x000000000
[2900]popFromQueue>		q_r_data		:= 0x00000000
[2900]popFromQueue>		q_empty		:= 0x0
[2900]popFromQueue>		write_index		:= 0x00000004
[2900]popFromQueue>		read_index		:= 0x00000008
[2900]popFromQueue>		next_ri		:= 0x00000009
