[1247]populateRxQueue>	started_populate_rx_queue_module
[1247]populateRxQueue>		LAST_WRITTEN_RX_QUEUE_INDEX		:= 0x00
[1248]populateRxQueue>	in_loop
[1248]populateRxQueue>		q_index		:= 0x00
[1249]populateRxQueue>	will_be_Accessing_register
[1249]populateRxQueue>		register_index		:= 0x02
[1257]populateRxQueue>	got_rx_queue_pointer_pushing_to_rx_queue
[1257]populateRxQueue>		rx_queue_pointer_32		:= 0x00000004
[1257]populateRxQueue>		rx_queue_pointer_36		:= 0x000000040
[1257]populateRxQueue>		NUMBER_OF_SERVERS		:= 0x00000001
[1296]populateRxQueue>	written_to_rx_queue
[1296]populateRxQueue>		n_q_index		:= 0x00
[1296]populateRxQueue>		push_status		:= 0x1
[1447]populateRxQueue>	started_populate_rx_queue_module
[1447]populateRxQueue>		LAST_WRITTEN_RX_QUEUE_INDEX		:= 0x00
[1448]populateRxQueue>	in_loop
[1448]populateRxQueue>		q_index		:= 0x00
[1449]populateRxQueue>	will_be_Accessing_register
[1449]populateRxQueue>		register_index		:= 0x02
[1460]populateRxQueue>	got_rx_queue_pointer_pushing_to_rx_queue
[1460]populateRxQueue>		rx_queue_pointer_32		:= 0x00000004
[1460]populateRxQueue>		rx_queue_pointer_36		:= 0x000000040
[1460]populateRxQueue>		NUMBER_OF_SERVERS		:= 0x00000001
[1482]populateRxQueue>	written_to_rx_queue
[1482]populateRxQueue>		n_q_index		:= 0x00
[1482]populateRxQueue>		push_status		:= 0x1
[1608]populateRxQueue>	started_populate_rx_queue_module
[1608]populateRxQueue>		LAST_WRITTEN_RX_QUEUE_INDEX		:= 0x00
[1609]populateRxQueue>	in_loop
[1609]populateRxQueue>		q_index		:= 0x00
[1610]populateRxQueue>	will_be_Accessing_register
[1610]populateRxQueue>		register_index		:= 0x02
[1623]populateRxQueue>	got_rx_queue_pointer_pushing_to_rx_queue
[1623]populateRxQueue>		rx_queue_pointer_32		:= 0x00000004
[1623]populateRxQueue>		rx_queue_pointer_36		:= 0x000000040
[1623]populateRxQueue>		NUMBER_OF_SERVERS		:= 0x00000001
[1676]populateRxQueue>	written_to_rx_queue
[1676]populateRxQueue>		n_q_index		:= 0x00
[1676]populateRxQueue>		push_status		:= 0x1
