[1260]pushIntoQueue>	pushing_to_queue
[1260]pushIntoQueue>		q_w_data		:= 0x0000000c
[1260]pushIntoQueue>		q_base_address		:= 0x000000040
[1269]pushIntoQueue>	pushing_to_queue
[1269]pushIntoQueue>		q_w_data		:= 0x0000000c
[1269]pushIntoQueue>		write_index		:= 0x00000000
[1269]pushIntoQueue>		read_index		:= 0x00000000
[1269]pushIntoQueue>		next_wi		:= 0x00000001
[1269]pushIntoQueue>		q_full		:= 0x0
[1461]pushIntoQueue>	pushing_to_queue
[1461]pushIntoQueue>		q_w_data		:= 0x00000011
[1461]pushIntoQueue>		q_base_address		:= 0x000000040
[1470]pushIntoQueue>	pushing_to_queue
[1470]pushIntoQueue>		q_w_data		:= 0x00000011
[1470]pushIntoQueue>		write_index		:= 0x00000001
[1470]pushIntoQueue>		read_index		:= 0x00000000
[1470]pushIntoQueue>		next_wi		:= 0x00000002
[1470]pushIntoQueue>		q_full		:= 0x0
[1626]pushIntoQueue>	pushing_to_queue
[1626]pushIntoQueue>		q_w_data		:= 0x00000016
[1626]pushIntoQueue>		q_base_address		:= 0x000000040
[1649]pushIntoQueue>	pushing_to_queue
[1649]pushIntoQueue>		q_w_data		:= 0x00000016
[1649]pushIntoQueue>		write_index		:= 0x00000002
[1649]pushIntoQueue>		read_index		:= 0x00000000
[1649]pushIntoQueue>		next_wi		:= 0x00000003
[1649]pushIntoQueue>		q_full		:= 0x0
