Info:pThreadUtils: started thread ReceiveEngineDaemon
[2]ReceiveEngineDaemon>	waiting_for_control
[1144]ReceiveEngineDaemon>	got_the__control
[1145]ReceiveEngineDaemon>	called_pop_From_queue
[1203]ReceiveEngineDaemon>	rx_buffer
[1203]ReceiveEngineDaemon>		rx_buffer_pointer_32		:= 0x0000000c
[1204]ReceiveEngineDaemon>	rx_buffer_val
[1204]ReceiveEngineDaemon>		rx_buffer_pointer_36		:= 0x0000000c0
[1205]ReceiveEngineDaemon>	calling_loadBuffer
[1205]ReceiveEngineDaemon>		status		:= 0x0
[1205]ReceiveEngineDaemon>		rx_buffer_pointer_36		:= 0x0000000c0
[1205]ReceiveEngineDaemon>		rx_buffer_pointer_32		:= 0x0000000c
[1245]ReceiveEngineDaemon>	populating_rx_queue
[1245]ReceiveEngineDaemon>		ok_flag		:= 0x1
[1245]ReceiveEngineDaemon>		cond		:= 0x1
[1246]ReceiveEngineDaemon>	running_ok_flag
[1297]ReceiveEngineDaemon>	pushing_into_free_q
[1297]ReceiveEngineDaemon>		free_flag		:= 0x0
[1298]ReceiveEngineDaemon>	completed_iteration_in_receive_engine
[1299]ReceiveEngineDaemon>	called_pop_From_queue
[1347]ReceiveEngineDaemon>	rx_buffer
[1347]ReceiveEngineDaemon>		rx_buffer_pointer_32		:= 0x00000011
[1348]ReceiveEngineDaemon>	rx_buffer_val
[1348]ReceiveEngineDaemon>		rx_buffer_pointer_36		:= 0x000000110
[1349]ReceiveEngineDaemon>	calling_loadBuffer
[1349]ReceiveEngineDaemon>		status		:= 0x0
[1349]ReceiveEngineDaemon>		rx_buffer_pointer_36		:= 0x000000110
[1349]ReceiveEngineDaemon>		rx_buffer_pointer_32		:= 0x00000011
[1445]ReceiveEngineDaemon>	populating_rx_queue
[1445]ReceiveEngineDaemon>		ok_flag		:= 0x1
[1445]ReceiveEngineDaemon>		cond		:= 0x1
[1446]ReceiveEngineDaemon>	running_ok_flag
[1483]ReceiveEngineDaemon>	pushing_into_free_q
[1483]ReceiveEngineDaemon>		free_flag		:= 0x0
[1484]ReceiveEngineDaemon>	completed_iteration_in_receive_engine
[1486]ReceiveEngineDaemon>	called_pop_From_queue
[1525]ReceiveEngineDaemon>	rx_buffer
[1525]ReceiveEngineDaemon>		rx_buffer_pointer_32		:= 0x00000016
[1527]ReceiveEngineDaemon>	rx_buffer_val
[1527]ReceiveEngineDaemon>		rx_buffer_pointer_36		:= 0x000000160
[1528]ReceiveEngineDaemon>	calling_loadBuffer
[1528]ReceiveEngineDaemon>		status		:= 0x0
[1528]ReceiveEngineDaemon>		rx_buffer_pointer_36		:= 0x000000160
[1528]ReceiveEngineDaemon>		rx_buffer_pointer_32		:= 0x00000016
[1605]ReceiveEngineDaemon>	populating_rx_queue
[1605]ReceiveEngineDaemon>		ok_flag		:= 0x1
[1605]ReceiveEngineDaemon>		cond		:= 0x1
[1606]ReceiveEngineDaemon>	running_ok_flag
[1677]ReceiveEngineDaemon>	pushing_into_free_q
[1677]ReceiveEngineDaemon>		free_flag		:= 0x0
[1678]ReceiveEngineDaemon>	completed_iteration_in_receive_engine
[1679]ReceiveEngineDaemon>	called_pop_From_queue
[1722]ReceiveEngineDaemon>	rx_buffer
[1722]ReceiveEngineDaemon>		rx_buffer_pointer_32		:= 0x00000016
[1723]ReceiveEngineDaemon>	rx_buffer_val
[1723]ReceiveEngineDaemon>		rx_buffer_pointer_36		:= 0x000000160
[1724]ReceiveEngineDaemon>	calling_loadBuffer
[1724]ReceiveEngineDaemon>		status		:= 0x1
[1724]ReceiveEngineDaemon>		rx_buffer_pointer_36		:= 0x000000160
[1724]ReceiveEngineDaemon>		rx_buffer_pointer_32		:= 0x00000016
[1725]ReceiveEngineDaemon>	populating_rx_queue
[1725]ReceiveEngineDaemon>		ok_flag		:= 0x0
[1725]ReceiveEngineDaemon>		cond		:= 0x0
[1726]ReceiveEngineDaemon>	running_ok_flag
[1727]ReceiveEngineDaemon>	pushing_into_free_q
[1727]ReceiveEngineDaemon>		free_flag		:= 0x0
[1728]ReceiveEngineDaemon>	completed_iteration_in_receive_engine
[1729]ReceiveEngineDaemon>	called_pop_From_queue
[1746]ReceiveEngineDaemon>	rx_buffer
[1746]ReceiveEngineDaemon>		rx_buffer_pointer_32		:= 0x00000016
[1747]ReceiveEngineDaemon>	rx_buffer_val
[1747]ReceiveEngineDaemon>		rx_buffer_pointer_36		:= 0x000000160
[1748]ReceiveEngineDaemon>	calling_loadBuffer
[1748]ReceiveEngineDaemon>		status		:= 0x1
[1748]ReceiveEngineDaemon>		rx_buffer_pointer_36		:= 0x000000160
[1748]ReceiveEngineDaemon>		rx_buffer_pointer_32		:= 0x00000016
[1749]ReceiveEngineDaemon>	populating_rx_queue
[1749]ReceiveEngineDaemon>		ok_flag		:= 0x0
[1749]ReceiveEngineDaemon>		cond		:= 0x0
[1750]ReceiveEngineDaemon>	running_ok_flag
[1751]ReceiveEngineDaemon>	pushing_into_free_q
[1751]ReceiveEngineDaemon>		free_flag		:= 0x0
[1752]ReceiveEngineDaemon>	completed_iteration_in_receive_engine
[1753]ReceiveEngineDaemon>	called_pop_From_queue
[1771]ReceiveEngineDaemon>	rx_buffer
[1771]ReceiveEngineDaemon>		rx_buffer_pointer_32		:= 0x00000016
[1772]ReceiveEngineDaemon>	rx_buffer_val
[1772]ReceiveEngineDaemon>		rx_buffer_pointer_36		:= 0x000000160
[1773]ReceiveEngineDaemon>	calling_loadBuffer
[1773]ReceiveEngineDaemon>		status		:= 0x1
[1773]ReceiveEngineDaemon>		rx_buffer_pointer_36		:= 0x000000160
[1773]ReceiveEngineDaemon>		rx_buffer_pointer_32		:= 0x00000016
[1774]ReceiveEngineDaemon>	populating_rx_queue
[1774]ReceiveEngineDaemon>		ok_flag		:= 0x0
[1774]ReceiveEngineDaemon>		cond		:= 0x0
[1775]ReceiveEngineDaemon>	running_ok_flag
[1776]ReceiveEngineDaemon>	pushing_into_free_q
[1776]ReceiveEngineDaemon>		free_flag		:= 0x0
[1777]ReceiveEngineDaemon>	completed_iteration_in_receive_engine
[1778]ReceiveEngineDaemon>	called_pop_From_queue
[1821]ReceiveEngineDaemon>	rx_buffer
[1821]ReceiveEngineDaemon>		rx_buffer_pointer_32		:= 0x00000016
[1822]ReceiveEngineDaemon>	rx_buffer_val
[1822]ReceiveEngineDaemon>		rx_buffer_pointer_36		:= 0x000000160
[1823]ReceiveEngineDaemon>	calling_loadBuffer
[1823]ReceiveEngineDaemon>		status		:= 0x1
[1823]ReceiveEngineDaemon>		rx_buffer_pointer_36		:= 0x000000160
[1823]ReceiveEngineDaemon>		rx_buffer_pointer_32		:= 0x00000016
[1824]ReceiveEngineDaemon>	populating_rx_queue
[1824]ReceiveEngineDaemon>		ok_flag		:= 0x0
[1824]ReceiveEngineDaemon>		cond		:= 0x0
[1825]ReceiveEngineDaemon>	running_ok_flag
[1826]ReceiveEngineDaemon>	pushing_into_free_q
[1826]ReceiveEngineDaemon>		free_flag		:= 0x0
[1827]ReceiveEngineDaemon>	completed_iteration_in_receive_engine
[1828]ReceiveEngineDaemon>	called_pop_From_queue
[1870]ReceiveEngineDaemon>	rx_buffer
[1870]ReceiveEngineDaemon>		rx_buffer_pointer_32		:= 0x00000016
[1871]ReceiveEngineDaemon>	rx_buffer_val
[1871]ReceiveEngineDaemon>		rx_buffer_pointer_36		:= 0x000000160
[1872]ReceiveEngineDaemon>	calling_loadBuffer
[1872]ReceiveEngineDaemon>		status		:= 0x1
[1872]ReceiveEngineDaemon>		rx_buffer_pointer_36		:= 0x000000160
[1872]ReceiveEngineDaemon>		rx_buffer_pointer_32		:= 0x00000016
[1873]ReceiveEngineDaemon>	populating_rx_queue
[1873]ReceiveEngineDaemon>		ok_flag		:= 0x0
[1873]ReceiveEngineDaemon>		cond		:= 0x0
[1874]ReceiveEngineDaemon>	running_ok_flag
[1875]ReceiveEngineDaemon>	pushing_into_free_q
[1875]ReceiveEngineDaemon>		free_flag		:= 0x0
[1876]ReceiveEngineDaemon>	completed_iteration_in_receive_engine
[1877]ReceiveEngineDaemon>	called_pop_From_queue
[1894]ReceiveEngineDaemon>	rx_buffer
[1894]ReceiveEngineDaemon>		rx_buffer_pointer_32		:= 0x00000016
[1896]ReceiveEngineDaemon>	rx_buffer_val
[1896]ReceiveEngineDaemon>		rx_buffer_pointer_36		:= 0x000000160
[1897]ReceiveEngineDaemon>	calling_loadBuffer
[1897]ReceiveEngineDaemon>		status		:= 0x1
[1897]ReceiveEngineDaemon>		rx_buffer_pointer_36		:= 0x000000160
[1897]ReceiveEngineDaemon>		rx_buffer_pointer_32		:= 0x00000016
[1898]ReceiveEngineDaemon>	populating_rx_queue
[1898]ReceiveEngineDaemon>		ok_flag		:= 0x0
[1898]ReceiveEngineDaemon>		cond		:= 0x0
[1899]ReceiveEngineDaemon>	running_ok_flag
[1900]ReceiveEngineDaemon>	pushing_into_free_q
[1900]ReceiveEngineDaemon>		free_flag		:= 0x0
[1901]ReceiveEngineDaemon>	completed_iteration_in_receive_engine
[1902]ReceiveEngineDaemon>	called_pop_From_queue
[1944]ReceiveEngineDaemon>	rx_buffer
[1944]ReceiveEngineDaemon>		rx_buffer_pointer_32		:= 0x00000016
[1945]ReceiveEngineDaemon>	rx_buffer_val
[1945]ReceiveEngineDaemon>		rx_buffer_pointer_36		:= 0x000000160
[1946]ReceiveEngineDaemon>	calling_loadBuffer
[1946]ReceiveEngineDaemon>		status		:= 0x1
[1946]ReceiveEngineDaemon>		rx_buffer_pointer_36		:= 0x000000160
[1946]ReceiveEngineDaemon>		rx_buffer_pointer_32		:= 0x00000016
[1947]ReceiveEngineDaemon>	populating_rx_queue
[1947]ReceiveEngineDaemon>		ok_flag		:= 0x0
[1947]ReceiveEngineDaemon>		cond		:= 0x0
[1948]ReceiveEngineDaemon>	running_ok_flag
[1949]ReceiveEngineDaemon>	pushing_into_free_q
[1949]ReceiveEngineDaemon>		free_flag		:= 0x0
[1950]ReceiveEngineDaemon>	completed_iteration_in_receive_engine
[1951]ReceiveEngineDaemon>	called_pop_From_queue
[1968]ReceiveEngineDaemon>	rx_buffer
[1968]ReceiveEngineDaemon>		rx_buffer_pointer_32		:= 0x00000016
[1969]ReceiveEngineDaemon>	rx_buffer_val
[1969]ReceiveEngineDaemon>		rx_buffer_pointer_36		:= 0x000000160
[1970]ReceiveEngineDaemon>	calling_loadBuffer
[1970]ReceiveEngineDaemon>		status		:= 0x1
[1970]ReceiveEngineDaemon>		rx_buffer_pointer_36		:= 0x000000160
[1970]ReceiveEngineDaemon>		rx_buffer_pointer_32		:= 0x00000016
[1971]ReceiveEngineDaemon>	populating_rx_queue
[1971]ReceiveEngineDaemon>		ok_flag		:= 0x0
[1971]ReceiveEngineDaemon>		cond		:= 0x0
[1972]ReceiveEngineDaemon>	running_ok_flag
[1973]ReceiveEngineDaemon>	pushing_into_free_q
[1973]ReceiveEngineDaemon>		free_flag		:= 0x0
[1974]ReceiveEngineDaemon>	completed_iteration_in_receive_engine
[1975]ReceiveEngineDaemon>	called_pop_From_queue
[1992]ReceiveEngineDaemon>	rx_buffer
[1992]ReceiveEngineDaemon>		rx_buffer_pointer_32		:= 0x00000016
[1993]ReceiveEngineDaemon>	rx_buffer_val
[1993]ReceiveEngineDaemon>		rx_buffer_pointer_36		:= 0x000000160
[1994]ReceiveEngineDaemon>	calling_loadBuffer
[1994]ReceiveEngineDaemon>		status		:= 0x1
[1994]ReceiveEngineDaemon>		rx_buffer_pointer_36		:= 0x000000160
[1994]ReceiveEngineDaemon>		rx_buffer_pointer_32		:= 0x00000016
[1995]ReceiveEngineDaemon>	populating_rx_queue
[1995]ReceiveEngineDaemon>		ok_flag		:= 0x0
[1995]ReceiveEngineDaemon>		cond		:= 0x0
[1996]ReceiveEngineDaemon>	running_ok_flag
[1997]ReceiveEngineDaemon>	pushing_into_free_q
[1997]ReceiveEngineDaemon>		free_flag		:= 0x0
[1998]ReceiveEngineDaemon>	completed_iteration_in_receive_engine
[1999]ReceiveEngineDaemon>	called_pop_From_queue
[2042]ReceiveEngineDaemon>	rx_buffer
[2042]ReceiveEngineDaemon>		rx_buffer_pointer_32		:= 0x00000016
[2043]ReceiveEngineDaemon>	rx_buffer_val
[2043]ReceiveEngineDaemon>		rx_buffer_pointer_36		:= 0x000000160
[2044]ReceiveEngineDaemon>	calling_loadBuffer
[2044]ReceiveEngineDaemon>		status		:= 0x1
[2044]ReceiveEngineDaemon>		rx_buffer_pointer_36		:= 0x000000160
[2044]ReceiveEngineDaemon>		rx_buffer_pointer_32		:= 0x00000016
[2045]ReceiveEngineDaemon>	populating_rx_queue
[2045]ReceiveEngineDaemon>		ok_flag		:= 0x0
[2045]ReceiveEngineDaemon>		cond		:= 0x0
[2046]ReceiveEngineDaemon>	running_ok_flag
[2047]ReceiveEngineDaemon>	pushing_into_free_q
[2047]ReceiveEngineDaemon>		free_flag		:= 0x0
[2048]ReceiveEngineDaemon>	completed_iteration_in_receive_engine
[2049]ReceiveEngineDaemon>	called_pop_From_queue
[2066]ReceiveEngineDaemon>	rx_buffer
[2066]ReceiveEngineDaemon>		rx_buffer_pointer_32		:= 0x00000016
[2067]ReceiveEngineDaemon>	rx_buffer_val
[2067]ReceiveEngineDaemon>		rx_buffer_pointer_36		:= 0x000000160
[2068]ReceiveEngineDaemon>	calling_loadBuffer
[2068]ReceiveEngineDaemon>		status		:= 0x1
[2068]ReceiveEngineDaemon>		rx_buffer_pointer_36		:= 0x000000160
[2068]ReceiveEngineDaemon>		rx_buffer_pointer_32		:= 0x00000016
[2069]ReceiveEngineDaemon>	populating_rx_queue
[2069]ReceiveEngineDaemon>		ok_flag		:= 0x0
[2069]ReceiveEngineDaemon>		cond		:= 0x0
[2070]ReceiveEngineDaemon>	running_ok_flag
[2071]ReceiveEngineDaemon>	pushing_into_free_q
[2071]ReceiveEngineDaemon>		free_flag		:= 0x0
[2072]ReceiveEngineDaemon>	completed_iteration_in_receive_engine
[2074]ReceiveEngineDaemon>	called_pop_From_queue
[2116]ReceiveEngineDaemon>	rx_buffer
[2116]ReceiveEngineDaemon>		rx_buffer_pointer_32		:= 0x00000016
[2117]ReceiveEngineDaemon>	rx_buffer_val
[2117]ReceiveEngineDaemon>		rx_buffer_pointer_36		:= 0x000000160
[2118]ReceiveEngineDaemon>	calling_loadBuffer
[2118]ReceiveEngineDaemon>		status		:= 0x1
[2118]ReceiveEngineDaemon>		rx_buffer_pointer_36		:= 0x000000160
[2118]ReceiveEngineDaemon>		rx_buffer_pointer_32		:= 0x00000016
[2119]ReceiveEngineDaemon>	populating_rx_queue
[2119]ReceiveEngineDaemon>		ok_flag		:= 0x0
[2119]ReceiveEngineDaemon>		cond		:= 0x0
[2120]ReceiveEngineDaemon>	running_ok_flag
[2121]ReceiveEngineDaemon>	pushing_into_free_q
[2121]ReceiveEngineDaemon>		free_flag		:= 0x0
[2122]ReceiveEngineDaemon>	completed_iteration_in_receive_engine
[2123]ReceiveEngineDaemon>	called_pop_From_queue
[2140]ReceiveEngineDaemon>	rx_buffer
[2140]ReceiveEngineDaemon>		rx_buffer_pointer_32		:= 0x00000016
[2141]ReceiveEngineDaemon>	rx_buffer_val
[2141]ReceiveEngineDaemon>		rx_buffer_pointer_36		:= 0x000000160
[2142]ReceiveEngineDaemon>	calling_loadBuffer
[2142]ReceiveEngineDaemon>		status		:= 0x1
[2142]ReceiveEngineDaemon>		rx_buffer_pointer_36		:= 0x000000160
[2142]ReceiveEngineDaemon>		rx_buffer_pointer_32		:= 0x00000016
[2143]ReceiveEngineDaemon>	populating_rx_queue
[2143]ReceiveEngineDaemon>		ok_flag		:= 0x0
[2143]ReceiveEngineDaemon>		cond		:= 0x0
[2144]ReceiveEngineDaemon>	running_ok_flag
[2145]ReceiveEngineDaemon>	pushing_into_free_q
[2145]ReceiveEngineDaemon>		free_flag		:= 0x0
[2146]ReceiveEngineDaemon>	completed_iteration_in_receive_engine
[2147]ReceiveEngineDaemon>	called_pop_From_queue
[2164]ReceiveEngineDaemon>	rx_buffer
[2164]ReceiveEngineDaemon>		rx_buffer_pointer_32		:= 0x00000016
[2165]ReceiveEngineDaemon>	rx_buffer_val
[2165]ReceiveEngineDaemon>		rx_buffer_pointer_36		:= 0x000000160
[2166]ReceiveEngineDaemon>	calling_loadBuffer
[2166]ReceiveEngineDaemon>		status		:= 0x1
[2166]ReceiveEngineDaemon>		rx_buffer_pointer_36		:= 0x000000160
[2166]ReceiveEngineDaemon>		rx_buffer_pointer_32		:= 0x00000016
[2167]ReceiveEngineDaemon>	populating_rx_queue
[2167]ReceiveEngineDaemon>		ok_flag		:= 0x0
[2167]ReceiveEngineDaemon>		cond		:= 0x0
[2168]ReceiveEngineDaemon>	running_ok_flag
[2169]ReceiveEngineDaemon>	pushing_into_free_q
[2169]ReceiveEngineDaemon>		free_flag		:= 0x0
[2170]ReceiveEngineDaemon>	completed_iteration_in_receive_engine
[2171]ReceiveEngineDaemon>	called_pop_From_queue
[2214]ReceiveEngineDaemon>	rx_buffer
[2214]ReceiveEngineDaemon>		rx_buffer_pointer_32		:= 0x00000016
[2215]ReceiveEngineDaemon>	rx_buffer_val
[2215]ReceiveEngineDaemon>		rx_buffer_pointer_36		:= 0x000000160
[2216]ReceiveEngineDaemon>	calling_loadBuffer
[2216]ReceiveEngineDaemon>		status		:= 0x1
[2216]ReceiveEngineDaemon>		rx_buffer_pointer_36		:= 0x000000160
[2216]ReceiveEngineDaemon>		rx_buffer_pointer_32		:= 0x00000016
[2217]ReceiveEngineDaemon>	populating_rx_queue
[2217]ReceiveEngineDaemon>		ok_flag		:= 0x0
[2217]ReceiveEngineDaemon>		cond		:= 0x0
[2218]ReceiveEngineDaemon>	running_ok_flag
[2219]ReceiveEngineDaemon>	pushing_into_free_q
[2219]ReceiveEngineDaemon>		free_flag		:= 0x0
[2220]ReceiveEngineDaemon>	completed_iteration_in_receive_engine
[2221]ReceiveEngineDaemon>	called_pop_From_queue
[2264]ReceiveEngineDaemon>	rx_buffer
[2264]ReceiveEngineDaemon>		rx_buffer_pointer_32		:= 0x00000016
[2265]ReceiveEngineDaemon>	rx_buffer_val
[2265]ReceiveEngineDaemon>		rx_buffer_pointer_36		:= 0x000000160
[2266]ReceiveEngineDaemon>	calling_loadBuffer
[2266]ReceiveEngineDaemon>		status		:= 0x1
[2266]ReceiveEngineDaemon>		rx_buffer_pointer_36		:= 0x000000160
[2266]ReceiveEngineDaemon>		rx_buffer_pointer_32		:= 0x00000016
[2267]ReceiveEngineDaemon>	populating_rx_queue
[2267]ReceiveEngineDaemon>		ok_flag		:= 0x0
[2267]ReceiveEngineDaemon>		cond		:= 0x0
[2268]ReceiveEngineDaemon>	running_ok_flag
[2269]ReceiveEngineDaemon>	pushing_into_free_q
[2269]ReceiveEngineDaemon>		free_flag		:= 0x0
[2270]ReceiveEngineDaemon>	completed_iteration_in_receive_engine
[2272]ReceiveEngineDaemon>	called_pop_From_queue
[2315]ReceiveEngineDaemon>	rx_buffer
[2315]ReceiveEngineDaemon>		rx_buffer_pointer_32		:= 0x00000016
[2316]ReceiveEngineDaemon>	rx_buffer_val
[2316]ReceiveEngineDaemon>		rx_buffer_pointer_36		:= 0x000000160
[2317]ReceiveEngineDaemon>	calling_loadBuffer
[2317]ReceiveEngineDaemon>		status		:= 0x1
[2317]ReceiveEngineDaemon>		rx_buffer_pointer_36		:= 0x000000160
[2317]ReceiveEngineDaemon>		rx_buffer_pointer_32		:= 0x00000016
[2318]ReceiveEngineDaemon>	populating_rx_queue
[2318]ReceiveEngineDaemon>		ok_flag		:= 0x0
[2318]ReceiveEngineDaemon>		cond		:= 0x0
[2319]ReceiveEngineDaemon>	running_ok_flag
[2320]ReceiveEngineDaemon>	pushing_into_free_q
[2320]ReceiveEngineDaemon>		free_flag		:= 0x0
[2321]ReceiveEngineDaemon>	completed_iteration_in_receive_engine
[2322]ReceiveEngineDaemon>	called_pop_From_queue
[2365]ReceiveEngineDaemon>	rx_buffer
[2365]ReceiveEngineDaemon>		rx_buffer_pointer_32		:= 0x00000016
[2366]ReceiveEngineDaemon>	rx_buffer_val
[2366]ReceiveEngineDaemon>		rx_buffer_pointer_36		:= 0x000000160
[2367]ReceiveEngineDaemon>	calling_loadBuffer
[2367]ReceiveEngineDaemon>		status		:= 0x1
[2367]ReceiveEngineDaemon>		rx_buffer_pointer_36		:= 0x000000160
[2367]ReceiveEngineDaemon>		rx_buffer_pointer_32		:= 0x00000016
[2368]ReceiveEngineDaemon>	populating_rx_queue
[2368]ReceiveEngineDaemon>		ok_flag		:= 0x0
[2368]ReceiveEngineDaemon>		cond		:= 0x0
[2369]ReceiveEngineDaemon>	running_ok_flag
[2370]ReceiveEngineDaemon>	pushing_into_free_q
[2370]ReceiveEngineDaemon>		free_flag		:= 0x0
[2371]ReceiveEngineDaemon>	completed_iteration_in_receive_engine
[2372]ReceiveEngineDaemon>	called_pop_From_queue
[2414]ReceiveEngineDaemon>	rx_buffer
[2414]ReceiveEngineDaemon>		rx_buffer_pointer_32		:= 0x00000016
[2415]ReceiveEngineDaemon>	rx_buffer_val
[2415]ReceiveEngineDaemon>		rx_buffer_pointer_36		:= 0x000000160
[2416]ReceiveEngineDaemon>	calling_loadBuffer
[2416]ReceiveEngineDaemon>		status		:= 0x1
[2416]ReceiveEngineDaemon>		rx_buffer_pointer_36		:= 0x000000160
[2416]ReceiveEngineDaemon>		rx_buffer_pointer_32		:= 0x00000016
[2417]ReceiveEngineDaemon>	populating_rx_queue
[2417]ReceiveEngineDaemon>		ok_flag		:= 0x0
[2417]ReceiveEngineDaemon>		cond		:= 0x0
[2418]ReceiveEngineDaemon>	running_ok_flag
[2419]ReceiveEngineDaemon>	pushing_into_free_q
[2419]ReceiveEngineDaemon>		free_flag		:= 0x0
[2420]ReceiveEngineDaemon>	completed_iteration_in_receive_engine
[2421]ReceiveEngineDaemon>	called_pop_From_queue
[2438]ReceiveEngineDaemon>	rx_buffer
[2438]ReceiveEngineDaemon>		rx_buffer_pointer_32		:= 0x00000016
[2439]ReceiveEngineDaemon>	rx_buffer_val
[2439]ReceiveEngineDaemon>		rx_buffer_pointer_36		:= 0x000000160
[2440]ReceiveEngineDaemon>	calling_loadBuffer
[2440]ReceiveEngineDaemon>		status		:= 0x1
[2440]ReceiveEngineDaemon>		rx_buffer_pointer_36		:= 0x000000160
[2440]ReceiveEngineDaemon>		rx_buffer_pointer_32		:= 0x00000016
[2441]ReceiveEngineDaemon>	populating_rx_queue
[2441]ReceiveEngineDaemon>		ok_flag		:= 0x0
[2441]ReceiveEngineDaemon>		cond		:= 0x0
[2442]ReceiveEngineDaemon>	running_ok_flag
[2443]ReceiveEngineDaemon>	pushing_into_free_q
[2443]ReceiveEngineDaemon>		free_flag		:= 0x0
[2444]ReceiveEngineDaemon>	completed_iteration_in_receive_engine
[2445]ReceiveEngineDaemon>	called_pop_From_queue
[2488]ReceiveEngineDaemon>	rx_buffer
[2488]ReceiveEngineDaemon>		rx_buffer_pointer_32		:= 0x00000016
[2489]ReceiveEngineDaemon>	rx_buffer_val
[2489]ReceiveEngineDaemon>		rx_buffer_pointer_36		:= 0x000000160
[2490]ReceiveEngineDaemon>	calling_loadBuffer
[2490]ReceiveEngineDaemon>		status		:= 0x1
[2490]ReceiveEngineDaemon>		rx_buffer_pointer_36		:= 0x000000160
[2490]ReceiveEngineDaemon>		rx_buffer_pointer_32		:= 0x00000016
[2491]ReceiveEngineDaemon>	populating_rx_queue
[2491]ReceiveEngineDaemon>		ok_flag		:= 0x0
[2491]ReceiveEngineDaemon>		cond		:= 0x0
[2492]ReceiveEngineDaemon>	running_ok_flag
[2493]ReceiveEngineDaemon>	pushing_into_free_q
[2493]ReceiveEngineDaemon>		free_flag		:= 0x0
[2494]ReceiveEngineDaemon>	completed_iteration_in_receive_engine
[2495]ReceiveEngineDaemon>	called_pop_From_queue
[2539]ReceiveEngineDaemon>	rx_buffer
[2539]ReceiveEngineDaemon>		rx_buffer_pointer_32		:= 0x00000016
[2540]ReceiveEngineDaemon>	rx_buffer_val
[2540]ReceiveEngineDaemon>		rx_buffer_pointer_36		:= 0x000000160
[2541]ReceiveEngineDaemon>	calling_loadBuffer
[2541]ReceiveEngineDaemon>		status		:= 0x1
[2541]ReceiveEngineDaemon>		rx_buffer_pointer_36		:= 0x000000160
[2541]ReceiveEngineDaemon>		rx_buffer_pointer_32		:= 0x00000016
[2542]ReceiveEngineDaemon>	populating_rx_queue
[2542]ReceiveEngineDaemon>		ok_flag		:= 0x0
[2542]ReceiveEngineDaemon>		cond		:= 0x0
[2543]ReceiveEngineDaemon>	running_ok_flag
[2544]ReceiveEngineDaemon>	pushing_into_free_q
[2544]ReceiveEngineDaemon>		free_flag		:= 0x0
[2546]ReceiveEngineDaemon>	completed_iteration_in_receive_engine
[2547]ReceiveEngineDaemon>	called_pop_From_queue
[2588]ReceiveEngineDaemon>	rx_buffer
[2588]ReceiveEngineDaemon>		rx_buffer_pointer_32		:= 0x00000016
[2589]ReceiveEngineDaemon>	rx_buffer_val
[2589]ReceiveEngineDaemon>		rx_buffer_pointer_36		:= 0x000000160
[2590]ReceiveEngineDaemon>	calling_loadBuffer
[2590]ReceiveEngineDaemon>		status		:= 0x1
[2590]ReceiveEngineDaemon>		rx_buffer_pointer_36		:= 0x000000160
[2590]ReceiveEngineDaemon>		rx_buffer_pointer_32		:= 0x00000016
[2591]ReceiveEngineDaemon>	populating_rx_queue
[2591]ReceiveEngineDaemon>		ok_flag		:= 0x0
[2591]ReceiveEngineDaemon>		cond		:= 0x0
[2592]ReceiveEngineDaemon>	running_ok_flag
[2593]ReceiveEngineDaemon>	pushing_into_free_q
[2593]ReceiveEngineDaemon>		free_flag		:= 0x0
[2594]ReceiveEngineDaemon>	completed_iteration_in_receive_engine
[2595]ReceiveEngineDaemon>	called_pop_From_queue
[2635]ReceiveEngineDaemon>	rx_buffer
[2635]ReceiveEngineDaemon>		rx_buffer_pointer_32		:= 0x00000016
[2636]ReceiveEngineDaemon>	rx_buffer_val
[2636]ReceiveEngineDaemon>		rx_buffer_pointer_36		:= 0x000000160
[2637]ReceiveEngineDaemon>	calling_loadBuffer
[2637]ReceiveEngineDaemon>		status		:= 0x1
[2637]ReceiveEngineDaemon>		rx_buffer_pointer_36		:= 0x000000160
[2637]ReceiveEngineDaemon>		rx_buffer_pointer_32		:= 0x00000016
[2638]ReceiveEngineDaemon>	populating_rx_queue
[2638]ReceiveEngineDaemon>		ok_flag		:= 0x0
[2638]ReceiveEngineDaemon>		cond		:= 0x0
[2639]ReceiveEngineDaemon>	running_ok_flag
[2640]ReceiveEngineDaemon>	pushing_into_free_q
[2640]ReceiveEngineDaemon>		free_flag		:= 0x0
[2641]ReceiveEngineDaemon>	completed_iteration_in_receive_engine
[2642]ReceiveEngineDaemon>	called_pop_From_queue
[2662]ReceiveEngineDaemon>	rx_buffer
[2662]ReceiveEngineDaemon>		rx_buffer_pointer_32		:= 0x00000016
[2663]ReceiveEngineDaemon>	rx_buffer_val
[2663]ReceiveEngineDaemon>		rx_buffer_pointer_36		:= 0x000000160
[2664]ReceiveEngineDaemon>	calling_loadBuffer
[2664]ReceiveEngineDaemon>		status		:= 0x1
[2664]ReceiveEngineDaemon>		rx_buffer_pointer_36		:= 0x000000160
[2664]ReceiveEngineDaemon>		rx_buffer_pointer_32		:= 0x00000016
[2665]ReceiveEngineDaemon>	populating_rx_queue
[2665]ReceiveEngineDaemon>		ok_flag		:= 0x0
[2665]ReceiveEngineDaemon>		cond		:= 0x0
[2666]ReceiveEngineDaemon>	running_ok_flag
[2667]ReceiveEngineDaemon>	pushing_into_free_q
[2667]ReceiveEngineDaemon>		free_flag		:= 0x0
[2668]ReceiveEngineDaemon>	completed_iteration_in_receive_engine
[2669]ReceiveEngineDaemon>	called_pop_From_queue
[2712]ReceiveEngineDaemon>	rx_buffer
[2712]ReceiveEngineDaemon>		rx_buffer_pointer_32		:= 0x00000016
[2713]ReceiveEngineDaemon>	rx_buffer_val
[2713]ReceiveEngineDaemon>		rx_buffer_pointer_36		:= 0x000000160
[2714]ReceiveEngineDaemon>	calling_loadBuffer
[2714]ReceiveEngineDaemon>		status		:= 0x1
[2714]ReceiveEngineDaemon>		rx_buffer_pointer_36		:= 0x000000160
[2714]ReceiveEngineDaemon>		rx_buffer_pointer_32		:= 0x00000016
[2715]ReceiveEngineDaemon>	populating_rx_queue
[2715]ReceiveEngineDaemon>		ok_flag		:= 0x0
[2715]ReceiveEngineDaemon>		cond		:= 0x0
[2716]ReceiveEngineDaemon>	running_ok_flag
[2717]ReceiveEngineDaemon>	pushing_into_free_q
[2717]ReceiveEngineDaemon>		free_flag		:= 0x0
[2718]ReceiveEngineDaemon>	completed_iteration_in_receive_engine
[2719]ReceiveEngineDaemon>	called_pop_From_queue
[2762]ReceiveEngineDaemon>	rx_buffer
[2762]ReceiveEngineDaemon>		rx_buffer_pointer_32		:= 0x00000016
[2763]ReceiveEngineDaemon>	rx_buffer_val
[2763]ReceiveEngineDaemon>		rx_buffer_pointer_36		:= 0x000000160
[2764]ReceiveEngineDaemon>	calling_loadBuffer
[2764]ReceiveEngineDaemon>		status		:= 0x1
[2764]ReceiveEngineDaemon>		rx_buffer_pointer_36		:= 0x000000160
[2764]ReceiveEngineDaemon>		rx_buffer_pointer_32		:= 0x00000016
[2765]ReceiveEngineDaemon>	populating_rx_queue
[2765]ReceiveEngineDaemon>		ok_flag		:= 0x0
[2765]ReceiveEngineDaemon>		cond		:= 0x0
[2766]ReceiveEngineDaemon>	running_ok_flag
[2767]ReceiveEngineDaemon>	pushing_into_free_q
[2767]ReceiveEngineDaemon>		free_flag		:= 0x0
[2768]ReceiveEngineDaemon>	completed_iteration_in_receive_engine
[2769]ReceiveEngineDaemon>	called_pop_From_queue
[2787]ReceiveEngineDaemon>	rx_buffer
[2787]ReceiveEngineDaemon>		rx_buffer_pointer_32		:= 0x00000016
[2788]ReceiveEngineDaemon>	rx_buffer_val
[2788]ReceiveEngineDaemon>		rx_buffer_pointer_36		:= 0x000000160
[2789]ReceiveEngineDaemon>	calling_loadBuffer
[2789]ReceiveEngineDaemon>		status		:= 0x1
[2789]ReceiveEngineDaemon>		rx_buffer_pointer_36		:= 0x000000160
[2789]ReceiveEngineDaemon>		rx_buffer_pointer_32		:= 0x00000016
[2790]ReceiveEngineDaemon>	populating_rx_queue
[2790]ReceiveEngineDaemon>		ok_flag		:= 0x0
[2790]ReceiveEngineDaemon>		cond		:= 0x0
[2791]ReceiveEngineDaemon>	running_ok_flag
[2792]ReceiveEngineDaemon>	pushing_into_free_q
[2792]ReceiveEngineDaemon>		free_flag		:= 0x0
[2793]ReceiveEngineDaemon>	completed_iteration_in_receive_engine
[2794]ReceiveEngineDaemon>	called_pop_From_queue
[2836]ReceiveEngineDaemon>	rx_buffer
[2836]ReceiveEngineDaemon>		rx_buffer_pointer_32		:= 0x00000016
[2837]ReceiveEngineDaemon>	rx_buffer_val
[2837]ReceiveEngineDaemon>		rx_buffer_pointer_36		:= 0x000000160
[2838]ReceiveEngineDaemon>	calling_loadBuffer
[2838]ReceiveEngineDaemon>		status		:= 0x1
[2838]ReceiveEngineDaemon>		rx_buffer_pointer_36		:= 0x000000160
[2838]ReceiveEngineDaemon>		rx_buffer_pointer_32		:= 0x00000016
[2839]ReceiveEngineDaemon>	populating_rx_queue
[2839]ReceiveEngineDaemon>		ok_flag		:= 0x0
[2839]ReceiveEngineDaemon>		cond		:= 0x0
[2840]ReceiveEngineDaemon>	running_ok_flag
[2841]ReceiveEngineDaemon>	pushing_into_free_q
[2841]ReceiveEngineDaemon>		free_flag		:= 0x0
[2842]ReceiveEngineDaemon>	completed_iteration_in_receive_engine
[2843]ReceiveEngineDaemon>	called_pop_From_queue
[2861]ReceiveEngineDaemon>	rx_buffer
[2861]ReceiveEngineDaemon>		rx_buffer_pointer_32		:= 0x00000016
[2862]ReceiveEngineDaemon>	rx_buffer_val
[2862]ReceiveEngineDaemon>		rx_buffer_pointer_36		:= 0x000000160
[2863]ReceiveEngineDaemon>	calling_loadBuffer
[2863]ReceiveEngineDaemon>		status		:= 0x1
[2863]ReceiveEngineDaemon>		rx_buffer_pointer_36		:= 0x000000160
[2863]ReceiveEngineDaemon>		rx_buffer_pointer_32		:= 0x00000016
[2864]ReceiveEngineDaemon>	populating_rx_queue
[2864]ReceiveEngineDaemon>		ok_flag		:= 0x0
[2864]ReceiveEngineDaemon>		cond		:= 0x0
[2865]ReceiveEngineDaemon>	running_ok_flag
[2866]ReceiveEngineDaemon>	pushing_into_free_q
[2866]ReceiveEngineDaemon>		free_flag		:= 0x0
[2867]ReceiveEngineDaemon>	completed_iteration_in_receive_engine
[2868]ReceiveEngineDaemon>	called_pop_From_queue
[2909]ReceiveEngineDaemon>	rx_buffer
[2909]ReceiveEngineDaemon>		rx_buffer_pointer_32		:= 0x00000000
[2910]ReceiveEngineDaemon>	rx_buffer_val
[2910]ReceiveEngineDaemon>		rx_buffer_pointer_36		:= 0x000000000
[2911]ReceiveEngineDaemon>	calling_loadBuffer
[2911]ReceiveEngineDaemon>		status		:= 0x0
[2911]ReceiveEngineDaemon>		rx_buffer_pointer_36		:= 0x000000000
[2911]ReceiveEngineDaemon>		rx_buffer_pointer_32		:= 0x00000000
