Info:pThreadUtils: started thread transmitEngineDaemon
[1137]transmitEngineDaemon>	got_control
[1138]transmitEngineDaemon>	trying_to_get_pointer_from_tx_queue
[1138]transmitEngineDaemon>		tx_q_index		:= 0x00
[1285]transmitEngineDaemon>	pushing_back_to_free_queue
[1285]transmitEngineDaemon>		push_pointer_back_to_free_Q		:= 0x0
[1285]transmitEngineDaemon>		pkt_pointer		:= 0x0000000c
[1286]transmitEngineDaemon>	pushed_back_to_free_queue
[1286]transmitEngineDaemon>		push_status		:= 0x1
[1287]transmitEngineDaemon>	trying_to_get_pointer_from_tx_queue
[1287]transmitEngineDaemon>		tx_q_index		:= 0x00
[1318]transmitEngineDaemon>	pushing_back_to_free_queue
[1318]transmitEngineDaemon>		push_pointer_back_to_free_Q		:= 0x0
[1318]transmitEngineDaemon>		pkt_pointer		:= 0x0000000c
[1319]transmitEngineDaemon>	pushed_back_to_free_queue
[1319]transmitEngineDaemon>		push_status		:= 0x1
[1320]transmitEngineDaemon>	trying_to_get_pointer_from_tx_queue
[1320]transmitEngineDaemon>		tx_q_index		:= 0x00
[1385]transmitEngineDaemon>	pushing_back_to_free_queue
[1385]transmitEngineDaemon>		push_pointer_back_to_free_Q		:= 0x0
[1385]transmitEngineDaemon>		pkt_pointer		:= 0x00000011
[1386]transmitEngineDaemon>	pushed_back_to_free_queue
[1386]transmitEngineDaemon>		push_status		:= 0x1
[1387]transmitEngineDaemon>	trying_to_get_pointer_from_tx_queue
[1387]transmitEngineDaemon>		tx_q_index		:= 0x00
[1437]transmitEngineDaemon>	pushing_back_to_free_queue
[1437]transmitEngineDaemon>		push_pointer_back_to_free_Q		:= 0x0
[1437]transmitEngineDaemon>		pkt_pointer		:= 0x00000011
[1438]transmitEngineDaemon>	pushed_back_to_free_queue
[1438]transmitEngineDaemon>		push_status		:= 0x1
[1440]transmitEngineDaemon>	trying_to_get_pointer_from_tx_queue
[1440]transmitEngineDaemon>		tx_q_index		:= 0x00
[1494]transmitEngineDaemon>	pushing_back_to_free_queue
[1494]transmitEngineDaemon>		push_pointer_back_to_free_Q		:= 0x0
[1494]transmitEngineDaemon>		pkt_pointer		:= 0x00000011
[1495]transmitEngineDaemon>	pushed_back_to_free_queue
[1495]transmitEngineDaemon>		push_status		:= 0x1
[1496]transmitEngineDaemon>	trying_to_get_pointer_from_tx_queue
[1496]transmitEngineDaemon>		tx_q_index		:= 0x00
[1579]transmitEngineDaemon>	pushing_back_to_free_queue
[1579]transmitEngineDaemon>		push_pointer_back_to_free_Q		:= 0x0
[1579]transmitEngineDaemon>		pkt_pointer		:= 0x00000016
[1580]transmitEngineDaemon>	pushed_back_to_free_queue
[1580]transmitEngineDaemon>		push_status		:= 0x1
[1581]transmitEngineDaemon>	trying_to_get_pointer_from_tx_queue
[1581]transmitEngineDaemon>		tx_q_index		:= 0x00
[1629]transmitEngineDaemon>	pushing_back_to_free_queue
[1629]transmitEngineDaemon>		push_pointer_back_to_free_Q		:= 0x0
[1629]transmitEngineDaemon>		pkt_pointer		:= 0x00000016
[1630]transmitEngineDaemon>	pushed_back_to_free_queue
[1630]transmitEngineDaemon>		push_status		:= 0x1
[1631]transmitEngineDaemon>	trying_to_get_pointer_from_tx_queue
[1631]transmitEngineDaemon>		tx_q_index		:= 0x00
[1665]transmitEngineDaemon>	pushing_back_to_free_queue
[1665]transmitEngineDaemon>		push_pointer_back_to_free_Q		:= 0x0
[1665]transmitEngineDaemon>		pkt_pointer		:= 0x00000016
[1666]transmitEngineDaemon>	pushed_back_to_free_queue
[1666]transmitEngineDaemon>		push_status		:= 0x1
[1667]transmitEngineDaemon>	trying_to_get_pointer_from_tx_queue
[1667]transmitEngineDaemon>		tx_q_index		:= 0x00
[1697]transmitEngineDaemon>	pushing_back_to_free_queue
[1697]transmitEngineDaemon>		push_pointer_back_to_free_Q		:= 0x0
[1697]transmitEngineDaemon>		pkt_pointer		:= 0x00000016
[1698]transmitEngineDaemon>	pushed_back_to_free_queue
[1698]transmitEngineDaemon>		push_status		:= 0x1
[1699]transmitEngineDaemon>	trying_to_get_pointer_from_tx_queue
[1699]transmitEngineDaemon>		tx_q_index		:= 0x00
[1795]transmitEngineDaemon>	pushing_back_to_free_queue
[1795]transmitEngineDaemon>		push_pointer_back_to_free_Q		:= 0x0
[1795]transmitEngineDaemon>		pkt_pointer		:= 0x00000016
[1796]transmitEngineDaemon>	pushed_back_to_free_queue
[1796]transmitEngineDaemon>		push_status		:= 0x1
[1797]transmitEngineDaemon>	trying_to_get_pointer_from_tx_queue
[1797]transmitEngineDaemon>		tx_q_index		:= 0x00
[1845]transmitEngineDaemon>	pushing_back_to_free_queue
[1845]transmitEngineDaemon>		push_pointer_back_to_free_Q		:= 0x0
[1845]transmitEngineDaemon>		pkt_pointer		:= 0x00000016
[1847]transmitEngineDaemon>	pushed_back_to_free_queue
[1847]transmitEngineDaemon>		push_status		:= 0x1
[1848]transmitEngineDaemon>	trying_to_get_pointer_from_tx_queue
[1848]transmitEngineDaemon>		tx_q_index		:= 0x00
[1924]transmitEngineDaemon>	pushing_back_to_free_queue
[1924]transmitEngineDaemon>		push_pointer_back_to_free_Q		:= 0x0
[1924]transmitEngineDaemon>		pkt_pointer		:= 0x00000016
[1925]transmitEngineDaemon>	pushed_back_to_free_queue
[1925]transmitEngineDaemon>		push_status		:= 0x1
[1926]transmitEngineDaemon>	trying_to_get_pointer_from_tx_queue
[1926]transmitEngineDaemon>		tx_q_index		:= 0x00
[2020]transmitEngineDaemon>	pushing_back_to_free_queue
[2020]transmitEngineDaemon>		push_pointer_back_to_free_Q		:= 0x0
[2020]transmitEngineDaemon>		pkt_pointer		:= 0x00000016
[2021]transmitEngineDaemon>	pushed_back_to_free_queue
[2021]transmitEngineDaemon>		push_status		:= 0x1
[2022]transmitEngineDaemon>	trying_to_get_pointer_from_tx_queue
[2022]transmitEngineDaemon>		tx_q_index		:= 0x00
[2091]transmitEngineDaemon>	pushing_back_to_free_queue
[2091]transmitEngineDaemon>		push_pointer_back_to_free_Q		:= 0x0
[2091]transmitEngineDaemon>		pkt_pointer		:= 0x00000016
[2092]transmitEngineDaemon>	pushed_back_to_free_queue
[2092]transmitEngineDaemon>		push_status		:= 0x1
[2093]transmitEngineDaemon>	trying_to_get_pointer_from_tx_queue
[2093]transmitEngineDaemon>		tx_q_index		:= 0x00
[2189]transmitEngineDaemon>	pushing_back_to_free_queue
[2189]transmitEngineDaemon>		push_pointer_back_to_free_Q		:= 0x0
[2189]transmitEngineDaemon>		pkt_pointer		:= 0x00000016
[2190]transmitEngineDaemon>	pushed_back_to_free_queue
[2190]transmitEngineDaemon>		push_status		:= 0x1
[2191]transmitEngineDaemon>	trying_to_get_pointer_from_tx_queue
[2191]transmitEngineDaemon>		tx_q_index		:= 0x00
[2239]transmitEngineDaemon>	pushing_back_to_free_queue
[2239]transmitEngineDaemon>		push_pointer_back_to_free_Q		:= 0x0
[2239]transmitEngineDaemon>		pkt_pointer		:= 0x00000016
[2240]transmitEngineDaemon>	pushed_back_to_free_queue
[2240]transmitEngineDaemon>		push_status		:= 0x1
[2241]transmitEngineDaemon>	trying_to_get_pointer_from_tx_queue
[2241]transmitEngineDaemon>		tx_q_index		:= 0x00
[2289]transmitEngineDaemon>	pushing_back_to_free_queue
[2289]transmitEngineDaemon>		push_pointer_back_to_free_Q		:= 0x0
[2289]transmitEngineDaemon>		pkt_pointer		:= 0x00000016
[2290]transmitEngineDaemon>	pushed_back_to_free_queue
[2290]transmitEngineDaemon>		push_status		:= 0x1
[2291]transmitEngineDaemon>	trying_to_get_pointer_from_tx_queue
[2291]transmitEngineDaemon>		tx_q_index		:= 0x00
[2340]transmitEngineDaemon>	pushing_back_to_free_queue
[2340]transmitEngineDaemon>		push_pointer_back_to_free_Q		:= 0x0
[2340]transmitEngineDaemon>		pkt_pointer		:= 0x00000016
[2341]transmitEngineDaemon>	pushed_back_to_free_queue
[2341]transmitEngineDaemon>		push_status		:= 0x1
[2342]transmitEngineDaemon>	trying_to_get_pointer_from_tx_queue
[2342]transmitEngineDaemon>		tx_q_index		:= 0x00
[2389]transmitEngineDaemon>	pushing_back_to_free_queue
[2389]transmitEngineDaemon>		push_pointer_back_to_free_Q		:= 0x0
[2389]transmitEngineDaemon>		pkt_pointer		:= 0x00000016
[2390]transmitEngineDaemon>	pushed_back_to_free_queue
[2390]transmitEngineDaemon>		push_status		:= 0x1
[2391]transmitEngineDaemon>	trying_to_get_pointer_from_tx_queue
[2391]transmitEngineDaemon>		tx_q_index		:= 0x00
[2463]transmitEngineDaemon>	pushing_back_to_free_queue
[2463]transmitEngineDaemon>		push_pointer_back_to_free_Q		:= 0x0
[2463]transmitEngineDaemon>		pkt_pointer		:= 0x00000016
[2464]transmitEngineDaemon>	pushed_back_to_free_queue
[2464]transmitEngineDaemon>		push_status		:= 0x1
[2465]transmitEngineDaemon>	trying_to_get_pointer_from_tx_queue
[2465]transmitEngineDaemon>		tx_q_index		:= 0x00
[2513]transmitEngineDaemon>	pushing_back_to_free_queue
[2513]transmitEngineDaemon>		push_pointer_back_to_free_Q		:= 0x0
[2513]transmitEngineDaemon>		pkt_pointer		:= 0x00000016
[2514]transmitEngineDaemon>	pushed_back_to_free_queue
[2514]transmitEngineDaemon>		push_status		:= 0x1
[2515]transmitEngineDaemon>	trying_to_get_pointer_from_tx_queue
[2515]transmitEngineDaemon>		tx_q_index		:= 0x00
[2563]transmitEngineDaemon>	pushing_back_to_free_queue
[2563]transmitEngineDaemon>		push_pointer_back_to_free_Q		:= 0x0
[2563]transmitEngineDaemon>		pkt_pointer		:= 0x00000016
[2564]transmitEngineDaemon>	pushed_back_to_free_queue
[2564]transmitEngineDaemon>		push_status		:= 0x1
[2565]transmitEngineDaemon>	trying_to_get_pointer_from_tx_queue
[2565]transmitEngineDaemon>		tx_q_index		:= 0x00
[2614]transmitEngineDaemon>	pushing_back_to_free_queue
[2614]transmitEngineDaemon>		push_pointer_back_to_free_Q		:= 0x0
[2614]transmitEngineDaemon>		pkt_pointer		:= 0x00000016
[2615]transmitEngineDaemon>	pushed_back_to_free_queue
[2615]transmitEngineDaemon>		push_status		:= 0x1
[2620]transmitEngineDaemon>	trying_to_get_pointer_from_tx_queue
[2620]transmitEngineDaemon>		tx_q_index		:= 0x00
[2687]transmitEngineDaemon>	pushing_back_to_free_queue
[2687]transmitEngineDaemon>		push_pointer_back_to_free_Q		:= 0x0
[2687]transmitEngineDaemon>		pkt_pointer		:= 0x00000016
[2688]transmitEngineDaemon>	pushed_back_to_free_queue
[2688]transmitEngineDaemon>		push_status		:= 0x1
[2689]transmitEngineDaemon>	trying_to_get_pointer_from_tx_queue
[2689]transmitEngineDaemon>		tx_q_index		:= 0x00
[2737]transmitEngineDaemon>	pushing_back_to_free_queue
[2737]transmitEngineDaemon>		push_pointer_back_to_free_Q		:= 0x0
[2737]transmitEngineDaemon>		pkt_pointer		:= 0x00000016
[2738]transmitEngineDaemon>	pushed_back_to_free_queue
[2738]transmitEngineDaemon>		push_status		:= 0x1
[2739]transmitEngineDaemon>	trying_to_get_pointer_from_tx_queue
[2739]transmitEngineDaemon>		tx_q_index		:= 0x00
[2811]transmitEngineDaemon>	pushing_back_to_free_queue
[2811]transmitEngineDaemon>		push_pointer_back_to_free_Q		:= 0x0
[2811]transmitEngineDaemon>		pkt_pointer		:= 0x00000016
[2812]transmitEngineDaemon>	pushed_back_to_free_queue
[2812]transmitEngineDaemon>		push_status		:= 0x1
[2813]transmitEngineDaemon>	trying_to_get_pointer_from_tx_queue
[2813]transmitEngineDaemon>		tx_q_index		:= 0x00
