#-----------------------------------------------------------
# Vivado v2017.1 (64-bit)
# SW Build 1846317 on Fri Apr 14 18:54:47 MDT 2017
# IP Build 1846188 on Fri Apr 14 20:52:08 MDT 2017
# Start of session at: Thu Apr 28 18:36:31 2022
# Process ID: 42727
# Current directory: /home/harshad/Project/git/AJIT_Ethernet/boards/v0/vivado_synth
# Command line: vivado
# Log file: /home/harshad/Project/git/AJIT_Ethernet/boards/v0/vivado_synth/vivado.log
# Journal file: /home/harshad/Project/git/AJIT_Ethernet/boards/v0/vivado_synth/vivado.jou
#-----------------------------------------------------------
start_gui
open_project /home/harshad/Project/git/AJIT_Ethernet/10G_MAC_core/axi_10g_ethernet_0_ex/axi_10g_ethernet_0_ex.xpr
INFO: [Project 1-313] Project file moved from '/home/akshat/axi_10g_ethernet_0_ex' since last save.
Scanning sources...
Finished scanning sources
INFO: [IP_Flow 19-234] Refreshing IP repositories
INFO: [IP_Flow 19-1704] No user IP repositories specified
INFO: [IP_Flow 19-2313] Loaded Vivado IP repository '/home/harshad/Vivado/2017.1/data/ip'.
open_project: Time (s): cpu = 00:00:19 ; elapsed = 00:03:40 . Memory (MB): peak = 6128.750 ; gain = 156.039 ; free physical = 835 ; free virtual = 7238
update_compile_order -fileset sources_1
launch_runs synth_1 -jobs 3
[Thu Apr 28 18:59:11 2022] Launched bd_efdb_0_xmac_0_synth_1, axi_10g_ethernet_0_synth_1, bd_efdb_0_xpcs_0_synth_1, bd_efdb_0_dcm_locked_driver_0_synth_1, bd_efdb_0_pma_pmd_type_driver_0_synth_1...
Run output will be captured here:
bd_efdb_0_xmac_0_synth_1: /home/harshad/Project/git/AJIT_Ethernet/10G_MAC_core/axi_10g_ethernet_0_ex/axi_10g_ethernet_0_ex.runs/bd_efdb_0_xmac_0_synth_1/runme.log
axi_10g_ethernet_0_synth_1: /home/harshad/Project/git/AJIT_Ethernet/10G_MAC_core/axi_10g_ethernet_0_ex/axi_10g_ethernet_0_ex.runs/axi_10g_ethernet_0_synth_1/runme.log
bd_efdb_0_xpcs_0_synth_1: /home/harshad/Project/git/AJIT_Ethernet/10G_MAC_core/axi_10g_ethernet_0_ex/axi_10g_ethernet_0_ex.runs/bd_efdb_0_xpcs_0_synth_1/runme.log
bd_efdb_0_dcm_locked_driver_0_synth_1: /home/harshad/Project/git/AJIT_Ethernet/10G_MAC_core/axi_10g_ethernet_0_ex/axi_10g_ethernet_0_ex.runs/bd_efdb_0_dcm_locked_driver_0_synth_1/runme.log
bd_efdb_0_pma_pmd_type_driver_0_synth_1: /home/harshad/Project/git/AJIT_Ethernet/10G_MAC_core/axi_10g_ethernet_0_ex/axi_10g_ethernet_0_ex.runs/bd_efdb_0_pma_pmd_type_driver_0_synth_1/runme.log
[Thu Apr 28 18:59:12 2022] Launched synth_1...
Run output will be captured here: /home/harshad/Project/git/AJIT_Ethernet/10G_MAC_core/axi_10g_ethernet_0_ex/axi_10g_ethernet_0_ex.runs/synth_1/runme.log
launch_runs: Time (s): cpu = 00:00:05 ; elapsed = 00:00:05 . Memory (MB): peak = 6202.578 ; gain = 55.805 ; free physical = 1770 ; free virtual = 11484
launch_runs impl_1 -to_step write_bitstream -jobs 4
[Thu Apr 28 19:13:50 2022] Launched impl_1...
Run output will be captured here: /home/harshad/Project/git/AJIT_Ethernet/10G_MAC_core/axi_10g_ethernet_0_ex/axi_10g_ethernet_0_ex.runs/impl_1/runme.log
set_property SEVERITY
ERROR: [Common 17-163] Missing value for option 'value', please type 'set_property -help' for usage info.
set_property SEVERITY {warning} [get_drc_checks UCIO-1]
exit
INFO: [Common 17-206] Exiting Vivado at Thu Apr 28 19:26:00 2022...
