#-----------------------------------------------------------
# Vivado v2017.1 (64-bit)
# SW Build 1846317 on Fri Apr 14 18:54:47 MDT 2017
# IP Build 1846188 on Fri Apr 14 20:52:08 MDT 2017
# Start of session at: Thu Apr 28 18:21:19 2022
# Process ID: 41791
# Current directory: /home/harshad/Project/git/AJIT_Ethernet/boards/v0/vivado_synth
# Command line: vivado
# Log file: /home/harshad/Project/git/AJIT_Ethernet/boards/v0/vivado_synth/vivado.log
# Journal file: /home/harshad/Project/git/AJIT_Ethernet/boards/v0/vivado_synth/vivado.jou
#-----------------------------------------------------------
start_gui
open_project /home/harshad/Project/git/AJIT_Ethernet/boards/v0/ip/ClkWiz156_25MHz/ClockingWizFor156_25MHz/ClockingWizFor156_25MHz.xpr
INFO: [Project 1-313] Project file moved from '/home/akshat/Documents/AJIT/AJIT_Networking/AJIT_Ethernet/boards/v0/ip/ClkWiz156_25MHz/ClockingWizFor156_25MHz' since last save.
Scanning sources...
Finished scanning sources
INFO: [IP_Flow 19-234] Refreshing IP repositories
INFO: [IP_Flow 19-1704] No user IP repositories specified
INFO: [IP_Flow 19-2313] Loaded Vivado IP repository '/home/harshad/Vivado/2017.1/data/ip'.
update_compile_order -fileset sources_1
reset_target all [get_files  /home/harshad/Project/git/AJIT_Ethernet/boards/v0/ip/ClkWiz156_25MHz/ClockingWizFor156_25MHz/ClockingWizFor156_25MHz.srcs/sources_1/ip/clk_wiz_1/clk_wiz_1.xci]
export_ip_user_files -of_objects  [get_files  /home/harshad/Project/git/AJIT_Ethernet/boards/v0/ip/ClkWiz156_25MHz/ClockingWizFor156_25MHz/ClockingWizFor156_25MHz.srcs/sources_1/ip/clk_wiz_1/clk_wiz_1.xci] -sync -no_script -force -quiet
set_property generate_synth_checkpoint true [get_files  /home/harshad/Project/git/AJIT_Ethernet/boards/v0/ip/ClkWiz156_25MHz/ClockingWizFor156_25MHz/ClockingWizFor156_25MHz.srcs/sources_1/ip/clk_wiz_1/clk_wiz_1.xci]
generate_target all [get_files  /home/harshad/Project/git/AJIT_Ethernet/boards/v0/ip/ClkWiz156_25MHz/ClockingWizFor156_25MHz/ClockingWizFor156_25MHz.srcs/sources_1/ip/clk_wiz_1/clk_wiz_1.xci]
INFO: [IP_Flow 19-1686] Generating 'Instantiation Template' target for IP 'clk_wiz_1'...
INFO: [IP_Flow 19-1686] Generating 'Synthesis' target for IP 'clk_wiz_1'...
INFO: [IP_Flow 19-1686] Generating 'Simulation' target for IP 'clk_wiz_1'...
INFO: [IP_Flow 19-1686] Generating 'Implementation' target for IP 'clk_wiz_1'...
INFO: [IP_Flow 19-1686] Generating 'Change Log' target for IP 'clk_wiz_1'...
export_ip_user_files -of_objects [get_files /home/harshad/Project/git/AJIT_Ethernet/boards/v0/ip/ClkWiz156_25MHz/ClockingWizFor156_25MHz/ClockingWizFor156_25MHz.srcs/sources_1/ip/clk_wiz_1/clk_wiz_1.xci] -no_script -sync -force -quiet
create_ip_run [get_files -of_objects [get_fileset sources_1] /home/harshad/Project/git/AJIT_Ethernet/boards/v0/ip/ClkWiz156_25MHz/ClockingWizFor156_25MHz/ClockingWizFor156_25MHz.srcs/sources_1/ip/clk_wiz_1/clk_wiz_1.xci]
launch_runs -jobs 2 clk_wiz_1_synth_1
[Thu Apr 28 18:24:36 2022] Launched clk_wiz_1_synth_1...
Run output will be captured here: /home/harshad/Project/git/AJIT_Ethernet/boards/v0/ip/ClkWiz156_25MHz/ClockingWizFor156_25MHz/ClockingWizFor156_25MHz.runs/clk_wiz_1_synth_1/runme.log
export_simulation -of_objects [get_files /home/harshad/Project/git/AJIT_Ethernet/boards/v0/ip/ClkWiz156_25MHz/ClockingWizFor156_25MHz/ClockingWizFor156_25MHz.srcs/sources_1/ip/clk_wiz_1/clk_wiz_1.xci] -directory /home/harshad/Project/git/AJIT_Ethernet/boards/v0/ip/ClkWiz156_25MHz/ClockingWizFor156_25MHz/ClockingWizFor156_25MHz.ip_user_files/sim_scripts -ip_user_files_dir /home/harshad/Project/git/AJIT_Ethernet/boards/v0/ip/ClkWiz156_25MHz/ClockingWizFor156_25MHz/ClockingWizFor156_25MHz.ip_user_files -ipstatic_source_dir /home/harshad/Project/git/AJIT_Ethernet/boards/v0/ip/ClkWiz156_25MHz/ClockingWizFor156_25MHz/ClockingWizFor156_25MHz.ip_user_files/ipstatic -lib_map_path [list {modelsim=/home/harshad/Project/git/AJIT_Ethernet/boards/v0/ip/ClkWiz156_25MHz/ClockingWizFor156_25MHz/ClockingWizFor156_25MHz.cache/compile_simlib/modelsim} {questa=/home/harshad/Project/git/AJIT_Ethernet/boards/v0/ip/ClkWiz156_25MHz/ClockingWizFor156_25MHz/ClockingWizFor156_25MHz.cache/compile_simlib/questa} {ies=/home/harshad/Project/git/AJIT_Ethernet/boards/v0/ip/ClkWiz156_25MHz/ClockingWizFor156_25MHz/ClockingWizFor156_25MHz.cache/compile_simlib/ies} {vcs=/home/harshad/Project/git/AJIT_Ethernet/boards/v0/ip/ClkWiz156_25MHz/ClockingWizFor156_25MHz/ClockingWizFor156_25MHz.cache/compile_simlib/vcs} {riviera=/home/harshad/Project/git/AJIT_Ethernet/boards/v0/ip/ClkWiz156_25MHz/ClockingWizFor156_25MHz/ClockingWizFor156_25MHz.cache/compile_simlib/riviera}] -use_ip_compiled_libs -force -quiet
exit
INFO: [Common 17-206] Exiting Vivado at Thu Apr 28 18:30:07 2022...
